{
  "numFailedTestSuites": 0,
  "numFailedTests": 0,
  "numPassedTestSuites": 3,
  "numPassedTests": 38,
  "numPendingTestSuites": 0,
  "numPendingTests": 267,
  "numRuntimeErrorTestSuites": 0,
  "numTodoTests": 0,
  "numTotalTestSuites": 3,
  "numTotalTests": 305,
  "openHandles": [],
  "snapshot": {
    "added": 0,
    "didUpdate": false,
    "failure": false,
    "filesAdded": 0,
    "filesRemoved": 0,
    "filesRemovedList": [],
    "filesUnmatched": 0,
    "filesUpdated": 0,
    "matched": 0,
    "total": 0,
    "unchecked": 0,
    "uncheckedKeysByFile": [],
    "unmatched": 0,
    "updated": 0
  },
  "startTime": 1617866582136,
  "success": false,
  "testResults": [
    {
      "leaks": false,
      "numFailingTests": 0,
      "numPassingTests": 8,
      "numPendingTests": 0,
      "numTodoTests": 0,
      "openHandles": [],
      "perfStats": {
        "end": 1617866583187,
        "runtime": 691,
        "slow": false,
        "start": 1617866582496
      },
      "skipped": false,
      "snapshot": {
        "added": 0,
        "fileDeleted": false,
        "matched": 0,
        "unchecked": 0,
        "unmatched": 0,
        "updated": 0,
        "uncheckedKeys": []
      },
      "testFilePath": "/Users/carla/Documents/Work/pie-framework/math-validation/src/conversion/__tests__/latex-to-ast.spec.ts",
      "testResults": [
        {
          "ancestorTitles": [
            "bugs in lta"
          ],
          "duration": 5,
          "failureDetails": [],
          "failureMessages": [],
          "fullName": "bugs in lta 1,000 => 1000",
          "location": null,
          "numPassingAsserts": 0,
          "status": "passed",
          "title": "1,000 => 1000"
        },
        {
          "ancestorTitles": [
            "bugs in lta"
          ],
          "duration": 1,
          "failureDetails": [],
          "failureMessages": [],
          "fullName": "bugs in lta 1,000,000 => 1000000",
          "location": null,
          "numPassingAsserts": 0,
          "status": "passed",
          "title": "1,000,000 => 1000000"
        },
        {
          "ancestorTitles": [
            "bugs in lta"
          ],
          "duration": 4,
          "failureDetails": [],
          "failureMessages": [],
          "fullName": "bugs in lta a×b => [ '*', 'a', 'b' ]",
          "location": null,
          "numPassingAsserts": 0,
          "status": "passed",
          "title": "a×b => [ '*', 'a', 'b' ]"
        },
        {
          "ancestorTitles": [
            "bugs in lta"
          ],
          "duration": 4,
          "failureDetails": [],
          "failureMessages": [],
          "fullName": "bugs in lta a•b => [ '*', 'a', 'b' ]",
          "location": null,
          "numPassingAsserts": 0,
          "status": "passed",
          "title": "a•b => [ '*', 'a', 'b' ]"
        },
        {
          "ancestorTitles": [
            "bugs in lta"
          ],
          "duration": 0,
          "failureDetails": [],
          "failureMessages": [],
          "fullName": "bugs in lta a·b => [ '*', 'a', 'b' ]",
          "location": null,
          "numPassingAsserts": 0,
          "status": "passed",
          "title": "a·b => [ '*', 'a', 'b' ]"
        },
        {
          "ancestorTitles": [
            "bugs in lta"
          ],
          "duration": 1,
          "failureDetails": [],
          "failureMessages": [],
          "fullName": "bugs in lta a÷b => [ '/', 'a', 'b' ]",
          "location": null,
          "numPassingAsserts": 0,
          "status": "passed",
          "title": "a÷b => [ '/', 'a', 'b' ]"
        },
        {
          "ancestorTitles": [
            "bugs in lta"
          ],
          "duration": 0,
          "failureDetails": [],
          "failureMessages": [],
          "fullName": "bugs in lta a≤b => [ 'le', 'a', 'b' ]",
          "location": null,
          "numPassingAsserts": 0,
          "status": "passed",
          "title": "a≤b => [ 'le', 'a', 'b' ]"
        },
        {
          "ancestorTitles": [
            "bugs in lta"
          ],
          "duration": 1,
          "failureDetails": [],
          "failureMessages": [],
          "fullName": "bugs in lta a≥b => [ 'ge', 'a', 'b' ]",
          "location": null,
          "numPassingAsserts": 0,
          "status": "passed",
          "title": "a≥b => [ 'ge', 'a', 'b' ]"
        }
      ],
      "failureMessage": null
    },
    {
      "leaks": false,
      "numFailingTests": 0,
      "numPassingTests": 16,
      "numPendingTests": 0,
      "numTodoTests": 0,
      "openHandles": [],
      "perfStats": {
        "end": 1617866586103,
        "runtime": 3603,
        "slow": false,
        "start": 1617866582500
      },
      "skipped": false,
      "snapshot": {
        "added": 0,
        "fileDeleted": false,
        "matched": 0,
        "unchecked": 0,
        "unmatched": 0,
        "updated": 0,
        "uncheckedKeys": []
      },
      "testFilePath": "/Users/carla/Documents/Work/pie-framework/math-validation/src/__tests__/node-sort.spec.ts",
      "testResults": [
        {
          "ancestorTitles": [
            "'a + b' => 'a + b'"
          ],
          "duration": 51,
          "failureDetails": [],
          "failureMessages": [],
          "fullName": "'a + b' => 'a + b' sorts",
          "location": null,
          "numPassingAsserts": 0,
          "status": "passed",
          "title": "sorts"
        },
        {
          "ancestorTitles": [
            "'b + a' => 'a + b'"
          ],
          "duration": 23,
          "failureDetails": [],
          "failureMessages": [],
          "fullName": "'b + a' => 'a + b' sorts",
          "location": null,
          "numPassingAsserts": 0,
          "status": "passed",
          "title": "sorts"
        },
        {
          "ancestorTitles": [
            "'a * b' => 'a * b'"
          ],
          "duration": 20,
          "failureDetails": [],
          "failureMessages": [],
          "fullName": "'a * b' => 'a * b' sorts",
          "location": null,
          "numPassingAsserts": 0,
          "status": "passed",
          "title": "sorts"
        },
        {
          "ancestorTitles": [
            "'b * a' => 'a * b'"
          ],
          "duration": 21,
          "failureDetails": [],
          "failureMessages": [],
          "fullName": "'b * a' => 'a * b' sorts",
          "location": null,
          "numPassingAsserts": 0,
          "status": "passed",
          "title": "sorts"
        },
        {
          "ancestorTitles": [
            "'b * a + 2' => '2 + a * b'"
          ],
          "duration": 31,
          "failureDetails": [],
          "failureMessages": [],
          "fullName": "'b * a + 2' => '2 + a * b' sorts",
          "location": null,
          "numPassingAsserts": 0,
          "status": "passed",
          "title": "sorts"
        },
        {
          "ancestorTitles": [
            "'a + b + c' => 'a + b + c'"
          ],
          "duration": 26,
          "failureDetails": [],
          "failureMessages": [],
          "fullName": "'a + b + c' => 'a + b + c' sorts",
          "location": null,
          "numPassingAsserts": 0,
          "status": "passed",
          "title": "sorts"
        },
        {
          "ancestorTitles": [
            "'b + c + a' => 'a + b + c'"
          ],
          "duration": 25,
          "failureDetails": [],
          "failureMessages": [],
          "fullName": "'b + c + a' => 'a + b + c' sorts",
          "location": null,
          "numPassingAsserts": 0,
          "status": "passed",
          "title": "sorts"
        },
        {
          "ancestorTitles": [
            "'b + a + c' => 'a + b + c'"
          ],
          "duration": 25,
          "failureDetails": [],
          "failureMessages": [],
          "fullName": "'b + a + c' => 'a + b + c' sorts",
          "location": null,
          "numPassingAsserts": 0,
          "status": "passed",
          "title": "sorts"
        },
        {
          "ancestorTitles": [
            "'A < B' => 'B > A'"
          ],
          "duration": 5,
          "failureDetails": [],
          "failureMessages": [],
          "fullName": "'A < B' => 'B > A' sorts",
          "location": null,
          "numPassingAsserts": 0,
          "status": "passed",
          "title": "sorts"
        },
        {
          "ancestorTitles": [
            "'A < B > c' => 'c < B < A'"
          ],
          "duration": 5,
          "failureDetails": [],
          "failureMessages": [],
          "fullName": "'A < B > c' => 'c < B < A' sorts",
          "location": null,
          "numPassingAsserts": 0,
          "status": "passed",
          "title": "sorts"
        },
        {
          "ancestorTitles": [
            "'A > B + 2' => '2+ B < A'"
          ],
          "duration": 12,
          "failureDetails": [],
          "failureMessages": [],
          "fullName": "'A > B + 2' => '2+ B < A' sorts",
          "location": null,
          "numPassingAsserts": 0,
          "status": "passed",
          "title": "sorts"
        },
        {
          "ancestorTitles": [
            "'g+b > a > d ' => 'd < a < b+g'"
          ],
          "duration": 13,
          "failureDetails": [],
          "failureMessages": [],
          "fullName": "'g+b > a > d ' => 'd < a < b+g' sorts",
          "location": null,
          "numPassingAsserts": 0,
          "status": "passed",
          "title": "sorts"
        },
        {
          "ancestorTitles": [
            "'a + (c + b)' => 'a + (b + c)'"
          ],
          "duration": 23,
          "failureDetails": [],
          "failureMessages": [],
          "fullName": "'a + (c + b)' => 'a + (b + c)' sorts",
          "location": null,
          "numPassingAsserts": 0,
          "status": "passed",
          "title": "sorts"
        },
        {
          "ancestorTitles": [
            "'a*(c + b)' => '(b + c)*a'"
          ],
          "duration": 23,
          "failureDetails": [],
          "failureMessages": [],
          "fullName": "'a*(c + b)' => '(b + c)*a' sorts",
          "location": null,
          "numPassingAsserts": 0,
          "status": "passed",
          "title": "sorts"
        },
        {
          "ancestorTitles": [
            "'(a+e) + (c + b)' => '(e+a) + (b + c)'"
          ],
          "duration": 31,
          "failureDetails": [],
          "failureMessages": [],
          "fullName": "'(a+e) + (c + b)' => '(e+a) + (b + c)' sorts",
          "location": null,
          "numPassingAsserts": 0,
          "status": "passed",
          "title": "sorts"
        },
        {
          "ancestorTitles": [
            "'1+2*(3+4*(5+6*(7+8)))' => '(4*((8+7)*6+5)+3)*2+1'"
          ],
          "duration": 58,
          "failureDetails": [],
          "failureMessages": [],
          "fullName": "'1+2*(3+4*(5+6*(7+8)))' => '(4*((8+7)*6+5)+3)*2+1' sorts",
          "location": null,
          "numPassingAsserts": 0,
          "status": "passed",
          "title": "sorts"
        }
      ],
      "failureMessage": null
    },
    {
      "leaks": false,
      "numFailingTests": 0,
      "numPassingTests": 14,
      "numPendingTests": 267,
      "numTodoTests": 0,
      "openHandles": [],
      "perfStats": {
        "end": 1617866590748,
        "runtime": 8245,
        "slow": true,
        "start": 1617866582503
      },
      "skipped": false,
      "snapshot": {
        "added": 0,
        "fileDeleted": false,
        "matched": 0,
        "unchecked": 0,
        "unmatched": 0,
        "updated": 0,
        "uncheckedKeys": []
      },
      "testFilePath": "/Users/carla/Documents/Work/pie-framework/math-validation/src/__tests__/latex-equal.spec.ts",
      "testResults": [
        {
          "ancestorTitles": [
            "src/fixtures/latex-equal/7119.ts",
            "[symbolic] 4 \\frac{1}{2}"
          ],
          "duration": 32,
          "failureDetails": [],
          "failureMessages": [],
          "fullName": "src/fixtures/latex-equal/7119.ts [symbolic] 4 \\frac{1}{2} == 4.5 ",
          "location": null,
          "numPassingAsserts": 0,
          "status": "passed",
          "title": "== 4.5 "
        },
        {
          "ancestorTitles": [
            "src/fixtures/latex-equal/7119.ts",
            "[symbolic] 4 \\frac{1}{2}"
          ],
          "duration": 18,
          "failureDetails": [],
          "failureMessages": [],
          "fullName": "src/fixtures/latex-equal/7119.ts [symbolic] 4 \\frac{1}{2} == 3.2 + 1.3 ",
          "location": null,
          "numPassingAsserts": 0,
          "status": "passed",
          "title": "== 3.2 + 1.3 "
        },
        {
          "ancestorTitles": [
            "src/fixtures/latex-equal/7119.ts",
            "[symbolic] 4 \\frac{1}{2}"
          ],
          "duration": 19,
          "failureDetails": [],
          "failureMessages": [],
          "fullName": "src/fixtures/latex-equal/7119.ts [symbolic] 4 \\frac{1}{2} == (4 - \\frac{4}{5}) + 1.3 ",
          "location": null,
          "numPassingAsserts": 0,
          "status": "passed",
          "title": "== (4 - \\frac{4}{5}) + 1.3 "
        },
        {
          "ancestorTitles": [
            "src/fixtures/latex-equal/7119.ts",
            "[symbolic] 4 \\frac{1}{2}"
          ],
          "duration": 17,
          "failureDetails": [],
          "failureMessages": [],
          "fullName": "src/fixtures/latex-equal/7119.ts [symbolic] 4 \\frac{1}{2} == \\frac{9}{2} ",
          "location": null,
          "numPassingAsserts": 0,
          "status": "passed",
          "title": "== \\frac{9}{2} "
        },
        {
          "ancestorTitles": [
            "src/fixtures/latex-equal/7119.ts",
            "[symbolic] 4 \\frac{1}{2}"
          ],
          "duration": 0,
          "failureDetails": [],
          "failureMessages": [],
          "fullName": "src/fixtures/latex-equal/7119.ts [symbolic] 4 \\frac{1}{2} == 4 \\frac{1}{2} ",
          "location": null,
          "numPassingAsserts": 0,
          "status": "passed",
          "title": "== 4 \\frac{1}{2} "
        },
        {
          "ancestorTitles": [
            "src/fixtures/latex-equal/7119.ts",
            "[symbolic] 4 \\frac{1}{2}"
          ],
          "duration": 14,
          "failureDetails": [],
          "failureMessages": [],
          "fullName": "src/fixtures/latex-equal/7119.ts [symbolic] 4 \\frac{1}{2} == \\frac{10}{2} - 0.5 ",
          "location": null,
          "numPassingAsserts": 0,
          "status": "passed",
          "title": "== \\frac{10}{2} - 0.5 "
        },
        {
          "ancestorTitles": [
            "src/fixtures/latex-equal/7119.ts",
            "[symbolic] 4 \\frac{1}{2}"
          ],
          "duration": 44,
          "failureDetails": [],
          "failureMessages": [],
          "fullName": "src/fixtures/latex-equal/7119.ts [symbolic] 4 \\frac{1}{2} != 4.55 ",
          "location": null,
          "numPassingAsserts": 0,
          "status": "passed",
          "title": "!= 4.55 "
        },
        {
          "ancestorTitles": [
            "src/fixtures/latex-equal/bad-input.ts",
            "[symbolic] 1 + 1"
          ],
          "duration": 5926,
          "failureDetails": [],
          "failureMessages": [],
          "fullName": "src/fixtures/latex-equal/bad-input.ts [symbolic] 1 + 1 != abcdefghijklmnopqrstuvwxyz 1 2 abcdeghijk ab cd ef bq arub oin tsn arstoin a8 asin aosin cvbkyu isn ",
          "location": null,
          "numPassingAsserts": 0,
          "status": "passed",
          "title": "!= abcdefghijklmnopqrstuvwxyz 1 2 abcdeghijk ab cd ef bq arub oin tsn arstoin a8 asin aosin cvbkyu isn "
        },
        {
          "ancestorTitles": [
            "src/fixtures/latex-equal/basic-symbolic.ts",
            "[symbolic] 100"
          ],
          "duration": 0,
          "failureDetails": [],
          "failureMessages": [],
          "fullName": "src/fixtures/latex-equal/basic-symbolic.ts [symbolic] 100 == 100 ",
          "location": null,
          "numPassingAsserts": 0,
          "status": "pending",
          "title": "== 100 "
        },
        {
          "ancestorTitles": [
            "src/fixtures/latex-equal/basic-symbolic.ts",
            "[symbolic] 100"
          ],
          "duration": 0,
          "failureDetails": [],
          "failureMessages": [],
          "fullName": "src/fixtures/latex-equal/basic-symbolic.ts [symbolic] 100 == 50 + 50 ",
          "location": null,
          "numPassingAsserts": 0,
          "status": "pending",
          "title": "== 50 + 50 "
        },
        {
          "ancestorTitles": [
            "src/fixtures/latex-equal/basic-symbolic.ts",
            "[symbolic] 100"
          ],
          "duration": 0,
          "failureDetails": [],
          "failureMessages": [],
          "fullName": "src/fixtures/latex-equal/basic-symbolic.ts [symbolic] 100 == 25 * 4 ",
          "location": null,
          "numPassingAsserts": 0,
          "status": "pending",
          "title": "== 25 * 4 "
        },
        {
          "ancestorTitles": [
            "src/fixtures/latex-equal/basic-symbolic.ts",
            "[symbolic] 100"
          ],
          "duration": 0,
          "failureDetails": [],
          "failureMessages": [],
          "fullName": "src/fixtures/latex-equal/basic-symbolic.ts [symbolic] 100 == 200 / 2 ",
          "location": null,
          "numPassingAsserts": 0,
          "status": "pending",
          "title": "== 200 / 2 "
        },
        {
          "ancestorTitles": [
            "src/fixtures/latex-equal/basic-symbolic.ts",
            "[symbolic] 100"
          ],
          "duration": 0,
          "failureDetails": [],
          "failureMessages": [],
          "fullName": "src/fixtures/latex-equal/basic-symbolic.ts [symbolic] 100 == 20 * 5 ",
          "location": null,
          "numPassingAsserts": 0,
          "status": "pending",
          "title": "== 20 * 5 "
        },
        {
          "ancestorTitles": [
            "src/fixtures/latex-equal/basic-symbolic.ts",
            "[symbolic] 100"
          ],
          "duration": 0,
          "failureDetails": [],
          "failureMessages": [],
          "fullName": "src/fixtures/latex-equal/basic-symbolic.ts [symbolic] 100 == 2.5 * 40 ",
          "location": null,
          "numPassingAsserts": 0,
          "status": "pending",
          "title": "== 2.5 * 40 "
        },
        {
          "ancestorTitles": [
            "src/fixtures/latex-equal/basic-symbolic.ts",
            "[symbolic] 100"
          ],
          "duration": 0,
          "failureDetails": [],
          "failureMessages": [],
          "fullName": "src/fixtures/latex-equal/basic-symbolic.ts [symbolic] 100 == 10 * 10 ",
          "location": null,
          "numPassingAsserts": 0,
          "status": "pending",
          "title": "== 10 * 10 "
        },
        {
          "ancestorTitles": [
            "src/fixtures/latex-equal/basic-symbolic.ts",
            "[symbolic] 100"
          ],
          "duration": 0,
          "failureDetails": [],
          "failureMessages": [],
          "fullName": "src/fixtures/latex-equal/basic-symbolic.ts [symbolic] 100 == 100/2 + 50 ",
          "location": null,
          "numPassingAsserts": 0,
          "status": "pending",
          "title": "== 100/2 + 50 "
        },
        {
          "ancestorTitles": [
            "src/fixtures/latex-equal/basic-symbolic.ts",
            "[symbolic] 100"
          ],
          "duration": 0,
          "failureDetails": [],
          "failureMessages": [],
          "fullName": "src/fixtures/latex-equal/basic-symbolic.ts [symbolic] 100 != 44 + 57 ",
          "location": null,
          "numPassingAsserts": 0,
          "status": "pending",
          "title": "!= 44 + 57 "
        },
        {
          "ancestorTitles": [
            "src/fixtures/latex-equal/basic-symbolic.ts",
            "[symbolic] 100"
          ],
          "duration": 0,
          "failureDetails": [],
          "failureMessages": [],
          "fullName": "src/fixtures/latex-equal/basic-symbolic.ts [symbolic] 100 != 100 - 0.001 ",
          "location": null,
          "numPassingAsserts": 0,
          "status": "pending",
          "title": "!= 100 - 0.001 "
        },
        {
          "ancestorTitles": [
            "src/fixtures/latex-equal/basic-symbolic.ts",
            "[symbolic] x"
          ],
          "duration": 0,
          "failureDetails": [],
          "failureMessages": [],
          "fullName": "src/fixtures/latex-equal/basic-symbolic.ts [symbolic] x == x ",
          "location": null,
          "numPassingAsserts": 0,
          "status": "pending",
          "title": "== x "
        },
        {
          "ancestorTitles": [
            "src/fixtures/latex-equal/basic-symbolic.ts",
            "[symbolic] x"
          ],
          "duration": 0,
          "failureDetails": [],
          "failureMessages": [],
          "fullName": "src/fixtures/latex-equal/basic-symbolic.ts [symbolic] x == x+0 ",
          "location": null,
          "numPassingAsserts": 0,
          "status": "pending",
          "title": "== x+0 "
        },
        {
          "ancestorTitles": [
            "src/fixtures/latex-equal/basic-symbolic.ts",
            "[symbolic] x"
          ],
          "duration": 0,
          "failureDetails": [],
          "failureMessages": [],
          "fullName": "src/fixtures/latex-equal/basic-symbolic.ts [symbolic] x == (x-2)+2 ",
          "location": null,
          "numPassingAsserts": 0,
          "status": "pending",
          "title": "== (x-2)+2 "
        },
        {
          "ancestorTitles": [
            "src/fixtures/latex-equal/basic-symbolic.ts",
            "[symbolic] x"
          ],
          "duration": 0,
          "failureDetails": [],
          "failureMessages": [],
          "fullName": "src/fixtures/latex-equal/basic-symbolic.ts [symbolic] x == ((x^2 + x) / x) - 1 ",
          "location": null,
          "numPassingAsserts": 0,
          "status": "pending",
          "title": "== ((x^2 + x) / x) - 1 "
        },
        {
          "ancestorTitles": [
            "src/fixtures/latex-equal/basic-symbolic.ts",
            "[symbolic] x"
          ],
          "duration": 0,
          "failureDetails": [],
          "failureMessages": [],
          "fullName": "src/fixtures/latex-equal/basic-symbolic.ts [symbolic] x == 2x/2 ",
          "location": null,
          "numPassingAsserts": 0,
          "status": "pending",
          "title": "== 2x/2 "
        },
        {
          "ancestorTitles": [
            "src/fixtures/latex-equal/basic-symbolic.ts",
            "[symbolic] x"
          ],
          "duration": 0,
          "failureDetails": [],
          "failureMessages": [],
          "fullName": "src/fixtures/latex-equal/basic-symbolic.ts [symbolic] x == ((x^2 + x) / x) - 1 ",
          "location": null,
          "numPassingAsserts": 0,
          "status": "pending",
          "title": "== ((x^2 + x) / x) - 1 "
        },
        {
          "ancestorTitles": [
            "src/fixtures/latex-equal/basic-symbolic.ts",
            "[symbolic] x"
          ],
          "duration": 0,
          "failureDetails": [],
          "failureMessages": [],
          "fullName": "src/fixtures/latex-equal/basic-symbolic.ts [symbolic] x != y ",
          "location": null,
          "numPassingAsserts": 0,
          "status": "pending",
          "title": "!= y "
        },
        {
          "ancestorTitles": [
            "src/fixtures/latex-equal/basic-symbolic.ts",
            "[symbolic] x"
          ],
          "duration": 0,
          "failureDetails": [],
          "failureMessages": [],
          "fullName": "src/fixtures/latex-equal/basic-symbolic.ts [symbolic] x != x + 1 ",
          "location": null,
          "numPassingAsserts": 0,
          "status": "pending",
          "title": "!= x + 1 "
        },
        {
          "ancestorTitles": [
            "src/fixtures/latex-equal/basic-symbolic.ts",
            "[symbolic] (x + 2)^2"
          ],
          "duration": 0,
          "failureDetails": [],
          "failureMessages": [],
          "fullName": "src/fixtures/latex-equal/basic-symbolic.ts [symbolic] (x + 2)^2 == x^2 + 4x + 4 ",
          "location": null,
          "numPassingAsserts": 0,
          "status": "pending",
          "title": "== x^2 + 4x + 4 "
        },
        {
          "ancestorTitles": [
            "src/fixtures/latex-equal/basic-symbolic.ts",
            "[symbolic] (x + 2)^2"
          ],
          "duration": 0,
          "failureDetails": [],
          "failureMessages": [],
          "fullName": "src/fixtures/latex-equal/basic-symbolic.ts [symbolic] (x + 2)^2 == (2 + x)^2 ",
          "location": null,
          "numPassingAsserts": 0,
          "status": "pending",
          "title": "== (2 + x)^2 "
        },
        {
          "ancestorTitles": [
            "src/fixtures/latex-equal/basic-symbolic.ts",
            "[symbolic] (x + 2)^2"
          ],
          "duration": 0,
          "failureDetails": [],
          "failureMessages": [],
          "fullName": "src/fixtures/latex-equal/basic-symbolic.ts [symbolic] (x + 2)^2 == x^2 + 4(x+1) ",
          "location": null,
          "numPassingAsserts": 0,
          "status": "pending",
          "title": "== x^2 + 4(x+1) "
        },
        {
          "ancestorTitles": [
            "src/fixtures/latex-equal/basic-symbolic.ts",
            "[symbolic] (x + 2)^2"
          ],
          "duration": 0,
          "failureDetails": [],
          "failureMessages": [],
          "fullName": "src/fixtures/latex-equal/basic-symbolic.ts [symbolic] (x + 2)^2 == x^2 + 8 ((x+1) / 2) ",
          "location": null,
          "numPassingAsserts": 0,
          "status": "pending",
          "title": "== x^2 + 8 ((x+1) / 2) "
        },
        {
          "ancestorTitles": [
            "src/fixtures/latex-equal/basic-symbolic.ts",
            "[symbolic] (x + 2)^2"
          ],
          "duration": 0,
          "failureDetails": [],
          "failureMessages": [],
          "fullName": "src/fixtures/latex-equal/basic-symbolic.ts [symbolic] (x + 2)^2 != x^2 + 4(x+2) ",
          "location": null,
          "numPassingAsserts": 0,
          "status": "pending",
          "title": "!= x^2 + 4(x+2) "
        },
        {
          "ancestorTitles": [
            "src/fixtures/latex-equal/basic-symbolic.ts",
            "[symbolic] breaks - not sure why > (x + 2)^2"
          ],
          "duration": 0,
          "failureDetails": [],
          "failureMessages": [],
          "fullName": "src/fixtures/latex-equal/basic-symbolic.ts [symbolic] breaks - not sure why > (x + 2)^2 != x^3 + 4x + 4 ",
          "location": null,
          "numPassingAsserts": 0,
          "status": "pending",
          "title": "!= x^3 + 4x + 4 "
        },
        {
          "ancestorTitles": [
            "src/fixtures/latex-equal/basic-symbolic.ts",
            "[symbolic] y^(2 x)"
          ],
          "duration": 0,
          "failureDetails": [],
          "failureMessages": [],
          "fullName": "src/fixtures/latex-equal/basic-symbolic.ts [symbolic] y^(2 x) == y^(x+x) ",
          "location": null,
          "numPassingAsserts": 0,
          "status": "pending",
          "title": "== y^(x+x) "
        },
        {
          "ancestorTitles": [
            "src/fixtures/latex-equal/basic-symbolic.ts",
            "[symbolic] \\sqrt{4x}"
          ],
          "duration": 0,
          "failureDetails": [],
          "failureMessages": [],
          "fullName": "src/fixtures/latex-equal/basic-symbolic.ts [symbolic] \\sqrt{4x} == \\sqrt{3x + 1x} ",
          "location": null,
          "numPassingAsserts": 0,
          "status": "pending",
          "title": "== \\sqrt{3x + 1x} "
        },
        {
          "ancestorTitles": [
            "src/fixtures/latex-equal/basic-symbolic.ts",
            "[symbolic] 1000"
          ],
          "duration": 0,
          "failureDetails": [],
          "failureMessages": [],
          "fullName": "src/fixtures/latex-equal/basic-symbolic.ts [symbolic] 1000 == 1,000 ",
          "location": null,
          "numPassingAsserts": 0,
          "status": "pending",
          "title": "== 1,000 "
        },
        {
          "ancestorTitles": [
            "src/fixtures/latex-equal/basic-symbolic.ts",
            "[symbolic] 1000"
          ],
          "duration": 0,
          "failureDetails": [],
          "failureMessages": [],
          "fullName": "src/fixtures/latex-equal/basic-symbolic.ts [symbolic] 1000 == 1,000.00 ",
          "location": null,
          "numPassingAsserts": 0,
          "status": "pending",
          "title": "== 1,000.00 "
        },
        {
          "ancestorTitles": [
            "src/fixtures/latex-equal/basic-symbolic.ts",
            "[symbolic] 1,500,000"
          ],
          "duration": 0,
          "failureDetails": [],
          "failureMessages": [],
          "fullName": "src/fixtures/latex-equal/basic-symbolic.ts [symbolic] 1,500,000 == 1500000 ",
          "location": null,
          "numPassingAsserts": 0,
          "status": "pending",
          "title": "== 1500000 "
        },
        {
          "ancestorTitles": [
            "src/fixtures/latex-equal/basic-symbolic.ts",
            "[symbolic] sin(x)"
          ],
          "duration": 0,
          "failureDetails": [],
          "failureMessages": [],
          "fullName": "src/fixtures/latex-equal/basic-symbolic.ts [symbolic] sin(x) == sin(x) ",
          "location": null,
          "numPassingAsserts": 0,
          "status": "pending",
          "title": "== sin(x) "
        },
        {
          "ancestorTitles": [
            "src/fixtures/latex-equal/basic-symbolic.ts",
            "[symbolic] tan(x)"
          ],
          "duration": 0,
          "failureDetails": [],
          "failureMessages": [],
          "fullName": "src/fixtures/latex-equal/basic-symbolic.ts [symbolic] tan(x) == tan(x) ",
          "location": null,
          "numPassingAsserts": 0,
          "status": "pending",
          "title": "== tan(x) "
        },
        {
          "ancestorTitles": [
            "src/fixtures/latex-equal/basic-symbolic.ts",
            "[symbolic] f^{-1}\\left(x\\right)=\\sqrt{x-1}+3"
          ],
          "duration": 0,
          "failureDetails": [],
          "failureMessages": [],
          "fullName": "src/fixtures/latex-equal/basic-symbolic.ts [symbolic] f^{-1}\\left(x\\right)=\\sqrt{x-1}+3 == f^{-1}\\left(x\\right)=\\sqrt{x-1}+4-1 ",
          "location": null,
          "numPassingAsserts": 0,
          "status": "pending",
          "title": "== f^{-1}\\left(x\\right)=\\sqrt{x-1}+4-1 "
        },
        {
          "ancestorTitles": [
            "src/fixtures/latex-equal/basic-symbolic.ts",
            "[symbolic] 72\\div12=6\\text{eggs}"
          ],
          "duration": 0,
          "failureDetails": [],
          "failureMessages": [],
          "fullName": "src/fixtures/latex-equal/basic-symbolic.ts [symbolic] 72\\div12=6\\text{eggs} == 72\\div12=(3+3)\\text{eggs} ",
          "location": null,
          "numPassingAsserts": 0,
          "status": "pending",
          "title": "== 72\\div12=(3+3)\\text{eggs} "
        },
        {
          "ancestorTitles": [
            "src/fixtures/latex-equal/basic-symbolic.ts",
            "[symbolic] \\left(x\\right)^{ \\frac{1}{\\left(y + 3\\right)}}"
          ],
          "duration": 0,
          "failureDetails": [],
          "failureMessages": [],
          "fullName": "src/fixtures/latex-equal/basic-symbolic.ts [symbolic] \\left(x\\right)^{ \\frac{1}{\\left(y + 3\\right)}} == \\sqrt[\\left(y + 3\\right)]{x} ",
          "location": null,
          "numPassingAsserts": 0,
          "status": "pending",
          "title": "== \\sqrt[\\left(y + 3\\right)]{x} "
        },
        {
          "ancestorTitles": [
            "src/fixtures/latex-equal/basic-symbolic.ts",
            "[symbolic] \\left(x\\right)^{\\frac{1}{3}}"
          ],
          "duration": 0,
          "failureDetails": [],
          "failureMessages": [],
          "fullName": "src/fixtures/latex-equal/basic-symbolic.ts [symbolic] \\left(x\\right)^{\\frac{1}{3}} == \\sqrt[3]{x} ",
          "location": null,
          "numPassingAsserts": 0,
          "status": "pending",
          "title": "== \\sqrt[3]{x} "
        },
        {
          "ancestorTitles": [
            "src/fixtures/latex-equal/basic-symbolic.ts",
            "[symbolic] \\left(x\\right)^{\\frac{1}{n}}"
          ],
          "duration": 0,
          "failureDetails": [],
          "failureMessages": [],
          "fullName": "src/fixtures/latex-equal/basic-symbolic.ts [symbolic] \\left(x\\right)^{\\frac{1}{n}} == \\sqrt[n]{x} ",
          "location": null,
          "numPassingAsserts": 0,
          "status": "pending",
          "title": "== \\sqrt[n]{x} "
        },
        {
          "ancestorTitles": [
            "src/fixtures/latex-equal/basic-symbolic.ts",
            "[symbolic] \\left(x\\right)^{\\frac{1}{n}}"
          ],
          "duration": 0,
          "failureDetails": [],
          "failureMessages": [],
          "fullName": "src/fixtures/latex-equal/basic-symbolic.ts [symbolic] \\left(x\\right)^{\\frac{1}{n}} == \\sqrt[n]{x} ",
          "location": null,
          "numPassingAsserts": 0,
          "status": "pending",
          "title": "== \\sqrt[n]{x} "
        },
        {
          "ancestorTitles": [
            "src/fixtures/latex-equal/basic-symbolic.ts",
            "[symbolic] \\left(x\\right)^{\\frac{1}{2}}"
          ],
          "duration": 0,
          "failureDetails": [],
          "failureMessages": [],
          "fullName": "src/fixtures/latex-equal/basic-symbolic.ts [symbolic] \\left(x\\right)^{\\frac{1}{2}} == \\sqrt{x} ",
          "location": null,
          "numPassingAsserts": 0,
          "status": "pending",
          "title": "== \\sqrt{x} "
        },
        {
          "ancestorTitles": [
            "src/fixtures/latex-equal/basic-symbolic.ts",
            "[symbolic] \\left(x-1\\right)^{\\frac{1}{2}}+3"
          ],
          "duration": 0,
          "failureDetails": [],
          "failureMessages": [],
          "fullName": "src/fixtures/latex-equal/basic-symbolic.ts [symbolic] \\left(x-1\\right)^{\\frac{1}{2}}+3 == \\sqrt{x-1}+3 ",
          "location": null,
          "numPassingAsserts": 0,
          "status": "pending",
          "title": "== \\sqrt{x-1}+3 "
        },
        {
          "ancestorTitles": [
            "src/fixtures/latex-equal/basic-symbolic.ts",
            "[symbolic] f^{-1}\\left(x\\right)=\\left(x-1\\right)^{\\frac{1}{2}}+3"
          ],
          "duration": 0,
          "failureDetails": [],
          "failureMessages": [],
          "fullName": "src/fixtures/latex-equal/basic-symbolic.ts [symbolic] f^{-1}\\left(x\\right)=\\left(x-1\\right)^{\\frac{1}{2}}+3 == f^{-1}\\left(x\\right)=\\sqrt{x-1}+3 ",
          "location": null,
          "numPassingAsserts": 0,
          "status": "pending",
          "title": "== f^{-1}\\left(x\\right)=\\sqrt{x-1}+3 "
        },
        {
          "ancestorTitles": [
            "src/fixtures/latex-equal/fractions-symbolic.ts",
            "[symbolic] \\frac{x}{12}\\times7\\text{dollars}"
          ],
          "duration": 0,
          "failureDetails": [],
          "failureMessages": [],
          "fullName": "src/fixtures/latex-equal/fractions-symbolic.ts [symbolic] \\frac{x}{12}\\times7\\text{dollars} == \\frac{7x}{12}\\ \\text{dollars} ",
          "location": null,
          "numPassingAsserts": 0,
          "status": "pending",
          "title": "== \\frac{7x}{12}\\ \\text{dollars} "
        },
        {
          "ancestorTitles": [
            "src/fixtures/latex-equal/fractions-symbolic.ts",
            "[symbolic] \\frac{x}{12}\\times7\\text{dollars}"
          ],
          "duration": 0,
          "failureDetails": [],
          "failureMessages": [],
          "fullName": "src/fixtures/latex-equal/fractions-symbolic.ts [symbolic] \\frac{x}{12}\\times7\\text{dollars} == x\\times \\frac{1}{12}\\times 7\\ \\text{dollars} ",
          "location": null,
          "numPassingAsserts": 0,
          "status": "pending",
          "title": "== x\\times \\frac{1}{12}\\times 7\\ \\text{dollars} "
        },
        {
          "ancestorTitles": [
            "src/fixtures/latex-equal/fractions-symbolic.ts",
            "[symbolic] \\frac{x}{12}\\times7\\text{dollars}"
          ],
          "duration": 0,
          "failureDetails": [],
          "failureMessages": [],
          "fullName": "src/fixtures/latex-equal/fractions-symbolic.ts [symbolic] \\frac{x}{12}\\times7\\text{dollars} == x\\times 7\\times \\frac{1}{12}\\ \\text{dollars} ",
          "location": null,
          "numPassingAsserts": 0,
          "status": "pending",
          "title": "== x\\times 7\\times \\frac{1}{12}\\ \\text{dollars} "
        },
        {
          "ancestorTitles": [
            "src/fixtures/latex-equal/fractions-symbolic.ts",
            "[symbolic] \\frac{x}{12}\\times7\\text{dollars}"
          ],
          "duration": 0,
          "failureDetails": [],
          "failureMessages": [],
          "fullName": "src/fixtures/latex-equal/fractions-symbolic.ts [symbolic] \\frac{x}{12}\\times7\\text{dollars} == \\frac{1}{12}\\times x\\times 7\\ \\text{dollars} ",
          "location": null,
          "numPassingAsserts": 0,
          "status": "pending",
          "title": "== \\frac{1}{12}\\times x\\times 7\\ \\text{dollars} "
        },
        {
          "ancestorTitles": [
            "src/fixtures/latex-equal/fractions-symbolic.ts",
            "[symbolic] \\frac{x}{12}\\times7\\text{dollars}"
          ],
          "duration": 0,
          "failureDetails": [],
          "failureMessages": [],
          "fullName": "src/fixtures/latex-equal/fractions-symbolic.ts [symbolic] \\frac{x}{12}\\times7\\text{dollars} == \\frac{7}{12}\\times x\\ \\text{dollars} ",
          "location": null,
          "numPassingAsserts": 0,
          "status": "pending",
          "title": "== \\frac{7}{12}\\times x\\ \\text{dollars} "
        },
        {
          "ancestorTitles": [
            "src/fixtures/latex-equal/fractions-symbolic.ts",
            "[symbolic] \\frac{x}{12}\\times7\\text{dollars}"
          ],
          "duration": 0,
          "failureDetails": [],
          "failureMessages": [],
          "fullName": "src/fixtures/latex-equal/fractions-symbolic.ts [symbolic] \\frac{x}{12}\\times7\\text{dollars} == \\frac{1}{12}x\\times 7\\ \\text{dollars} ",
          "location": null,
          "numPassingAsserts": 0,
          "status": "pending",
          "title": "== \\frac{1}{12}x\\times 7\\ \\text{dollars} "
        },
        {
          "ancestorTitles": [
            "src/fixtures/latex-equal/fractions-symbolic.ts",
            "[symbolic] \\frac{x}{12}\\times7\\text{dollars}"
          ],
          "duration": 0,
          "failureDetails": [],
          "failureMessages": [],
          "fullName": "src/fixtures/latex-equal/fractions-symbolic.ts [symbolic] \\frac{x}{12}\\times7\\text{dollars} == \\frac{1}{12}\\left(7x\\right)\\ \\text{dollars} ",
          "location": null,
          "numPassingAsserts": 0,
          "status": "pending",
          "title": "== \\frac{1}{12}\\left(7x\\right)\\ \\text{dollars} "
        },
        {
          "ancestorTitles": [
            "src/fixtures/latex-equal/fractions-symbolic.ts",
            "[symbolic] \\frac{x}{12}\\times7\\text{dollars}"
          ],
          "duration": 0,
          "failureDetails": [],
          "failureMessages": [],
          "fullName": "src/fixtures/latex-equal/fractions-symbolic.ts [symbolic] \\frac{x}{12}\\times7\\text{dollars} == \\frac{1}{12}\\left(x\\times 7\\right)\\ \\text{dollars} ",
          "location": null,
          "numPassingAsserts": 0,
          "status": "pending",
          "title": "== \\frac{1}{12}\\left(x\\times 7\\right)\\ \\text{dollars} "
        },
        {
          "ancestorTitles": [
            "src/fixtures/latex-equal/fractions-symbolic.ts",
            "[symbolic] \\frac{n-5}{6}"
          ],
          "duration": 0,
          "failureDetails": [],
          "failureMessages": [],
          "fullName": "src/fixtures/latex-equal/fractions-symbolic.ts [symbolic] \\frac{n-5}{6} == \\frac{-5+n}{6} ",
          "location": null,
          "numPassingAsserts": 0,
          "status": "pending",
          "title": "== \\frac{-5+n}{6} "
        },
        {
          "ancestorTitles": [
            "src/fixtures/latex-equal/fractions-symbolic.ts",
            "[symbolic] \\frac{n-5}{6}"
          ],
          "duration": 0,
          "failureDetails": [],
          "failureMessages": [],
          "fullName": "src/fixtures/latex-equal/fractions-symbolic.ts [symbolic] \\frac{n-5}{6} == \\frac{n}{6}-\\frac{5}{6} ",
          "location": null,
          "numPassingAsserts": 0,
          "status": "pending",
          "title": "== \\frac{n}{6}-\\frac{5}{6} "
        },
        {
          "ancestorTitles": [
            "src/fixtures/latex-equal/fractions-symbolic.ts",
            "[symbolic] \\frac{n-5}{6}"
          ],
          "duration": 0,
          "failureDetails": [],
          "failureMessages": [],
          "fullName": "src/fixtures/latex-equal/fractions-symbolic.ts [symbolic] \\frac{n-5}{6} == -\\frac{5}{6}+\\frac{n}{6} ",
          "location": null,
          "numPassingAsserts": 0,
          "status": "pending",
          "title": "== -\\frac{5}{6}+\\frac{n}{6} "
        },
        {
          "ancestorTitles": [
            "src/fixtures/latex-equal/fractions-symbolic.ts",
            "[symbolic] \\frac{n-5}{6}"
          ],
          "duration": 0,
          "failureDetails": [],
          "failureMessages": [],
          "fullName": "src/fixtures/latex-equal/fractions-symbolic.ts [symbolic] \\frac{n-5}{6} == \\frac{1}{6}\\left(n-5\\right) ",
          "location": null,
          "numPassingAsserts": 0,
          "status": "pending",
          "title": "== \\frac{1}{6}\\left(n-5\\right) "
        },
        {
          "ancestorTitles": [
            "src/fixtures/latex-equal/fractions-symbolic.ts",
            "[symbolic] \\frac{n-5}{6}"
          ],
          "duration": 0,
          "failureDetails": [],
          "failureMessages": [],
          "fullName": "src/fixtures/latex-equal/fractions-symbolic.ts [symbolic] \\frac{n-5}{6} == \\frac{1}{6}\\left(-5+n\\right) ",
          "location": null,
          "numPassingAsserts": 0,
          "status": "pending",
          "title": "== \\frac{1}{6}\\left(-5+n\\right) "
        },
        {
          "ancestorTitles": [
            "src/fixtures/latex-equal/fractions-symbolic.ts",
            "[symbolic] 6 \\frac{1}{2}"
          ],
          "duration": 0,
          "failureDetails": [],
          "failureMessages": [],
          "fullName": "src/fixtures/latex-equal/fractions-symbolic.ts [symbolic] 6 \\frac{1}{2} == 6 + \\frac{1}{2} ",
          "location": null,
          "numPassingAsserts": 0,
          "status": "pending",
          "title": "== 6 + \\frac{1}{2} "
        },
        {
          "ancestorTitles": [
            "src/fixtures/latex-equal/fractions-symbolic.ts",
            "[symbolic] 6 \\frac{1}{2}"
          ],
          "duration": 0,
          "failureDetails": [],
          "failureMessages": [],
          "fullName": "src/fixtures/latex-equal/fractions-symbolic.ts [symbolic] 6 \\frac{1}{2} != 6 * \\frac{1}{2} ",
          "location": null,
          "numPassingAsserts": 0,
          "status": "pending",
          "title": "!= 6 * \\frac{1}{2} "
        },
        {
          "ancestorTitles": [
            "src/fixtures/latex-equal/fractions-symbolic.ts",
            "[symbolic] \\frac{6\\pi}{x}\\text{radians}\\ \\text{per}\\ \\text{second}"
          ],
          "duration": 0,
          "failureDetails": [],
          "failureMessages": [],
          "fullName": "src/fixtures/latex-equal/fractions-symbolic.ts [symbolic] \\frac{6\\pi}{x}\\text{radians}\\ \\text{per}\\ \\text{second} == \\frac{1}{x}\\left(6\\pi \\right)\\ \\text{radians}\\ \\text{per}\\ \\text{second} ",
          "location": null,
          "numPassingAsserts": 0,
          "status": "pending",
          "title": "== \\frac{1}{x}\\left(6\\pi \\right)\\ \\text{radians}\\ \\text{per}\\ \\text{second} "
        },
        {
          "ancestorTitles": [
            "src/fixtures/latex-equal/fractions-symbolic.ts",
            "[symbolic] \\frac{6\\pi}{x}\\text{radians}\\ \\text{per}\\ \\text{second}"
          ],
          "duration": 0,
          "failureDetails": [],
          "failureMessages": [],
          "fullName": "src/fixtures/latex-equal/fractions-symbolic.ts [symbolic] \\frac{6\\pi}{x}\\text{radians}\\ \\text{per}\\ \\text{second} == \\frac{6}{x}\\pi \\ \\text{radians}\\ \\text{per}\\ \\text{second} ",
          "location": null,
          "numPassingAsserts": 0,
          "status": "pending",
          "title": "== \\frac{6}{x}\\pi \\ \\text{radians}\\ \\text{per}\\ \\text{second} "
        },
        {
          "ancestorTitles": [
            "src/fixtures/latex-equal/fractions-symbolic.ts",
            "[symbolic] \\frac{6\\pi}{x}\\text{radians}\\ \\text{per}\\ \\text{second}"
          ],
          "duration": 0,
          "failureDetails": [],
          "failureMessages": [],
          "fullName": "src/fixtures/latex-equal/fractions-symbolic.ts [symbolic] \\frac{6\\pi}{x}\\text{radians}\\ \\text{per}\\ \\text{second} == 6\\pi \\left(\\frac{1}{x}\\right)\\ \\text{radians}\\ \\text{per}\\ \\text{second} ",
          "location": null,
          "numPassingAsserts": 0,
          "status": "pending",
          "title": "== 6\\pi \\left(\\frac{1}{x}\\right)\\ \\text{radians}\\ \\text{per}\\ \\text{second} "
        },
        {
          "ancestorTitles": [
            "src/fixtures/latex-equal/fractions-symbolic.ts",
            "[symbolic] \\frac{6\\pi}{x}"
          ],
          "duration": 0,
          "failureDetails": [],
          "failureMessages": [],
          "fullName": "src/fixtures/latex-equal/fractions-symbolic.ts [symbolic] \\frac{6\\pi}{x} == \\frac{1}{x}\\left(6\\pi \\right) ",
          "location": null,
          "numPassingAsserts": 0,
          "status": "pending",
          "title": "== \\frac{1}{x}\\left(6\\pi \\right) "
        },
        {
          "ancestorTitles": [
            "src/fixtures/latex-equal/fractions-symbolic.ts",
            "[symbolic] \\frac{6\\pi}{x}"
          ],
          "duration": 0,
          "failureDetails": [],
          "failureMessages": [],
          "fullName": "src/fixtures/latex-equal/fractions-symbolic.ts [symbolic] \\frac{6\\pi}{x} == \\frac{6}{x}\\pi ",
          "location": null,
          "numPassingAsserts": 0,
          "status": "pending",
          "title": "== \\frac{6}{x}\\pi "
        },
        {
          "ancestorTitles": [
            "src/fixtures/latex-equal/fractions-symbolic.ts",
            "[symbolic] \\frac{6\\pi}{x}"
          ],
          "duration": 0,
          "failureDetails": [],
          "failureMessages": [],
          "fullName": "src/fixtures/latex-equal/fractions-symbolic.ts [symbolic] \\frac{6\\pi}{x} == 6 * \\frac{\\pi }{x} ",
          "location": null,
          "numPassingAsserts": 0,
          "status": "pending",
          "title": "== 6 * \\frac{\\pi }{x} "
        },
        {
          "ancestorTitles": [
            "src/fixtures/latex-equal/fractions-symbolic.ts",
            "[symbolic] \\frac{6\\pi}{x}"
          ],
          "duration": 0,
          "failureDetails": [],
          "failureMessages": [],
          "fullName": "src/fixtures/latex-equal/fractions-symbolic.ts [symbolic] \\frac{6\\pi}{x} == \\left(6\\right) \\frac{\\pi }{x} ",
          "location": null,
          "numPassingAsserts": 0,
          "status": "pending",
          "title": "== \\left(6\\right) \\frac{\\pi }{x} "
        },
        {
          "ancestorTitles": [
            "src/fixtures/latex-equal/fractions-symbolic.ts",
            "[symbolic] \\frac{6\\pi}{x}"
          ],
          "duration": 0,
          "failureDetails": [],
          "failureMessages": [],
          "fullName": "src/fixtures/latex-equal/fractions-symbolic.ts [symbolic] \\frac{6\\pi}{x} == 6\\pi \\left(\\frac{1}{x}\\right)\\ \\text{radians}\\ \\text{per}\\ \\text{second} ",
          "location": null,
          "numPassingAsserts": 0,
          "status": "pending",
          "title": "== 6\\pi \\left(\\frac{1}{x}\\right)\\ \\text{radians}\\ \\text{per}\\ \\text{second} "
        },
        {
          "ancestorTitles": [
            "src/fixtures/latex-equal/fractions-symbolic.ts",
            "[symbolic] \\frac{d}{240}+4\\ \\text{years}"
          ],
          "duration": 0,
          "failureDetails": [],
          "failureMessages": [],
          "fullName": "src/fixtures/latex-equal/fractions-symbolic.ts [symbolic] \\frac{d}{240}+4\\ \\text{years} == 4+\\frac{d}{240}\\ \\text{years} ",
          "location": null,
          "numPassingAsserts": 0,
          "status": "pending",
          "title": "== 4+\\frac{d}{240}\\ \\text{years} "
        },
        {
          "ancestorTitles": [
            "src/fixtures/latex-equal/fractions-symbolic.ts",
            "[symbolic] \\frac{d}{240}+4\\ \\text{years}"
          ],
          "duration": 0,
          "failureDetails": [],
          "failureMessages": [],
          "fullName": "src/fixtures/latex-equal/fractions-symbolic.ts [symbolic] \\frac{d}{240}+4\\ \\text{years} == 4+\\frac{1}{240}d\\ \\text{years} ",
          "location": null,
          "numPassingAsserts": 0,
          "status": "pending",
          "title": "== 4+\\frac{1}{240}d\\ \\text{years} "
        },
        {
          "ancestorTitles": [
            "src/fixtures/latex-equal/fractions-symbolic.ts",
            "[symbolic] \\frac{d}{240}+4\\ \\text{years}"
          ],
          "duration": 0,
          "failureDetails": [],
          "failureMessages": [],
          "fullName": "src/fixtures/latex-equal/fractions-symbolic.ts [symbolic] \\frac{d}{240}+4\\ \\text{years} == 4+d\\left(\\frac{1}{240}\\right)\\ \\text{years} ",
          "location": null,
          "numPassingAsserts": 0,
          "status": "pending",
          "title": "== 4+d\\left(\\frac{1}{240}\\right)\\ \\text{years} "
        },
        {
          "ancestorTitles": [
            "src/fixtures/latex-equal/fractions-symbolic.ts",
            "[symbolic] \\frac{d}{240}+4\\ \\text{years}"
          ],
          "duration": 0,
          "failureDetails": [],
          "failureMessages": [],
          "fullName": "src/fixtures/latex-equal/fractions-symbolic.ts [symbolic] \\frac{d}{240}+4\\ \\text{years} == d\\left(\\frac{1}{240}\\right)+4\\ \\text{years} ",
          "location": null,
          "numPassingAsserts": 0,
          "status": "pending",
          "title": "== d\\left(\\frac{1}{240}\\right)+4\\ \\text{years} "
        },
        {
          "ancestorTitles": [
            "src/fixtures/latex-equal/fractions-symbolic.ts",
            "[symbolic] \\frac{d}{240}+4\\ \\text{years}"
          ],
          "duration": 0,
          "failureDetails": [],
          "failureMessages": [],
          "fullName": "src/fixtures/latex-equal/fractions-symbolic.ts [symbolic] \\frac{d}{240}+4\\ \\text{years} == \\frac{1}{240}d+4\\ \\text{years} ",
          "location": null,
          "numPassingAsserts": 0,
          "status": "pending",
          "title": "== \\frac{1}{240}d+4\\ \\text{years} "
        },
        {
          "ancestorTitles": [
            "src/fixtures/latex-equal/fractions-symbolic.ts",
            "[symbolic] \\frac{d}{240}+4\\ \\text{years}"
          ],
          "duration": 0,
          "failureDetails": [],
          "failureMessages": [],
          "fullName": "src/fixtures/latex-equal/fractions-symbolic.ts [symbolic] \\frac{d}{240}+4\\ \\text{years} == 4+\\frac{d}{240}\\ \\text{years} ",
          "location": null,
          "numPassingAsserts": 0,
          "status": "pending",
          "title": "== 4+\\frac{d}{240}\\ \\text{years} "
        },
        {
          "ancestorTitles": [
            "src/fixtures/latex-equal/fractions-symbolic.ts",
            "[symbolic] \\frac{d}{240}+4\\ \\text{years}"
          ],
          "duration": 0,
          "failureDetails": [],
          "failureMessages": [],
          "fullName": "src/fixtures/latex-equal/fractions-symbolic.ts [symbolic] \\frac{d}{240}+4\\ \\text{years} == 4+\\frac{1}{240}d\\ \\text{years} ",
          "location": null,
          "numPassingAsserts": 0,
          "status": "pending",
          "title": "== 4+\\frac{1}{240}d\\ \\text{years} "
        },
        {
          "ancestorTitles": [
            "src/fixtures/latex-equal/fractions-symbolic.ts",
            "[symbolic] \\frac{d}{240}+4\\ \\text{years}"
          ],
          "duration": 0,
          "failureDetails": [],
          "failureMessages": [],
          "fullName": "src/fixtures/latex-equal/fractions-symbolic.ts [symbolic] \\frac{d}{240}+4\\ \\text{years} == 4+d\\left(\\frac{1}{240}\\right)\\ \\text{years} ",
          "location": null,
          "numPassingAsserts": 0,
          "status": "pending",
          "title": "== 4+d\\left(\\frac{1}{240}\\right)\\ \\text{years} "
        },
        {
          "ancestorTitles": [
            "src/fixtures/latex-equal/fractions-symbolic.ts",
            "[symbolic] \\frac{d}{240}+4\\ \\text{years}"
          ],
          "duration": 0,
          "failureDetails": [],
          "failureMessages": [],
          "fullName": "src/fixtures/latex-equal/fractions-symbolic.ts [symbolic] \\frac{d}{240}+4\\ \\text{years} == d\\left(\\frac{1}{240}\\right)+4\\ \\text{years} ",
          "location": null,
          "numPassingAsserts": 0,
          "status": "pending",
          "title": "== d\\left(\\frac{1}{240}\\right)+4\\ \\text{years} "
        },
        {
          "ancestorTitles": [
            "src/fixtures/latex-equal/fractions-symbolic.ts",
            "[symbolic] \\frac{d}{240}+4\\ \\text{years}"
          ],
          "duration": 0,
          "failureDetails": [],
          "failureMessages": [],
          "fullName": "src/fixtures/latex-equal/fractions-symbolic.ts [symbolic] \\frac{d}{240}+4\\ \\text{years} == \\frac{1}{240}d+4\\ \\text{years} ",
          "location": null,
          "numPassingAsserts": 0,
          "status": "pending",
          "title": "== \\frac{1}{240}d+4\\ \\text{years} "
        },
        {
          "ancestorTitles": [
            "src/fixtures/latex-equal/fractions-symbolic.ts",
            "[symbolic] 0.65x"
          ],
          "duration": 0,
          "failureDetails": [],
          "failureMessages": [],
          "fullName": "src/fixtures/latex-equal/fractions-symbolic.ts [symbolic] 0.65x == \\frac{65}{100}x ",
          "location": null,
          "numPassingAsserts": 0,
          "status": "pending",
          "title": "== \\frac{65}{100}x "
        },
        {
          "ancestorTitles": [
            "src/fixtures/latex-equal/fractions-symbolic.ts",
            "[symbolic] 0.65x"
          ],
          "duration": 0,
          "failureDetails": [],
          "failureMessages": [],
          "fullName": "src/fixtures/latex-equal/fractions-symbolic.ts [symbolic] 0.65x == \\frac{13}{20}x ",
          "location": null,
          "numPassingAsserts": 0,
          "status": "pending",
          "title": "== \\frac{13}{20}x "
        },
        {
          "ancestorTitles": [
            "src/fixtures/latex-equal/fractions-symbolic.ts",
            "[symbolic] 0.65x"
          ],
          "duration": 0,
          "failureDetails": [],
          "failureMessages": [],
          "fullName": "src/fixtures/latex-equal/fractions-symbolic.ts [symbolic] 0.65x == \\frac{65x}{100} ",
          "location": null,
          "numPassingAsserts": 0,
          "status": "pending",
          "title": "== \\frac{65x}{100} "
        },
        {
          "ancestorTitles": [
            "src/fixtures/latex-equal/fractions-symbolic.ts",
            "[symbolic] 0.65x"
          ],
          "duration": 0,
          "failureDetails": [],
          "failureMessages": [],
          "fullName": "src/fixtures/latex-equal/fractions-symbolic.ts [symbolic] 0.65x == \\frac{13x}{20} ",
          "location": null,
          "numPassingAsserts": 0,
          "status": "pending",
          "title": "== \\frac{13x}{20} "
        },
        {
          "ancestorTitles": [
            "src/fixtures/latex-equal/fractions-symbolic.ts",
            "[symbolic] \\frac{a+c}{2}+\\frac{b+d}{2}i"
          ],
          "duration": 1,
          "failureDetails": [],
          "failureMessages": [],
          "fullName": "src/fixtures/latex-equal/fractions-symbolic.ts [symbolic] \\frac{a+c}{2}+\\frac{b+d}{2}i == \\frac{c+a}{2}+\\frac{b+d}{2}i ",
          "location": null,
          "numPassingAsserts": 0,
          "status": "pending",
          "title": "== \\frac{c+a}{2}+\\frac{b+d}{2}i "
        },
        {
          "ancestorTitles": [
            "src/fixtures/latex-equal/fractions-symbolic.ts",
            "[symbolic] \\frac{a+c}{2}+\\frac{b+d}{2}i"
          ],
          "duration": 0,
          "failureDetails": [],
          "failureMessages": [],
          "fullName": "src/fixtures/latex-equal/fractions-symbolic.ts [symbolic] \\frac{a+c}{2}+\\frac{b+d}{2}i == \\frac{c+a}{2}+\\frac{d+b}{2}i ",
          "location": null,
          "numPassingAsserts": 0,
          "status": "pending",
          "title": "== \\frac{c+a}{2}+\\frac{d+b}{2}i "
        },
        {
          "ancestorTitles": [
            "src/fixtures/latex-equal/fractions-symbolic.ts",
            "[symbolic] \\frac{a+c}{2}+\\frac{b+d}{2}i"
          ],
          "duration": 0,
          "failureDetails": [],
          "failureMessages": [],
          "fullName": "src/fixtures/latex-equal/fractions-symbolic.ts [symbolic] \\frac{a+c}{2}+\\frac{b+d}{2}i == \\frac{a+c}{2}+\\frac{d+b}{2}i ",
          "location": null,
          "numPassingAsserts": 0,
          "status": "pending",
          "title": "== \\frac{a+c}{2}+\\frac{d+b}{2}i "
        },
        {
          "ancestorTitles": [
            "src/fixtures/latex-equal/fractions-symbolic.ts",
            "[symbolic] \\frac{10}{12}\\pi\\ \\text{radians}"
          ],
          "duration": 0,
          "failureDetails": [],
          "failureMessages": [],
          "fullName": "src/fixtures/latex-equal/fractions-symbolic.ts [symbolic] \\frac{10}{12}\\pi\\ \\text{radians} == \\frac{5}{6}\\pi \\ \\text{radians} ",
          "location": null,
          "numPassingAsserts": 0,
          "status": "pending",
          "title": "== \\frac{5}{6}\\pi \\ \\text{radians} "
        },
        {
          "ancestorTitles": [
            "src/fixtures/latex-equal/fractions-symbolic.ts",
            "[symbolic] \\frac{10}{12}\\pi\\ \\text{radians}"
          ],
          "duration": 0,
          "failureDetails": [],
          "failureMessages": [],
          "fullName": "src/fixtures/latex-equal/fractions-symbolic.ts [symbolic] \\frac{10}{12}\\pi\\ \\text{radians} == \\frac{10\\pi }{12}\\ \\text{radians} ",
          "location": null,
          "numPassingAsserts": 0,
          "status": "pending",
          "title": "== \\frac{10\\pi }{12}\\ \\text{radians} "
        },
        {
          "ancestorTitles": [
            "src/fixtures/latex-equal/fractions-symbolic.ts",
            "[symbolic] \\frac{10}{12}\\pi\\ \\text{radians}"
          ],
          "duration": 0,
          "failureDetails": [],
          "failureMessages": [],
          "fullName": "src/fixtures/latex-equal/fractions-symbolic.ts [symbolic] \\frac{10}{12}\\pi\\ \\text{radians} == \\frac{5\\pi }{6}\\ \\text{radians} ",
          "location": null,
          "numPassingAsserts": 0,
          "status": "pending",
          "title": "== \\frac{5\\pi }{6}\\ \\text{radians} "
        },
        {
          "ancestorTitles": [
            "src/fixtures/latex-equal/fractions-symbolic.ts",
            "[symbolic] \\frac{10}{12}\\pi\\ \\text{radians}"
          ],
          "duration": 0,
          "failureDetails": [],
          "failureMessages": [],
          "fullName": "src/fixtures/latex-equal/fractions-symbolic.ts [symbolic] \\frac{10}{12}\\pi\\ \\text{radians} == \\frac{50\\pi }{60}\\ \\text{radians} ",
          "location": null,
          "numPassingAsserts": 0,
          "status": "pending",
          "title": "== \\frac{50\\pi }{60}\\ \\text{radians} "
        },
        {
          "ancestorTitles": [
            "src/fixtures/latex-equal/fractions-symbolic.ts",
            "[symbolic] \\frac{10}{12}\\pi\\ \\text{radians}"
          ],
          "duration": 0,
          "failureDetails": [],
          "failureMessages": [],
          "fullName": "src/fixtures/latex-equal/fractions-symbolic.ts [symbolic] \\frac{10}{12}\\pi\\ \\text{radians} == \\frac{50}{60}\\pi \\ \\text{radians} ",
          "location": null,
          "numPassingAsserts": 0,
          "status": "pending",
          "title": "== \\frac{50}{60}\\pi \\ \\text{radians} "
        },
        {
          "ancestorTitles": [
            "src/fixtures/latex-equal/fractions-symbolic.ts",
            "[symbolic] h=\\frac{3V}{B}"
          ],
          "duration": 0,
          "failureDetails": [],
          "failureMessages": [],
          "fullName": "src/fixtures/latex-equal/fractions-symbolic.ts [symbolic] h=\\frac{3V}{B} == h=3\\frac{V}{B} ",
          "location": null,
          "numPassingAsserts": 0,
          "status": "pending",
          "title": "== h=3\\frac{V}{B} "
        },
        {
          "ancestorTitles": [
            "src/fixtures/latex-equal/fractions-symbolic.ts",
            "[symbolic] h=\\frac{3V}{B}"
          ],
          "duration": 0,
          "failureDetails": [],
          "failureMessages": [],
          "fullName": "src/fixtures/latex-equal/fractions-symbolic.ts [symbolic] h=\\frac{3V}{B} == h=\\frac{\\left(3\\times V\\right)}{B} ",
          "location": null,
          "numPassingAsserts": 0,
          "status": "pending",
          "title": "== h=\\frac{\\left(3\\times V\\right)}{B} "
        },
        {
          "ancestorTitles": [
            "src/fixtures/latex-equal/fractions-symbolic.ts",
            "[symbolic] h=\\frac{3V}{B}"
          ],
          "duration": 0,
          "failureDetails": [],
          "failureMessages": [],
          "fullName": "src/fixtures/latex-equal/fractions-symbolic.ts [symbolic] h=\\frac{3V}{B} == h=\\left(3V\\right)\\div B ",
          "location": null,
          "numPassingAsserts": 0,
          "status": "pending",
          "title": "== h=\\left(3V\\right)\\div B "
        },
        {
          "ancestorTitles": [
            "src/fixtures/latex-equal/fractions-symbolic.ts",
            "[symbolic] h=\\frac{3V}{B}"
          ],
          "duration": 0,
          "failureDetails": [],
          "failureMessages": [],
          "fullName": "src/fixtures/latex-equal/fractions-symbolic.ts [symbolic] h=\\frac{3V}{B} == h=\\left(3\\times V\\right)\\div B ",
          "location": null,
          "numPassingAsserts": 0,
          "status": "pending",
          "title": "== h=\\left(3\\times V\\right)\\div B "
        },
        {
          "ancestorTitles": [
            "src/fixtures/latex-equal/fractions-symbolic.ts",
            "[symbolic] r=\\sqrt{\\frac{V}{\\pi h}}"
          ],
          "duration": 0,
          "failureDetails": [],
          "failureMessages": [],
          "fullName": "src/fixtures/latex-equal/fractions-symbolic.ts [symbolic] r=\\sqrt{\\frac{V}{\\pi h}} == r=\\left(\\frac{V}{\\pi h}\\right)^{\\frac{1}{2}} ",
          "location": null,
          "numPassingAsserts": 0,
          "status": "pending",
          "title": "== r=\\left(\\frac{V}{\\pi h}\\right)^{\\frac{1}{2}} "
        },
        {
          "ancestorTitles": [
            "src/fixtures/latex-equal/fractions-symbolic.ts",
            "[symbolic] r=\\sqrt{\\frac{V}{\\pi h}}"
          ],
          "duration": 0,
          "failureDetails": [],
          "failureMessages": [],
          "fullName": "src/fixtures/latex-equal/fractions-symbolic.ts [symbolic] r=\\sqrt{\\frac{V}{\\pi h}} == r=\\left(\\frac{V}{\\pi \\times h}\\right)^{\\frac{1}{2}} ",
          "location": null,
          "numPassingAsserts": 0,
          "status": "pending",
          "title": "== r=\\left(\\frac{V}{\\pi \\times h}\\right)^{\\frac{1}{2}} "
        },
        {
          "ancestorTitles": [
            "src/fixtures/latex-equal/fractions-symbolic.ts",
            "[symbolic] r=\\sqrt{\\frac{V}{\\pi h}}"
          ],
          "duration": 0,
          "failureDetails": [],
          "failureMessages": [],
          "fullName": "src/fixtures/latex-equal/fractions-symbolic.ts [symbolic] r=\\sqrt{\\frac{V}{\\pi h}} == r=\\sqrt{\\frac{V}{\\pi \\times h}} ",
          "location": null,
          "numPassingAsserts": 0,
          "status": "pending",
          "title": "== r=\\sqrt{\\frac{V}{\\pi \\times h}} "
        },
        {
          "ancestorTitles": [
            "src/fixtures/latex-equal/fractions-symbolic.ts",
            "[symbolic] c=-\\frac{b}{m}"
          ],
          "duration": 0,
          "failureDetails": [],
          "failureMessages": [],
          "fullName": "src/fixtures/latex-equal/fractions-symbolic.ts [symbolic] c=-\\frac{b}{m} == c=-b\\div m ",
          "location": null,
          "numPassingAsserts": 0,
          "status": "pending",
          "title": "== c=-b\\div m "
        },
        {
          "ancestorTitles": [
            "src/fixtures/latex-equal/fractions-symbolic.ts",
            "[symbolic] c=-\\frac{b}{m}"
          ],
          "duration": 0,
          "failureDetails": [],
          "failureMessages": [],
          "fullName": "src/fixtures/latex-equal/fractions-symbolic.ts [symbolic] c=-\\frac{b}{m} == c=-b\\times \\frac{1}{m} ",
          "location": null,
          "numPassingAsserts": 0,
          "status": "pending",
          "title": "== c=-b\\times \\frac{1}{m} "
        },
        {
          "ancestorTitles": [
            "src/fixtures/latex-equal/fractions-symbolic.ts",
            "[symbolic] c=-\\frac{b}{m}"
          ],
          "duration": 0,
          "failureDetails": [],
          "failureMessages": [],
          "fullName": "src/fixtures/latex-equal/fractions-symbolic.ts [symbolic] c=-\\frac{b}{m} == c=\\left(-b\\right)\\left(\\frac{1}{m}\\right) ",
          "location": null,
          "numPassingAsserts": 0,
          "status": "pending",
          "title": "== c=\\left(-b\\right)\\left(\\frac{1}{m}\\right) "
        },
        {
          "ancestorTitles": [
            "src/fixtures/latex-equal/fractions-symbolic.ts",
            "[symbolic] c=-\\frac{b}{m}"
          ],
          "duration": 0,
          "failureDetails": [],
          "failureMessages": [],
          "fullName": "src/fixtures/latex-equal/fractions-symbolic.ts [symbolic] c=-\\frac{b}{m} == c=\\frac{-b}{m} ",
          "location": null,
          "numPassingAsserts": 0,
          "status": "pending",
          "title": "== c=\\frac{-b}{m} "
        },
        {
          "ancestorTitles": [
            "src/fixtures/latex-equal/fractions-symbolic.ts",
            "[symbolic] c=-\\frac{b}{m}"
          ],
          "duration": 0,
          "failureDetails": [],
          "failureMessages": [],
          "fullName": "src/fixtures/latex-equal/fractions-symbolic.ts [symbolic] c=-\\frac{b}{m} == c=\\frac{b}{-m} ",
          "location": null,
          "numPassingAsserts": 0,
          "status": "pending",
          "title": "== c=\\frac{b}{-m} "
        },
        {
          "ancestorTitles": [
            "src/fixtures/latex-equal/fractions-symbolic.ts",
            "[symbolic] c=\\frac{\\pi}{b}"
          ],
          "duration": 0,
          "failureDetails": [],
          "failureMessages": [],
          "fullName": "src/fixtures/latex-equal/fractions-symbolic.ts [symbolic] c=\\frac{\\pi}{b} == c=\\pi \\div b ",
          "location": null,
          "numPassingAsserts": 0,
          "status": "pending",
          "title": "== c=\\pi \\div b "
        },
        {
          "ancestorTitles": [
            "src/fixtures/latex-equal/fractions-symbolic.ts",
            "[symbolic] c=\\frac{\\pi}{b}"
          ],
          "duration": 0,
          "failureDetails": [],
          "failureMessages": [],
          "fullName": "src/fixtures/latex-equal/fractions-symbolic.ts [symbolic] c=\\frac{\\pi}{b} == c=\\pi \\times \\frac{1}{b} ",
          "location": null,
          "numPassingAsserts": 0,
          "status": "pending",
          "title": "== c=\\pi \\times \\frac{1}{b} "
        },
        {
          "ancestorTitles": [
            "src/fixtures/latex-equal/fractions-symbolic.ts",
            "[symbolic] c=\\frac{\\pi}{b}"
          ],
          "duration": 0,
          "failureDetails": [],
          "failureMessages": [],
          "fullName": "src/fixtures/latex-equal/fractions-symbolic.ts [symbolic] c=\\frac{\\pi}{b} == c=\\pi \\left(\\frac{1}{b}\\right) ",
          "location": null,
          "numPassingAsserts": 0,
          "status": "pending",
          "title": "== c=\\pi \\left(\\frac{1}{b}\\right) "
        },
        {
          "ancestorTitles": [
            "src/fixtures/latex-equal/fractions-symbolic.ts",
            "[symbolic] c=\\frac{\\pi}{b}"
          ],
          "duration": 0,
          "failureDetails": [],
          "failureMessages": [],
          "fullName": "src/fixtures/latex-equal/fractions-symbolic.ts [symbolic] c=\\frac{\\pi}{b} == c=\\left(\\frac{1}{b}\\right)\\pi  ",
          "location": null,
          "numPassingAsserts": 0,
          "status": "pending",
          "title": "== c=\\left(\\frac{1}{b}\\right)\\pi  "
        },
        {
          "ancestorTitles": [
            "src/fixtures/latex-equal/fractions-symbolic.ts",
            "[symbolic] V\\left(t\\right)=750\\left(1.5\\right)^t"
          ],
          "duration": 0,
          "failureDetails": [],
          "failureMessages": [],
          "fullName": "src/fixtures/latex-equal/fractions-symbolic.ts [symbolic] V\\left(t\\right)=750\\left(1.5\\right)^t == V(t)\\ =\\ 750\\left(\\frac{3}{2}\\right)^t ",
          "location": null,
          "numPassingAsserts": 0,
          "status": "pending",
          "title": "== V(t)\\ =\\ 750\\left(\\frac{3}{2}\\right)^t "
        },
        {
          "ancestorTitles": [
            "src/fixtures/latex-equal/fractions-symbolic.ts",
            "[symbolic] V\\left(t\\right)=750\\left(1.5\\right)^t"
          ],
          "duration": 0,
          "failureDetails": [],
          "failureMessages": [],
          "fullName": "src/fixtures/latex-equal/fractions-symbolic.ts [symbolic] V\\left(t\\right)=750\\left(1.5\\right)^t == V(t)\\ =\\ 750\\left(1+0.5\\right)^t ",
          "location": null,
          "numPassingAsserts": 0,
          "status": "pending",
          "title": "== V(t)\\ =\\ 750\\left(1+0.5\\right)^t "
        },
        {
          "ancestorTitles": [
            "src/fixtures/latex-equal/fractions-symbolic.ts",
            "[symbolic] V\\left(t\\right)=750\\left(1.5\\right)^t"
          ],
          "duration": 0,
          "failureDetails": [],
          "failureMessages": [],
          "fullName": "src/fixtures/latex-equal/fractions-symbolic.ts [symbolic] V\\left(t\\right)=750\\left(1.5\\right)^t == V(t)\\ =\\ 750\\left(1+\\frac{1}{2}\\right)^t ",
          "location": null,
          "numPassingAsserts": 0,
          "status": "pending",
          "title": "== V(t)\\ =\\ 750\\left(1+\\frac{1}{2}\\right)^t "
        },
        {
          "ancestorTitles": [
            "src/fixtures/latex-equal/fractions-symbolic.ts",
            "[symbolic] g\\left(x\\right)=\\sqrt[3]{x-2}"
          ],
          "duration": 0,
          "failureDetails": [],
          "failureMessages": [],
          "fullName": "src/fixtures/latex-equal/fractions-symbolic.ts [symbolic] g\\left(x\\right)=\\sqrt[3]{x-2} == g\\left(x\\right)\\ =\\ \\sqrt[3]{-2+x} ",
          "location": null,
          "numPassingAsserts": 0,
          "status": "pending",
          "title": "== g\\left(x\\right)\\ =\\ \\sqrt[3]{-2+x} "
        },
        {
          "ancestorTitles": [
            "src/fixtures/latex-equal/fractions-symbolic.ts",
            "[symbolic] g\\left(x\\right)=\\sqrt[3]{x-2}"
          ],
          "duration": 0,
          "failureDetails": [],
          "failureMessages": [],
          "fullName": "src/fixtures/latex-equal/fractions-symbolic.ts [symbolic] g\\left(x\\right)=\\sqrt[3]{x-2} == g\\left(x\\right)\\ =\\ \\left(x-2\\right)^{\\frac{1}{3}} ",
          "location": null,
          "numPassingAsserts": 0,
          "status": "pending",
          "title": "== g\\left(x\\right)\\ =\\ \\left(x-2\\right)^{\\frac{1}{3}} "
        },
        {
          "ancestorTitles": [
            "src/fixtures/latex-equal/fractions-symbolic.ts",
            "[symbolic] g\\left(x\\right)=\\sqrt[3]{x-2}"
          ],
          "duration": 0,
          "failureDetails": [],
          "failureMessages": [],
          "fullName": "src/fixtures/latex-equal/fractions-symbolic.ts [symbolic] g\\left(x\\right)=\\sqrt[3]{x-2} == g\\left(x\\right)\\ =\\ \\left(-2+x\\right)^{\\frac{1}{3}} ",
          "location": null,
          "numPassingAsserts": 0,
          "status": "pending",
          "title": "== g\\left(x\\right)\\ =\\ \\left(-2+x\\right)^{\\frac{1}{3}} "
        },
        {
          "ancestorTitles": [
            "src/fixtures/latex-equal/fractions-symbolic.ts",
            "[symbolic] g\\left(x\\right)=\\sqrt[3]{x-2}"
          ],
          "duration": 0,
          "failureDetails": [],
          "failureMessages": [],
          "fullName": "src/fixtures/latex-equal/fractions-symbolic.ts [symbolic] g\\left(x\\right)=\\sqrt[3]{x-2} == g\\left(x\\right)\\ =\\ \\sqrt[3]{-2+x} ",
          "location": null,
          "numPassingAsserts": 0,
          "status": "pending",
          "title": "== g\\left(x\\right)\\ =\\ \\sqrt[3]{-2+x} "
        },
        {
          "ancestorTitles": [
            "src/fixtures/latex-equal/fractions-symbolic.ts",
            "[symbolic] g\\left(x\\right)=\\sqrt[3]{x-2}"
          ],
          "duration": 0,
          "failureDetails": [],
          "failureMessages": [],
          "fullName": "src/fixtures/latex-equal/fractions-symbolic.ts [symbolic] g\\left(x\\right)=\\sqrt[3]{x-2} == g\\left(x\\right)\\ =\\ \\left(x-2\\right)^{\\frac{1}{3}} ",
          "location": null,
          "numPassingAsserts": 0,
          "status": "pending",
          "title": "== g\\left(x\\right)\\ =\\ \\left(x-2\\right)^{\\frac{1}{3}} "
        },
        {
          "ancestorTitles": [
            "src/fixtures/latex-equal/fractions-symbolic.ts",
            "[symbolic] g\\left(x\\right)=\\sqrt[3]{x-2}"
          ],
          "duration": 0,
          "failureDetails": [],
          "failureMessages": [],
          "fullName": "src/fixtures/latex-equal/fractions-symbolic.ts [symbolic] g\\left(x\\right)=\\sqrt[3]{x-2} == g\\left(x\\right)\\ =\\ \\left(-2+x\\right)^{\\frac{1}{3}} ",
          "location": null,
          "numPassingAsserts": 0,
          "status": "pending",
          "title": "== g\\left(x\\right)\\ =\\ \\left(-2+x\\right)^{\\frac{1}{3}} "
        },
        {
          "ancestorTitles": [
            "src/fixtures/latex-equal/fractions-symbolic.ts",
            "[symbolic] h=\\frac{da}{c}"
          ],
          "duration": 0,
          "failureDetails": [],
          "failureMessages": [],
          "fullName": "src/fixtures/latex-equal/fractions-symbolic.ts [symbolic] h=\\frac{da}{c} == h=\\frac{ad}{c} ",
          "location": null,
          "numPassingAsserts": 0,
          "status": "pending",
          "title": "== h=\\frac{ad}{c} "
        },
        {
          "ancestorTitles": [
            "src/fixtures/latex-equal/fractions-symbolic.ts",
            "[symbolic] h=\\frac{da}{c}"
          ],
          "duration": 0,
          "failureDetails": [],
          "failureMessages": [],
          "fullName": "src/fixtures/latex-equal/fractions-symbolic.ts [symbolic] h=\\frac{da}{c} == h=\\frac{a\\times d}{c} ",
          "location": null,
          "numPassingAsserts": 0,
          "status": "pending",
          "title": "== h=\\frac{a\\times d}{c} "
        },
        {
          "ancestorTitles": [
            "src/fixtures/latex-equal/fractions-symbolic.ts",
            "[symbolic] h=\\frac{da}{c}"
          ],
          "duration": 0,
          "failureDetails": [],
          "failureMessages": [],
          "fullName": "src/fixtures/latex-equal/fractions-symbolic.ts [symbolic] h=\\frac{da}{c} == h=\\frac{d\\times a}{c} ",
          "location": null,
          "numPassingAsserts": 0,
          "status": "pending",
          "title": "== h=\\frac{d\\times a}{c} "
        },
        {
          "ancestorTitles": [
            "src/fixtures/latex-equal/fractions-symbolic.ts",
            "[symbolic] h=\\frac{da}{c}"
          ],
          "duration": 0,
          "failureDetails": [],
          "failureMessages": [],
          "fullName": "src/fixtures/latex-equal/fractions-symbolic.ts [symbolic] h=\\frac{da}{c} == h=\\left(d\\times a\\right)\\div c ",
          "location": null,
          "numPassingAsserts": 0,
          "status": "pending",
          "title": "== h=\\left(d\\times a\\right)\\div c "
        },
        {
          "ancestorTitles": [
            "src/fixtures/latex-equal/fractions-symbolic.ts",
            "[symbolic] h=\\frac{da}{c}"
          ],
          "duration": 0,
          "failureDetails": [],
          "failureMessages": [],
          "fullName": "src/fixtures/latex-equal/fractions-symbolic.ts [symbolic] h=\\frac{da}{c} == h=\\left(a\\times d\\right)\\div c ",
          "location": null,
          "numPassingAsserts": 0,
          "status": "pending",
          "title": "== h=\\left(a\\times d\\right)\\div c "
        },
        {
          "ancestorTitles": [
            "src/fixtures/latex-equal/fractions-symbolic.ts",
            "[symbolic] h=\\frac{da}{c}"
          ],
          "duration": 0,
          "failureDetails": [],
          "failureMessages": [],
          "fullName": "src/fixtures/latex-equal/fractions-symbolic.ts [symbolic] h=\\frac{da}{c} == h=d\\left(\\frac{a}{c}\\right) ",
          "location": null,
          "numPassingAsserts": 0,
          "status": "pending",
          "title": "== h=d\\left(\\frac{a}{c}\\right) "
        },
        {
          "ancestorTitles": [
            "src/fixtures/latex-equal/fractions-symbolic.ts",
            "[symbolic] h=\\frac{da}{c}"
          ],
          "duration": 0,
          "failureDetails": [],
          "failureMessages": [],
          "fullName": "src/fixtures/latex-equal/fractions-symbolic.ts [symbolic] h=\\frac{da}{c} == h=d\\left(a\\div c\\right) ",
          "location": null,
          "numPassingAsserts": 0,
          "status": "pending",
          "title": "== h=d\\left(a\\div c\\right) "
        },
        {
          "ancestorTitles": [
            "src/fixtures/latex-equal/fractions-symbolic.ts",
            "[symbolic] h=\\frac{da}{c}"
          ],
          "duration": 0,
          "failureDetails": [],
          "failureMessages": [],
          "fullName": "src/fixtures/latex-equal/fractions-symbolic.ts [symbolic] h=\\frac{da}{c} == h=a\\left(d\\div c\\right) ",
          "location": null,
          "numPassingAsserts": 0,
          "status": "pending",
          "title": "== h=a\\left(d\\div c\\right) "
        },
        {
          "ancestorTitles": [
            "src/fixtures/latex-equal/fractions-symbolic.ts",
[...]
        },
        {
          "ancestorTitles": [
            "src/fixtures/latex-equal/symbolic-b.ts",
            "[symbolic] y=250\\sin\\left(\\frac{2\\pi}{5}x\\right)+2500"
          ],
          "duration": 0,
          "failureDetails": [],
          "failureMessages": [],
          "fullName": "src/fixtures/latex-equal/symbolic-b.ts [symbolic] y=250\\sin\\left(\\frac{2\\pi}{5}x\\right)+2500 == y=250\\sin\\left(\\frac{2\\pi\\ }{5}x\\right)+2,500 ",
          "location": null,
          "numPassingAsserts": 0,
          "status": "pending",
          "title": "== y=250\\sin\\left(\\frac{2\\pi\\ }{5}x\\right)+2,500 "
        },
        {
          "ancestorTitles": [
            "src/fixtures/latex-equal/symbolic-b.ts",
            "[symbolic] y=250\\sin\\left(\\frac{2\\pi}{5}x\\right)+2500"
          ],
          "duration": 0,
          "failureDetails": [],
          "failureMessages": [],
          "fullName": "src/fixtures/latex-equal/symbolic-b.ts [symbolic] y=250\\sin\\left(\\frac{2\\pi}{5}x\\right)+2500 == y=250\\sin\\left(\\frac{2}{5}\\pi\\ x\\right)+2,500 ",
          "location": null,
          "numPassingAsserts": 0,
          "status": "pending",
          "title": "== y=250\\sin\\left(\\frac{2}{5}\\pi\\ x\\right)+2,500 "
        },
        {
          "ancestorTitles": [
            "src/fixtures/latex-equal/symbolic-b.ts",
            "[symbolic] y=250\\sin\\left(\\frac{2\\pi}{5}x\\right)+2500"
          ],
          "duration": 0,
          "failureDetails": [],
          "failureMessages": [],
          "fullName": "src/fixtures/latex-equal/symbolic-b.ts [symbolic] y=250\\sin\\left(\\frac{2\\pi}{5}x\\right)+2500 == y=250\\sin\\left(\\left(\\frac{2}{5}\\pi\\ \\right)x\\right)+2,500 ",
          "location": null,
          "numPassingAsserts": 0,
          "status": "pending",
          "title": "== y=250\\sin\\left(\\left(\\frac{2}{5}\\pi\\ \\right)x\\right)+2,500 "
        },
        {
          "ancestorTitles": [
            "src/fixtures/latex-equal/symbolic-b.ts",
            "[symbolic] y=250\\sin\\left(\\frac{2\\pi}{5}x\\right)+2500"
          ],
          "duration": 0,
          "failureDetails": [],
          "failureMessages": [],
          "fullName": "src/fixtures/latex-equal/symbolic-b.ts [symbolic] y=250\\sin\\left(\\frac{2\\pi}{5}x\\right)+2500 == y=250\\sin\\left(\\left(\\frac{2\\pi\\ }{5}\\right)x\\right)+2,500 ",
          "location": null,
          "numPassingAsserts": 0,
          "status": "pending",
          "title": "== y=250\\sin\\left(\\left(\\frac{2\\pi\\ }{5}\\right)x\\right)+2,500 "
        },
        {
          "ancestorTitles": [
            "src/fixtures/latex-equal/to-be-fixed.ts",
            "[symbolic] a_n=3a_{n-1}"
          ],
          "duration": 0,
          "failureDetails": [],
          "failureMessages": [],
          "fullName": "src/fixtures/latex-equal/to-be-fixed.ts [symbolic] a_n=3a_{n-1} == a_n=3\\times a_{n-1} ",
          "location": null,
          "numPassingAsserts": 0,
          "status": "pending",
          "title": "== a_n=3\\times a_{n-1} "
        },
        {
          "ancestorTitles": [
            "src/fixtures/latex-equal/to-be-fixed.ts",
            "[symbolic] f\\left(y\\right)=26000\\left(0.83\\right)^y"
          ],
          "duration": 0,
          "failureDetails": [],
          "failureMessages": [],
          "fullName": "src/fixtures/latex-equal/to-be-fixed.ts [symbolic] f\\left(y\\right)=26000\\left(0.83\\right)^y == f\\left(y\\right)=26000\\left(1-0.17\\right)^y ",
          "location": null,
          "numPassingAsserts": 0,
          "status": "pending",
          "title": "== f\\left(y\\right)=26000\\left(1-0.17\\right)^y "
        },
        {
          "ancestorTitles": [
            "src/fixtures/latex-equal/to-be-fixed.ts",
            "[symbolic] f\\left(y\\right)=26000\\left(0.83\\right)^y"
          ],
          "duration": 0,
          "failureDetails": [],
          "failureMessages": [],
          "fullName": "src/fixtures/latex-equal/to-be-fixed.ts [symbolic] f\\left(y\\right)=26000\\left(0.83\\right)^y == f\\left(y\\right)=26,000\\left(1-0.17\\right)^y ",
          "location": null,
          "numPassingAsserts": 0,
          "status": "pending",
          "title": "== f\\left(y\\right)=26,000\\left(1-0.17\\right)^y "
        },
        {
          "ancestorTitles": [
            "src/fixtures/latex-equal/to-be-fixed.ts",
            "[symbolic] f\\left(y\\right)=26000\\left(0.83\\right)^y"
          ],
          "duration": 0,
          "failureDetails": [],
          "failureMessages": [],
          "fullName": "src/fixtures/latex-equal/to-be-fixed.ts [symbolic] f\\left(y\\right)=26000\\left(0.83\\right)^y == f\\left(y\\right)=26,000\\left(0.83\\right)^y ",
          "location": null,
          "numPassingAsserts": 0,
          "status": "pending",
          "title": "== f\\left(y\\right)=26,000\\left(0.83\\right)^y "
        },
        {
          "ancestorTitles": [
            "src/fixtures/latex-equal/to-be-fixed.ts",
            "[symbolic] f^{-1}\\left(x\\right)=-\\frac{12}{x}+8"
          ],
          "duration": 0,
          "failureDetails": [],
          "failureMessages": [],
          "fullName": "src/fixtures/latex-equal/to-be-fixed.ts [symbolic] f^{-1}\\left(x\\right)=-\\frac{12}{x}+8 == f^{-1}(x)\\ =\\ 8-\\frac{12}{x} ",
          "location": null,
          "numPassingAsserts": 0,
          "status": "pending",
          "title": "== f^{-1}(x)\\ =\\ 8-\\frac{12}{x} "
        },
        {
          "ancestorTitles": [
            "src/fixtures/latex-equal/to-be-fixed.ts",
            "[symbolic] f^{-1}\\left(x\\right)=-\\frac{12}{x}+8"
          ],
          "duration": 0,
          "failureDetails": [],
          "failureMessages": [],
          "fullName": "src/fixtures/latex-equal/to-be-fixed.ts [symbolic] f^{-1}\\left(x\\right)=-\\frac{12}{x}+8 == f^{-1}(x)\\ =\\ \\frac{8x-12}{x} ",
          "location": null,
          "numPassingAsserts": 0,
          "status": "pending",
          "title": "== f^{-1}(x)\\ =\\ \\frac{8x-12}{x} "
        },
        {
          "ancestorTitles": [
            "src/fixtures/latex-equal/to-be-fixed.ts",
            "[symbolic] f^{-1}\\left(x\\right)=-\\frac{12}{x}+8"
          ],
          "duration": 0,
          "failureDetails": [],
          "failureMessages": [],
          "fullName": "src/fixtures/latex-equal/to-be-fixed.ts [symbolic] f^{-1}\\left(x\\right)=-\\frac{12}{x}+8 == f^{-1}(x)\\ =\\ \\frac{-12+8x}{x} ",
          "location": null,
          "numPassingAsserts": 0,
          "status": "pending",
          "title": "== f^{-1}(x)\\ =\\ \\frac{-12+8x}{x} "
        },
        {
          "ancestorTitles": [
            "src/fixtures/latex-equal/to-be-fixed.ts",
            "[symbolic] f^{-1}\\left(x\\right)=-\\frac{12}{x}+8"
          ],
          "duration": 0,
          "failureDetails": [],
          "failureMessages": [],
          "fullName": "src/fixtures/latex-equal/to-be-fixed.ts [symbolic] f^{-1}\\left(x\\right)=-\\frac{12}{x}+8 == f^{-1}(x)\\ =\\ -12\\left(\\frac{1}{x}\\right)+8 ",
          "location": null,
          "numPassingAsserts": 0,
          "status": "pending",
          "title": "== f^{-1}(x)\\ =\\ -12\\left(\\frac{1}{x}\\right)+8 "
        },
        {
          "ancestorTitles": [
            "src/fixtures/latex-equal/to-be-fixed.ts",
            "[symbolic] f^{-1}\\left(x\\right)=-\\frac{12}{x}+8"
          ],
          "duration": 0,
          "failureDetails": [],
          "failureMessages": [],
          "fullName": "src/fixtures/latex-equal/to-be-fixed.ts [symbolic] f^{-1}\\left(x\\right)=-\\frac{12}{x}+8 == f^{-1}(x)\\ =\\ 8-12\\left(\\frac{1}{x}\\right) ",
          "location": null,
          "numPassingAsserts": 0,
          "status": "pending",
          "title": "== f^{-1}(x)\\ =\\ 8-12\\left(\\frac{1}{x}\\right) "
        },
        {
          "ancestorTitles": [
            "src/fixtures/latex-equal/to-be-fixed.ts",
            "[symbolic] f\\left(x\\right)=1.1x+8"
          ],
          "duration": 0,
          "failureDetails": [],
          "failureMessages": [],
          "fullName": "src/fixtures/latex-equal/to-be-fixed.ts [symbolic] f\\left(x\\right)=1.1x+8 == f(x)\\ =\\ 8+1.1x ",
          "location": null,
          "numPassingAsserts": 0,
          "status": "pending",
          "title": "== f(x)\\ =\\ 8+1.1x "
        },
        {
          "ancestorTitles": [
            "src/fixtures/latex-equal/to-be-fixed.ts",
            "[symbolic] f\\left(x\\right)=1.1x+8"
          ],
          "duration": 0,
          "failureDetails": [],
          "failureMessages": [],
          "fullName": "src/fixtures/latex-equal/to-be-fixed.ts [symbolic] f\\left(x\\right)=1.1x+8 == f(x)\\ =\\ 8+\\left(1+0.1\\right)x ",
          "location": null,
          "numPassingAsserts": 0,
          "status": "pending",
          "title": "== f(x)\\ =\\ 8+\\left(1+0.1\\right)x "
        },
        {
          "ancestorTitles": [
            "src/fixtures/latex-equal/to-be-fixed.ts",
            "[symbolic] f\\left(x\\right)=1.1x+8"
          ],
          "duration": 0,
          "failureDetails": [],
          "failureMessages": [],
          "fullName": "src/fixtures/latex-equal/to-be-fixed.ts [symbolic] f\\left(x\\right)=1.1x+8 == f(x)\\ =\\ \\left(1+0.1\\right)x+8 ",
          "location": null,
          "numPassingAsserts": 0,
          "status": "pending",
          "title": "== f(x)\\ =\\ \\left(1+0.1\\right)x+8 "
        },
        {
          "ancestorTitles": [
            "src/fixtures/latex-equal/to-be-fixed.ts",
            "[symbolic] f\\left(x\\right)=1.1x+8"
          ],
          "duration": 0,
          "failureDetails": [],
          "failureMessages": [],
          "fullName": "src/fixtures/latex-equal/to-be-fixed.ts [symbolic] f\\left(x\\right)=1.1x+8 == f(x)\\ =\\ x+0.1x+8 ",
          "location": null,
          "numPassingAsserts": 0,
          "status": "pending",
          "title": "== f(x)\\ =\\ x+0.1x+8 "
        },
        {
          "ancestorTitles": [
            "src/fixtures/latex-equal/to-be-fixed.ts",
            "[symbolic] f\\left(x\\right)=1.1x+8"
          ],
          "duration": 0,
          "failureDetails": [],
          "failureMessages": [],
          "fullName": "src/fixtures/latex-equal/to-be-fixed.ts [symbolic] f\\left(x\\right)=1.1x+8 == f(x)\\ =\\ 8+x+0.1x ",
          "location": null,
          "numPassingAsserts": 0,
          "status": "pending",
          "title": "== f(x)\\ =\\ 8+x+0.1x "
        },
        {
          "ancestorTitles": [
            "src/fixtures/latex-equal/to-be-fixed.ts",
            "[symbolic] f\\left(x\\right)=1.1x+8"
          ],
          "duration": 0,
          "failureDetails": [],
          "failureMessages": [],
          "fullName": "src/fixtures/latex-equal/to-be-fixed.ts [symbolic] f\\left(x\\right)=1.1x+8 == f(x)\\ =\\ 8+x+0.1x ",
          "location": null,
          "numPassingAsserts": 0,
          "status": "pending",
          "title": "== f(x)\\ =\\ 8+x+0.1x "
        },
        {
          "ancestorTitles": [
            "src/fixtures/latex-equal/to-be-fixed.ts",
            "[symbolic] f\\left(x\\right)=1.1x+8"
          ],
          "duration": 0,
          "failureDetails": [],
          "failureMessages": [],
          "fullName": "src/fixtures/latex-equal/to-be-fixed.ts [symbolic] f\\left(x\\right)=1.1x+8 == f(x)\\ =\\ 8+0.1x+x ",
          "location": null,
          "numPassingAsserts": 0,
          "status": "pending",
          "title": "== f(x)\\ =\\ 8+0.1x+x "
        },
        {
          "ancestorTitles": [
            "src/fixtures/latex-equal/to-be-fixed.ts",
            "[symbolic] f\\left(x\\right)=1.1x+8"
          ],
          "duration": 0,
          "failureDetails": [],
          "failureMessages": [],
          "fullName": "src/fixtures/latex-equal/to-be-fixed.ts [symbolic] f\\left(x\\right)=1.1x+8 == f(x)\\ =\\ 0.1x+x+8 ",
          "location": null,
          "numPassingAsserts": 0,
          "status": "pending",
          "title": "== f(x)\\ =\\ 0.1x+x+8 "
        },
        {
          "ancestorTitles": [
            "src/fixtures/latex-equal/to-be-fixed.ts",
            "[symbolic] x=\\frac{20,000}{r^2}\\text{radians}"
          ],
          "duration": 0,
          "failureDetails": [],
          "failureMessages": [],
          "fullName": "src/fixtures/latex-equal/to-be-fixed.ts [symbolic] x=\\frac{20,000}{r^2}\\text{radians} == x=\\frac{1}{r^2}\\left(20,000\\right)\\ \\text{radians} ",
          "location": null,
          "numPassingAsserts": 0,
          "status": "pending",
          "title": "== x=\\frac{1}{r^2}\\left(20,000\\right)\\ \\text{radians} "
        },
        {
          "ancestorTitles": [
            "src/fixtures/latex-equal/to-be-fixed.ts",
            "[symbolic] x=\\frac{20,000}{r^2}\\text{radians}"
          ],
          "duration": 0,
          "failureDetails": [],
          "failureMessages": [],
          "fullName": "src/fixtures/latex-equal/to-be-fixed.ts [symbolic] x=\\frac{20,000}{r^2}\\text{radians} == x=\\frac{20000}{r^2}\\ \\text{radians} ",
          "location": null,
          "numPassingAsserts": 0,
          "status": "pending",
          "title": "== x=\\frac{20000}{r^2}\\ \\text{radians} "
        },
        {
          "ancestorTitles": [
            "src/fixtures/latex-equal/to-be-fixed.ts",
            "[symbolic] x=\\frac{20,000}{r^2}\\text{radians}"
          ],
          "duration": 0,
          "failureDetails": [],
          "failureMessages": [],
          "fullName": "src/fixtures/latex-equal/to-be-fixed.ts [symbolic] x=\\frac{20,000}{r^2}\\text{radians} == x=\\frac{1}{r^2}\\times 20000\\ \\text{radians} ",
          "location": null,
          "numPassingAsserts": 0,
          "status": "pending",
          "title": "== x=\\frac{1}{r^2}\\times 20000\\ \\text{radians} "
        },
        {
          "ancestorTitles": [
            "src/fixtures/latex-equal/to-be-fixed.ts",
            "[symbolic] x=\\frac{20,000}{r^2}\\text{radians}"
          ],
          "duration": 0,
          "failureDetails": [],
          "failureMessages": [],
          "fullName": "src/fixtures/latex-equal/to-be-fixed.ts [symbolic] x=\\frac{20,000}{r^2}\\text{radians} == x=\\frac{1}{r^2}\\times 20,000\\ \\text{radians} ",
          "location": null,
          "numPassingAsserts": 0,
          "status": "pending",
          "title": "== x=\\frac{1}{r^2}\\times 20,000\\ \\text{radians} "
        },
        {
          "ancestorTitles": [
            "src/fixtures/latex-equal/to-be-fixed.ts",
            "[symbolic] x=\\frac{20,000}{r^2}\\text{radians}"
          ],
          "duration": 0,
          "failureDetails": [],
          "failureMessages": [],
          "fullName": "src/fixtures/latex-equal/to-be-fixed.ts [symbolic] x=\\frac{20,000}{r^2}\\text{radians} == x=20000\\left(\\frac{1}{r^2}\\right)\\ \\text{radians} ",
          "location": null,
          "numPassingAsserts": 0,
          "status": "pending",
          "title": "== x=20000\\left(\\frac{1}{r^2}\\right)\\ \\text{radians} "
        },
        {
          "ancestorTitles": [
            "src/fixtures/latex-equal/to-be-fixed.ts",
            "[symbolic] x=\\frac{20,000}{r^2}\\text{radians}"
          ],
          "duration": 0,
          "failureDetails": [],
          "failureMessages": [],
          "fullName": "src/fixtures/latex-equal/to-be-fixed.ts [symbolic] x=\\frac{20,000}{r^2}\\text{radians} == x=20,000\\left(\\frac{1}{r^2}\\right)\\ \\text{radians} ",
          "location": null,
          "numPassingAsserts": 0,
          "status": "pending",
          "title": "== x=20,000\\left(\\frac{1}{r^2}\\right)\\ \\text{radians} "
        },
        {
          "ancestorTitles": [
            "src/fixtures/latex-equal/to-be-fixed.ts",
            "[symbolic] \\text{height}\\ =\\ 120\\sin\\theta"
          ],
          "duration": 0,
          "failureDetails": [],
          "failureMessages": [],
          "fullName": "src/fixtures/latex-equal/to-be-fixed.ts [symbolic] \\text{height}\\ =\\ 120\\sin\\theta == \\text{height}\\ =\\ 120\\left(\\sin \\theta \\right) ",
          "location": null,
          "numPassingAsserts": 0,
          "status": "pending",
          "title": "== \\text{height}\\ =\\ 120\\left(\\sin \\theta \\right) "
        },
        {
          "ancestorTitles": [
            "src/fixtures/latex-equal/to-be-fixed.ts",
            "[symbolic] \\text{height}\\ =\\ 120\\sin\\theta"
          ],
          "duration": 0,
          "failureDetails": [],
          "failureMessages": [],
          "fullName": "src/fixtures/latex-equal/to-be-fixed.ts [symbolic] \\text{height}\\ =\\ 120\\sin\\theta == \\text{height}\\ =\\ 120\\sin \\left(\\theta \\right) ",
          "location": null,
          "numPassingAsserts": 0,
          "status": "pending",
          "title": "== \\text{height}\\ =\\ 120\\sin \\left(\\theta \\right) "
        },
        {
          "ancestorTitles": [
            "src/fixtures/latex-equal/to-be-fixed.ts",
            "[symbolic] \\text{height}\\ =\\ 120\\sin\\theta"
          ],
          "duration": 0,
          "failureDetails": [],
          "failureMessages": [],
          "fullName": "src/fixtures/latex-equal/to-be-fixed.ts [symbolic] \\text{height}\\ =\\ 120\\sin\\theta == \\text{height}\\ =\\ \\left(\\sin \\theta \\right)\\left(120\\right) ",
          "location": null,
          "numPassingAsserts": 0,
          "status": "pending",
          "title": "== \\text{height}\\ =\\ \\left(\\sin \\theta \\right)\\left(120\\right) "
        },
        {
          "ancestorTitles": [
            "src/fixtures/latex-equal/to-be-fixed.ts",
            "[symbolic] \\text{height}\\ =\\ 120\\sin\\theta"
          ],
          "duration": 0,
          "failureDetails": [],
          "failureMessages": [],
          "fullName": "src/fixtures/latex-equal/to-be-fixed.ts [symbolic] \\text{height}\\ =\\ 120\\sin\\theta == \\text{height}\\ =\\ \\left(\\sin \\theta \\right)\\times 120 ",
          "location": null,
          "numPassingAsserts": 0,
          "status": "pending",
          "title": "== \\text{height}\\ =\\ \\left(\\sin \\theta \\right)\\times 120 "
        },
        {
          "ancestorTitles": [
            "src/fixtures/latex-equal/to-be-fixed.ts",
            "[symbolic] \\text{height}\\ =\\ 120\\sin\\theta"
          ],
          "duration": 0,
          "failureDetails": [],
          "failureMessages": [],
          "fullName": "src/fixtures/latex-equal/to-be-fixed.ts [symbolic] \\text{height}\\ =\\ 120\\sin\\theta == \\text{height}\\ =\\ \\sin \\theta \\times 120 ",
          "location": null,
          "numPassingAsserts": 0,
          "status": "pending",
          "title": "== \\text{height}\\ =\\ \\sin \\theta \\times 120 "
        },
        {
          "ancestorTitles": [
            "src/fixtures/latex-equal/to-be-fixed.ts",
            "[symbolic] \\cos\\theta=-\\sqrt{1-y^2}"
          ],
          "duration": 0,
          "failureDetails": [],
          "failureMessages": [],
          "fullName": "src/fixtures/latex-equal/to-be-fixed.ts [symbolic] \\cos\\theta=-\\sqrt{1-y^2} == cos\\ \\theta\\ \\ =\\ -\\sqrt{-y^2+1} ",
          "location": null,
          "numPassingAsserts": 0,
          "status": "pending",
          "title": "== cos\\ \\theta\\ \\ =\\ -\\sqrt{-y^2+1} "
        },
        {
          "ancestorTitles": [
            "src/fixtures/latex-equal/to-be-fixed.ts",
            "[symbolic] 100"
          ],
          "duration": 0,
          "failureDetails": [],
          "failureMessages": [],
          "fullName": "src/fixtures/latex-equal/to-be-fixed.ts [symbolic] 100 != 100 - 0.0001 ",
          "location": null,
          "numPassingAsserts": 0,
          "status": "pending",
          "title": "!= 100 - 0.0001 "
        }
      ],
      "failureMessage": null
    }
  ],
  "wasInterrupted": false
}