{
  "numFailedTestSuites": 1,
  "numFailedTests": 3,
  "numPassedTestSuites": 0,
  "numPassedTests": 9,
  "numPendingTestSuites": 0,
  "numPendingTests": 0,
  "numRuntimeErrorTestSuites": 0,
  "numTodoTests": 0,
  "numTotalTestSuites": 1,
  "numTotalTests": 12,
  "openHandles": [],
  "snapshot": {
    "added": 0,
    "didUpdate": false,
    "failure": false,
    "filesAdded": 0,
    "filesRemoved": 0,
    "filesRemovedList": [],
    "filesUnmatched": 0,
    "filesUpdated": 0,
    "matched": 0,
    "total": 0,
    "unchecked": 0,
    "uncheckedKeysByFile": [],
    "unmatched": 0,
    "updated": 0
  },
  "startTime": 1617369701443,
  "success": false,
  "testResults": [
    {
      "leaks": false,
      "numFailingTests": 3,
      "numPassingTests": 9,
      "numPendingTests": 0,
      "numTodoTests": 0,
      "openHandles": [],
      "perfStats": {
        "end": 1617369704073,
        "runtime": 2539,
        "slow": false,
        "start": 1617369701534
      },
      "skipped": false,
      "snapshot": {
        "added": 0,
        "fileDeleted": false,
        "matched": 0,
        "unchecked": 0,
        "unmatched": 0,
        "updated": 0,
        "uncheckedKeys": []
      },
      "testFilePath": "/Users/patriciaromaniuc/math-validation/src/__tests__/latex-equal.spec.ts",
      "testResults": [
        {
          "ancestorTitles": [
            "src/fixtures/latex-equal/literal.ts",
            "[literal] 12 + 3 * x"
          ],
          "duration": 11,
          "failureDetails": [],
          "failureMessages": [],
          "fullName": "src/fixtures/latex-equal/literal.ts [literal] 12 + 3 * x == 12    +     3   \\times x   (literal)",
          "location": null,
          "numPassingAsserts": 0,
          "status": "passed",
          "title": "== 12    +     3   \\times x   (literal)"
        },
        {
          "ancestorTitles": [
            "src/fixtures/latex-equal/literal.ts",
            "[literal] 12 + 3 * x"
          ],
          "duration": 3,
          "failureDetails": [],
          "failureMessages": [],
          "fullName": "src/fixtures/latex-equal/literal.ts [literal] 12 + 3 * x != 12.0 + 3 * x (literal)",
          "location": null,
          "numPassingAsserts": 0,
          "status": "passed",
          "title": "!= 12.0 + 3 * x (literal)"
        },
        {
          "ancestorTitles": [
            "src/fixtures/latex-equal/literal.ts",
            "[literal] 12 + 3 * x"
          ],
          "duration": 1,
          "failureDetails": [],
          "failureMessages": [],
          "fullName": "src/fixtures/latex-equal/literal.ts [literal] 12 + 3 * x != 3 * x + 12 (literal)",
          "location": null,
          "numPassingAsserts": 0,
          "status": "passed",
          "title": "!= 3 * x + 12 (literal)"
        },
        {
          "ancestorTitles": [
            "src/fixtures/latex-equal/literal.ts",
            "[literal] 12.00"
          ],
          "duration": 37,
          "failureDetails": [],
          "failureMessages": [],
          "fullName": "src/fixtures/latex-equal/literal.ts [literal] 12.00 == 12.000000 (literal)",
          "location": null,
          "numPassingAsserts": 0,
          "status": "passed",
          "title": "== 12.000000 (literal)"
        },
        {
          "ancestorTitles": [
            "src/fixtures/latex-equal/literal.ts",
            "[literal] 12.00"
          ],
          "duration": 1,
          "failureDetails": [],
          "failureMessages": [],
          "fullName": "src/fixtures/latex-equal/literal.ts [literal] 12.00 != 12.001 (literal)",
          "location": null,
          "numPassingAsserts": 0,
          "status": "passed",
          "title": "!= 12.001 (literal)"
        },
        {
          "ancestorTitles": [
            "src/fixtures/latex-equal/literal.ts",
            "[literal] 12.00"
          ],
          "duration": 1,
          "failureDetails": [],
          "failureMessages": [],
          "fullName": "src/fixtures/latex-equal/literal.ts [literal] 12.00 != 12.000000 (literal)",
          "location": null,
          "numPassingAsserts": 0,
          "status": "passed",
          "title": "!= 12.000000 (literal)"
        },
        {
          "ancestorTitles": [
            "src/fixtures/latex-equal/literal.ts",
            "[literal] 1"
          ],
          "duration": 1,
          "failureDetails": [],
          "failureMessages": [],
          "fullName": "src/fixtures/latex-equal/literal.ts [literal] 1 != 1.000000 (literal)",
          "location": null,
          "numPassingAsserts": 0,
          "status": "passed",
          "title": "!= 1.000000 (literal)"
        },
        {
          "ancestorTitles": [
            "src/fixtures/latex-equal/literal.ts",
            "[literal] 2 + 3"
          ],
          "duration": 3,
          "failureDetails": [
            {
              "actual": "",
              "error": {
                "matcherResult": {
                  "actual": false,
                  "expected": true,
                  "name": "toEqual",
                  "pass": false
                }
              },
              "expected": "",
              "matcherName": "",
              "message": "Error: \u001b[2mexpect(\u001b[22m\u001b[31mreceived\u001b[39m\u001b[2m).\u001b[22mtoEqual\u001b[2m(\u001b[22m\u001b[32mexpected\u001b[39m\u001b[2m) // deep equality\u001b[22m\n\nExpected: \u001b[32mtrue\u001b[39m\nReceived: \u001b[31mfalse\u001b[39m",
              "passed": false,
              "stack": "Error: \u001b[2mexpect(\u001b[22m\u001b[31mreceived\u001b[39m\u001b[2m).\u001b[22mtoEqual\u001b[2m(\u001b[22m\u001b[32mexpected\u001b[39m\u001b[2m) // deep equality\u001b[22m\n\nExpected: \u001b[32mtrue\u001b[39m\nReceived: \u001b[31mfalse\u001b[39m\n    at Object.<anonymous> (/Users/patriciaromaniuc/math-validation/src/__tests__/latex-equal.spec.ts:123:23)\n    at Object.asyncJestTest (/Users/patriciaromaniuc/math-validation/node_modules/jest-jasmine2/build/jasmineAsyncInstall.js:106:37)\n    at /Users/patriciaromaniuc/math-validation/node_modules/jest-jasmine2/build/queueRunner.js:45:12\n    at new Promise (<anonymous>)\n    at mapper (/Users/patriciaromaniuc/math-validation/node_modules/jest-jasmine2/build/queueRunner.js:28:19)\n    at /Users/patriciaromaniuc/math-validation/node_modules/jest-jasmine2/build/queueRunner.js:75:41\n    at processTicksAndRejections (node:internal/process/task_queues:94:5)"
            }
          ],
          "failureMessages": [
            "Error: \u001b[2mexpect(\u001b[22m\u001b[31mreceived\u001b[39m\u001b[2m).\u001b[22mtoEqual\u001b[2m(\u001b[22m\u001b[32mexpected\u001b[39m\u001b[2m) // deep equality\u001b[22m\n\nExpected: \u001b[32mtrue\u001b[39m\nReceived: \u001b[31mfalse\u001b[39m\n    at Object.<anonymous> (/Users/patriciaromaniuc/math-validation/src/__tests__/latex-equal.spec.ts:123:23)\n    at Object.asyncJestTest (/Users/patriciaromaniuc/math-validation/node_modules/jest-jasmine2/build/jasmineAsyncInstall.js:106:37)\n    at /Users/patriciaromaniuc/math-validation/node_modules/jest-jasmine2/build/queueRunner.js:45:12\n    at new Promise (<anonymous>)\n    at mapper (/Users/patriciaromaniuc/math-validation/node_modules/jest-jasmine2/build/queueRunner.js:28:19)\n    at /Users/patriciaromaniuc/math-validation/node_modules/jest-jasmine2/build/queueRunner.js:75:41\n    at processTicksAndRejections (node:internal/process/task_queues:94:5)"
          ],
          "fullName": "src/fixtures/latex-equal/literal.ts [literal] 2 + 3 == 3 + 2 (ignoreOrder)",
          "location": null,
          "numPassingAsserts": 0,
          "status": "failed",
          "title": "== 3 + 2 (ignoreOrder)"
        },
        {
          "ancestorTitles": [
            "src/fixtures/latex-equal/literal.ts",
            "[literal] 2 + 3"
          ],
          "duration": 0,
          "failureDetails": [],
          "failureMessages": [],
          "fullName": "src/fixtures/latex-equal/literal.ts [literal] 2 + 3 != 3 + 2 ()",
          "location": null,
          "numPassingAsserts": 0,
          "status": "passed",
          "title": "!= 3 + 2 ()"
        },
        {
          "ancestorTitles": [
            "src/fixtures/latex-equal/literal.ts",
            "[literal] a+b+c"
          ],
          "duration": 2,
          "failureDetails": [
            {
              "actual": "",
              "error": {
                "matcherResult": {
                  "actual": false,
                  "expected": true,
                  "name": "toEqual",
                  "pass": false
                }
              },
              "expected": "",
              "matcherName": "",
              "message": "Error: \u001b[2mexpect(\u001b[22m\u001b[31mreceived\u001b[39m\u001b[2m).\u001b[22mtoEqual\u001b[2m(\u001b[22m\u001b[32mexpected\u001b[39m\u001b[2m) // deep equality\u001b[22m\n\nExpected: \u001b[32mtrue\u001b[39m\nReceived: \u001b[31mfalse\u001b[39m",
              "passed": false,
              "stack": "Error: \u001b[2mexpect(\u001b[22m\u001b[31mreceived\u001b[39m\u001b[2m).\u001b[22mtoEqual\u001b[2m(\u001b[22m\u001b[32mexpected\u001b[39m\u001b[2m) // deep equality\u001b[22m\n\nExpected: \u001b[32mtrue\u001b[39m\nReceived: \u001b[31mfalse\u001b[39m\n    at Object.<anonymous> (/Users/patriciaromaniuc/math-validation/src/__tests__/latex-equal.spec.ts:123:23)\n    at Object.asyncJestTest (/Users/patriciaromaniuc/math-validation/node_modules/jest-jasmine2/build/jasmineAsyncInstall.js:106:37)\n    at /Users/patriciaromaniuc/math-validation/node_modules/jest-jasmine2/build/queueRunner.js:45:12\n    at new Promise (<anonymous>)\n    at mapper (/Users/patriciaromaniuc/math-validation/node_modules/jest-jasmine2/build/queueRunner.js:28:19)\n    at /Users/patriciaromaniuc/math-validation/node_modules/jest-jasmine2/build/queueRunner.js:75:41\n    at processTicksAndRejections (node:internal/process/task_queues:94:5)"
            }
          ],
          "failureMessages": [
            "Error: \u001b[2mexpect(\u001b[22m\u001b[31mreceived\u001b[39m\u001b[2m).\u001b[22mtoEqual\u001b[2m(\u001b[22m\u001b[32mexpected\u001b[39m\u001b[2m) // deep equality\u001b[22m\n\nExpected: \u001b[32mtrue\u001b[39m\nReceived: \u001b[31mfalse\u001b[39m\n    at Object.<anonymous> (/Users/patriciaromaniuc/math-validation/src/__tests__/latex-equal.spec.ts:123:23)\n    at Object.asyncJestTest (/Users/patriciaromaniuc/math-validation/node_modules/jest-jasmine2/build/jasmineAsyncInstall.js:106:37)\n    at /Users/patriciaromaniuc/math-validation/node_modules/jest-jasmine2/build/queueRunner.js:45:12\n    at new Promise (<anonymous>)\n    at mapper (/Users/patriciaromaniuc/math-validation/node_modules/jest-jasmine2/build/queueRunner.js:28:19)\n    at /Users/patriciaromaniuc/math-validation/node_modules/jest-jasmine2/build/queueRunner.js:75:41\n    at processTicksAndRejections (node:internal/process/task_queues:94:5)"
          ],
          "fullName": "src/fixtures/latex-equal/literal.ts [literal] a+b+c == c+a+b (ignoreOrder)",
          "location": null,
          "numPassingAsserts": 0,
          "status": "failed",
          "title": "== c+a+b (ignoreOrder)"
        },
        {
          "ancestorTitles": [
            "src/fixtures/latex-equal/literal.ts",
            "[literal] a+b+c"
          ],
          "duration": 1,
          "failureDetails": [],
          "failureMessages": [],
          "fullName": "src/fixtures/latex-equal/literal.ts [literal] a+b+c != c+a+b ()",
          "location": null,
          "numPassingAsserts": 0,
          "status": "passed",
          "title": "!= c+a+b ()"
        },
        {
          "ancestorTitles": [
            "src/fixtures/latex-equal/literal.ts",
            "[literal] 12.00+3"
          ],
          "duration": 2,
          "failureDetails": [
            {
              "actual": "",
              "error": {
                "matcherResult": {
                  "actual": false,
                  "expected": true,
                  "name": "toEqual",
                  "pass": false
                }
              },
              "expected": "",
              "matcherName": "",
              "message": "Error: \u001b[2mexpect(\u001b[22m\u001b[31mreceived\u001b[39m\u001b[2m).\u001b[22mtoEqual\u001b[2m(\u001b[22m\u001b[32mexpected\u001b[39m\u001b[2m) // deep equality\u001b[22m\n\nExpected: \u001b[32mtrue\u001b[39m\nReceived: \u001b[31mfalse\u001b[39m",
              "passed": false,
              "stack": "Error: \u001b[2mexpect(\u001b[22m\u001b[31mreceived\u001b[39m\u001b[2m).\u001b[22mtoEqual\u001b[2m(\u001b[22m\u001b[32mexpected\u001b[39m\u001b[2m) // deep equality\u001b[22m\n\nExpected: \u001b[32mtrue\u001b[39m\nReceived: \u001b[31mfalse\u001b[39m\n    at Object.<anonymous> (/Users/patriciaromaniuc/math-validation/src/__tests__/latex-equal.spec.ts:123:23)\n    at Object.asyncJestTest (/Users/patriciaromaniuc/math-validation/node_modules/jest-jasmine2/build/jasmineAsyncInstall.js:106:37)\n    at /Users/patriciaromaniuc/math-validation/node_modules/jest-jasmine2/build/queueRunner.js:45:12\n    at new Promise (<anonymous>)\n    at mapper (/Users/patriciaromaniuc/math-validation/node_modules/jest-jasmine2/build/queueRunner.js:28:19)\n    at /Users/patriciaromaniuc/math-validation/node_modules/jest-jasmine2/build/queueRunner.js:75:41\n    at processTicksAndRejections (node:internal/process/task_queues:94:5)"
            }
          ],
          "failureMessages": [
            "Error: \u001b[2mexpect(\u001b[22m\u001b[31mreceived\u001b[39m\u001b[2m).\u001b[22mtoEqual\u001b[2m(\u001b[22m\u001b[32mexpected\u001b[39m\u001b[2m) // deep equality\u001b[22m\n\nExpected: \u001b[32mtrue\u001b[39m\nReceived: \u001b[31mfalse\u001b[39m\n    at Object.<anonymous> (/Users/patriciaromaniuc/math-validation/src/__tests__/latex-equal.spec.ts:123:23)\n    at Object.asyncJestTest (/Users/patriciaromaniuc/math-validation/node_modules/jest-jasmine2/build/jasmineAsyncInstall.js:106:37)\n    at /Users/patriciaromaniuc/math-validation/node_modules/jest-jasmine2/build/queueRunner.js:45:12\n    at new Promise (<anonymous>)\n    at mapper (/Users/patriciaromaniuc/math-validation/node_modules/jest-jasmine2/build/queueRunner.js:28:19)\n    at /Users/patriciaromaniuc/math-validation/node_modules/jest-jasmine2/build/queueRunner.js:75:41\n    at processTicksAndRejections (node:internal/process/task_queues:94:5)"
          ],
          "fullName": "src/fixtures/latex-equal/literal.ts [literal] 12.00+3 == 3+12.00 (literal)",
          "location": null,
          "numPassingAsserts": 0,
          "status": "failed",
          "title": "== 3+12.00 (literal)"
        }
      ],
      "failureMessage": "\u001b[1m\u001b[31m  \u001b[1m● \u001b[22m\u001b[1msrc/fixtures/latex-equal/literal.ts › [literal] 2 + 3 › == 3 + 2 (ignoreOrder)\u001b[39m\u001b[22m\n\n    \u001b[2mexpect(\u001b[22m\u001b[31mreceived\u001b[39m\u001b[2m).\u001b[22mtoEqual\u001b[2m(\u001b[22m\u001b[32mexpected\u001b[39m\u001b[2m) // deep equality\u001b[22m\n\n    Expected: \u001b[32mtrue\u001b[39m\n    Received: \u001b[31mfalse\u001b[39m\n\u001b[2m\u001b[22m\n\u001b[2m    \u001b[0m \u001b[90m 121 | \u001b[39m            })\u001b[33m;\u001b[39m\u001b[0m\u001b[22m\n\u001b[2m    \u001b[0m \u001b[90m 122 | \u001b[39m            \u001b[90m// console.log(l);\u001b[39m\u001b[0m\u001b[22m\n\u001b[2m    \u001b[0m\u001b[31m\u001b[1m>\u001b[22m\u001b[2m\u001b[39m\u001b[90m 123 | \u001b[39m            expect(l)\u001b[33m.\u001b[39mtoEqual(\u001b[36mtrue\u001b[39m)\u001b[33m;\u001b[39m\u001b[0m\u001b[22m\n\u001b[2m    \u001b[0m \u001b[90m     | \u001b[39m                      \u001b[31m\u001b[1m^\u001b[22m\u001b[2m\u001b[39m\u001b[0m\u001b[22m\n\u001b[2m    \u001b[0m \u001b[90m 124 | \u001b[39m          })\u001b[33m;\u001b[39m\u001b[0m\u001b[22m\n\u001b[2m    \u001b[0m \u001b[90m 125 | \u001b[39m        })\u001b[33m;\u001b[39m\u001b[0m\u001b[22m\n\u001b[2m    \u001b[0m \u001b[90m 126 | \u001b[39m\u001b[0m\u001b[22m\n\u001b[2m\u001b[22m\n\u001b[2m      \u001b[2mat Object.<anonymous> (\u001b[22m\u001b[2m\u001b[0m\u001b[36msrc/__tests__/latex-equal.spec.ts\u001b[39m\u001b[0m\u001b[2m:123:23)\u001b[22m\u001b[2m\u001b[22m\n\u001b[2m      \u001b[2mat processTicksAndRejections (\u001b[22m\u001b[2mnode:internal/process/task_queues\u001b[2m:94:5)\u001b[22m\u001b[2m\u001b[22m\n\n\u001b[1m\u001b[31m  \u001b[1m● \u001b[22m\u001b[1msrc/fixtures/latex-equal/literal.ts › [literal] a+b+c › == c+a+b (ignoreOrder)\u001b[39m\u001b[22m\n\n    \u001b[2mexpect(\u001b[22m\u001b[31mreceived\u001b[39m\u001b[2m).\u001b[22mtoEqual\u001b[2m(\u001b[22m\u001b[32mexpected\u001b[39m\u001b[2m) // deep equality\u001b[22m\n\n    Expected: \u001b[32mtrue\u001b[39m\n    Received: \u001b[31mfalse\u001b[39m\n\u001b[2m\u001b[22m\n\u001b[2m    \u001b[0m \u001b[90m 121 | \u001b[39m            })\u001b[33m;\u001b[39m\u001b[0m\u001b[22m\n\u001b[2m    \u001b[0m \u001b[90m 122 | \u001b[39m            \u001b[90m// console.log(l);\u001b[39m\u001b[0m\u001b[22m\n\u001b[2m    \u001b[0m\u001b[31m\u001b[1m>\u001b[22m\u001b[2m\u001b[39m\u001b[90m 123 | \u001b[39m            expect(l)\u001b[33m.\u001b[39mtoEqual(\u001b[36mtrue\u001b[39m)\u001b[33m;\u001b[39m\u001b[0m\u001b[22m\n\u001b[2m    \u001b[0m \u001b[90m     | \u001b[39m                      \u001b[31m\u001b[1m^\u001b[22m\u001b[2m\u001b[39m\u001b[0m\u001b[22m\n\u001b[2m    \u001b[0m \u001b[90m 124 | \u001b[39m          })\u001b[33m;\u001b[39m\u001b[0m\u001b[22m\n\u001b[2m    \u001b[0m \u001b[90m 125 | \u001b[39m        })\u001b[33m;\u001b[39m\u001b[0m\u001b[22m\n\u001b[2m    \u001b[0m \u001b[90m 126 | \u001b[39m\u001b[0m\u001b[22m\n\u001b[2m\u001b[22m\n\u001b[2m      \u001b[2mat Object.<anonymous> (\u001b[22m\u001b[2m\u001b[0m\u001b[36msrc/__tests__/latex-equal.spec.ts\u001b[39m\u001b[0m\u001b[2m:123:23)\u001b[22m\u001b[2m\u001b[22m\n\u001b[2m      \u001b[2mat processTicksAndRejections (\u001b[22m\u001b[2mnode:internal/process/task_queues\u001b[2m:94:5)\u001b[22m\u001b[2m\u001b[22m\n\n\u001b[1m\u001b[31m  \u001b[1m● \u001b[22m\u001b[1msrc/fixtures/latex-equal/literal.ts › [literal] 12.00+3 › == 3+12.00 (literal)\u001b[39m\u001b[22m\n\n    \u001b[2mexpect(\u001b[22m\u001b[31mreceived\u001b[39m\u001b[2m).\u001b[22mtoEqual\u001b[2m(\u001b[22m\u001b[32mexpected\u001b[39m\u001b[2m) // deep equality\u001b[22m\n\n    Expected: \u001b[32mtrue\u001b[39m\n    Received: \u001b[31mfalse\u001b[39m\n\u001b[2m\u001b[22m\n\u001b[2m    \u001b[0m \u001b[90m 121 | \u001b[39m            })\u001b[33m;\u001b[39m\u001b[0m\u001b[22m\n\u001b[2m    \u001b[0m \u001b[90m 122 | \u001b[39m            \u001b[90m// console.log(l);\u001b[39m\u001b[0m\u001b[22m\n\u001b[2m    \u001b[0m\u001b[31m\u001b[1m>\u001b[22m\u001b[2m\u001b[39m\u001b[90m 123 | \u001b[39m            expect(l)\u001b[33m.\u001b[39mtoEqual(\u001b[36mtrue\u001b[39m)\u001b[33m;\u001b[39m\u001b[0m\u001b[22m\n\u001b[2m    \u001b[0m \u001b[90m     | \u001b[39m                      \u001b[31m\u001b[1m^\u001b[22m\u001b[2m\u001b[39m\u001b[0m\u001b[22m\n\u001b[2m    \u001b[0m \u001b[90m 124 | \u001b[39m          })\u001b[33m;\u001b[39m\u001b[0m\u001b[22m\n\u001b[2m    \u001b[0m \u001b[90m 125 | \u001b[39m        })\u001b[33m;\u001b[39m\u001b[0m\u001b[22m\n\u001b[2m    \u001b[0m \u001b[90m 126 | \u001b[39m\u001b[0m\u001b[22m\n\u001b[2m\u001b[22m\n\u001b[2m      \u001b[2mat Object.<anonymous> (\u001b[22m\u001b[2m\u001b[0m\u001b[36msrc/__tests__/latex-equal.spec.ts\u001b[39m\u001b[0m\u001b[2m:123:23)\u001b[22m\u001b[2m\u001b[22m\n\u001b[2m      \u001b[2mat processTicksAndRejections (\u001b[22m\u001b[2mnode:internal/process/task_queues\u001b[2m:94:5)\u001b[22m\u001b[2m\u001b[22m\n"
    }
  ],
  "wasInterrupted": false
}