{
  "numFailedTestSuites": 0,
  "numFailedTests": 0,
  "numPassedTestSuites": 3,
  "numPassedTests": 219,
  "numPendingTestSuites": 0,
  "numPendingTests": 214,
  "numRuntimeErrorTestSuites": 0,
  "numTodoTests": 0,
  "numTotalTestSuites": 3,
  "numTotalTests": 433,
  "openHandles": [],
  "snapshot": {
    "added": 0,
    "didUpdate": false,
    "failure": false,
    "filesAdded": 0,
    "filesRemoved": 0,
    "filesRemovedList": [],
    "filesUnmatched": 0,
    "filesUpdated": 0,
    "matched": 0,
    "total": 0,
    "unchecked": 0,
    "uncheckedKeysByFile": [],
    "unmatched": 0,
    "updated": 0
  },
  "startTime": 1621504457299,
  "success": false,
  "testResults": [
    {
      "leaks": false,
      "numFailingTests": 0,
      "numPassingTests": 20,
      "numPendingTests": 0,
      "numTodoTests": 0,
      "openHandles": [],
      "perfStats": {
        "end": 1621504458634,
        "runtime": 862,
        "slow": false,
        "start": 1621504457772
      },
      "skipped": false,
      "snapshot": {
        "added": 0,
        "fileDeleted": false,
        "matched": 0,
        "unchecked": 0,
        "unmatched": 0,
        "updated": 0,
        "uncheckedKeys": []
      },
      "testFilePath": "/Users/carla/Documents/Work/pie-framework/math-validation/src/conversion/__tests__/latex-to-ast.spec.ts",
      "testResults": [
        {
          "ancestorTitles": [
            "bugs in lta"
          ],
          "duration": 6,
          "failureDetails": [],
          "failureMessages": [],
          "fullName": "bugs in lta (1 + (1 + 1)) => [ '+', 1, 1, 1 ]",
          "location": null,
          "numPassingAsserts": 0,
          "status": "passed",
          "title": "(1 + (1 + 1)) => [ '+', 1, 1, 1 ]"
        },
        {
          "ancestorTitles": [
            "bugs in lta"
          ],
          "duration": 4,
          "failureDetails": [],
          "failureMessages": [],
          "fullName": "bugs in lta \\frac{1}{2} => [ '/', 1, 2 ]",
          "location": null,
          "numPassingAsserts": 0,
          "status": "passed",
          "title": "\\frac{1}{2} => [ '/', 1, 2 ]"
        },
        {
          "ancestorTitles": [
            "bugs in lta"
          ],
          "duration": 1,
          "failureDetails": [],
          "failureMessages": [],
          "fullName": "bugs in lta 15% => [ '%', 15 ]",
          "location": null,
          "numPassingAsserts": 0,
          "status": "passed",
          "title": "15% => [ '%', 15 ]"
        },
        {
          "ancestorTitles": [
            "bugs in lta"
          ],
          "duration": 1,
          "failureDetails": [],
          "failureMessages": [],
          "fullName": "bugs in lta (4 + 1) / (3 + 2 - 1) => [ '/', [Array], [Array] ]",
          "location": null,
          "numPassingAsserts": 0,
          "status": "passed",
          "title": "(4 + 1) / (3 + 2 - 1) => [ '/', [Array], [Array] ]"
        },
        {
          "ancestorTitles": [
            "bugs in lta"
          ],
          "duration": 0,
          "failureDetails": [],
          "failureMessages": [],
          "fullName": "bugs in lta 1000 => 1000",
          "location": null,
          "numPassingAsserts": 0,
          "status": "passed",
          "title": "1000 => 1000"
        },
        {
          "ancestorTitles": [
            "bugs in lta"
          ],
          "duration": 1,
          "failureDetails": [],
          "failureMessages": [],
          "fullName": "bugs in lta 1,000 => 1000",
          "location": null,
          "numPassingAsserts": 0,
          "status": "passed",
          "title": "1,000 => 1000"
        },
        {
          "ancestorTitles": [
            "bugs in lta"
          ],
          "duration": 0,
          "failureDetails": [],
          "failureMessages": [],
          "fullName": "bugs in lta 1,000,000 => 1000000",
          "location": null,
          "numPassingAsserts": 0,
          "status": "passed",
          "title": "1,000,000 => 1000000"
        },
        {
          "ancestorTitles": [
            "bugs in lta"
          ],
          "duration": 1,
          "failureDetails": [],
          "failureMessages": [],
          "fullName": "bugs in lta 1,000,000.000 => [ 'tzn', 1000000, 3 ]",
          "location": null,
          "numPassingAsserts": 0,
          "status": "passed",
          "title": "1,000,000.000 => [ 'tzn', 1000000, 3 ]"
        },
        {
          "ancestorTitles": [
            "bugs in lta"
          ],
          "duration": 0,
          "failureDetails": [],
          "failureMessages": [],
          "fullName": "bugs in lta 1,000,000.001 => 1000000.001",
          "location": null,
          "numPassingAsserts": 0,
          "status": "passed",
          "title": "1,000,000.001 => 1000000.001"
        },
        {
          "ancestorTitles": [
            "bugs in lta"
          ],
          "duration": 1,
          "failureDetails": [],
          "failureMessages": [],
          "fullName": "bugs in lta 1,000,000.00000000000000000 => [ 'tzn', 1000000, 17 ]",
          "location": null,
          "numPassingAsserts": 0,
          "status": "passed",
          "title": "1,000,000.00000000000000000 => [ 'tzn', 1000000, 17 ]"
        },
        {
          "ancestorTitles": [
            "bugs in lta"
          ],
          "duration": 0,
          "failureDetails": [],
          "failureMessages": [],
          "fullName": "bugs in lta 1.00 => [ 'tzn', 1, 2 ]",
          "location": null,
          "numPassingAsserts": 0,
          "status": "passed",
          "title": "1.00 => [ 'tzn', 1, 2 ]"
        },
        {
          "ancestorTitles": [
            "bugs in lta"
          ],
          "duration": 1,
          "failureDetails": [],
          "failureMessages": [],
          "fullName": "bugs in lta 1.10 => [ 'tzn', 1.1, 1 ]",
          "location": null,
          "numPassingAsserts": 0,
          "status": "passed",
          "title": "1.10 => [ 'tzn', 1.1, 1 ]"
        },
        {
          "ancestorTitles": [
            "bugs in lta"
          ],
          "duration": 0,
          "failureDetails": [],
          "failureMessages": [],
          "fullName": "bugs in lta 1,001.10 => [ 'tzn', 1001.1, 1 ]",
          "location": null,
          "numPassingAsserts": 0,
          "status": "passed",
          "title": "1,001.10 => [ 'tzn', 1001.1, 1 ]"
        },
        {
          "ancestorTitles": [
            "bugs in lta"
          ],
          "duration": 1,
          "failureDetails": [],
          "failureMessages": [],
          "fullName": "bugs in lta 1.11000 => [ 'tzn', 1.11, 3 ]",
          "location": null,
          "numPassingAsserts": 0,
          "status": "passed",
          "title": "1.11000 => [ 'tzn', 1.11, 3 ]"
        },
        {
          "ancestorTitles": [
            "bugs in lta"
          ],
          "duration": 4,
          "failureDetails": [],
          "failureMessages": [],
          "fullName": "bugs in lta a×b => [ '*', 'a', 'b' ]",
          "location": null,
          "numPassingAsserts": 0,
          "status": "passed",
          "title": "a×b => [ '*', 'a', 'b' ]"
        },
        {
          "ancestorTitles": [
            "bugs in lta"
          ],
          "duration": 5,
          "failureDetails": [],
          "failureMessages": [],
          "fullName": "bugs in lta a•b => [ '*', 'a', 'b' ]",
          "location": null,
          "numPassingAsserts": 0,
          "status": "passed",
          "title": "a•b => [ '*', 'a', 'b' ]"
        },
        {
          "ancestorTitles": [
            "bugs in lta"
          ],
          "duration": 1,
          "failureDetails": [],
          "failureMessages": [],
          "fullName": "bugs in lta a·b => [ '*', 'a', 'b' ]",
          "location": null,
          "numPassingAsserts": 0,
          "status": "passed",
          "title": "a·b => [ '*', 'a', 'b' ]"
        },
        {
          "ancestorTitles": [
            "bugs in lta"
          ],
          "duration": 0,
          "failureDetails": [],
          "failureMessages": [],
          "fullName": "bugs in lta a÷b => [ '/', 'a', 'b' ]",
          "location": null,
          "numPassingAsserts": 0,
          "status": "passed",
          "title": "a÷b => [ '/', 'a', 'b' ]"
        },
        {
          "ancestorTitles": [
            "bugs in lta"
          ],
          "duration": 1,
          "failureDetails": [],
          "failureMessages": [],
          "fullName": "bugs in lta a≤b => [ 'le', 'a', 'b' ]",
          "location": null,
          "numPassingAsserts": 0,
          "status": "passed",
          "title": "a≤b => [ 'le', 'a', 'b' ]"
        },
        {
          "ancestorTitles": [
            "bugs in lta"
          ],
          "duration": 1,
          "failureDetails": [],
          "failureMessages": [],
          "fullName": "bugs in lta a≥b => [ 'ge', 'a', 'b' ]",
          "location": null,
          "numPassingAsserts": 0,
          "status": "passed",
          "title": "a≥b => [ 'ge', 'a', 'b' ]"
        }
      ],
      "failureMessage": null
    },
    {
      "leaks": false,
      "numFailingTests": 0,
      "numPassingTests": 82,
      "numPendingTests": 0,
      "numTodoTests": 0,
      "openHandles": [],
      "perfStats": {
        "end": 1621504460416,
        "runtime": 2651,
        "slow": false,
        "start": 1621504457765
      },
      "skipped": false,
      "snapshot": {
        "added": 0,
        "fileDeleted": false,
        "matched": 0,
        "unchecked": 0,
        "unmatched": 0,
        "updated": 0,
        "uncheckedKeys": []
      },
      "testFilePath": "/Users/carla/Documents/Work/pie-framework/math-validation/src/__tests__/node-sort.spec.ts",
      "testResults": [
        {
          "ancestorTitles": [],
          "duration": 5,
          "failureDetails": [],
          "failureMessages": [],
          "fullName": "",
          "location": null,
          "numPassingAsserts": 0,
          "status": "passed",
          "title": ""
        },
        {
          "ancestorTitles": [],
          "duration": 0,
          "failureDetails": [],
          "failureMessages": [],
          "fullName": "",
          "location": null,
          "numPassingAsserts": 0,
          "status": "passed",
          "title": ""
        },
        {
          "ancestorTitles": [],
          "duration": 1,
          "failureDetails": [],
          "failureMessages": [],
          "fullName": "",
          "location": null,
          "numPassingAsserts": 0,
          "status": "passed",
          "title": ""
        },
        {
          "ancestorTitles": [],
          "duration": 1,
          "failureDetails": [],
          "failureMessages": [],
          "fullName": "",
          "location": null,
          "numPassingAsserts": 0,
          "status": "passed",
          "title": ""
        },
        {
          "ancestorTitles": [],
          "duration": 0,
          "failureDetails": [],
          "failureMessages": [],
          "fullName": "",
          "location": null,
          "numPassingAsserts": 0,
          "status": "passed",
          "title": ""
        },
        {
          "ancestorTitles": [],
          "duration": 1,
          "failureDetails": [],
          "failureMessages": [],
          "fullName": "",
          "location": null,
          "numPassingAsserts": 0,
          "status": "passed",
          "title": ""
        },
        {
          "ancestorTitles": [
            "[ 'y*(3)', '(y)*3', '(y)*(3)', '(3)*(y)' ] => 3*y"
          ],
          "duration": 5,
          "failureDetails": [],
          "failureMessages": [],
          "fullName": "[ 'y*(3)', '(y)*3', '(y)*(3)', '(3)*(y)' ] => 3*y y*(3)",
          "location": null,
          "numPassingAsserts": 0,
          "status": "passed",
          "title": "y*(3)"
        },
        {
          "ancestorTitles": [
            "[ 'y*(3)', '(y)*3', '(y)*(3)', '(3)*(y)' ] => 3*y"
          ],
          "duration": 1,
          "failureDetails": [],
          "failureMessages": [],
          "fullName": "[ 'y*(3)', '(y)*3', '(y)*(3)', '(3)*(y)' ] => 3*y (y)*3",
          "location": null,
          "numPassingAsserts": 0,
          "status": "passed",
          "title": "(y)*3"
        },
        {
          "ancestorTitles": [
            "[ 'y*(3)', '(y)*3', '(y)*(3)', '(3)*(y)' ] => 3*y"
          ],
          "duration": 1,
          "failureDetails": [],
          "failureMessages": [],
          "fullName": "[ 'y*(3)', '(y)*3', '(y)*(3)', '(3)*(y)' ] => 3*y (y)*(3)",
          "location": null,
          "numPassingAsserts": 0,
          "status": "passed",
          "title": "(y)*(3)"
        },
        {
          "ancestorTitles": [
            "[ 'y*(3)', '(y)*3', '(y)*(3)', '(3)*(y)' ] => 3*y"
          ],
          "duration": 1,
          "failureDetails": [],
          "failureMessages": [],
          "fullName": "[ 'y*(3)', '(y)*3', '(y)*(3)', '(3)*(y)' ] => 3*y (3)*(y)",
          "location": null,
          "numPassingAsserts": 0,
          "status": "passed",
          "title": "(3)*(y)"
        },
        {
          "ancestorTitles": [
            "[ '3(y)', '(3)(y)', '(y)(3)', '((((y))))(3)' ] => 3y"
          ],
          "duration": 1,
          "failureDetails": [],
          "failureMessages": [],
          "fullName": "[ '3(y)', '(3)(y)', '(y)(3)', '((((y))))(3)' ] => 3y 3(y)",
          "location": null,
          "numPassingAsserts": 0,
          "status": "passed",
          "title": "3(y)"
        },
        {
          "ancestorTitles": [
            "[ '3(y)', '(3)(y)', '(y)(3)', '((((y))))(3)' ] => 3y"
          ],
          "duration": 1,
          "failureDetails": [],
          "failureMessages": [],
          "fullName": "[ '3(y)', '(3)(y)', '(y)(3)', '((((y))))(3)' ] => 3y (3)(y)",
          "location": null,
          "numPassingAsserts": 0,
          "status": "passed",
          "title": "(3)(y)"
        },
        {
          "ancestorTitles": [
            "[ '3(y)', '(3)(y)', '(y)(3)', '((((y))))(3)' ] => 3y"
          ],
          "duration": 0,
          "failureDetails": [],
          "failureMessages": [],
          "fullName": "[ '3(y)', '(3)(y)', '(y)(3)', '((((y))))(3)' ] => 3y (y)(3)",
          "location": null,
          "numPassingAsserts": 0,
          "status": "passed",
          "title": "(y)(3)"
        },
        {
          "ancestorTitles": [
            "[ '3(y)', '(3)(y)', '(y)(3)', '((((y))))(3)' ] => 3y"
          ],
          "duration": 1,
          "failureDetails": [],
          "failureMessages": [],
          "fullName": "[ '3(y)', '(3)(y)', '(y)(3)', '((((y))))(3)' ] => 3y ((((y))))(3)",
          "location": null,
          "numPassingAsserts": 0,
          "status": "passed",
          "title": "((((y))))(3)"
        },
        {
          "ancestorTitles": [
            "3y => 3y"
          ],
          "duration": 1,
          "failureDetails": [],
          "failureMessages": [],
          "fullName": "3y => 3y 3y",
          "location": null,
          "numPassingAsserts": 0,
          "status": "passed",
          "title": "3y"
        },
        {
          "ancestorTitles": [
            "(y+x)*(3) => 3*(x+y)"
          ],
          "duration": 15,
          "failureDetails": [],
          "failureMessages": [],
          "fullName": "(y+x)*(3) => 3*(x+y) (y+x)*(3)",
          "location": null,
          "numPassingAsserts": 0,
          "status": "passed",
          "title": "(y+x)*(3)"
        },
        {
          "ancestorTitles": [
            "1 + 1 => 1 + 1"
          ],
          "duration": 1,
          "failureDetails": [],
          "failureMessages": [],
          "fullName": "1 + 1 => 1 + 1 1 + 1",
          "location": null,
          "numPassingAsserts": 0,
          "status": "passed",
          "title": "1 + 1"
        },
        {
          "ancestorTitles": [
            "1 + 1 => [ '+', 1, 1 ]"
          ],
          "duration": 2,
          "failureDetails": [],
          "failureMessages": [],
          "fullName": "1 + 1 => [ '+', 1, 1 ] 1 + 1",
          "location": null,
          "numPassingAsserts": 0,
          "status": "passed",
          "title": "1 + 1"
        },
        {
          "ancestorTitles": [
            "[ '2+1', '1+2' ] => 1+2"
          ],
          "duration": 1,
          "failureDetails": [],
          "failureMessages": [],
          "fullName": "[ '2+1', '1+2' ] => 1+2 2+1",
          "location": null,
          "numPassingAsserts": 0,
          "status": "passed",
          "title": "2+1"
        },
        {
          "ancestorTitles": [
            "[ '2+1', '1+2' ] => 1+2"
          ],
          "duration": 0,
          "failureDetails": [],
          "failureMessages": [],
          "fullName": "[ '2+1', '1+2' ] => 1+2 1+2",
          "location": null,
          "numPassingAsserts": 0,
          "status": "passed",
          "title": "1+2"
        },
        {
          "ancestorTitles": [
            "[ '2 + 1 * 3', '2 + 3 * 1' ] => 2 + 1 * 3"
          ],
          "duration": 1,
          "failureDetails": [],
          "failureMessages": [],
          "fullName": "[ '2 + 1 * 3', '2 + 3 * 1' ] => 2 + 1 * 3 2 + 1 * 3",
          "location": null,
          "numPassingAsserts": 0,
          "status": "passed",
          "title": "2 + 1 * 3"
        },
        {
          "ancestorTitles": [
            "[ '2 + 1 * 3', '2 + 3 * 1' ] => 2 + 1 * 3"
          ],
          "duration": 2,
          "failureDetails": [],
          "failureMessages": [],
          "fullName": "[ '2 + 1 * 3', '2 + 3 * 1' ] => 2 + 1 * 3 2 + 3 * 1",
          "location": null,
          "numPassingAsserts": 0,
          "status": "passed",
          "title": "2 + 3 * 1"
        },
        {
          "ancestorTitles": [
            "(3 * 2) + 1 => 1 + 2 * 3"
          ],
          "duration": 1,
          "failureDetails": [],
          "failureMessages": [],
          "fullName": "(3 * 2) + 1 => 1 + 2 * 3 (3 * 2) + 1",
          "location": null,
          "numPassingAsserts": 0,
          "status": "passed",
          "title": "(3 * 2) + 1"
        },
        {
          "ancestorTitles": [
            "[ '(4*((8+7)*6+5)+3)*2+1', '1 + 2 *(3 + 4*((8+7)*6+5))' ] => 1 + 2 * (3 + 4 * (5 + 6 * (7+8)))"
          ],
          "duration": 251,
          "failureDetails": [],
          "failureMessages": [],
          "fullName": "[ '(4*((8+7)*6+5)+3)*2+1', '1 + 2 *(3 + 4*((8+7)*6+5))' ] => 1 + 2 * (3 + 4 * (5 + 6 * (7+8))) (4*((8+7)*6+5)+3)*2+1",
          "location": null,
          "numPassingAsserts": 0,
          "status": "passed",
          "title": "(4*((8+7)*6+5)+3)*2+1"
        },
        {
          "ancestorTitles": [
            "[ '(4*((8+7)*6+5)+3)*2+1', '1 + 2 *(3 + 4*((8+7)*6+5))' ] => 1 + 2 * (3 + 4 * (5 + 6 * (7+8)))"
          ],
          "duration": 252,
          "failureDetails": [],
          "failureMessages": [],
          "fullName": "[ '(4*((8+7)*6+5)+3)*2+1', '1 + 2 *(3 + 4*((8+7)*6+5))' ] => 1 + 2 * (3 + 4 * (5 + 6 * (7+8))) 1 + 2 *(3 + 4*((8+7)*6+5))",
          "location": null,
          "numPassingAsserts": 0,
          "status": "passed",
          "title": "1 + 2 *(3 + 4*((8+7)*6+5))"
        },
        {
          "ancestorTitles": [
            "2 + 3 * 1 => 2 + 1 * 3"
          ],
          "duration": 2,
          "failureDetails": [],
          "failureMessages": [],
          "fullName": "2 + 3 * 1 => 2 + 1 * 3 2 + 3 * 1",
          "location": null,
          "numPassingAsserts": 0,
          "status": "passed",
          "title": "2 + 3 * 1"
        },
        {
          "ancestorTitles": [
            "3 * 1 + 2 => 2 + 1 * 3"
          ],
          "duration": 1,
          "failureDetails": [],
          "failureMessages": [],
          "fullName": "3 * 1 + 2 => 2 + 1 * 3 3 * 1 + 2",
          "location": null,
          "numPassingAsserts": 0,
          "status": "passed",
          "title": "3 * 1 + 2"
        },
        {
          "ancestorTitles": [
            "(1 * 3) + 2 => 2 + 1 * 3"
          ],
          "duration": 1,
          "failureDetails": [],
          "failureMessages": [],
          "fullName": "(1 * 3) + 2 => 2 + 1 * 3 (1 * 3) + 2",
          "location": null,
          "numPassingAsserts": 0,
          "status": "passed",
          "title": "(1 * 3) + 2"
        },
        {
          "ancestorTitles": [
            "[ '(3 + 2) * 1', '(2 + 3) * 1', '1 * (3 + 2) ' ] => 1 * (2 + 3)"
          ],
          "duration": 2,
          "failureDetails": [],
          "failureMessages": [],
          "fullName": "[ '(3 + 2) * 1', '(2 + 3) * 1', '1 * (3 + 2) ' ] => 1 * (2 + 3) (3 + 2) * 1",
          "location": null,
          "numPassingAsserts": 0,
          "status": "passed",
          "title": "(3 + 2) * 1"
        },
        {
          "ancestorTitles": [
            "[ '(3 + 2) * 1', '(2 + 3) * 1', '1 * (3 + 2) ' ] => 1 * (2 + 3)"
          ],
          "duration": 2,
          "failureDetails": [],
          "failureMessages": [],
          "fullName": "[ '(3 + 2) * 1', '(2 + 3) * 1', '1 * (3 + 2) ' ] => 1 * (2 + 3) (2 + 3) * 1",
          "location": null,
          "numPassingAsserts": 0,
          "status": "passed",
          "title": "(2 + 3) * 1"
        },
        {
          "ancestorTitles": [
            "[ '(3 + 2) * 1', '(2 + 3) * 1', '1 * (3 + 2) ' ] => 1 * (2 + 3)"
          ],
          "duration": 3,
          "failureDetails": [],
          "failureMessages": [],
          "fullName": "[ '(3 + 2) * 1', '(2 + 3) * 1', '1 * (3 + 2) ' ] => 1 * (2 + 3) 1 * (3 + 2) ",
          "location": null,
          "numPassingAsserts": 0,
          "status": "passed",
          "title": "1 * (3 + 2) "
        },
        {
          "ancestorTitles": [
            "a + b => a + b"
          ],
          "duration": 0,
          "failureDetails": [],
          "failureMessages": [],
          "fullName": "a + b => a + b a + b",
          "location": null,
          "numPassingAsserts": 0,
          "status": "passed",
          "title": "a + b"
        },
        {
          "ancestorTitles": [
            "b + a => a + b"
          ],
          "duration": 1,
          "failureDetails": [],
          "failureMessages": [],
          "fullName": "b + a => a + b b + a",
          "location": null,
          "numPassingAsserts": 0,
          "status": "passed",
          "title": "b + a"
        },
        {
          "ancestorTitles": [
            "a * b => a * b"
          ],
          "duration": 0,
          "failureDetails": [],
          "failureMessages": [],
          "fullName": "a * b => a * b a * b",
          "location": null,
          "numPassingAsserts": 0,
          "status": "passed",
          "title": "a * b"
        },
        {
          "ancestorTitles": [
            "b * a => a * b"
          ],
          "duration": 1,
          "failureDetails": [],
          "failureMessages": [],
          "fullName": "b * a => a * b b * a",
          "location": null,
          "numPassingAsserts": 0,
          "status": "passed",
          "title": "b * a"
        },
        {
          "ancestorTitles": [
            "b * a + 2 => 2 + a * b"
          ],
          "duration": 1,
          "failureDetails": [],
          "failureMessages": [],
          "fullName": "b * a + 2 => 2 + a * b b * a + 2",
          "location": null,
          "numPassingAsserts": 0,
          "status": "passed",
          "title": "b * a + 2"
        },
        {
          "ancestorTitles": [
            "[ 'a + (c + b)', '(b + c)+ a' ] => [ '+', 'a', 'b', 'c' ]"
          ],
          "duration": 0,
          "failureDetails": [],
          "failureMessages": [],
          "fullName": "[ 'a + (c + b)', '(b + c)+ a' ] => [ '+', 'a', 'b', 'c' ] a + (c + b)",
          "location": null,
          "numPassingAsserts": 0,
          "status": "passed",
          "title": "a + (c + b)"
        },
        {
          "ancestorTitles": [
            "[ 'a + (c + b)', '(b + c)+ a' ] => [ '+', 'a', 'b', 'c' ]"
          ],
          "duration": 1,
          "failureDetails": [],
          "failureMessages": [],
          "fullName": "[ 'a + (c + b)', '(b + c)+ a' ] => [ '+', 'a', 'b', 'c' ] (b + c)+ a",
          "location": null,
          "numPassingAsserts": 0,
          "status": "passed",
          "title": "(b + c)+ a"
        },
        {
          "ancestorTitles": [
            "a * (c + b) => a * (b +c)"
          ],
          "duration": 1,
          "failureDetails": [],
          "failureMessages": [],
          "fullName": "a * (c + b) => a * (b +c) a * (c + b)",
          "location": null,
          "numPassingAsserts": 0,
          "status": "passed",
          "title": "a * (c + b)"
        },
        {
          "ancestorTitles": [
            "a + (c + b) => [ '+', 'a', 'b', 'c' ]"
          ],
          "duration": 1,
          "failureDetails": [],
          "failureMessages": [],
          "fullName": "a + (c + b) => [ '+', 'a', 'b', 'c' ] a + (c + b)",
          "location": null,
          "numPassingAsserts": 0,
          "status": "passed",
          "title": "a + (c + b)"
        },
        {
          "ancestorTitles": [
            "[ '(e + a) + (c + b)', '(c + b) + (e + a)' ] => [ '+', 'a', 'b', 'c', 'e' ]"
          ],
          "duration": 1,
          "failureDetails": [],
          "failureMessages": [],
          "fullName": "[ '(e + a) + (c + b)', '(c + b) + (e + a)' ] => [ '+', 'a', 'b', 'c', 'e' ] (e + a) + (c + b)",
          "location": null,
          "numPassingAsserts": 0,
          "status": "passed",
          "title": "(e + a) + (c + b)"
        },
        {
          "ancestorTitles": [
            "[ '(e + a) + (c + b)', '(c + b) + (e + a)' ] => [ '+', 'a', 'b', 'c', 'e' ]"
          ],
          "duration": 0,
          "failureDetails": [],
          "failureMessages": [],
          "fullName": "[ '(e + a) + (c + b)', '(c + b) + (e + a)' ] => [ '+', 'a', 'b', 'c', 'e' ] (c + b) + (e + a)",
          "location": null,
          "numPassingAsserts": 0,
          "status": "passed",
          "title": "(c + b) + (e + a)"
        },
        {
          "ancestorTitles": [
            "[ 'a + b + c', 'b+c+a' ] => [ '+', 'a', 'b', 'c' ]"
          ],
          "duration": 1,
          "failureDetails": [],
          "failureMessages": [],
          "fullName": "[ 'a + b + c', 'b+c+a' ] => [ '+', 'a', 'b', 'c' ] a + b + c",
          "location": null,
          "numPassingAsserts": 0,
          "status": "passed",
          "title": "a + b + c"
        },
        {
          "ancestorTitles": [
            "[ 'a + b + c', 'b+c+a' ] => [ '+', 'a', 'b', 'c' ]"
          ],
          "duration": 1,
          "failureDetails": [],
          "failureMessages": [],
          "fullName": "[ 'a + b + c', 'b+c+a' ] => [ '+', 'a', 'b', 'c' ] b+c+a",
          "location": null,
          "numPassingAsserts": 0,
          "status": "passed",
          "title": "b+c+a"
        },
        {
          "ancestorTitles": [
            "a + e + b + c + f + g + d => [\n  '+', 'a', 'b',\n  'c', 'd', 'e',\n  'f', 'g'\n]"
          ],
          "duration": 1,
          "failureDetails": [],
          "failureMessages": [],
          "fullName": "a + e + b + c + f + g + d => [\n  '+', 'a', 'b',\n  'c', 'd', 'e',\n  'f', 'g'\n] a + e + b + c + f + g + d",
          "location": null,
          "numPassingAsserts": 0,
          "status": "passed",
          "title": "a + e + b + c + f + g + d"
        },
        {
          "ancestorTitles": [
            "b * a * c => [ '*', 'a', 'b', 'c' ]"
          ],
          "duration": 0,
          "failureDetails": [],
          "failureMessages": [],
          "fullName": "b * a * c => [ '*', 'a', 'b', 'c' ] b * a * c",
          "location": null,
          "numPassingAsserts": 0,
          "status": "passed",
          "title": "b * a * c"
        },
        {
          "ancestorTitles": [
            "C + A + F < H + D + B => [ '>', [Array], [Array] ]"
          ],
          "duration": 2,
          "failureDetails": [],
          "failureMessages": [],
          "fullName": "C + A + F < H + D + B => [ '>', [Array], [Array] ] C + A + F < H + D + B",
          "location": null,
          "numPassingAsserts": 0,
          "status": "passed",
          "title": "C + A + F < H + D + B"
        },
        {
          "ancestorTitles": [
            "C + A + F <= H + D + B => [ 'ge', [Array], [Array] ]"
          ],
          "duration": 1,
          "failureDetails": [],
          "failureMessages": [],
          "fullName": "C + A + F <= H + D + B => [ 'ge', [Array], [Array] ] C + A + F <= H + D + B",
          "location": null,
          "numPassingAsserts": 0,
          "status": "passed",
          "title": "C + A + F <= H + D + B"
        },
        {
          "ancestorTitles": [
            "[ '(4 + 1) + (3 + 2)', '(3 + 2) + (4 + 1)' ] => [ '+', 1, 2, 3, 4 ]"
          ],
          "duration": 2,
          "failureDetails": [],
          "failureMessages": [],
          "fullName": "[ '(4 + 1) + (3 + 2)', '(3 + 2) + (4 + 1)' ] => [ '+', 1, 2, 3, 4 ] (4 + 1) + (3 + 2)",
          "location": null,
          "numPassingAsserts": 0,
          "status": "passed",
          "title": "(4 + 1) + (3 + 2)"
        },
        {
          "ancestorTitles": [
            "[ '(4 + 1) + (3 + 2)', '(3 + 2) + (4 + 1)' ] => [ '+', 1, 2, 3, 4 ]"
          ],
          "duration": 2,
          "failureDetails": [],
          "failureMessages": [],
          "fullName": "[ '(4 + 1) + (3 + 2)', '(3 + 2) + (4 + 1)' ] => [ '+', 1, 2, 3, 4 ] (3 + 2) + (4 + 1)",
          "location": null,
          "numPassingAsserts": 0,
          "status": "passed",
          "title": "(3 + 2) + (4 + 1)"
        },
        {
          "ancestorTitles": [
            "(4 + 1) + (3 * 2) => [ '+', 1, 4, [Array] ]"
          ],
          "duration": 2,
          "failureDetails": [],
          "failureMessages": [],
          "fullName": "(4 + 1) + (3 * 2) => [ '+', 1, 4, [Array] ] (4 + 1) + (3 * 2)",
          "location": null,
          "numPassingAsserts": 0,
          "status": "passed",
          "title": "(4 + 1) + (3 * 2)"
        },
        {
          "ancestorTitles": [
            "(3 + 2) + (4 * 1) => [ '+', 2, 3, [Array] ]"
          ],
          "duration": 2,
          "failureDetails": [],
          "failureMessages": [],
          "fullName": "(3 + 2) + (4 * 1) => [ '+', 2, 3, [Array] ] (3 + 2) + (4 * 1)",
          "location": null,
          "numPassingAsserts": 0,
          "status": "passed",
          "title": "(3 + 2) + (4 * 1)"
        },
        {
          "ancestorTitles": [
            "A < B => B > A"
          ],
          "duration": 0,
          "failureDetails": [],
          "failureMessages": [],
          "fullName": "A < B => B > A A < B",
          "location": null,
          "numPassingAsserts": 0,
          "status": "passed",
          "title": "A < B"
        },
        {
          "ancestorTitles": [
            "C + A < D + B => B +D > A + C"
          ],
          "duration": 2,
          "failureDetails": [],
          "failureMessages": [],
          "fullName": "C + A < D + B => B +D > A + C C + A < D + B",
          "location": null,
          "numPassingAsserts": 0,
          "status": "passed",
          "title": "C + A < D + B"
        },
        {
          "ancestorTitles": [
            "[ 'A > B', 'B < A' ] => A > B"
          ],
          "duration": 0,
          "failureDetails": [],
          "failureMessages": [],
          "fullName": "[ 'A > B', 'B < A' ] => A > B A > B",
          "location": null,
          "numPassingAsserts": 0,
          "status": "passed",
          "title": "A > B"
        },
        {
          "ancestorTitles": [
            "[ 'A > B', 'B < A' ] => A > B"
          ],
          "duration": 0,
          "failureDetails": [],
          "failureMessages": [],
          "fullName": "[ 'A > B', 'B < A' ] => A > B B < A",
          "location": null,
          "numPassingAsserts": 0,
          "status": "passed",
          "title": "B < A"
        },
        {
          "ancestorTitles": [
            "[ 'A > B + 2', 'B + 2 < A ' ] => A > 2 + B"
          ],
          "duration": 1,
          "failureDetails": [],
          "failureMessages": [],
          "fullName": "[ 'A > B + 2', 'B + 2 < A ' ] => A > 2 + B A > B + 2",
          "location": null,
          "numPassingAsserts": 0,
          "status": "passed",
          "title": "A > B + 2"
        },
        {
          "ancestorTitles": [
            "[ 'A > B + 2', 'B + 2 < A ' ] => A > 2 + B"
          ],
          "duration": 1,
          "failureDetails": [],
          "failureMessages": [],
          "fullName": "[ 'A > B + 2', 'B + 2 < A ' ] => A > 2 + B B + 2 < A ",
          "location": null,
          "numPassingAsserts": 0,
          "status": "passed",
          "title": "B + 2 < A "
        },
        {
          "ancestorTitles": [
            "[ 'A < B > C', 'C < B > A' ] => A < B > C"
          ],
          "duration": 1,
          "failureDetails": [],
          "failureMessages": [],
          "fullName": "[ 'A < B > C', 'C < B > A' ] => A < B > C A < B > C",
          "location": null,
          "numPassingAsserts": 0,
          "status": "passed",
          "title": "A < B > C"
        },
        {
          "ancestorTitles": [
            "[ 'A < B > C', 'C < B > A' ] => A < B > C"
          ],
          "duration": 1,
          "failureDetails": [],
          "failureMessages": [],
          "fullName": "[ 'A < B > C', 'C < B > A' ] => A < B > C C < B > A",
          "location": null,
          "numPassingAsserts": 0,
          "status": "passed",
          "title": "C < B > A"
        },
        {
          "ancestorTitles": [
            "[ 'C == B == A', 'A == B == C', 'B == C == A', 'B == A == C' ] => A == B == C"
          ],
          "duration": 1,
          "failureDetails": [],
          "failureMessages": [],
          "fullName": "[ 'C == B == A', 'A == B == C', 'B == C == A', 'B == A == C' ] => A == B == C C == B == A",
          "location": null,
          "numPassingAsserts": 0,
          "status": "passed",
          "title": "C == B == A"
        },
        {
          "ancestorTitles": [
            "[ 'C == B == A', 'A == B == C', 'B == C == A', 'B == A == C' ] => A == B == C"
          ],
          "duration": 0,
          "failureDetails": [],
          "failureMessages": [],
          "fullName": "[ 'C == B == A', 'A == B == C', 'B == C == A', 'B == A == C' ] => A == B == C A == B == C",
          "location": null,
          "numPassingAsserts": 0,
          "status": "passed",
          "title": "A == B == C"
        },
        {
          "ancestorTitles": [
            "[ 'C == B == A', 'A == B == C', 'B == C == A', 'B == A == C' ] => A == B == C"
          ],
          "duration": 1,
          "failureDetails": [],
          "failureMessages": [],
          "fullName": "[ 'C == B == A', 'A == B == C', 'B == C == A', 'B == A == C' ] => A == B == C B == C == A",
          "location": null,
          "numPassingAsserts": 0,
          "status": "passed",
          "title": "B == C == A"
        },
        {
          "ancestorTitles": [
            "[ 'C == B == A', 'A == B == C', 'B == C == A', 'B == A == C' ] => A == B == C"
          ],
          "duration": 0,
          "failureDetails": [],
          "failureMessages": [],
          "fullName": "[ 'C == B == A', 'A == B == C', 'B == C == A', 'B == A == C' ] => A == B == C B == A == C",
          "location": null,
          "numPassingAsserts": 0,
          "status": "passed",
          "title": "B == A == C"
        },
        {
          "ancestorTitles": [
            "C + B + A == B + A + C => [ '=', [Array], [Array] ]"
          ],
          "duration": 2,
          "failureDetails": [],
          "failureMessages": [],
          "fullName": "C + B + A == B + A + C => [ '=', [Array], [Array] ] C + B + A == B + A + C",
          "location": null,
          "numPassingAsserts": 0,
          "status": "passed",
          "title": "C + B + A == B + A + C"
        },
        {
          "ancestorTitles": [
            "C + B + A == B + A + C == A + C +B => [ '=', [Array], [Array], [Array] ]"
          ],
          "duration": 2,
          "failureDetails": [],
          "failureMessages": [],
          "fullName": "C + B + A == B + A + C == A + C +B => [ '=', [Array], [Array], [Array] ] C + B + A == B + A + C == A + C +B",
          "location": null,
          "numPassingAsserts": 0,
          "status": "passed",
          "title": "C + B + A == B + A + C == A + C +B"
        },
        {
          "ancestorTitles": [
            "[ 'g + b < a < d ', 'd > a > g + b' ] => d > a > b + g"
          ],
          "duration": 1,
          "failureDetails": [],
          "failureMessages": [],
          "fullName": "[ 'g + b < a < d ', 'd > a > g + b' ] => d > a > b + g g + b < a < d ",
          "location": null,
          "numPassingAsserts": 0,
          "status": "passed",
          "title": "g + b < a < d "
        },
        {
          "ancestorTitles": [
            "[ 'g + b < a < d ', 'd > a > g + b' ] => d > a > b + g"
          ],
          "duration": 1,
          "failureDetails": [],
          "failureMessages": [],
          "fullName": "[ 'g + b < a < d ', 'd > a > g + b' ] => d > a > b + g d > a > g + b",
          "location": null,
          "numPassingAsserts": 0,
          "status": "passed",
          "title": "d > a > g + b"
        },
        {
          "ancestorTitles": [
            "[ 'b <= a', 'a >= b' ] => a >= b"
          ],
          "duration": 1,
          "failureDetails": [],
          "failureMessages": [],
          "fullName": "[ 'b <= a', 'a >= b' ] => a >= b b <= a",
          "location": null,
          "numPassingAsserts": 0,
          "status": "passed",
          "title": "b <= a"
        },
        {
          "ancestorTitles": [
            "[ 'b <= a', 'a >= b' ] => a >= b"
          ],
          "duration": 0,
          "failureDetails": [],
          "failureMessages": [],
          "fullName": "[ 'b <= a', 'a >= b' ] => a >= b a >= b",
          "location": null,
          "numPassingAsserts": 0,
          "status": "passed",
          "title": "a >= b"
        },
        {
          "ancestorTitles": [
            "[ 'b < a <= d', 'd >= a > b' ] => d >= a > b"
          ],
          "duration": 2,
          "failureDetails": [],
          "failureMessages": [],
          "fullName": "[ 'b < a <= d', 'd >= a > b' ] => d >= a > b b < a <= d",
          "location": null,
          "numPassingAsserts": 0,
          "status": "passed",
          "title": "b < a <= d"
        },
        {
          "ancestorTitles": [
            "[ 'b < a <= d', 'd >= a > b' ] => d >= a > b"
          ],
          "duration": 1,
          "failureDetails": [],
          "failureMessages": [],
          "fullName": "[ 'b < a <= d', 'd >= a > b' ] => d >= a > b d >= a > b",
          "location": null,
          "numPassingAsserts": 0,
          "status": "passed",
          "title": "d >= a > b"
        },
        {
          "ancestorTitles": [
            "[ 'b < a < d', 'd > a > b' ] => d > a > b"
          ],
          "duration": 0,
          "failureDetails": [],
          "failureMessages": [],
          "fullName": "[ 'b < a < d', 'd > a > b' ] => d > a > b b < a < d",
          "location": null,
          "numPassingAsserts": 0,
          "status": "passed",
          "title": "b < a < d"
        },
        {
          "ancestorTitles": [
            "[ 'b < a < d', 'd > a > b' ] => d > a > b"
          ],
          "duration": 1,
          "failureDetails": [],
          "failureMessages": [],
          "fullName": "[ 'b < a < d', 'd > a > b' ] => d > a > b d > a > b",
          "location": null,
          "numPassingAsserts": 0,
          "status": "passed",
          "title": "d > a > b"
        },
        {
          "ancestorTitles": [
            "[ 'x == y', 'y == x' ] => x ==y"
          ],
          "duration": 0,
          "failureDetails": [],
          "failureMessages": [],
          "fullName": "[ 'x == y', 'y == x' ] => x ==y x == y",
          "location": null,
          "numPassingAsserts": 0,
          "status": "passed",
          "title": "x == y"
        },
        {
          "ancestorTitles": [
            "[ 'x == y', 'y == x' ] => x ==y"
          ],
          "duration": 1,
          "failureDetails": [],
          "failureMessages": [],
          "fullName": "[ 'x == y', 'y == x' ] => x ==y y == x",
          "location": null,
          "numPassingAsserts": 0,
          "status": "passed",
          "title": "y == x"
        },
        {
          "ancestorTitles": [
            "[ '7+x == y', 'y == 7 + x' ] =>  y == 7 + x"
          ],
          "duration": 6,
          "failureDetails": [],
          "failureMessages": [],
          "fullName": "[ '7+x == y', 'y == 7 + x' ] =>  y == 7 + x 7+x == y",
          "location": null,
          "numPassingAsserts": 0,
          "status": "passed",
          "title": "7+x == y"
        },
        {
          "ancestorTitles": [
            "[ '7+x == y', 'y == 7 + x' ] =>  y == 7 + x"
          ],
          "duration": 1,
          "failureDetails": [],
          "failureMessages": [],
          "fullName": "[ '7+x == y', 'y == 7 + x' ] =>  y == 7 + x y == 7 + x",
          "location": null,
          "numPassingAsserts": 0,
          "status": "passed",
          "title": "y == 7 + x"
        },
        {
          "ancestorTitles": [
            "(3 + 2) + 1 => [ '+', 1, 2, 3 ]"
          ],
          "duration": 1,
          "failureDetails": [],
          "failureMessages": [],
          "fullName": "(3 + 2) + 1 => [ '+', 1, 2, 3 ] (3 + 2) + 1",
          "location": null,
          "numPassingAsserts": 0,
          "status": "passed",
          "title": "(3 + 2) + 1"
        },
        {
          "ancestorTitles": [
            "(y*x)(3) => [ '*', 3, 'x', 'y' ]"
          ],
          "duration": 0,
          "failureDetails": [],
          "failureMessages": [],
          "fullName": "(y*x)(3) => [ '*', 3, 'x', 'y' ] (y*x)(3)",
          "location": null,
          "numPassingAsserts": 0,
          "status": "passed",
          "title": "(y*x)(3)"
        },
        {
          "ancestorTitles": [
            "[ '(4 + 1 + z) + (3 + 2 * x)', '(2 * x + 3) + (z + 4 + 1)' ] => [ '+', 1, 3, 4, 'z', [Array] ]"
          ],
          "duration": 2,
          "failureDetails": [],
          "failureMessages": [],
          "fullName": "[ '(4 + 1 + z) + (3 + 2 * x)', '(2 * x + 3) + (z + 4 + 1)' ] => [ '+', 1, 3, 4, 'z', [Array] ] (4 + 1 + z) + (3 + 2 * x)",
          "location": null,
          "numPassingAsserts": 0,
          "status": "passed",
          "title": "(4 + 1 + z) + (3 + 2 * x)"
        },
        {
          "ancestorTitles": [
            "[ '(4 + 1 + z) + (3 + 2 * x)', '(2 * x + 3) + (z + 4 + 1)' ] => [ '+', 1, 3, 4, 'z', [Array] ]"
          ],
          "duration": 2,
          "failureDetails": [],
          "failureMessages": [],
          "fullName": "[ '(4 + 1 + z) + (3 + 2 * x)', '(2 * x + 3) + (z + 4 + 1)' ] => [ '+', 1, 3, 4, 'z', [Array] ] (2 * x + 3) + (z + 4 + 1)",
          "location": null,
          "numPassingAsserts": 0,
          "status": "passed",
          "title": "(2 * x + 3) + (z + 4 + 1)"
        }
      ],
      "failureMessage": null
    },
    {
      "leaks": false,
      "numFailingTests": 0,
      "numPassingTests": 117,
      "numPendingTests": 214,
      "numTodoTests": 0,
      "openHandles": [],
      "perfStats": {
        "end": 1621504463180,
        "runtime": 5416,
        "slow": true,
        "start": 1621504457764
      },
      "skipped": false,
      "snapshot": {
        "added": 0,
        "fileDeleted": false,
        "matched": 0,
        "unchecked": 0,
        "unmatched": 0,
        "updated": 0,
        "uncheckedKeys": []
      },
      "testFilePath": "/Users/carla/Documents/Work/pie-framework/math-validation/src/__tests__/latex-equal.spec.ts",
      "testResults": [
        {
          "ancestorTitles": [
            "src/fixtures/latex-equal/7119.ts",
            "[symbolic] 4 \\frac{1}{2}"
          ],
          "duration": 0,
          "failureDetails": [],
          "failureMessages": [],
          "fullName": "src/fixtures/latex-equal/7119.ts [symbolic] 4 \\frac{1}{2} == 4.5 ",
          "location": null,
          "numPassingAsserts": 0,
          "status": "pending",
          "title": "== 4.5 "
        },
        {
          "ancestorTitles": [
            "src/fixtures/latex-equal/7119.ts",
            "[symbolic] 4 \\frac{1}{2}"
          ],
          "duration": 0,
          "failureDetails": [],
          "failureMessages": [],
          "fullName": "src/fixtures/latex-equal/7119.ts [symbolic] 4 \\frac{1}{2} == 3.2 + 1.3 ",
          "location": null,
          "numPassingAsserts": 0,
          "status": "pending",
          "title": "== 3.2 + 1.3 "
        },
        {
          "ancestorTitles": [
            "src/fixtures/latex-equal/7119.ts",
            "[symbolic] 4 \\frac{1}{2}"
          ],
          "duration": 0,
          "failureDetails": [],
          "failureMessages": [],
          "fullName": "src/fixtures/latex-equal/7119.ts [symbolic] 4 \\frac{1}{2} == (4 - \\frac{4}{5}) + 1.3 ",
          "location": null,
          "numPassingAsserts": 0,
          "status": "pending",
          "title": "== (4 - \\frac{4}{5}) + 1.3 "
        },
        {
          "ancestorTitles": [
            "src/fixtures/latex-equal/7119.ts",
            "[symbolic] 4 \\frac{1}{2}"
          ],
          "duration": 0,
          "failureDetails": [],
          "failureMessages": [],
          "fullName": "src/fixtures/latex-equal/7119.ts [symbolic] 4 \\frac{1}{2} == \\frac{9}{2} ",
          "location": null,
          "numPassingAsserts": 0,
          "status": "pending",
          "title": "== \\frac{9}{2} "
        },
        {
          "ancestorTitles": [
            "src/fixtures/latex-equal/7119.ts",
            "[symbolic] 4 \\frac{1}{2}"
          ],
          "duration": 0,
          "failureDetails": [],
          "failureMessages": [],
          "fullName": "src/fixtures/latex-equal/7119.ts [symbolic] 4 \\frac{1}{2} == 4 \\frac{1}{2} ",
          "location": null,
          "numPassingAsserts": 0,
          "status": "pending",
          "title": "== 4 \\frac{1}{2} "
        },
        {
          "ancestorTitles": [
            "src/fixtures/latex-equal/7119.ts",
            "[symbolic] 4 \\frac{1}{2}"
          ],
          "duration": 1,
          "failureDetails": [],
          "failureMessages": [],
          "fullName": "src/fixtures/latex-equal/7119.ts [symbolic] 4 \\frac{1}{2} == \\frac{10}{2} - 0.5 ",
          "location": null,
          "numPassingAsserts": 0,
          "status": "pending",
          "title": "== \\frac{10}{2} - 0.5 "
        },
        {
          "ancestorTitles": [
            "src/fixtures/latex-equal/basic-symbolic.ts",
            "[symbolic] 100"
          ],
          "duration": 0,
          "failureDetails": [],
          "failureMessages": [],
          "fullName": "src/fixtures/latex-equal/basic-symbolic.ts [symbolic] 100 == 100 ",
          "location": null,
          "numPassingAsserts": 0,
          "status": "pending",
          "title": "== 100 "
        },
        {
          "ancestorTitles": [
            "src/fixtures/latex-equal/basic-symbolic.ts",
            "[symbolic] 100"
          ],
          "duration": 0,
          "failureDetails": [],
          "failureMessages": [],
          "fullName": "src/fixtures/latex-equal/basic-symbolic.ts [symbolic] 100 == 50 + 50 ",
          "location": null,
          "numPassingAsserts": 0,
          "status": "pending",
          "title": "== 50 + 50 "
        },
        {
          "ancestorTitles": [
            "src/fixtures/latex-equal/basic-symbolic.ts",
            "[symbolic] 100"
          ],
          "duration": 0,
          "failureDetails": [],
          "failureMessages": [],
          "fullName": "src/fixtures/latex-equal/basic-symbolic.ts [symbolic] 100 == 25 * 4 ",
          "location": null,
          "numPassingAsserts": 0,
          "status": "pending",
          "title": "== 25 * 4 "
        },
        {
          "ancestorTitles": [
            "src/fixtures/latex-equal/basic-symbolic.ts",
            "[symbolic] 100"
          ],
          "duration": 0,
          "failureDetails": [],
          "failureMessages": [],
          "fullName": "src/fixtures/latex-equal/basic-symbolic.ts [symbolic] 100 == 200 / 2 ",
          "location": null,
          "numPassingAsserts": 0,
          "status": "pending",
          "title": "== 200 / 2 "
        },
        {
          "ancestorTitles": [
            "src/fixtures/latex-equal/basic-symbolic.ts",
            "[symbolic] 100"
          ],
          "duration": 0,
          "failureDetails": [],
          "failureMessages": [],
          "fullName": "src/fixtures/latex-equal/basic-symbolic.ts [symbolic] 100 == 20 * 5 ",
          "location": null,
          "numPassingAsserts": 0,
          "status": "pending",
          "title": "== 20 * 5 "
        },
        {
          "ancestorTitles": [
            "src/fixtures/latex-equal/basic-symbolic.ts",
            "[symbolic] 100"
          ],
          "duration": 0,
          "failureDetails": [],
          "failureMessages": [],
          "fullName": "src/fixtures/latex-equal/basic-symbolic.ts [symbolic] 100 == 2.5 * 40 ",
          "location": null,
          "numPassingAsserts": 0,
          "status": "pending",
          "title": "== 2.5 * 40 "
        },
        {
          "ancestorTitles": [
            "src/fixtures/latex-equal/basic-symbolic.ts",
            "[symbolic] 100"
          ],
          "duration": 0,
          "failureDetails": [],
          "failureMessages": [],
          "fullName": "src/fixtures/latex-equal/basic-symbolic.ts [symbolic] 100 == 10 * 10 ",
          "location": null,
          "numPassingAsserts": 0,
          "status": "pending",
          "title": "== 10 * 10 "
        },
        {
          "ancestorTitles": [
            "src/fixtures/latex-equal/basic-symbolic.ts",
            "[symbolic] 100"
          ],
          "duration": 0,
          "failureDetails": [],
          "failureMessages": [],
          "fullName": "src/fixtures/latex-equal/basic-symbolic.ts [symbolic] 100 == 100/2 + 50 ",
          "location": null,
          "numPassingAsserts": 0,
          "status": "pending",
          "title": "== 100/2 + 50 "
        },
        {
          "ancestorTitles": [
            "src/fixtures/latex-equal/basic-symbolic.ts",
            "[symbolic] x"
          ],
          "duration": 0,
          "failureDetails": [],
          "failureMessages": [],
          "fullName": "src/fixtures/latex-equal/basic-symbolic.ts [symbolic] x == x ",
          "location": null,
          "numPassingAsserts": 0,
          "status": "pending",
          "title": "== x "
        },
        {
          "ancestorTitles": [
            "src/fixtures/latex-equal/basic-symbolic.ts",
            "[symbolic] x"
          ],
          "duration": 0,
          "failureDetails": [],
          "failureMessages": [],
          "fullName": "src/fixtures/latex-equal/basic-symbolic.ts [symbolic] x == x+0 ",
          "location": null,
          "numPassingAsserts": 0,
          "status": "pending",
          "title": "== x+0 "
        },
        {
          "ancestorTitles": [
            "src/fixtures/latex-equal/basic-symbolic.ts",
            "[symbolic] x"
          ],
          "duration": 0,
          "failureDetails": [],
          "failureMessages": [],
          "fullName": "src/fixtures/latex-equal/basic-symbolic.ts [symbolic] x == (x-2)+2 ",
          "location": null,
          "numPassingAsserts": 0,
          "status": "pending",
          "title": "== (x-2)+2 "
        },
        {
          "ancestorTitles": [
            "src/fixtures/latex-equal/basic-symbolic.ts",
            "[symbolic] x"
          ],
          "duration": 0,
          "failureDetails": [],
          "failureMessages": [],
          "fullName": "src/fixtures/latex-equal/basic-symbolic.ts [symbolic] x == ((x^2 + x) / x) - 1 ",
          "location": null,
          "numPassingAsserts": 0,
          "status": "pending",
          "title": "== ((x^2 + x) / x) - 1 "
        },
        {
          "ancestorTitles": [
            "src/fixtures/latex-equal/basic-symbolic.ts",
            "[symbolic] x"
          ],
          "duration": 0,
          "failureDetails": [],
          "failureMessages": [],
          "fullName": "src/fixtures/latex-equal/basic-symbolic.ts [symbolic] x == 2x/2 ",
          "location": null,
          "numPassingAsserts": 0,
          "status": "pending",
          "title": "== 2x/2 "
        },
        {
          "ancestorTitles": [
            "src/fixtures/latex-equal/basic-symbolic.ts",
            "[symbolic] x"
          ],
          "duration": 0,
          "failureDetails": [],
          "failureMessages": [],
          "fullName": "src/fixtures/latex-equal/basic-symbolic.ts [symbolic] x == ((x^2 + x) / x) - 1 ",
          "location": null,
          "numPassingAsserts": 0,
          "status": "pending",
          "title": "== ((x^2 + x) / x) - 1 "
        },
        {
          "ancestorTitles": [
            "src/fixtures/latex-equal/basic-symbolic.ts",
            "[symbolic] (x + 2)^2"
          ],
          "duration": 0,
          "failureDetails": [],
          "failureMessages": [],
          "fullName": "src/fixtures/latex-equal/basic-symbolic.ts [symbolic] (x + 2)^2 == x^2 + 4x + 4 ",
          "location": null,
          "numPassingAsserts": 0,
          "status": "pending",
          "title": "== x^2 + 4x + 4 "
        },
        {
          "ancestorTitles": [
            "src/fixtures/latex-equal/basic-symbolic.ts",
            "[symbolic] (x + 2)^2"
          ],
          "duration": 0,
          "failureDetails": [],
          "failureMessages": [],
          "fullName": "src/fixtures/latex-equal/basic-symbolic.ts [symbolic] (x + 2)^2 == (2 + x)^2 ",
          "location": null,
          "numPassingAsserts": 0,
          "status": "pending",
          "title": "== (2 + x)^2 "
        },
        {
          "ancestorTitles": [
            "src/fixtures/latex-equal/basic-symbolic.ts",
            "[symbolic] (x + 2)^2"
          ],
          "duration": 0,
          "failureDetails": [],
          "failureMessages": [],
          "fullName": "src/fixtures/latex-equal/basic-symbolic.ts [symbolic] (x + 2)^2 == x^2 + 4(x+1) ",
          "location": null,
          "numPassingAsserts": 0,
          "status": "pending",
          "title": "== x^2 + 4(x+1) "
        },
        {
          "ancestorTitles": [
            "src/fixtures/latex-equal/basic-symbolic.ts",
            "[symbolic] (x + 2)^2"
          ],
          "duration": 0,
          "failureDetails": [],
          "failureMessages": [],
          "fullName": "src/fixtures/latex-equal/basic-symbolic.ts [symbolic] (x + 2)^2 == x^2 + 8 ((x+1) / 2) ",
          "location": null,
          "numPassingAsserts": 0,
          "status": "pending",
          "title": "== x^2 + 8 ((x+1) / 2) "
        },
        {
          "ancestorTitles": [
            "src/fixtures/latex-equal/basic-symbolic.ts",
            "[symbolic] y^(2 x)"
          ],
          "duration": 0,
          "failureDetails": [],
          "failureMessages": [],
          "fullName": "src/fixtures/latex-equal/basic-symbolic.ts [symbolic] y^(2 x) == y^(x+x) ",
          "location": null,
          "numPassingAsserts": 0,
          "status": "pending",
          "title": "== y^(x+x) "
        },
        {
          "ancestorTitles": [
            "src/fixtures/latex-equal/basic-symbolic.ts",
            "[symbolic] \\sqrt{4x}"
          ],
          "duration": 0,
          "failureDetails": [],
          "failureMessages": [],
          "fullName": "src/fixtures/latex-equal/basic-symbolic.ts [symbolic] \\sqrt{4x} == \\sqrt{3x + 1x} ",
          "location": null,
          "numPassingAsserts": 0,
          "status": "pending",
          "title": "== \\sqrt{3x + 1x} "
        },
        {
          "ancestorTitles": [
            "src/fixtures/latex-equal/basic-symbolic.ts",
            "[symbolic] 1000"
          ],
          "duration": 0,
          "failureDetails": [],
          "failureMessages": [],
          "fullName": "src/fixtures/latex-equal/basic-symbolic.ts [symbolic] 1000 == 1,000 ",
          "location": null,
          "numPassingAsserts": 0,
          "status": "pending",
          "title": "== 1,000 "
        },
        {
          "ancestorTitles": [
            "src/fixtures/latex-equal/basic-symbolic.ts",
            "[symbolic] 1000"
          ],
          "duration": 0,
          "failureDetails": [],
          "failureMessages": [],
          "fullName": "src/fixtures/latex-equal/basic-symbolic.ts [symbolic] 1000 == 1,000.00 ",
          "location": null,
          "numPassingAsserts": 0,
          "status": "pending",
          "title": "== 1,000.00 "
        },
        {
          "ancestorTitles": [
            "src/fixtures/latex-equal/basic-symbolic.ts",
            "[symbolic] 1,500,000"
          ],
          "duration": 0,
          "failureDetails": [],
          "failureMessages": [],
          "fullName": "src/fixtures/latex-equal/basic-symbolic.ts [symbolic] 1,500,000 == 1500000 ",
          "location": null,
          "numPassingAsserts": 0,
          "status": "pending",
          "title": "== 1500000 "
        },
        {
          "ancestorTitles": [
            "src/fixtures/latex-equal/basic-symbolic.ts",
            "[symbolic] sin(x)"
          ],
          "duration": 0,
          "failureDetails": [],
          "failureMessages": [],
          "fullName": "src/fixtures/latex-equal/basic-symbolic.ts [symbolic] sin(x) == sin(x) ",
          "location": null,
          "numPassingAsserts": 0,
          "status": "pending",
          "title": "== sin(x) "
        },
        {
          "ancestorTitles": [
            "src/fixtures/latex-equal/basic-symbolic.ts",
            "[symbolic] tan(x)"
          ],
          "duration": 0,
          "failureDetails": [],
          "failureMessages": [],
          "fullName": "src/fixtures/latex-equal/basic-symbolic.ts [symbolic] tan(x) == tan(x) ",
          "location": null,
          "numPassingAsserts": 0,
          "status": "pending",
          "title": "== tan(x) "
        },
        {
          "ancestorTitles": [
            "src/fixtures/latex-equal/basic-symbolic.ts",
            "[symbolic] f^{-1}\\left(x\\right)=\\sqrt{x-1}+3"
          ],
          "duration": 0,
          "failureDetails": [],
          "failureMessages": [],
          "fullName": "src/fixtures/latex-equal/basic-symbolic.ts [symbolic] f^{-1}\\left(x\\right)=\\sqrt{x-1}+3 == f^{-1}\\left(x\\right)=\\sqrt{x-1}+4-1 ",
          "location": null,
          "numPassingAsserts": 0,
          "status": "pending",
          "title": "== f^{-1}\\left(x\\right)=\\sqrt{x-1}+4-1 "
        },
        {
          "ancestorTitles": [
            "src/fixtures/latex-equal/basic-symbolic.ts",
            "[symbolic] 72\\div12=6\\text{eggs}"
          ],
          "duration": 0,
          "failureDetails": [],
          "failureMessages": [],
          "fullName": "src/fixtures/latex-equal/basic-symbolic.ts [symbolic] 72\\div12=6\\text{eggs} == 72\\div12=(3+3)\\text{eggs} ",
          "location": null,
          "numPassingAsserts": 0,
          "status": "pending",
          "title": "== 72\\div12=(3+3)\\text{eggs} "
        },
        {
          "ancestorTitles": [
            "src/fixtures/latex-equal/basic-symbolic.ts",
            "[symbolic] \\left(x\\right)^{ \\frac{1}{\\left(y + 3\\right)}}"
          ],
          "duration": 0,
          "failureDetails": [],
          "failureMessages": [],
          "fullName": "src/fixtures/latex-equal/basic-symbolic.ts [symbolic] \\left(x\\right)^{ \\frac{1}{\\left(y + 3\\right)}} == \\sqrt[\\left(y + 3\\right)]{x} ",
          "location": null,
          "numPassingAsserts": 0,
          "status": "pending",
          "title": "== \\sqrt[\\left(y + 3\\right)]{x} "
        },
        {
          "ancestorTitles": [
            "src/fixtures/latex-equal/basic-symbolic.ts",
            "[symbolic] \\left(x\\right)^{\\frac{1}{3}}"
          ],
          "duration": 0,
          "failureDetails": [],
          "failureMessages": [],
          "fullName": "src/fixtures/latex-equal/basic-symbolic.ts [symbolic] \\left(x\\right)^{\\frac{1}{3}} == \\sqrt[3]{x} ",
          "location": null,
          "numPassingAsserts": 0,
          "status": "pending",
          "title": "== \\sqrt[3]{x} "
        },
        {
          "ancestorTitles": [
            "src/fixtures/latex-equal/basic-symbolic.ts",
            "[symbolic] \\left(x\\right)^{\\frac{1}{n}}"
          ],
          "duration": 0,
          "failureDetails": [],
          "failureMessages": [],
          "fullName": "src/fixtures/latex-equal/basic-symbolic.ts [symbolic] \\left(x\\right)^{\\frac{1}{n}} == \\sqrt[n]{x} ",
          "location": null,
          "numPassingAsserts": 0,
          "status": "pending",
          "title": "== \\sqrt[n]{x} "
        },
        {
          "ancestorTitles": [
            "src/fixtures/latex-equal/basic-symbolic.ts",
            "[symbolic] \\left(x\\right)^{\\frac{1}{n}}"
          ],
          "duration": 0,
          "failureDetails": [],
          "failureMessages": [],
          "fullName": "src/fixtures/latex-equal/basic-symbolic.ts [symbolic] \\left(x\\right)^{\\frac{1}{n}} == \\sqrt[n]{x} ",
          "location": null,
          "numPassingAsserts": 0,
          "status": "pending",
          "title": "== \\sqrt[n]{x} "
        },
        {
          "ancestorTitles": [
            "src/fixtures/latex-equal/basic-symbolic.ts",
            "[symbolic] \\left(x\\right)^{\\frac{1}{2}}"
          ],
          "duration": 0,
          "failureDetails": [],
          "failureMessages": [],
          "fullName": "src/fixtures/latex-equal/basic-symbolic.ts [symbolic] \\left(x\\right)^{\\frac{1}{2}} == \\sqrt{x} ",
          "location": null,
          "numPassingAsserts": 0,
          "status": "pending",
          "title": "== \\sqrt{x} "
        },
        {
          "ancestorTitles": [
            "src/fixtures/latex-equal/basic-symbolic.ts",
            "[symbolic] \\left(x-1\\right)^{\\frac{1}{2}}+3"
          ],
          "duration": 0,
          "failureDetails": [],
          "failureMessages": [],
          "fullName": "src/fixtures/latex-equal/basic-symbolic.ts [symbolic] \\left(x-1\\right)^{\\frac{1}{2}}+3 == \\sqrt{x-1}+3 ",
          "location": null,
          "numPassingAsserts": 0,
          "status": "pending",
          "title": "== \\sqrt{x-1}+3 "
        },
        {
          "ancestorTitles": [
            "src/fixtures/latex-equal/basic-symbolic.ts",
            "[symbolic] f^{-1}\\left(x\\right)=\\left(x-1\\right)^{\\frac{1}{2}}+3"
          ],
          "duration": 0,
          "failureDetails": [],
          "failureMessages": [],
          "fullName": "src/fixtures/latex-equal/basic-symbolic.ts [symbolic] f^{-1}\\left(x\\right)=\\left(x-1\\right)^{\\frac{1}{2}}+3 == f^{-1}\\left(x\\right)=\\sqrt{x-1}+3 ",
          "location": null,
          "numPassingAsserts": 0,
          "status": "pending",
          "title": "== f^{-1}\\left(x\\right)=\\sqrt{x-1}+3 "
        },
        {
          "ancestorTitles": [
            "src/fixtures/latex-equal/fractions-symbolic.ts",
            "[symbolic] \\frac{x}{12}\\times7\\text{dollars}"
          ],
          "duration": 0,
          "failureDetails": [],
          "failureMessages": [],
          "fullName": "src/fixtures/latex-equal/fractions-symbolic.ts [symbolic] \\frac{x}{12}\\times7\\text{dollars} == \\frac{7x}{12}\\ \\text{dollars} ",
          "location": null,
          "numPassingAsserts": 0,
          "status": "pending",
          "title": "== \\frac{7x}{12}\\ \\text{dollars} "
        },
        {
          "ancestorTitles": [
            "src/fixtures/latex-equal/fractions-symbolic.ts",
            "[symbolic] \\frac{x}{12}\\times7\\text{dollars}"
          ],
          "duration": 0,
          "failureDetails": [],
          "failureMessages": [],
          "fullName": "src/fixtures/latex-equal/fractions-symbolic.ts [symbolic] \\frac{x}{12}\\times7\\text{dollars} == x\\times \\frac{1}{12}\\times 7\\ \\text{dollars} ",
          "location": null,
          "numPassingAsserts": 0,
          "status": "pending",
          "title": "== x\\times \\frac{1}{12}\\times 7\\ \\text{dollars} "
        },
        {
          "ancestorTitles": [
            "src/fixtures/latex-equal/fractions-symbolic.ts",
            "[symbolic] \\frac{x}{12}\\times7\\text{dollars}"
          ],
          "duration": 0,
          "failureDetails": [],
          "failureMessages": [],
          "fullName": "src/fixtures/latex-equal/fractions-symbolic.ts [symbolic] \\frac{x}{12}\\times7\\text{dollars} == x\\times 7\\times \\frac{1}{12}\\ \\text{dollars} ",
          "location": null,
          "numPassingAsserts": 0,
          "status": "pending",
          "title": "== x\\times 7\\times \\frac{1}{12}\\ \\text{dollars} "
        },
        {
          "ancestorTitles": [
            "src/fixtures/latex-equal/fractions-symbolic.ts",
            "[symbolic] \\frac{x}{12}\\times7\\text{dollars}"
          ],
          "duration": 0,
          "failureDetails": [],
          "failureMessages": [],
          "fullName": "src/fixtures/latex-equal/fractions-symbolic.ts [symbolic] \\frac{x}{12}\\times7\\text{dollars} == \\frac{1}{12}\\times x\\times 7\\ \\text{dollars} ",
          "location": null,
          "numPassingAsserts": 0,
          "status": "pending",
          "title": "== \\frac{1}{12}\\times x\\times 7\\ \\text{dollars} "
        },
        {
          "ancestorTitles": [
            "src/fixtures/latex-equal/fractions-symbolic.ts",
            "[symbolic] \\frac{x}{12}\\times7\\text{dollars}"
          ],
          "duration": 0,
          "failureDetails": [],
          "failureMessages": [],
          "fullName": "src/fixtures/latex-equal/fractions-symbolic.ts [symbolic] \\frac{x}{12}\\times7\\text{dollars} == \\frac{7}{12}\\times x\\ \\text{dollars} ",
          "location": null,
          "numPassingAsserts": 0,
          "status": "pending",
          "title": "== \\frac{7}{12}\\times x\\ \\text{dollars} "
        },
        {
          "ancestorTitles": [
            "src/fixtures/latex-equal/fractions-symbolic.ts",
            "[symbolic] \\frac{x}{12}\\times7\\text{dollars}"
          ],
          "duration": 0,
          "failureDetails": [],
          "failureMessages": [],
          "fullName": "src/fixtures/latex-equal/fractions-symbolic.ts [symbolic] \\frac{x}{12}\\times7\\text{dollars} == \\frac{1}{12}x\\times 7\\ \\text{dollars} ",
          "location": null,
          "numPassingAsserts": 0,
          "status": "pending",
          "title": "== \\frac{1}{12}x\\times 7\\ \\text{dollars} "
        },
        {
          "ancestorTitles": [
            "src/fixtures/latex-equal/fractions-symbolic.ts",
            "[symbolic] \\frac{x}{12}\\times7\\text{dollars}"
          ],
          "duration": 0,
          "failureDetails": [],
          "failureMessages": [],
          "fullName": "src/fixtures/latex-equal/fractions-symbolic.ts [symbolic] \\frac{x}{12}\\times7\\text{dollars} == \\frac{1}{12}\\left(7x\\right)\\ \\text{dollars} ",
          "location": null,
          "numPassingAsserts": 0,
          "status": "pending",
          "title": "== \\frac{1}{12}\\left(7x\\right)\\ \\text{dollars} "
        },
        {
          "ancestorTitles": [
            "src/fixtures/latex-equal/fractions-symbolic.ts",
            "[symbolic] \\frac{x}{12}\\times7\\text{dollars}"
          ],
          "duration": 0,
          "failureDetails": [],
          "failureMessages": [],
          "fullName": "src/fixtures/latex-equal/fractions-symbolic.ts [symbolic] \\frac{x}{12}\\times7\\text{dollars} == \\frac{1}{12}\\left(x\\times 7\\right)\\ \\text{dollars} ",
          "location": null,
          "numPassingAsserts": 0,
          "status": "pending",
          "title": "== \\frac{1}{12}\\left(x\\times 7\\right)\\ \\text{dollars} "
        },
        {
          "ancestorTitles": [
            "src/fixtures/latex-equal/fractions-symbolic.ts",
            "[symbolic] \\frac{n-5}{6}"
          ],
          "duration": 0,
          "failureDetails": [],
          "failureMessages": [],
          "fullName": "src/fixtures/latex-equal/fractions-symbolic.ts [symbolic] \\frac{n-5}{6} == \\frac{-5+n}{6} ",
          "location": null,
          "numPassingAsserts": 0,
          "status": "pending",
          "title": "== \\frac{-5+n}{6} "
        },
        {
          "ancestorTitles": [
            "src/fixtures/latex-equal/fractions-symbolic.ts",
            "[symbolic] \\frac{n-5}{6}"
          ],
          "duration": 0,
          "failureDetails": [],
          "failureMessages": [],
          "fullName": "src/fixtures/latex-equal/fractions-symbolic.ts [symbolic] \\frac{n-5}{6} == \\frac{n}{6}-\\frac{5}{6} ",
          "location": null,
          "numPassingAsserts": 0,
          "status": "pending",
          "title": "== \\frac{n}{6}-\\frac{5}{6} "
        },
        {
          "ancestorTitles": [
            "src/fixtures/latex-equal/fractions-symbolic.ts",
            "[symbolic] \\frac{n-5}{6}"
          ],
          "duration": 0,
          "failureDetails": [],
          "failureMessages": [],
          "fullName": "src/fixtures/latex-equal/fractions-symbolic.ts [symbolic] \\frac{n-5}{6} == -\\frac{5}{6}+\\frac{n}{6} ",
          "location": null,
          "numPassingAsserts": 0,
          "status": "pending",
          "title": "== -\\frac{5}{6}+\\frac{n}{6} "
        },
        {
          "ancestorTitles": [
            "src/fixtures/latex-equal/fractions-symbolic.ts",
            "[symbolic] \\frac{n-5}{6}"
          ],
          "duration": 0,
          "failureDetails": [],
          "failureMessages": [],
          "fullName": "src/fixtures/latex-equal/fractions-symbolic.ts [symbolic] \\frac{n-5}{6} == \\frac{1}{6}\\left(n-5\\right) ",
          "location": null,
          "numPassingAsserts": 0,
          "status": "pending",
          "title": "== \\frac{1}{6}\\left(n-5\\right) "
        },
        {
          "ancestorTitles": [
            "src/fixtures/latex-equal/fractions-symbolic.ts",
            "[symbolic] \\frac{n-5}{6}"
          ],
          "duration": 0,
          "failureDetails": [],
          "failureMessages": [],
          "fullName": "src/fixtures/latex-equal/fractions-symbolic.ts [symbolic] \\frac{n-5}{6} == \\frac{1}{6}\\left(-5+n\\right) ",
          "location": null,
          "numPassingAsserts": 0,
          "status": "pending",
          "title": "== \\frac{1}{6}\\left(-5+n\\right) "
        },
        {
          "ancestorTitles": [
            "src/fixtures/latex-equal/fractions-symbolic.ts",
            "[symbolic] 6 \\frac{1}{2}"
          ],
          "duration": 0,
          "failureDetails": [],
          "failureMessages": [],
          "fullName": "src/fixtures/latex-equal/fractions-symbolic.ts [symbolic] 6 \\frac{1}{2} == 6 + \\frac{1}{2} ",
          "location": null,
          "numPassingAsserts": 0,
          "status": "pending",
          "title": "== 6 + \\frac{1}{2} "
        },
        {
          "ancestorTitles": [
            "src/fixtures/latex-equal/fractions-symbolic.ts",
            "[symbolic] \\frac{6\\pi}{x}\\text{radians}\\ \\text{per}\\ \\text{second}"
          ],
          "duration": 0,
          "failureDetails": [],
          "failureMessages": [],
          "fullName": "src/fixtures/latex-equal/fractions-symbolic.ts [symbolic] \\frac{6\\pi}{x}\\text{radians}\\ \\text{per}\\ \\text{second} == \\frac{1}{x}\\left(6\\pi \\right)\\ \\text{radians}\\ \\text{per}\\ \\text{second} ",
          "location": null,
          "numPassingAsserts": 0,
          "status": "pending",
          "title": "== \\frac{1}{x}\\left(6\\pi \\right)\\ \\text{radians}\\ \\text{per}\\ \\text{second} "
        },
        {
          "ancestorTitles": [
            "src/fixtures/latex-equal/fractions-symbolic.ts",
            "[symbolic] \\frac{6\\pi}{x}\\text{radians}\\ \\text{per}\\ \\text{second}"
          ],
          "duration": 0,
          "failureDetails": [],
          "failureMessages": [],
          "fullName": "src/fixtures/latex-equal/fractions-symbolic.ts [symbolic] \\frac{6\\pi}{x}\\text{radians}\\ \\text{per}\\ \\text{second} == \\frac{6}{x}\\pi \\ \\text{radians}\\ \\text{per}\\ \\text{second} ",
          "location": null,
          "numPassingAsserts": 0,
          "status": "pending",
          "title": "== \\frac{6}{x}\\pi \\ \\text{radians}\\ \\text{per}\\ \\text{second} "
        },
        {
          "ancestorTitles": [
            "src/fixtures/latex-equal/fractions-symbolic.ts",
            "[symbolic] \\frac{6\\pi}{x}\\text{radians}\\ \\text{per}\\ \\text{second}"
          ],
          "duration": 0,
          "failureDetails": [],
          "failureMessages": [],
          "fullName": "src/fixtures/latex-equal/fractions-symbolic.ts [symbolic] \\frac{6\\pi}{x}\\text{radians}\\ \\text{per}\\ \\text{second} == 6\\pi \\left(\\frac{1}{x}\\right)\\ \\text{radians}\\ \\text{per}\\ \\text{second} ",
          "location": null,
          "numPassingAsserts": 0,
          "status": "pending",
          "title": "== 6\\pi \\left(\\frac{1}{x}\\right)\\ \\text{radians}\\ \\text{per}\\ \\text{second} "
        },
        {
          "ancestorTitles": [
            "src/fixtures/latex-equal/fractions-symbolic.ts",
            "[symbolic] \\frac{6\\pi}{x}"
          ],
          "duration": 0,
          "failureDetails": [],
          "failureMessages": [],
          "fullName": "src/fixtures/latex-equal/fractions-symbolic.ts [symbolic] \\frac{6\\pi}{x} == \\frac{1}{x}\\left(6\\pi \\right) ",
          "location": null,
          "numPassingAsserts": 0,
          "status": "pending",
          "title": "== \\frac{1}{x}\\left(6\\pi \\right) "
        },
        {
          "ancestorTitles": [
            "src/fixtures/latex-equal/fractions-symbolic.ts",
            "[symbolic] \\frac{6\\pi}{x}"
          ],
          "duration": 0,
          "failureDetails": [],
          "failureMessages": [],
          "fullName": "src/fixtures/latex-equal/fractions-symbolic.ts [symbolic] \\frac{6\\pi}{x} == \\frac{6}{x}\\pi ",
          "location": null,
          "numPassingAsserts": 0,
          "status": "pending",
          "title": "== \\frac{6}{x}\\pi "
        },
        {
          "ancestorTitles": [
            "src/fixtures/latex-equal/fractions-symbolic.ts",
            "[symbolic] \\frac{6\\pi}{x}"
          ],
          "duration": 0,
          "failureDetails": [],
          "failureMessages": [],
          "fullName": "src/fixtures/latex-equal/fractions-symbolic.ts [symbolic] \\frac{6\\pi}{x} == 6 * \\frac{\\pi }{x} ",
          "location": null,
          "numPassingAsserts": 0,
          "status": "pending",
          "title": "== 6 * \\frac{\\pi }{x} "
        },
        {
          "ancestorTitles": [
            "src/fixtures/latex-equal/fractions-symbolic.ts",
            "[symbolic] \\frac{6\\pi}{x}"
          ],
          "duration": 0,
          "failureDetails": [],
          "failureMessages": [],
          "fullName": "src/fixtures/latex-equal/fractions-symbolic.ts [symbolic] \\frac{6\\pi}{x} == \\left(6\\right) \\frac{\\pi }{x} ",
          "location": null,
          "numPassingAsserts": 0,
          "status": "pending",
          "title": "== \\left(6\\right) \\frac{\\pi }{x} "
        },
        {
          "ancestorTitles": [
            "src/fixtures/latex-equal/fractions-symbolic.ts",
            "[symbolic] \\frac{6\\pi}{x}"
          ],
          "duration": 0,
          "failureDetails": [],
          "failureMessages": [],
          "fullName": "src/fixtures/latex-equal/fractions-symbolic.ts [symbolic] \\frac{6\\pi}{x} == 6\\pi \\left(\\frac{1}{x}\\right)\\ \\text{radians}\\ \\text{per}\\ \\text{second} ",
          "location": null,
          "numPassingAsserts": 0,
          "status": "pending",
          "title": "== 6\\pi \\left(\\frac{1}{x}\\right)\\ \\text{radians}\\ \\text{per}\\ \\text{second} "
        },
        {
          "ancestorTitles": [
            "src/fixtures/latex-equal/fractions-symbolic.ts",
            "[symbolic] \\frac{d}{240}+4\\ \\text{years}"
          ],
          "duration": 0,
          "failureDetails": [],
          "failureMessages": [],
          "fullName": "src/fixtures/latex-equal/fractions-symbolic.ts [symbolic] \\frac{d}{240}+4\\ \\text{years} == 4+\\frac{d}{240}\\ \\text{years} ",
          "location": null,
          "numPassingAsserts": 0,
          "status": "pending",
          "title": "== 4+\\frac{d}{240}\\ \\text{years} "
        },
        {
          "ancestorTitles": [
            "src/fixtures/latex-equal/fractions-symbolic.ts",
            "[symbolic] \\frac{d}{240}+4\\ \\text{years}"
          ],
          "duration": 0,
          "failureDetails": [],
          "failureMessages": [],
          "fullName": "src/fixtures/latex-equal/fractions-symbolic.ts [symbolic] \\frac{d}{240}+4\\ \\text{years} == 4+\\frac{1}{240}d\\ \\text{years} ",
          "location": null,
          "numPassingAsserts": 0,
          "status": "pending",
          "title": "== 4+\\frac{1}{240}d\\ \\text{years} "
        },
        {
          "ancestorTitles": [
            "src/fixtures/latex-equal/fractions-symbolic.ts",
            "[symbolic] \\frac{d}{240}+4\\ \\text{years}"
          ],
          "duration": 0,
          "failureDetails": [],
          "failureMessages": [],
          "fullName": "src/fixtures/latex-equal/fractions-symbolic.ts [symbolic] \\frac{d}{240}+4\\ \\text{years} == 4+d\\left(\\frac{1}{240}\\right)\\ \\text{years} ",
          "location": null,
          "numPassingAsserts": 0,
          "status": "pending",
          "title": "== 4+d\\left(\\frac{1}{240}\\right)\\ \\text{years} "
        },
        {
          "ancestorTitles": [
            "src/fixtures/latex-equal/fractions-symbolic.ts",
            "[symbolic] \\frac{d}{240}+4\\ \\text{years}"
          ],
          "duration": 0,
          "failureDetails": [],
          "failureMessages": [],
          "fullName": "src/fixtures/latex-equal/fractions-symbolic.ts [symbolic] \\frac{d}{240}+4\\ \\text{years} == d\\left(\\frac{1}{240}\\right)+4\\ \\text{years} ",
          "location": null,
          "numPassingAsserts": 0,
          "status": "pending",
          "title": "== d\\left(\\frac{1}{240}\\right)+4\\ \\text{years} "
        },
        {
          "ancestorTitles": [
            "src/fixtures/latex-equal/fractions-symbolic.ts",
            "[symbolic] \\frac{d}{240}+4\\ \\text{years}"
          ],
          "duration": 0,
          "failureDetails": [],
          "failureMessages": [],
          "fullName": "src/fixtures/latex-equal/fractions-symbolic.ts [symbolic] \\frac{d}{240}+4\\ \\text{years} == \\frac{1}{240}d+4\\ \\text{years} ",
          "location": null,
          "numPassingAsserts": 0,
          "status": "pending",
          "title": "== \\frac{1}{240}d+4\\ \\text{years} "
        },
        {
          "ancestorTitles": [
            "src/fixtures/latex-equal/fractions-symbolic.ts",
[...]
          ],
          "duration": 0,
          "failureDetails": [],
          "failureMessages": [],
          "fullName": "src/fixtures/latex-equal/symbolic-b.ts [symbolic] y=250\\sin\\left(\\frac{2\\pi}{5}x\\right)+2500 == y=250\\sin\\left(\\left(\\frac{2\\pi\\ }{5}\\right)x\\right)+2500 ",
          "location": null,
          "numPassingAsserts": 0,
          "status": "pending",
          "title": "== y=250\\sin\\left(\\left(\\frac{2\\pi\\ }{5}\\right)x\\right)+2500 "
        },
        {
          "ancestorTitles": [
            "src/fixtures/latex-equal/symbolic-b.ts",
            "[symbolic] y=250\\sin\\left(\\frac{2\\pi}{5}x\\right)+2500"
          ],
          "duration": 0,
          "failureDetails": [],
          "failureMessages": [],
          "fullName": "src/fixtures/latex-equal/symbolic-b.ts [symbolic] y=250\\sin\\left(\\frac{2\\pi}{5}x\\right)+2500 == y=250\\sin\\left(\\frac{2\\pi\\ }{5}x\\right)+2,500 ",
          "location": null,
          "numPassingAsserts": 0,
          "status": "pending",
          "title": "== y=250\\sin\\left(\\frac{2\\pi\\ }{5}x\\right)+2,500 "
        },
        {
          "ancestorTitles": [
            "src/fixtures/latex-equal/symbolic-b.ts",
            "[symbolic] y=250\\sin\\left(\\frac{2\\pi}{5}x\\right)+2500"
          ],
          "duration": 0,
          "failureDetails": [],
          "failureMessages": [],
          "fullName": "src/fixtures/latex-equal/symbolic-b.ts [symbolic] y=250\\sin\\left(\\frac{2\\pi}{5}x\\right)+2500 == y=250\\sin\\left(\\frac{2}{5}\\pi\\ x\\right)+2,500 ",
          "location": null,
          "numPassingAsserts": 0,
          "status": "pending",
          "title": "== y=250\\sin\\left(\\frac{2}{5}\\pi\\ x\\right)+2,500 "
        },
        {
          "ancestorTitles": [
            "src/fixtures/latex-equal/symbolic-b.ts",
            "[symbolic] y=250\\sin\\left(\\frac{2\\pi}{5}x\\right)+2500"
          ],
          "duration": 0,
          "failureDetails": [],
          "failureMessages": [],
          "fullName": "src/fixtures/latex-equal/symbolic-b.ts [symbolic] y=250\\sin\\left(\\frac{2\\pi}{5}x\\right)+2500 == y=250\\sin\\left(\\left(\\frac{2}{5}\\pi\\ \\right)x\\right)+2,500 ",
          "location": null,
          "numPassingAsserts": 0,
          "status": "pending",
          "title": "== y=250\\sin\\left(\\left(\\frac{2}{5}\\pi\\ \\right)x\\right)+2,500 "
        },
        {
          "ancestorTitles": [
            "src/fixtures/latex-equal/symbolic-b.ts",
            "[symbolic] y=250\\sin\\left(\\frac{2\\pi}{5}x\\right)+2500"
          ],
          "duration": 0,
          "failureDetails": [],
          "failureMessages": [],
          "fullName": "src/fixtures/latex-equal/symbolic-b.ts [symbolic] y=250\\sin\\left(\\frac{2\\pi}{5}x\\right)+2500 == y=250\\sin\\left(\\left(\\frac{2\\pi\\ }{5}\\right)x\\right)+2,500 ",
          "location": null,
          "numPassingAsserts": 0,
          "status": "pending",
          "title": "== y=250\\sin\\left(\\left(\\frac{2\\pi\\ }{5}\\right)x\\right)+2,500 "
        },
        {
          "ancestorTitles": [
            "src/fixtures/latex-equal/to-be-fixed.ts",
            "[symbolic] a_n=3a_{n-1}"
          ],
          "duration": 0,
          "failureDetails": [],
          "failureMessages": [],
          "fullName": "src/fixtures/latex-equal/to-be-fixed.ts [symbolic] a_n=3a_{n-1} == a_n=3\\times a_{n-1} ",
          "location": null,
          "numPassingAsserts": 0,
          "status": "pending",
          "title": "== a_n=3\\times a_{n-1} "
        },
        {
          "ancestorTitles": [
            "src/fixtures/latex-equal/to-be-fixed.ts",
            "[symbolic] f\\left(y\\right)=26000\\left(0.83\\right)^y"
          ],
          "duration": 0,
          "failureDetails": [],
          "failureMessages": [],
          "fullName": "src/fixtures/latex-equal/to-be-fixed.ts [symbolic] f\\left(y\\right)=26000\\left(0.83\\right)^y == f\\left(y\\right)=26000\\left(1-0.17\\right)^y ",
          "location": null,
          "numPassingAsserts": 0,
          "status": "pending",
          "title": "== f\\left(y\\right)=26000\\left(1-0.17\\right)^y "
        },
        {
          "ancestorTitles": [
            "src/fixtures/latex-equal/to-be-fixed.ts",
            "[symbolic] f\\left(y\\right)=26000\\left(0.83\\right)^y"
          ],
          "duration": 0,
          "failureDetails": [],
          "failureMessages": [],
          "fullName": "src/fixtures/latex-equal/to-be-fixed.ts [symbolic] f\\left(y\\right)=26000\\left(0.83\\right)^y == f\\left(y\\right)=26,000\\left(1-0.17\\right)^y ",
          "location": null,
          "numPassingAsserts": 0,
          "status": "pending",
          "title": "== f\\left(y\\right)=26,000\\left(1-0.17\\right)^y "
        },
        {
          "ancestorTitles": [
            "src/fixtures/latex-equal/to-be-fixed.ts",
            "[symbolic] f\\left(y\\right)=26000\\left(0.83\\right)^y"
          ],
          "duration": 0,
          "failureDetails": [],
          "failureMessages": [],
          "fullName": "src/fixtures/latex-equal/to-be-fixed.ts [symbolic] f\\left(y\\right)=26000\\left(0.83\\right)^y == f\\left(y\\right)=26,000\\left(0.83\\right)^y ",
          "location": null,
          "numPassingAsserts": 0,
          "status": "pending",
          "title": "== f\\left(y\\right)=26,000\\left(0.83\\right)^y "
        },
        {
          "ancestorTitles": [
            "src/fixtures/latex-equal/to-be-fixed.ts",
            "[symbolic] f^{-1}\\left(x\\right)=-\\frac{12}{x}+8"
          ],
          "duration": 0,
          "failureDetails": [],
          "failureMessages": [],
          "fullName": "src/fixtures/latex-equal/to-be-fixed.ts [symbolic] f^{-1}\\left(x\\right)=-\\frac{12}{x}+8 == f^{-1}(x)\\ =\\ 8-\\frac{12}{x} ",
          "location": null,
          "numPassingAsserts": 0,
          "status": "pending",
          "title": "== f^{-1}(x)\\ =\\ 8-\\frac{12}{x} "
        },
        {
          "ancestorTitles": [
            "src/fixtures/latex-equal/to-be-fixed.ts",
            "[symbolic] f^{-1}\\left(x\\right)=-\\frac{12}{x}+8"
          ],
          "duration": 0,
          "failureDetails": [],
          "failureMessages": [],
          "fullName": "src/fixtures/latex-equal/to-be-fixed.ts [symbolic] f^{-1}\\left(x\\right)=-\\frac{12}{x}+8 == f^{-1}(x)\\ =\\ \\frac{8x-12}{x} ",
          "location": null,
          "numPassingAsserts": 0,
          "status": "pending",
          "title": "== f^{-1}(x)\\ =\\ \\frac{8x-12}{x} "
        },
        {
          "ancestorTitles": [
            "src/fixtures/latex-equal/to-be-fixed.ts",
            "[symbolic] f^{-1}\\left(x\\right)=-\\frac{12}{x}+8"
          ],
          "duration": 0,
          "failureDetails": [],
          "failureMessages": [],
          "fullName": "src/fixtures/latex-equal/to-be-fixed.ts [symbolic] f^{-1}\\left(x\\right)=-\\frac{12}{x}+8 == f^{-1}(x)\\ =\\ \\frac{-12+8x}{x} ",
          "location": null,
          "numPassingAsserts": 0,
          "status": "pending",
          "title": "== f^{-1}(x)\\ =\\ \\frac{-12+8x}{x} "
        },
        {
          "ancestorTitles": [
            "src/fixtures/latex-equal/to-be-fixed.ts",
            "[symbolic] f^{-1}\\left(x\\right)=-\\frac{12}{x}+8"
          ],
          "duration": 0,
          "failureDetails": [],
          "failureMessages": [],
          "fullName": "src/fixtures/latex-equal/to-be-fixed.ts [symbolic] f^{-1}\\left(x\\right)=-\\frac{12}{x}+8 == f^{-1}(x)\\ =\\ -12\\left(\\frac{1}{x}\\right)+8 ",
          "location": null,
          "numPassingAsserts": 0,
          "status": "pending",
          "title": "== f^{-1}(x)\\ =\\ -12\\left(\\frac{1}{x}\\right)+8 "
        },
        {
          "ancestorTitles": [
            "src/fixtures/latex-equal/to-be-fixed.ts",
            "[symbolic] f^{-1}\\left(x\\right)=-\\frac{12}{x}+8"
          ],
          "duration": 0,
          "failureDetails": [],
          "failureMessages": [],
          "fullName": "src/fixtures/latex-equal/to-be-fixed.ts [symbolic] f^{-1}\\left(x\\right)=-\\frac{12}{x}+8 == f^{-1}(x)\\ =\\ 8-12\\left(\\frac{1}{x}\\right) ",
          "location": null,
          "numPassingAsserts": 0,
          "status": "pending",
          "title": "== f^{-1}(x)\\ =\\ 8-12\\left(\\frac{1}{x}\\right) "
        },
        {
          "ancestorTitles": [
            "src/fixtures/latex-equal/to-be-fixed.ts",
            "[symbolic] f\\left(x\\right)=1.1x+8"
          ],
          "duration": 0,
          "failureDetails": [],
          "failureMessages": [],
          "fullName": "src/fixtures/latex-equal/to-be-fixed.ts [symbolic] f\\left(x\\right)=1.1x+8 == f(x)\\ =\\ 8+1.1x ",
          "location": null,
          "numPassingAsserts": 0,
          "status": "pending",
          "title": "== f(x)\\ =\\ 8+1.1x "
        },
        {
          "ancestorTitles": [
            "src/fixtures/latex-equal/to-be-fixed.ts",
            "[symbolic] f\\left(x\\right)=1.1x+8"
          ],
          "duration": 0,
          "failureDetails": [],
          "failureMessages": [],
          "fullName": "src/fixtures/latex-equal/to-be-fixed.ts [symbolic] f\\left(x\\right)=1.1x+8 == f(x)\\ =\\ 8+\\left(1+0.1\\right)x ",
          "location": null,
          "numPassingAsserts": 0,
          "status": "pending",
          "title": "== f(x)\\ =\\ 8+\\left(1+0.1\\right)x "
        },
        {
          "ancestorTitles": [
            "src/fixtures/latex-equal/to-be-fixed.ts",
            "[symbolic] f\\left(x\\right)=1.1x+8"
          ],
          "duration": 0,
          "failureDetails": [],
          "failureMessages": [],
          "fullName": "src/fixtures/latex-equal/to-be-fixed.ts [symbolic] f\\left(x\\right)=1.1x+8 == f(x)\\ =\\ \\left(1+0.1\\right)x+8 ",
          "location": null,
          "numPassingAsserts": 0,
          "status": "pending",
          "title": "== f(x)\\ =\\ \\left(1+0.1\\right)x+8 "
        },
        {
          "ancestorTitles": [
            "src/fixtures/latex-equal/to-be-fixed.ts",
            "[symbolic] f\\left(x\\right)=1.1x+8"
          ],
          "duration": 0,
          "failureDetails": [],
          "failureMessages": [],
          "fullName": "src/fixtures/latex-equal/to-be-fixed.ts [symbolic] f\\left(x\\right)=1.1x+8 == f(x)\\ =\\ x+0.1x+8 ",
          "location": null,
          "numPassingAsserts": 0,
          "status": "pending",
          "title": "== f(x)\\ =\\ x+0.1x+8 "
        },
        {
          "ancestorTitles": [
            "src/fixtures/latex-equal/to-be-fixed.ts",
            "[symbolic] f\\left(x\\right)=1.1x+8"
          ],
          "duration": 0,
          "failureDetails": [],
          "failureMessages": [],
          "fullName": "src/fixtures/latex-equal/to-be-fixed.ts [symbolic] f\\left(x\\right)=1.1x+8 == f(x)\\ =\\ 8+x+0.1x ",
          "location": null,
          "numPassingAsserts": 0,
          "status": "pending",
          "title": "== f(x)\\ =\\ 8+x+0.1x "
        },
        {
          "ancestorTitles": [
            "src/fixtures/latex-equal/to-be-fixed.ts",
            "[symbolic] f\\left(x\\right)=1.1x+8"
          ],
          "duration": 0,
          "failureDetails": [],
          "failureMessages": [],
          "fullName": "src/fixtures/latex-equal/to-be-fixed.ts [symbolic] f\\left(x\\right)=1.1x+8 == f(x)\\ =\\ 8+x+0.1x ",
          "location": null,
          "numPassingAsserts": 0,
          "status": "pending",
          "title": "== f(x)\\ =\\ 8+x+0.1x "
        },
        {
          "ancestorTitles": [
            "src/fixtures/latex-equal/to-be-fixed.ts",
            "[symbolic] f\\left(x\\right)=1.1x+8"
          ],
          "duration": 0,
          "failureDetails": [],
          "failureMessages": [],
          "fullName": "src/fixtures/latex-equal/to-be-fixed.ts [symbolic] f\\left(x\\right)=1.1x+8 == f(x)\\ =\\ 8+0.1x+x ",
          "location": null,
          "numPassingAsserts": 0,
          "status": "pending",
          "title": "== f(x)\\ =\\ 8+0.1x+x "
        },
        {
          "ancestorTitles": [
            "src/fixtures/latex-equal/to-be-fixed.ts",
            "[symbolic] f\\left(x\\right)=1.1x+8"
          ],
          "duration": 0,
          "failureDetails": [],
          "failureMessages": [],
          "fullName": "src/fixtures/latex-equal/to-be-fixed.ts [symbolic] f\\left(x\\right)=1.1x+8 == f(x)\\ =\\ 0.1x+x+8 ",
          "location": null,
          "numPassingAsserts": 0,
          "status": "pending",
          "title": "== f(x)\\ =\\ 0.1x+x+8 "
        },
        {
          "ancestorTitles": [
            "src/fixtures/latex-equal/to-be-fixed.ts",
            "[symbolic] x=\\frac{20,000}{r^2}\\text{radians}"
          ],
          "duration": 0,
          "failureDetails": [],
          "failureMessages": [],
          "fullName": "src/fixtures/latex-equal/to-be-fixed.ts [symbolic] x=\\frac{20,000}{r^2}\\text{radians} == x=\\frac{1}{r^2}\\left(20,000\\right)\\ \\text{radians} ",
          "location": null,
          "numPassingAsserts": 0,
          "status": "pending",
          "title": "== x=\\frac{1}{r^2}\\left(20,000\\right)\\ \\text{radians} "
        },
        {
          "ancestorTitles": [
            "src/fixtures/latex-equal/to-be-fixed.ts",
            "[symbolic] x=\\frac{20,000}{r^2}\\text{radians}"
          ],
          "duration": 0,
          "failureDetails": [],
          "failureMessages": [],
          "fullName": "src/fixtures/latex-equal/to-be-fixed.ts [symbolic] x=\\frac{20,000}{r^2}\\text{radians} == x=\\frac{20000}{r^2}\\ \\text{radians} ",
          "location": null,
          "numPassingAsserts": 0,
          "status": "pending",
          "title": "== x=\\frac{20000}{r^2}\\ \\text{radians} "
        },
        {
          "ancestorTitles": [
            "src/fixtures/latex-equal/to-be-fixed.ts",
            "[symbolic] x=\\frac{20,000}{r^2}\\text{radians}"
          ],
          "duration": 0,
          "failureDetails": [],
          "failureMessages": [],
          "fullName": "src/fixtures/latex-equal/to-be-fixed.ts [symbolic] x=\\frac{20,000}{r^2}\\text{radians} == x=\\frac{1}{r^2}\\times 20000\\ \\text{radians} ",
          "location": null,
          "numPassingAsserts": 0,
          "status": "pending",
          "title": "== x=\\frac{1}{r^2}\\times 20000\\ \\text{radians} "
        },
        {
          "ancestorTitles": [
            "src/fixtures/latex-equal/to-be-fixed.ts",
            "[symbolic] x=\\frac{20,000}{r^2}\\text{radians}"
          ],
          "duration": 0,
          "failureDetails": [],
          "failureMessages": [],
          "fullName": "src/fixtures/latex-equal/to-be-fixed.ts [symbolic] x=\\frac{20,000}{r^2}\\text{radians} == x=\\frac{1}{r^2}\\times 20,000\\ \\text{radians} ",
          "location": null,
          "numPassingAsserts": 0,
          "status": "pending",
          "title": "== x=\\frac{1}{r^2}\\times 20,000\\ \\text{radians} "
        },
        {
          "ancestorTitles": [
            "src/fixtures/latex-equal/to-be-fixed.ts",
            "[symbolic] x=\\frac{20,000}{r^2}\\text{radians}"
          ],
          "duration": 0,
          "failureDetails": [],
          "failureMessages": [],
          "fullName": "src/fixtures/latex-equal/to-be-fixed.ts [symbolic] x=\\frac{20,000}{r^2}\\text{radians} == x=20000\\left(\\frac{1}{r^2}\\right)\\ \\text{radians} ",
          "location": null,
          "numPassingAsserts": 0,
          "status": "pending",
          "title": "== x=20000\\left(\\frac{1}{r^2}\\right)\\ \\text{radians} "
        },
        {
          "ancestorTitles": [
            "src/fixtures/latex-equal/to-be-fixed.ts",
            "[symbolic] x=\\frac{20,000}{r^2}\\text{radians}"
          ],
          "duration": 0,
          "failureDetails": [],
          "failureMessages": [],
          "fullName": "src/fixtures/latex-equal/to-be-fixed.ts [symbolic] x=\\frac{20,000}{r^2}\\text{radians} == x=20,000\\left(\\frac{1}{r^2}\\right)\\ \\text{radians} ",
          "location": null,
          "numPassingAsserts": 0,
          "status": "pending",
          "title": "== x=20,000\\left(\\frac{1}{r^2}\\right)\\ \\text{radians} "
        },
        {
          "ancestorTitles": [
            "src/fixtures/latex-equal/to-be-fixed.ts",
            "[symbolic] \\text{height}\\ =\\ 120\\sin\\theta"
          ],
          "duration": 0,
          "failureDetails": [],
          "failureMessages": [],
          "fullName": "src/fixtures/latex-equal/to-be-fixed.ts [symbolic] \\text{height}\\ =\\ 120\\sin\\theta == \\text{height}\\ =\\ 120\\left(\\sin \\theta \\right) ",
          "location": null,
          "numPassingAsserts": 0,
          "status": "pending",
          "title": "== \\text{height}\\ =\\ 120\\left(\\sin \\theta \\right) "
        },
        {
          "ancestorTitles": [
            "src/fixtures/latex-equal/to-be-fixed.ts",
            "[symbolic] \\text{height}\\ =\\ 120\\sin\\theta"
          ],
          "duration": 0,
          "failureDetails": [],
          "failureMessages": [],
          "fullName": "src/fixtures/latex-equal/to-be-fixed.ts [symbolic] \\text{height}\\ =\\ 120\\sin\\theta == \\text{height}\\ =\\ 120\\sin \\left(\\theta \\right) ",
          "location": null,
          "numPassingAsserts": 0,
          "status": "pending",
          "title": "== \\text{height}\\ =\\ 120\\sin \\left(\\theta \\right) "
        },
        {
          "ancestorTitles": [
            "src/fixtures/latex-equal/to-be-fixed.ts",
            "[symbolic] \\text{height}\\ =\\ 120\\sin\\theta"
          ],
          "duration": 0,
          "failureDetails": [],
          "failureMessages": [],
          "fullName": "src/fixtures/latex-equal/to-be-fixed.ts [symbolic] \\text{height}\\ =\\ 120\\sin\\theta == \\text{height}\\ =\\ \\left(\\sin \\theta \\right)\\left(120\\right) ",
          "location": null,
          "numPassingAsserts": 0,
          "status": "pending",
          "title": "== \\text{height}\\ =\\ \\left(\\sin \\theta \\right)\\left(120\\right) "
        },
        {
          "ancestorTitles": [
            "src/fixtures/latex-equal/to-be-fixed.ts",
            "[symbolic] \\text{height}\\ =\\ 120\\sin\\theta"
          ],
          "duration": 0,
          "failureDetails": [],
          "failureMessages": [],
          "fullName": "src/fixtures/latex-equal/to-be-fixed.ts [symbolic] \\text{height}\\ =\\ 120\\sin\\theta == \\text{height}\\ =\\ \\left(\\sin \\theta \\right)\\times 120 ",
          "location": null,
          "numPassingAsserts": 0,
          "status": "pending",
          "title": "== \\text{height}\\ =\\ \\left(\\sin \\theta \\right)\\times 120 "
        },
        {
          "ancestorTitles": [
            "src/fixtures/latex-equal/to-be-fixed.ts",
            "[symbolic] \\text{height}\\ =\\ 120\\sin\\theta"
          ],
          "duration": 0,
          "failureDetails": [],
          "failureMessages": [],
          "fullName": "src/fixtures/latex-equal/to-be-fixed.ts [symbolic] \\text{height}\\ =\\ 120\\sin\\theta == \\text{height}\\ =\\ \\sin \\theta \\times 120 ",
          "location": null,
          "numPassingAsserts": 0,
          "status": "pending",
          "title": "== \\text{height}\\ =\\ \\sin \\theta \\times 120 "
        },
        {
          "ancestorTitles": [
            "src/fixtures/latex-equal/to-be-fixed.ts",
            "[symbolic] \\cos\\theta=-\\sqrt{1-y^2}"
          ],
          "duration": 0,
          "failureDetails": [],
          "failureMessages": [],
          "fullName": "src/fixtures/latex-equal/to-be-fixed.ts [symbolic] \\cos\\theta=-\\sqrt{1-y^2} == \\cos\\ \\theta\\ \\ =\\ -\\sqrt{-y^2+1} ",
          "location": null,
          "numPassingAsserts": 0,
          "status": "pending",
          "title": "== \\cos\\ \\theta\\ \\ =\\ -\\sqrt{-y^2+1} "
        }
      ],
      "failureMessage": null
    }
  ],
  "wasInterrupted": false
}