{
  "numFailedTestSuites": 1,
  "numFailedTests": 2,
  "numPassedTestSuites": 0,
  "numPassedTests": 10,
  "numPendingTestSuites": 0,
  "numPendingTests": 0,
  "numRuntimeErrorTestSuites": 0,
  "numTodoTests": 0,
  "numTotalTestSuites": 1,
  "numTotalTests": 12,
  "openHandles": [],
  "snapshot": {
    "added": 0,
    "didUpdate": false,
    "failure": false,
    "filesAdded": 0,
    "filesRemoved": 0,
    "filesRemovedList": [],
    "filesUnmatched": 0,
    "filesUpdated": 0,
    "matched": 0,
    "total": 0,
    "unchecked": 0,
    "uncheckedKeysByFile": [],
    "unmatched": 0,
    "updated": 0
  },
  "startTime": 1616750764084,
  "success": false,
  "testResults": [
    {
      "leaks": false,
      "numFailingTests": 2,
      "numPassingTests": 10,
      "numPendingTests": 0,
      "numTodoTests": 0,
      "openHandles": [],
      "perfStats": {
        "end": 1616750765535,
        "runtime": 1395,
        "slow": false,
        "start": 1616750764140
      },
      "skipped": false,
      "snapshot": {
        "added": 0,
        "fileDeleted": false,
        "matched": 0,
        "unchecked": 0,
        "unmatched": 0,
        "updated": 0,
        "uncheckedKeys": []
      },
      "testFilePath": "/home/ede/dev/github/pie-framework/math-validation/src/__tests__/latex-equal.spec.ts",
      "testResults": [
        {
          "ancestorTitles": [
            "src/fixtures/latex-equal/old-literal.ts",
            "[literal] 1,000"
          ],
          "duration": 4,
          "failureDetails": [
            {
              "actual": "",
              "error": {
                "matcherResult": {
                  "actual": false,
                  "expected": true,
                  "name": "toEqual",
                  "pass": false
                }
              },
              "expected": "",
              "matcherName": "",
              "message": "Error: \u001b[2mexpect(\u001b[22m\u001b[31mreceived\u001b[39m\u001b[2m).\u001b[22mtoEqual\u001b[2m(\u001b[22m\u001b[32mexpected\u001b[39m\u001b[2m) // deep equality\u001b[22m\n\nExpected: \u001b[32mtrue\u001b[39m\nReceived: \u001b[31mfalse\u001b[39m",
              "passed": false,
              "stack": "Error: \u001b[2mexpect(\u001b[22m\u001b[31mreceived\u001b[39m\u001b[2m).\u001b[22mtoEqual\u001b[2m(\u001b[22m\u001b[32mexpected\u001b[39m\u001b[2m) // deep equality\u001b[22m\n\nExpected: \u001b[32mtrue\u001b[39m\nReceived: \u001b[31mfalse\u001b[39m\n    at Object.<anonymous> (/home/ede/dev/github/pie-framework/math-validation/src/__tests__/latex-equal.spec.ts:88:25)\n    at Object.asyncJestTest (/home/ede/dev/github/pie-framework/math-validation/node_modules/jest-jasmine2/build/jasmineAsyncInstall.js:106:37)\n    at /home/ede/dev/github/pie-framework/math-validation/node_modules/jest-jasmine2/build/queueRunner.js:45:12\n    at new Promise (<anonymous>)\n    at mapper (/home/ede/dev/github/pie-framework/math-validation/node_modules/jest-jasmine2/build/queueRunner.js:28:19)\n    at /home/ede/dev/github/pie-framework/math-validation/node_modules/jest-jasmine2/build/queueRunner.js:75:41\n    at processTicksAndRejections (internal/process/task_queues.js:97:5)"
            }
          ],
          "failureMessages": [
            "Error: \u001b[2mexpect(\u001b[22m\u001b[31mreceived\u001b[39m\u001b[2m).\u001b[22mtoEqual\u001b[2m(\u001b[22m\u001b[32mexpected\u001b[39m\u001b[2m) // deep equality\u001b[22m\n\nExpected: \u001b[32mtrue\u001b[39m\nReceived: \u001b[31mfalse\u001b[39m\n    at Object.<anonymous> (/home/ede/dev/github/pie-framework/math-validation/src/__tests__/latex-equal.spec.ts:88:25)\n    at Object.asyncJestTest (/home/ede/dev/github/pie-framework/math-validation/node_modules/jest-jasmine2/build/jasmineAsyncInstall.js:106:37)\n    at /home/ede/dev/github/pie-framework/math-validation/node_modules/jest-jasmine2/build/queueRunner.js:45:12\n    at new Promise (<anonymous>)\n    at mapper (/home/ede/dev/github/pie-framework/math-validation/node_modules/jest-jasmine2/build/queueRunner.js:28:19)\n    at /home/ede/dev/github/pie-framework/math-validation/node_modules/jest-jasmine2/build/queueRunner.js:75:41\n    at processTicksAndRejections (internal/process/task_queues.js:97:5)"
          ],
          "fullName": "src/fixtures/latex-equal/old-literal.ts [literal] 1,000 [legacy] == 1000",
          "location": null,
          "numPassingAsserts": 0,
          "status": "failed",
          "title": "[legacy] == 1000"
        },
        {
          "ancestorTitles": [
            "src/fixtures/latex-equal/old-literal.ts",
            "[literal] 1,000"
          ],
          "duration": 4,
          "failureDetails": [],
          "failureMessages": [],
          "fullName": "src/fixtures/latex-equal/old-literal.ts [literal] 1,000 == 1000",
          "location": null,
          "numPassingAsserts": 0,
          "status": "passed",
          "title": "== 1000"
        },
        {
          "ancestorTitles": [
            "src/fixtures/latex-equal/old-literal.ts",
            "[literal] 1.00"
          ],
          "duration": 1,
          "failureDetails": [
            {
              "actual": "",
              "error": {
                "matcherResult": {
                  "actual": false,
                  "expected": true,
                  "name": "toEqual",
                  "pass": false
                }
              },
              "expected": "",
              "matcherName": "",
              "message": "Error: \u001b[2mexpect(\u001b[22m\u001b[31mreceived\u001b[39m\u001b[2m).\u001b[22mtoEqual\u001b[2m(\u001b[22m\u001b[32mexpected\u001b[39m\u001b[2m) // deep equality\u001b[22m\n\nExpected: \u001b[32mtrue\u001b[39m\nReceived: \u001b[31mfalse\u001b[39m",
              "passed": false,
              "stack": "Error: \u001b[2mexpect(\u001b[22m\u001b[31mreceived\u001b[39m\u001b[2m).\u001b[22mtoEqual\u001b[2m(\u001b[22m\u001b[32mexpected\u001b[39m\u001b[2m) // deep equality\u001b[22m\n\nExpected: \u001b[32mtrue\u001b[39m\nReceived: \u001b[31mfalse\u001b[39m\n    at Object.<anonymous> (/home/ede/dev/github/pie-framework/math-validation/src/__tests__/latex-equal.spec.ts:88:25)\n    at Object.asyncJestTest (/home/ede/dev/github/pie-framework/math-validation/node_modules/jest-jasmine2/build/jasmineAsyncInstall.js:106:37)\n    at /home/ede/dev/github/pie-framework/math-validation/node_modules/jest-jasmine2/build/queueRunner.js:45:12\n    at new Promise (<anonymous>)\n    at mapper (/home/ede/dev/github/pie-framework/math-validation/node_modules/jest-jasmine2/build/queueRunner.js:28:19)\n    at /home/ede/dev/github/pie-framework/math-validation/node_modules/jest-jasmine2/build/queueRunner.js:75:41\n    at processTicksAndRejections (internal/process/task_queues.js:97:5)"
            }
          ],
          "failureMessages": [
            "Error: \u001b[2mexpect(\u001b[22m\u001b[31mreceived\u001b[39m\u001b[2m).\u001b[22mtoEqual\u001b[2m(\u001b[22m\u001b[32mexpected\u001b[39m\u001b[2m) // deep equality\u001b[22m\n\nExpected: \u001b[32mtrue\u001b[39m\nReceived: \u001b[31mfalse\u001b[39m\n    at Object.<anonymous> (/home/ede/dev/github/pie-framework/math-validation/src/__tests__/latex-equal.spec.ts:88:25)\n    at Object.asyncJestTest (/home/ede/dev/github/pie-framework/math-validation/node_modules/jest-jasmine2/build/jasmineAsyncInstall.js:106:37)\n    at /home/ede/dev/github/pie-framework/math-validation/node_modules/jest-jasmine2/build/queueRunner.js:45:12\n    at new Promise (<anonymous>)\n    at mapper (/home/ede/dev/github/pie-framework/math-validation/node_modules/jest-jasmine2/build/queueRunner.js:28:19)\n    at /home/ede/dev/github/pie-framework/math-validation/node_modules/jest-jasmine2/build/queueRunner.js:75:41\n    at processTicksAndRejections (internal/process/task_queues.js:97:5)"
          ],
          "fullName": "src/fixtures/latex-equal/old-literal.ts [literal] 1.00 [legacy] == 1",
          "location": null,
          "numPassingAsserts": 0,
          "status": "failed",
          "title": "[legacy] == 1"
        },
        {
          "ancestorTitles": [
            "src/fixtures/latex-equal/old-literal.ts",
            "[literal] 1.00"
          ],
          "duration": 0,
          "failureDetails": [],
          "failureMessages": [],
          "fullName": "src/fixtures/latex-equal/old-literal.ts [literal] 1.00 == 1",
          "location": null,
          "numPassingAsserts": 0,
          "status": "passed",
          "title": "== 1"
        },
        {
          "ancestorTitles": [
            "src/fixtures/latex-equal/old-literal.ts",
            "[literal] 1.01"
          ],
          "duration": 0,
          "failureDetails": [],
          "failureMessages": [],
          "fullName": "src/fixtures/latex-equal/old-literal.ts [literal] 1.01 [legacy] == 1.01",
          "location": null,
          "numPassingAsserts": 0,
          "status": "passed",
          "title": "[legacy] == 1.01"
        },
        {
          "ancestorTitles": [
            "src/fixtures/latex-equal/old-literal.ts",
            "[literal] 1.01"
          ],
          "duration": 1,
          "failureDetails": [],
          "failureMessages": [],
          "fullName": "src/fixtures/latex-equal/old-literal.ts [literal] 1.01 == 1.01",
          "location": null,
          "numPassingAsserts": 0,
          "status": "passed",
          "title": "== 1.01"
        },
        {
          "ancestorTitles": [
            "src/fixtures/latex-equal/old-literal.ts",
            "[literal] 72\\div12=6\\text{eggs}"
          ],
          "duration": 0,
          "failureDetails": [],
          "failureMessages": [],
          "fullName": "src/fixtures/latex-equal/old-literal.ts [literal] 72\\div12=6\\text{eggs} [legacy] == 72\\div12=6\\text{eggs}",
          "location": null,
          "numPassingAsserts": 0,
          "status": "passed",
          "title": "[legacy] == 72\\div12=6\\text{eggs}"
        },
        {
          "ancestorTitles": [
            "src/fixtures/latex-equal/old-literal.ts",
            "[literal] 72\\div12=6\\text{eggs}"
          ],
          "duration": 0,
          "failureDetails": [],
          "failureMessages": [],
          "fullName": "src/fixtures/latex-equal/old-literal.ts [literal] 72\\div12=6\\text{eggs} == 72\\div12=6\\text{eggs}",
          "location": null,
          "numPassingAsserts": 0,
          "status": "passed",
          "title": "== 72\\div12=6\\text{eggs}"
        },
        {
          "ancestorTitles": [
            "src/fixtures/latex-equal/old-literal.ts",
            "[literal] 72\\div12=6\\text{eggs}"
          ],
          "duration": 0,
          "failureDetails": [],
          "failureMessages": [],
          "fullName": "src/fixtures/latex-equal/old-literal.ts [literal] 72\\div12=6\\text{eggs} [legacy] ==  72\\div12=6\\text{eggs} ",
          "location": null,
          "numPassingAsserts": 0,
          "status": "passed",
          "title": "[legacy] ==  72\\div12=6\\text{eggs} "
        },
        {
          "ancestorTitles": [
            "src/fixtures/latex-equal/old-literal.ts",
            "[literal] 72\\div12=6\\text{eggs}"
          ],
          "duration": 3,
          "failureDetails": [],
          "failureMessages": [],
          "fullName": "src/fixtures/latex-equal/old-literal.ts [literal] 72\\div12=6\\text{eggs} ==  72\\div12=6\\text{eggs} ",
          "location": null,
          "numPassingAsserts": 0,
          "status": "passed",
          "title": "==  72\\div12=6\\text{eggs} "
        },
        {
          "ancestorTitles": [
            "src/fixtures/latex-equal/old-literal.ts",
            "[literal] 72\\div12=6\\text{eggs}"
          ],
          "duration": 0,
          "failureDetails": [],
          "failureMessages": [],
          "fullName": "src/fixtures/latex-equal/old-literal.ts [literal] 72\\div12=6\\text{eggs} [legacy] ==  72 \\div 12= 6 \\text{eggs} ",
          "location": null,
          "numPassingAsserts": 0,
          "status": "passed",
          "title": "[legacy] ==  72 \\div 12= 6 \\text{eggs} "
        },
        {
          "ancestorTitles": [
            "src/fixtures/latex-equal/old-literal.ts",
            "[literal] 72\\div12=6\\text{eggs}"
          ],
          "duration": 1,
          "failureDetails": [],
          "failureMessages": [],
          "fullName": "src/fixtures/latex-equal/old-literal.ts [literal] 72\\div12=6\\text{eggs} ==  72 \\div 12= 6 \\text{eggs} ",
          "location": null,
          "numPassingAsserts": 0,
          "status": "passed",
          "title": "==  72 \\div 12= 6 \\text{eggs} "
        }
      ],
      "failureMessage": "\u001b[1m\u001b[31m  \u001b[1m● \u001b[22m\u001b[1msrc/fixtures/latex-equal/old-literal.ts › [literal] 1,000 › [legacy] == 1000\u001b[39m\u001b[22m\n\n    \u001b[2mexpect(\u001b[22m\u001b[31mreceived\u001b[39m\u001b[2m).\u001b[22mtoEqual\u001b[2m(\u001b[22m\u001b[32mexpected\u001b[39m\u001b[2m) // deep equality\u001b[22m\n\n    Expected: \u001b[32mtrue\u001b[39m\n    Received: \u001b[31mfalse\u001b[39m\n\u001b[2m\u001b[22m\n\u001b[2m    \u001b[0m \u001b[90m 86 | \u001b[39m            it(\u001b[32m`[legacy] == ${y}`\u001b[39m\u001b[33m,\u001b[39m () \u001b[33m=>\u001b[39m {\u001b[0m\u001b[22m\n\u001b[2m    \u001b[0m \u001b[90m 87 | \u001b[39m              \u001b[36mconst\u001b[39m l \u001b[33m=\u001b[39m latexEqual(t\u001b[33m.\u001b[39mtarget\u001b[33m,\u001b[39m y\u001b[33m,\u001b[39m { legacy\u001b[33m:\u001b[39m \u001b[36mtrue\u001b[39m\u001b[33m,\u001b[39m mode })\u001b[33m;\u001b[39m\u001b[0m\u001b[22m\n\u001b[2m    \u001b[0m\u001b[31m\u001b[1m>\u001b[22m\u001b[2m\u001b[39m\u001b[90m 88 | \u001b[39m              expect(l)\u001b[33m.\u001b[39mtoEqual(\u001b[36mtrue\u001b[39m)\u001b[33m;\u001b[39m\u001b[0m\u001b[22m\n\u001b[2m    \u001b[0m \u001b[90m    | \u001b[39m                        \u001b[31m\u001b[1m^\u001b[22m\u001b[2m\u001b[39m\u001b[0m\u001b[22m\n\u001b[2m    \u001b[0m \u001b[90m 89 | \u001b[39m            })\u001b[33m;\u001b[39m\u001b[0m\u001b[22m\n\u001b[2m    \u001b[0m \u001b[90m 90 | \u001b[39m          }\u001b[0m\u001b[22m\n\u001b[2m    \u001b[0m \u001b[90m 91 | \u001b[39m          it(\u001b[32m`== ${y}`\u001b[39m\u001b[33m,\u001b[39m () \u001b[33m=>\u001b[39m {\u001b[0m\u001b[22m\n\u001b[2m\u001b[22m\n\u001b[2m      \u001b[2mat Object.<anonymous> (\u001b[22m\u001b[2m\u001b[0m\u001b[36msrc/__tests__/latex-equal.spec.ts\u001b[39m\u001b[0m\u001b[2m:88:25)\u001b[22m\u001b[2m\u001b[22m\n\n\u001b[1m\u001b[31m  \u001b[1m● \u001b[22m\u001b[1msrc/fixtures/latex-equal/old-literal.ts › [literal] 1.00 › [legacy] == 1\u001b[39m\u001b[22m\n\n    \u001b[2mexpect(\u001b[22m\u001b[31mreceived\u001b[39m\u001b[2m).\u001b[22mtoEqual\u001b[2m(\u001b[22m\u001b[32mexpected\u001b[39m\u001b[2m) // deep equality\u001b[22m\n\n    Expected: \u001b[32mtrue\u001b[39m\n    Received: \u001b[31mfalse\u001b[39m\n\u001b[2m\u001b[22m\n\u001b[2m    \u001b[0m \u001b[90m 86 | \u001b[39m            it(\u001b[32m`[legacy] == ${y}`\u001b[39m\u001b[33m,\u001b[39m () \u001b[33m=>\u001b[39m {\u001b[0m\u001b[22m\n\u001b[2m    \u001b[0m \u001b[90m 87 | \u001b[39m              \u001b[36mconst\u001b[39m l \u001b[33m=\u001b[39m latexEqual(t\u001b[33m.\u001b[39mtarget\u001b[33m,\u001b[39m y\u001b[33m,\u001b[39m { legacy\u001b[33m:\u001b[39m \u001b[36mtrue\u001b[39m\u001b[33m,\u001b[39m mode })\u001b[33m;\u001b[39m\u001b[0m\u001b[22m\n\u001b[2m    \u001b[0m\u001b[31m\u001b[1m>\u001b[22m\u001b[2m\u001b[39m\u001b[90m 88 | \u001b[39m              expect(l)\u001b[33m.\u001b[39mtoEqual(\u001b[36mtrue\u001b[39m)\u001b[33m;\u001b[39m\u001b[0m\u001b[22m\n\u001b[2m    \u001b[0m \u001b[90m    | \u001b[39m                        \u001b[31m\u001b[1m^\u001b[22m\u001b[2m\u001b[39m\u001b[0m\u001b[22m\n\u001b[2m    \u001b[0m \u001b[90m 89 | \u001b[39m            })\u001b[33m;\u001b[39m\u001b[0m\u001b[22m\n\u001b[2m    \u001b[0m \u001b[90m 90 | \u001b[39m          }\u001b[0m\u001b[22m\n\u001b[2m    \u001b[0m \u001b[90m 91 | \u001b[39m          it(\u001b[32m`== ${y}`\u001b[39m\u001b[33m,\u001b[39m () \u001b[33m=>\u001b[39m {\u001b[0m\u001b[22m\n\u001b[2m\u001b[22m\n\u001b[2m      \u001b[2mat Object.<anonymous> (\u001b[22m\u001b[2m\u001b[0m\u001b[36msrc/__tests__/latex-equal.spec.ts\u001b[39m\u001b[0m\u001b[2m:88:25)\u001b[22m\u001b[2m\u001b[22m\n"
    }
  ],
  "wasInterrupted": false
}