{
  "numFailedTestSuites": 1,
  "numFailedTests": 86,
  "numPassedTestSuites": 2,
  "numPassedTests": 13,
  "numPendingTestSuites": 0,
  "numPendingTests": 0,
  "numRuntimeErrorTestSuites": 0,
  "numTodoTests": 0,
  "numTotalTestSuites": 3,
  "numTotalTests": 99,
  "openHandles": [],
  "snapshot": {
    "added": 0,
    "didUpdate": false,
    "failure": false,
    "filesAdded": 0,
    "filesRemoved": 0,
    "filesRemovedList": [],
    "filesUnmatched": 0,
    "filesUpdated": 0,
    "matched": 0,
    "total": 0,
    "unchecked": 0,
    "uncheckedKeysByFile": [],
    "unmatched": 0,
    "updated": 0
  },
  "startTime": 1617179728912,
  "success": false,
  "testResults": [
    {
      "leaks": false,
      "numFailingTests": 86,
      "numPassingTests": 7,
      "numPendingTests": 0,
      "numTodoTests": 0,
      "openHandles": [],
      "perfStats": {
        "end": 1617179730558,
        "runtime": 1590,
        "slow": false,
        "start": 1617179728968
      },
      "skipped": false,
      "snapshot": {
        "added": 0,
        "fileDeleted": false,
        "matched": 0,
        "unchecked": 0,
        "unmatched": 0,
        "updated": 0,
        "uncheckedKeys": []
      },
      "testFilePath": "/home/ede/dev/github/pie-framework/math-validation/src/__tests__/latex-equal.spec.ts",
      "testResults": [
        {
          "ancestorTitles": [
            "src/fixtures/latex-equal/7119.ts",
            "[symbolic] 4 \\frac{1}{2}"
          ],
          "duration": 1,
          "failureDetails": [
            {
              "actual": "",
              "error": {},
              "expected": "",
              "matcherName": "",
              "message": "TypeError: Cannot read property 'mode' of undefined",
              "passed": false,
              "stack": "TypeError: Cannot read property 'mode' of undefined\n    at optsLabel (/home/ede/dev/github/pie-framework/math-validation/src/__tests__/latex-equal.spec.ts:83:15)\n    at Suite.<anonymous> (/home/ede/dev/github/pie-framework/math-validation/src/__tests__/latex-equal.spec.ts:97:19)\n    at addSpecsToSuite (/home/ede/dev/github/pie-framework/math-validation/node_modules/jest-jasmine2/build/jasmine/Env.js:444:51)\n    at Env.describe (/home/ede/dev/github/pie-framework/math-validation/node_modules/jest-jasmine2/build/jasmine/Env.js:414:11)\n    at describe (/home/ede/dev/github/pie-framework/math-validation/node_modules/jest-jasmine2/build/jasmine/jasmineLight.js:88:18)\n    at /home/ede/dev/github/pie-framework/math-validation/src/__tests__/latex-equal.spec.ts:92:7\n    at Array.forEach (<anonymous>)\n    at Suite.<anonymous> (/home/ede/dev/github/pie-framework/math-validation/src/__tests__/latex-equal.spec.ts:73:18)\n    at addSpecsToSuite (/home/ede/dev/github/pie-framework/math-validation/node_modules/jest-jasmine2/build/jasmine/Env.js:444:51)\n    at Env.describe (/home/ede/dev/github/pie-framework/math-validation/node_modules/jest-jasmine2/build/jasmine/Env.js:414:11)"
            }
          ],
          "failureMessages": [
            "TypeError: Cannot read property 'mode' of undefined\n    at optsLabel (/home/ede/dev/github/pie-framework/math-validation/src/__tests__/latex-equal.spec.ts:83:15)\n    at Suite.<anonymous> (/home/ede/dev/github/pie-framework/math-validation/src/__tests__/latex-equal.spec.ts:97:19)\n    at addSpecsToSuite (/home/ede/dev/github/pie-framework/math-validation/node_modules/jest-jasmine2/build/jasmine/Env.js:444:51)\n    at Env.describe (/home/ede/dev/github/pie-framework/math-validation/node_modules/jest-jasmine2/build/jasmine/Env.js:414:11)\n    at describe (/home/ede/dev/github/pie-framework/math-validation/node_modules/jest-jasmine2/build/jasmine/jasmineLight.js:88:18)\n    at /home/ede/dev/github/pie-framework/math-validation/src/__tests__/latex-equal.spec.ts:92:7\n    at Array.forEach (<anonymous>)\n    at Suite.<anonymous> (/home/ede/dev/github/pie-framework/math-validation/src/__tests__/latex-equal.spec.ts:73:18)\n    at addSpecsToSuite (/home/ede/dev/github/pie-framework/math-validation/node_modules/jest-jasmine2/build/jasmine/Env.js:444:51)\n    at Env.describe (/home/ede/dev/github/pie-framework/math-validation/node_modules/jest-jasmine2/build/jasmine/Env.js:414:11)"
          ],
          "fullName": "src/fixtures/latex-equal/7119.ts [symbolic] 4 \\frac{1}{2} encountered a declaration exception",
          "location": null,
          "numPassingAsserts": 0,
          "status": "failed",
          "title": "encountered a declaration exception"
        },
        {
          "ancestorTitles": [
            "src/fixtures/latex-equal/basic-symbolic.ts",
            "[symbolic] 100"
          ],
          "duration": 1,
          "failureDetails": [
            {
              "actual": "",
              "error": {},
              "expected": "",
              "matcherName": "",
              "message": "TypeError: Cannot read property 'mode' of undefined",
              "passed": false,
              "stack": "TypeError: Cannot read property 'mode' of undefined\n    at optsLabel (/home/ede/dev/github/pie-framework/math-validation/src/__tests__/latex-equal.spec.ts:83:15)\n    at Suite.<anonymous> (/home/ede/dev/github/pie-framework/math-validation/src/__tests__/latex-equal.spec.ts:97:19)\n    at addSpecsToSuite (/home/ede/dev/github/pie-framework/math-validation/node_modules/jest-jasmine2/build/jasmine/Env.js:444:51)\n    at Env.describe (/home/ede/dev/github/pie-framework/math-validation/node_modules/jest-jasmine2/build/jasmine/Env.js:414:11)\n    at describe (/home/ede/dev/github/pie-framework/math-validation/node_modules/jest-jasmine2/build/jasmine/jasmineLight.js:88:18)\n    at /home/ede/dev/github/pie-framework/math-validation/src/__tests__/latex-equal.spec.ts:92:7\n    at Array.forEach (<anonymous>)\n    at Suite.<anonymous> (/home/ede/dev/github/pie-framework/math-validation/src/__tests__/latex-equal.spec.ts:73:18)\n    at addSpecsToSuite (/home/ede/dev/github/pie-framework/math-validation/node_modules/jest-jasmine2/build/jasmine/Env.js:444:51)\n    at Env.describe (/home/ede/dev/github/pie-framework/math-validation/node_modules/jest-jasmine2/build/jasmine/Env.js:414:11)"
            }
          ],
          "failureMessages": [
            "TypeError: Cannot read property 'mode' of undefined\n    at optsLabel (/home/ede/dev/github/pie-framework/math-validation/src/__tests__/latex-equal.spec.ts:83:15)\n    at Suite.<anonymous> (/home/ede/dev/github/pie-framework/math-validation/src/__tests__/latex-equal.spec.ts:97:19)\n    at addSpecsToSuite (/home/ede/dev/github/pie-framework/math-validation/node_modules/jest-jasmine2/build/jasmine/Env.js:444:51)\n    at Env.describe (/home/ede/dev/github/pie-framework/math-validation/node_modules/jest-jasmine2/build/jasmine/Env.js:414:11)\n    at describe (/home/ede/dev/github/pie-framework/math-validation/node_modules/jest-jasmine2/build/jasmine/jasmineLight.js:88:18)\n    at /home/ede/dev/github/pie-framework/math-validation/src/__tests__/latex-equal.spec.ts:92:7\n    at Array.forEach (<anonymous>)\n    at Suite.<anonymous> (/home/ede/dev/github/pie-framework/math-validation/src/__tests__/latex-equal.spec.ts:73:18)\n    at addSpecsToSuite (/home/ede/dev/github/pie-framework/math-validation/node_modules/jest-jasmine2/build/jasmine/Env.js:444:51)\n    at Env.describe (/home/ede/dev/github/pie-framework/math-validation/node_modules/jest-jasmine2/build/jasmine/Env.js:414:11)"
          ],
          "fullName": "src/fixtures/latex-equal/basic-symbolic.ts [symbolic] 100 encountered a declaration exception",
          "location": null,
          "numPassingAsserts": 0,
          "status": "failed",
          "title": "encountered a declaration exception"
        },
        {
          "ancestorTitles": [
            "src/fixtures/latex-equal/basic-symbolic.ts",
            "[symbolic] x"
          ],
          "duration": 0,
          "failureDetails": [
            {
              "actual": "",
              "error": {},
              "expected": "",
              "matcherName": "",
              "message": "TypeError: Cannot read property 'mode' of undefined",
              "passed": false,
              "stack": "TypeError: Cannot read property 'mode' of undefined\n    at optsLabel (/home/ede/dev/github/pie-framework/math-validation/src/__tests__/latex-equal.spec.ts:83:15)\n    at Suite.<anonymous> (/home/ede/dev/github/pie-framework/math-validation/src/__tests__/latex-equal.spec.ts:97:19)\n    at addSpecsToSuite (/home/ede/dev/github/pie-framework/math-validation/node_modules/jest-jasmine2/build/jasmine/Env.js:444:51)\n    at Env.describe (/home/ede/dev/github/pie-framework/math-validation/node_modules/jest-jasmine2/build/jasmine/Env.js:414:11)\n    at describe (/home/ede/dev/github/pie-framework/math-validation/node_modules/jest-jasmine2/build/jasmine/jasmineLight.js:88:18)\n    at /home/ede/dev/github/pie-framework/math-validation/src/__tests__/latex-equal.spec.ts:92:7\n    at Array.forEach (<anonymous>)\n    at Suite.<anonymous> (/home/ede/dev/github/pie-framework/math-validation/src/__tests__/latex-equal.spec.ts:73:18)\n    at addSpecsToSuite (/home/ede/dev/github/pie-framework/math-validation/node_modules/jest-jasmine2/build/jasmine/Env.js:444:51)\n    at Env.describe (/home/ede/dev/github/pie-framework/math-validation/node_modules/jest-jasmine2/build/jasmine/Env.js:414:11)"
            }
          ],
          "failureMessages": [
            "TypeError: Cannot read property 'mode' of undefined\n    at optsLabel (/home/ede/dev/github/pie-framework/math-validation/src/__tests__/latex-equal.spec.ts:83:15)\n    at Suite.<anonymous> (/home/ede/dev/github/pie-framework/math-validation/src/__tests__/latex-equal.spec.ts:97:19)\n    at addSpecsToSuite (/home/ede/dev/github/pie-framework/math-validation/node_modules/jest-jasmine2/build/jasmine/Env.js:444:51)\n    at Env.describe (/home/ede/dev/github/pie-framework/math-validation/node_modules/jest-jasmine2/build/jasmine/Env.js:414:11)\n    at describe (/home/ede/dev/github/pie-framework/math-validation/node_modules/jest-jasmine2/build/jasmine/jasmineLight.js:88:18)\n    at /home/ede/dev/github/pie-framework/math-validation/src/__tests__/latex-equal.spec.ts:92:7\n    at Array.forEach (<anonymous>)\n    at Suite.<anonymous> (/home/ede/dev/github/pie-framework/math-validation/src/__tests__/latex-equal.spec.ts:73:18)\n    at addSpecsToSuite (/home/ede/dev/github/pie-framework/math-validation/node_modules/jest-jasmine2/build/jasmine/Env.js:444:51)\n    at Env.describe (/home/ede/dev/github/pie-framework/math-validation/node_modules/jest-jasmine2/build/jasmine/Env.js:414:11)"
          ],
          "fullName": "src/fixtures/latex-equal/basic-symbolic.ts [symbolic] x encountered a declaration exception",
          "location": null,
          "numPassingAsserts": 0,
          "status": "failed",
          "title": "encountered a declaration exception"
        },
        {
          "ancestorTitles": [
            "src/fixtures/latex-equal/basic-symbolic.ts",
            "[symbolic] (x + 2)^2"
          ],
          "duration": 0,
          "failureDetails": [
            {
              "actual": "",
              "error": {},
              "expected": "",
              "matcherName": "",
              "message": "TypeError: Cannot read property 'mode' of undefined",
              "passed": false,
              "stack": "TypeError: Cannot read property 'mode' of undefined\n    at optsLabel (/home/ede/dev/github/pie-framework/math-validation/src/__tests__/latex-equal.spec.ts:83:15)\n    at Suite.<anonymous> (/home/ede/dev/github/pie-framework/math-validation/src/__tests__/latex-equal.spec.ts:97:19)\n    at addSpecsToSuite (/home/ede/dev/github/pie-framework/math-validation/node_modules/jest-jasmine2/build/jasmine/Env.js:444:51)\n    at Env.describe (/home/ede/dev/github/pie-framework/math-validation/node_modules/jest-jasmine2/build/jasmine/Env.js:414:11)\n    at describe (/home/ede/dev/github/pie-framework/math-validation/node_modules/jest-jasmine2/build/jasmine/jasmineLight.js:88:18)\n    at /home/ede/dev/github/pie-framework/math-validation/src/__tests__/latex-equal.spec.ts:92:7\n    at Array.forEach (<anonymous>)\n    at Suite.<anonymous> (/home/ede/dev/github/pie-framework/math-validation/src/__tests__/latex-equal.spec.ts:73:18)\n    at addSpecsToSuite (/home/ede/dev/github/pie-framework/math-validation/node_modules/jest-jasmine2/build/jasmine/Env.js:444:51)\n    at Env.describe (/home/ede/dev/github/pie-framework/math-validation/node_modules/jest-jasmine2/build/jasmine/Env.js:414:11)"
            }
          ],
          "failureMessages": [
            "TypeError: Cannot read property 'mode' of undefined\n    at optsLabel (/home/ede/dev/github/pie-framework/math-validation/src/__tests__/latex-equal.spec.ts:83:15)\n    at Suite.<anonymous> (/home/ede/dev/github/pie-framework/math-validation/src/__tests__/latex-equal.spec.ts:97:19)\n    at addSpecsToSuite (/home/ede/dev/github/pie-framework/math-validation/node_modules/jest-jasmine2/build/jasmine/Env.js:444:51)\n    at Env.describe (/home/ede/dev/github/pie-framework/math-validation/node_modules/jest-jasmine2/build/jasmine/Env.js:414:11)\n    at describe (/home/ede/dev/github/pie-framework/math-validation/node_modules/jest-jasmine2/build/jasmine/jasmineLight.js:88:18)\n    at /home/ede/dev/github/pie-framework/math-validation/src/__tests__/latex-equal.spec.ts:92:7\n    at Array.forEach (<anonymous>)\n    at Suite.<anonymous> (/home/ede/dev/github/pie-framework/math-validation/src/__tests__/latex-equal.spec.ts:73:18)\n    at addSpecsToSuite (/home/ede/dev/github/pie-framework/math-validation/node_modules/jest-jasmine2/build/jasmine/Env.js:444:51)\n    at Env.describe (/home/ede/dev/github/pie-framework/math-validation/node_modules/jest-jasmine2/build/jasmine/Env.js:414:11)"
          ],
          "fullName": "src/fixtures/latex-equal/basic-symbolic.ts [symbolic] (x + 2)^2 encountered a declaration exception",
          "location": null,
          "numPassingAsserts": 0,
          "status": "failed",
          "title": "encountered a declaration exception"
        },
        {
          "ancestorTitles": [
            "src/fixtures/latex-equal/basic-symbolic.ts",
            "[symbolic] breaks - not sure why > (x + 2)^2"
          ],
          "duration": 1,
          "failureDetails": [
            {
              "actual": "",
              "error": {},
              "expected": "",
              "matcherName": "",
              "message": "TypeError: Cannot read property 'mode' of undefined",
              "passed": false,
              "stack": "TypeError: Cannot read property 'mode' of undefined\n    at optsLabel (/home/ede/dev/github/pie-framework/math-validation/src/__tests__/latex-equal.spec.ts:83:15)\n    at Suite.<anonymous> (/home/ede/dev/github/pie-framework/math-validation/src/__tests__/latex-equal.spec.ts:97:19)\n    at addSpecsToSuite (/home/ede/dev/github/pie-framework/math-validation/node_modules/jest-jasmine2/build/jasmine/Env.js:444:51)\n    at Env.describe (/home/ede/dev/github/pie-framework/math-validation/node_modules/jest-jasmine2/build/jasmine/Env.js:414:11)\n    at describe (/home/ede/dev/github/pie-framework/math-validation/node_modules/jest-jasmine2/build/jasmine/jasmineLight.js:88:18)\n    at /home/ede/dev/github/pie-framework/math-validation/src/__tests__/latex-equal.spec.ts:92:7\n    at Array.forEach (<anonymous>)\n    at Suite.<anonymous> (/home/ede/dev/github/pie-framework/math-validation/src/__tests__/latex-equal.spec.ts:73:18)\n    at addSpecsToSuite (/home/ede/dev/github/pie-framework/math-validation/node_modules/jest-jasmine2/build/jasmine/Env.js:444:51)\n    at Env.describe (/home/ede/dev/github/pie-framework/math-validation/node_modules/jest-jasmine2/build/jasmine/Env.js:414:11)"
            }
          ],
          "failureMessages": [
            "TypeError: Cannot read property 'mode' of undefined\n    at optsLabel (/home/ede/dev/github/pie-framework/math-validation/src/__tests__/latex-equal.spec.ts:83:15)\n    at Suite.<anonymous> (/home/ede/dev/github/pie-framework/math-validation/src/__tests__/latex-equal.spec.ts:97:19)\n    at addSpecsToSuite (/home/ede/dev/github/pie-framework/math-validation/node_modules/jest-jasmine2/build/jasmine/Env.js:444:51)\n    at Env.describe (/home/ede/dev/github/pie-framework/math-validation/node_modules/jest-jasmine2/build/jasmine/Env.js:414:11)\n    at describe (/home/ede/dev/github/pie-framework/math-validation/node_modules/jest-jasmine2/build/jasmine/jasmineLight.js:88:18)\n    at /home/ede/dev/github/pie-framework/math-validation/src/__tests__/latex-equal.spec.ts:92:7\n    at Array.forEach (<anonymous>)\n    at Suite.<anonymous> (/home/ede/dev/github/pie-framework/math-validation/src/__tests__/latex-equal.spec.ts:73:18)\n    at addSpecsToSuite (/home/ede/dev/github/pie-framework/math-validation/node_modules/jest-jasmine2/build/jasmine/Env.js:444:51)\n    at Env.describe (/home/ede/dev/github/pie-framework/math-validation/node_modules/jest-jasmine2/build/jasmine/Env.js:414:11)"
          ],
          "fullName": "src/fixtures/latex-equal/basic-symbolic.ts [symbolic] breaks - not sure why > (x + 2)^2 encountered a declaration exception",
          "location": null,
          "numPassingAsserts": 0,
          "status": "failed",
          "title": "encountered a declaration exception"
        },
        {
          "ancestorTitles": [
            "src/fixtures/latex-equal/basic-symbolic.ts",
            "[symbolic] y^(2 x)"
          ],
          "duration": 0,
          "failureDetails": [
            {
              "actual": "",
              "error": {},
              "expected": "",
              "matcherName": "",
              "message": "TypeError: Cannot read property 'mode' of undefined",
              "passed": false,
              "stack": "TypeError: Cannot read property 'mode' of undefined\n    at optsLabel (/home/ede/dev/github/pie-framework/math-validation/src/__tests__/latex-equal.spec.ts:83:15)\n    at Suite.<anonymous> (/home/ede/dev/github/pie-framework/math-validation/src/__tests__/latex-equal.spec.ts:97:19)\n    at addSpecsToSuite (/home/ede/dev/github/pie-framework/math-validation/node_modules/jest-jasmine2/build/jasmine/Env.js:444:51)\n    at Env.describe (/home/ede/dev/github/pie-framework/math-validation/node_modules/jest-jasmine2/build/jasmine/Env.js:414:11)\n    at describe (/home/ede/dev/github/pie-framework/math-validation/node_modules/jest-jasmine2/build/jasmine/jasmineLight.js:88:18)\n    at /home/ede/dev/github/pie-framework/math-validation/src/__tests__/latex-equal.spec.ts:92:7\n    at Array.forEach (<anonymous>)\n    at Suite.<anonymous> (/home/ede/dev/github/pie-framework/math-validation/src/__tests__/latex-equal.spec.ts:73:18)\n    at addSpecsToSuite (/home/ede/dev/github/pie-framework/math-validation/node_modules/jest-jasmine2/build/jasmine/Env.js:444:51)\n    at Env.describe (/home/ede/dev/github/pie-framework/math-validation/node_modules/jest-jasmine2/build/jasmine/Env.js:414:11)"
            }
          ],
          "failureMessages": [
            "TypeError: Cannot read property 'mode' of undefined\n    at optsLabel (/home/ede/dev/github/pie-framework/math-validation/src/__tests__/latex-equal.spec.ts:83:15)\n    at Suite.<anonymous> (/home/ede/dev/github/pie-framework/math-validation/src/__tests__/latex-equal.spec.ts:97:19)\n    at addSpecsToSuite (/home/ede/dev/github/pie-framework/math-validation/node_modules/jest-jasmine2/build/jasmine/Env.js:444:51)\n    at Env.describe (/home/ede/dev/github/pie-framework/math-validation/node_modules/jest-jasmine2/build/jasmine/Env.js:414:11)\n    at describe (/home/ede/dev/github/pie-framework/math-validation/node_modules/jest-jasmine2/build/jasmine/jasmineLight.js:88:18)\n    at /home/ede/dev/github/pie-framework/math-validation/src/__tests__/latex-equal.spec.ts:92:7\n    at Array.forEach (<anonymous>)\n    at Suite.<anonymous> (/home/ede/dev/github/pie-framework/math-validation/src/__tests__/latex-equal.spec.ts:73:18)\n    at addSpecsToSuite (/home/ede/dev/github/pie-framework/math-validation/node_modules/jest-jasmine2/build/jasmine/Env.js:444:51)\n    at Env.describe (/home/ede/dev/github/pie-framework/math-validation/node_modules/jest-jasmine2/build/jasmine/Env.js:414:11)"
          ],
          "fullName": "src/fixtures/latex-equal/basic-symbolic.ts [symbolic] y^(2 x) encountered a declaration exception",
          "location": null,
          "numPassingAsserts": 0,
          "status": "failed",
          "title": "encountered a declaration exception"
        },
        {
          "ancestorTitles": [
            "src/fixtures/latex-equal/basic-symbolic.ts",
            "[symbolic] \\sqrt{4x}"
          ],
          "duration": 1,
          "failureDetails": [
            {
              "actual": "",
              "error": {},
              "expected": "",
              "matcherName": "",
              "message": "TypeError: Cannot read property 'mode' of undefined",
              "passed": false,
              "stack": "TypeError: Cannot read property 'mode' of undefined\n    at optsLabel (/home/ede/dev/github/pie-framework/math-validation/src/__tests__/latex-equal.spec.ts:83:15)\n    at Suite.<anonymous> (/home/ede/dev/github/pie-framework/math-validation/src/__tests__/latex-equal.spec.ts:97:19)\n    at addSpecsToSuite (/home/ede/dev/github/pie-framework/math-validation/node_modules/jest-jasmine2/build/jasmine/Env.js:444:51)\n    at Env.describe (/home/ede/dev/github/pie-framework/math-validation/node_modules/jest-jasmine2/build/jasmine/Env.js:414:11)\n    at describe (/home/ede/dev/github/pie-framework/math-validation/node_modules/jest-jasmine2/build/jasmine/jasmineLight.js:88:18)\n    at /home/ede/dev/github/pie-framework/math-validation/src/__tests__/latex-equal.spec.ts:92:7\n    at Array.forEach (<anonymous>)\n    at Suite.<anonymous> (/home/ede/dev/github/pie-framework/math-validation/src/__tests__/latex-equal.spec.ts:73:18)\n    at addSpecsToSuite (/home/ede/dev/github/pie-framework/math-validation/node_modules/jest-jasmine2/build/jasmine/Env.js:444:51)\n    at Env.describe (/home/ede/dev/github/pie-framework/math-validation/node_modules/jest-jasmine2/build/jasmine/Env.js:414:11)"
            }
          ],
          "failureMessages": [
            "TypeError: Cannot read property 'mode' of undefined\n    at optsLabel (/home/ede/dev/github/pie-framework/math-validation/src/__tests__/latex-equal.spec.ts:83:15)\n    at Suite.<anonymous> (/home/ede/dev/github/pie-framework/math-validation/src/__tests__/latex-equal.spec.ts:97:19)\n    at addSpecsToSuite (/home/ede/dev/github/pie-framework/math-validation/node_modules/jest-jasmine2/build/jasmine/Env.js:444:51)\n    at Env.describe (/home/ede/dev/github/pie-framework/math-validation/node_modules/jest-jasmine2/build/jasmine/Env.js:414:11)\n    at describe (/home/ede/dev/github/pie-framework/math-validation/node_modules/jest-jasmine2/build/jasmine/jasmineLight.js:88:18)\n    at /home/ede/dev/github/pie-framework/math-validation/src/__tests__/latex-equal.spec.ts:92:7\n    at Array.forEach (<anonymous>)\n    at Suite.<anonymous> (/home/ede/dev/github/pie-framework/math-validation/src/__tests__/latex-equal.spec.ts:73:18)\n    at addSpecsToSuite (/home/ede/dev/github/pie-framework/math-validation/node_modules/jest-jasmine2/build/jasmine/Env.js:444:51)\n    at Env.describe (/home/ede/dev/github/pie-framework/math-validation/node_modules/jest-jasmine2/build/jasmine/Env.js:414:11)"
          ],
          "fullName": "src/fixtures/latex-equal/basic-symbolic.ts [symbolic] \\sqrt{4x} encountered a declaration exception",
          "location": null,
          "numPassingAsserts": 0,
          "status": "failed",
          "title": "encountered a declaration exception"
        },
        {
          "ancestorTitles": [
            "src/fixtures/latex-equal/basic-symbolic.ts",
            "[symbolic] 1000"
          ],
          "duration": 1,
          "failureDetails": [
            {
              "actual": "",
              "error": {},
              "expected": "",
              "matcherName": "",
              "message": "TypeError: Cannot read property 'mode' of undefined",
              "passed": false,
              "stack": "TypeError: Cannot read property 'mode' of undefined\n    at optsLabel (/home/ede/dev/github/pie-framework/math-validation/src/__tests__/latex-equal.spec.ts:83:15)\n    at Suite.<anonymous> (/home/ede/dev/github/pie-framework/math-validation/src/__tests__/latex-equal.spec.ts:97:19)\n    at addSpecsToSuite (/home/ede/dev/github/pie-framework/math-validation/node_modules/jest-jasmine2/build/jasmine/Env.js:444:51)\n    at Env.describe (/home/ede/dev/github/pie-framework/math-validation/node_modules/jest-jasmine2/build/jasmine/Env.js:414:11)\n    at describe (/home/ede/dev/github/pie-framework/math-validation/node_modules/jest-jasmine2/build/jasmine/jasmineLight.js:88:18)\n    at /home/ede/dev/github/pie-framework/math-validation/src/__tests__/latex-equal.spec.ts:92:7\n    at Array.forEach (<anonymous>)\n    at Suite.<anonymous> (/home/ede/dev/github/pie-framework/math-validation/src/__tests__/latex-equal.spec.ts:73:18)\n    at addSpecsToSuite (/home/ede/dev/github/pie-framework/math-validation/node_modules/jest-jasmine2/build/jasmine/Env.js:444:51)\n    at Env.describe (/home/ede/dev/github/pie-framework/math-validation/node_modules/jest-jasmine2/build/jasmine/Env.js:414:11)"
            }
          ],
          "failureMessages": [
            "TypeError: Cannot read property 'mode' of undefined\n    at optsLabel (/home/ede/dev/github/pie-framework/math-validation/src/__tests__/latex-equal.spec.ts:83:15)\n    at Suite.<anonymous> (/home/ede/dev/github/pie-framework/math-validation/src/__tests__/latex-equal.spec.ts:97:19)\n    at addSpecsToSuite (/home/ede/dev/github/pie-framework/math-validation/node_modules/jest-jasmine2/build/jasmine/Env.js:444:51)\n    at Env.describe (/home/ede/dev/github/pie-framework/math-validation/node_modules/jest-jasmine2/build/jasmine/Env.js:414:11)\n    at describe (/home/ede/dev/github/pie-framework/math-validation/node_modules/jest-jasmine2/build/jasmine/jasmineLight.js:88:18)\n    at /home/ede/dev/github/pie-framework/math-validation/src/__tests__/latex-equal.spec.ts:92:7\n    at Array.forEach (<anonymous>)\n    at Suite.<anonymous> (/home/ede/dev/github/pie-framework/math-validation/src/__tests__/latex-equal.spec.ts:73:18)\n    at addSpecsToSuite (/home/ede/dev/github/pie-framework/math-validation/node_modules/jest-jasmine2/build/jasmine/Env.js:444:51)\n    at Env.describe (/home/ede/dev/github/pie-framework/math-validation/node_modules/jest-jasmine2/build/jasmine/Env.js:414:11)"
          ],
          "fullName": "src/fixtures/latex-equal/basic-symbolic.ts [symbolic] 1000 encountered a declaration exception",
          "location": null,
          "numPassingAsserts": 0,
          "status": "failed",
          "title": "encountered a declaration exception"
        },
        {
          "ancestorTitles": [
            "src/fixtures/latex-equal/basic-symbolic.ts",
            "[symbolic] 1,500,000"
          ],
          "duration": 0,
          "failureDetails": [
            {
              "actual": "",
              "error": {},
              "expected": "",
              "matcherName": "",
              "message": "TypeError: Cannot read property 'mode' of undefined",
              "passed": false,
              "stack": "TypeError: Cannot read property 'mode' of undefined\n    at optsLabel (/home/ede/dev/github/pie-framework/math-validation/src/__tests__/latex-equal.spec.ts:83:15)\n    at Suite.<anonymous> (/home/ede/dev/github/pie-framework/math-validation/src/__tests__/latex-equal.spec.ts:97:19)\n    at addSpecsToSuite (/home/ede/dev/github/pie-framework/math-validation/node_modules/jest-jasmine2/build/jasmine/Env.js:444:51)\n    at Env.describe (/home/ede/dev/github/pie-framework/math-validation/node_modules/jest-jasmine2/build/jasmine/Env.js:414:11)\n    at describe (/home/ede/dev/github/pie-framework/math-validation/node_modules/jest-jasmine2/build/jasmine/jasmineLight.js:88:18)\n    at /home/ede/dev/github/pie-framework/math-validation/src/__tests__/latex-equal.spec.ts:92:7\n    at Array.forEach (<anonymous>)\n    at Suite.<anonymous> (/home/ede/dev/github/pie-framework/math-validation/src/__tests__/latex-equal.spec.ts:73:18)\n    at addSpecsToSuite (/home/ede/dev/github/pie-framework/math-validation/node_modules/jest-jasmine2/build/jasmine/Env.js:444:51)\n    at Env.describe (/home/ede/dev/github/pie-framework/math-validation/node_modules/jest-jasmine2/build/jasmine/Env.js:414:11)"
            }
          ],
          "failureMessages": [
            "TypeError: Cannot read property 'mode' of undefined\n    at optsLabel (/home/ede/dev/github/pie-framework/math-validation/src/__tests__/latex-equal.spec.ts:83:15)\n    at Suite.<anonymous> (/home/ede/dev/github/pie-framework/math-validation/src/__tests__/latex-equal.spec.ts:97:19)\n    at addSpecsToSuite (/home/ede/dev/github/pie-framework/math-validation/node_modules/jest-jasmine2/build/jasmine/Env.js:444:51)\n    at Env.describe (/home/ede/dev/github/pie-framework/math-validation/node_modules/jest-jasmine2/build/jasmine/Env.js:414:11)\n    at describe (/home/ede/dev/github/pie-framework/math-validation/node_modules/jest-jasmine2/build/jasmine/jasmineLight.js:88:18)\n    at /home/ede/dev/github/pie-framework/math-validation/src/__tests__/latex-equal.spec.ts:92:7\n    at Array.forEach (<anonymous>)\n    at Suite.<anonymous> (/home/ede/dev/github/pie-framework/math-validation/src/__tests__/latex-equal.spec.ts:73:18)\n    at addSpecsToSuite (/home/ede/dev/github/pie-framework/math-validation/node_modules/jest-jasmine2/build/jasmine/Env.js:444:51)\n    at Env.describe (/home/ede/dev/github/pie-framework/math-validation/node_modules/jest-jasmine2/build/jasmine/Env.js:414:11)"
          ],
          "fullName": "src/fixtures/latex-equal/basic-symbolic.ts [symbolic] 1,500,000 encountered a declaration exception",
          "location": null,
          "numPassingAsserts": 0,
          "status": "failed",
          "title": "encountered a declaration exception"
        },
        {
          "ancestorTitles": [
            "src/fixtures/latex-equal/basic-symbolic.ts",
            "[symbolic] sin(x)"
          ],
          "duration": 1,
          "failureDetails": [
            {
              "actual": "",
              "error": {},
              "expected": "",
              "matcherName": "",
              "message": "TypeError: Cannot read property 'mode' of undefined",
              "passed": false,
              "stack": "TypeError: Cannot read property 'mode' of undefined\n    at optsLabel (/home/ede/dev/github/pie-framework/math-validation/src/__tests__/latex-equal.spec.ts:83:15)\n    at Suite.<anonymous> (/home/ede/dev/github/pie-framework/math-validation/src/__tests__/latex-equal.spec.ts:97:19)\n    at addSpecsToSuite (/home/ede/dev/github/pie-framework/math-validation/node_modules/jest-jasmine2/build/jasmine/Env.js:444:51)\n    at Env.describe (/home/ede/dev/github/pie-framework/math-validation/node_modules/jest-jasmine2/build/jasmine/Env.js:414:11)\n    at describe (/home/ede/dev/github/pie-framework/math-validation/node_modules/jest-jasmine2/build/jasmine/jasmineLight.js:88:18)\n    at /home/ede/dev/github/pie-framework/math-validation/src/__tests__/latex-equal.spec.ts:92:7\n    at Array.forEach (<anonymous>)\n    at Suite.<anonymous> (/home/ede/dev/github/pie-framework/math-validation/src/__tests__/latex-equal.spec.ts:73:18)\n    at addSpecsToSuite (/home/ede/dev/github/pie-framework/math-validation/node_modules/jest-jasmine2/build/jasmine/Env.js:444:51)\n    at Env.describe (/home/ede/dev/github/pie-framework/math-validation/node_modules/jest-jasmine2/build/jasmine/Env.js:414:11)"
            }
          ],
          "failureMessages": [
            "TypeError: Cannot read property 'mode' of undefined\n    at optsLabel (/home/ede/dev/github/pie-framework/math-validation/src/__tests__/latex-equal.spec.ts:83:15)\n    at Suite.<anonymous> (/home/ede/dev/github/pie-framework/math-validation/src/__tests__/latex-equal.spec.ts:97:19)\n    at addSpecsToSuite (/home/ede/dev/github/pie-framework/math-validation/node_modules/jest-jasmine2/build/jasmine/Env.js:444:51)\n    at Env.describe (/home/ede/dev/github/pie-framework/math-validation/node_modules/jest-jasmine2/build/jasmine/Env.js:414:11)\n    at describe (/home/ede/dev/github/pie-framework/math-validation/node_modules/jest-jasmine2/build/jasmine/jasmineLight.js:88:18)\n    at /home/ede/dev/github/pie-framework/math-validation/src/__tests__/latex-equal.spec.ts:92:7\n    at Array.forEach (<anonymous>)\n    at Suite.<anonymous> (/home/ede/dev/github/pie-framework/math-validation/src/__tests__/latex-equal.spec.ts:73:18)\n    at addSpecsToSuite (/home/ede/dev/github/pie-framework/math-validation/node_modules/jest-jasmine2/build/jasmine/Env.js:444:51)\n    at Env.describe (/home/ede/dev/github/pie-framework/math-validation/node_modules/jest-jasmine2/build/jasmine/Env.js:414:11)"
          ],
          "fullName": "src/fixtures/latex-equal/basic-symbolic.ts [symbolic] sin(x) encountered a declaration exception",
          "location": null,
          "numPassingAsserts": 0,
          "status": "failed",
          "title": "encountered a declaration exception"
        },
        {
          "ancestorTitles": [
            "src/fixtures/latex-equal/basic-symbolic.ts",
            "[symbolic] tan(x)"
          ],
          "duration": 0,
          "failureDetails": [
            {
              "actual": "",
              "error": {},
              "expected": "",
              "matcherName": "",
              "message": "TypeError: Cannot read property 'mode' of undefined",
              "passed": false,
              "stack": "TypeError: Cannot read property 'mode' of undefined\n    at optsLabel (/home/ede/dev/github/pie-framework/math-validation/src/__tests__/latex-equal.spec.ts:83:15)\n    at Suite.<anonymous> (/home/ede/dev/github/pie-framework/math-validation/src/__tests__/latex-equal.spec.ts:97:19)\n    at addSpecsToSuite (/home/ede/dev/github/pie-framework/math-validation/node_modules/jest-jasmine2/build/jasmine/Env.js:444:51)\n    at Env.describe (/home/ede/dev/github/pie-framework/math-validation/node_modules/jest-jasmine2/build/jasmine/Env.js:414:11)\n    at describe (/home/ede/dev/github/pie-framework/math-validation/node_modules/jest-jasmine2/build/jasmine/jasmineLight.js:88:18)\n    at /home/ede/dev/github/pie-framework/math-validation/src/__tests__/latex-equal.spec.ts:92:7\n    at Array.forEach (<anonymous>)\n    at Suite.<anonymous> (/home/ede/dev/github/pie-framework/math-validation/src/__tests__/latex-equal.spec.ts:73:18)\n    at addSpecsToSuite (/home/ede/dev/github/pie-framework/math-validation/node_modules/jest-jasmine2/build/jasmine/Env.js:444:51)\n    at Env.describe (/home/ede/dev/github/pie-framework/math-validation/node_modules/jest-jasmine2/build/jasmine/Env.js:414:11)"
            }
          ],
          "failureMessages": [
            "TypeError: Cannot read property 'mode' of undefined\n    at optsLabel (/home/ede/dev/github/pie-framework/math-validation/src/__tests__/latex-equal.spec.ts:83:15)\n    at Suite.<anonymous> (/home/ede/dev/github/pie-framework/math-validation/src/__tests__/latex-equal.spec.ts:97:19)\n    at addSpecsToSuite (/home/ede/dev/github/pie-framework/math-validation/node_modules/jest-jasmine2/build/jasmine/Env.js:444:51)\n    at Env.describe (/home/ede/dev/github/pie-framework/math-validation/node_modules/jest-jasmine2/build/jasmine/Env.js:414:11)\n    at describe (/home/ede/dev/github/pie-framework/math-validation/node_modules/jest-jasmine2/build/jasmine/jasmineLight.js:88:18)\n    at /home/ede/dev/github/pie-framework/math-validation/src/__tests__/latex-equal.spec.ts:92:7\n    at Array.forEach (<anonymous>)\n    at Suite.<anonymous> (/home/ede/dev/github/pie-framework/math-validation/src/__tests__/latex-equal.spec.ts:73:18)\n    at addSpecsToSuite (/home/ede/dev/github/pie-framework/math-validation/node_modules/jest-jasmine2/build/jasmine/Env.js:444:51)\n    at Env.describe (/home/ede/dev/github/pie-framework/math-validation/node_modules/jest-jasmine2/build/jasmine/Env.js:414:11)"
          ],
          "fullName": "src/fixtures/latex-equal/basic-symbolic.ts [symbolic] tan(x) encountered a declaration exception",
          "location": null,
          "numPassingAsserts": 0,
          "status": "failed",
          "title": "encountered a declaration exception"
        },
        {
          "ancestorTitles": [
            "src/fixtures/latex-equal/basic-symbolic.ts",
            "[symbolic] f^{-1}\\left(x\\right)=\\sqrt{x-1}+3"
          ],
          "duration": 0,
          "failureDetails": [
            {
              "actual": "",
              "error": {},
              "expected": "",
              "matcherName": "",
              "message": "TypeError: Cannot read property 'mode' of undefined",
              "passed": false,
              "stack": "TypeError: Cannot read property 'mode' of undefined\n    at optsLabel (/home/ede/dev/github/pie-framework/math-validation/src/__tests__/latex-equal.spec.ts:83:15)\n    at Suite.<anonymous> (/home/ede/dev/github/pie-framework/math-validation/src/__tests__/latex-equal.spec.ts:97:19)\n    at addSpecsToSuite (/home/ede/dev/github/pie-framework/math-validation/node_modules/jest-jasmine2/build/jasmine/Env.js:444:51)\n    at Env.describe (/home/ede/dev/github/pie-framework/math-validation/node_modules/jest-jasmine2/build/jasmine/Env.js:414:11)\n    at describe (/home/ede/dev/github/pie-framework/math-validation/node_modules/jest-jasmine2/build/jasmine/jasmineLight.js:88:18)\n    at /home/ede/dev/github/pie-framework/math-validation/src/__tests__/latex-equal.spec.ts:92:7\n    at Array.forEach (<anonymous>)\n    at Suite.<anonymous> (/home/ede/dev/github/pie-framework/math-validation/src/__tests__/latex-equal.spec.ts:73:18)\n    at addSpecsToSuite (/home/ede/dev/github/pie-framework/math-validation/node_modules/jest-jasmine2/build/jasmine/Env.js:444:51)\n    at Env.describe (/home/ede/dev/github/pie-framework/math-validation/node_modules/jest-jasmine2/build/jasmine/Env.js:414:11)"
            }
          ],
          "failureMessages": [
            "TypeError: Cannot read property 'mode' of undefined\n    at optsLabel (/home/ede/dev/github/pie-framework/math-validation/src/__tests__/latex-equal.spec.ts:83:15)\n    at Suite.<anonymous> (/home/ede/dev/github/pie-framework/math-validation/src/__tests__/latex-equal.spec.ts:97:19)\n    at addSpecsToSuite (/home/ede/dev/github/pie-framework/math-validation/node_modules/jest-jasmine2/build/jasmine/Env.js:444:51)\n    at Env.describe (/home/ede/dev/github/pie-framework/math-validation/node_modules/jest-jasmine2/build/jasmine/Env.js:414:11)\n    at describe (/home/ede/dev/github/pie-framework/math-validation/node_modules/jest-jasmine2/build/jasmine/jasmineLight.js:88:18)\n    at /home/ede/dev/github/pie-framework/math-validation/src/__tests__/latex-equal.spec.ts:92:7\n    at Array.forEach (<anonymous>)\n    at Suite.<anonymous> (/home/ede/dev/github/pie-framework/math-validation/src/__tests__/latex-equal.spec.ts:73:18)\n    at addSpecsToSuite (/home/ede/dev/github/pie-framework/math-validation/node_modules/jest-jasmine2/build/jasmine/Env.js:444:51)\n    at Env.describe (/home/ede/dev/github/pie-framework/math-validation/node_modules/jest-jasmine2/build/jasmine/Env.js:414:11)"
          ],
          "fullName": "src/fixtures/latex-equal/basic-symbolic.ts [symbolic] f^{-1}\\left(x\\right)=\\sqrt{x-1}+3 encountered a declaration exception",
          "location": null,
          "numPassingAsserts": 0,
          "status": "failed",
          "title": "encountered a declaration exception"
        },
        {
          "ancestorTitles": [
            "src/fixtures/latex-equal/basic-symbolic.ts",
            "[symbolic] 72\\div12=6\\text{eggs}"
          ],
          "duration": 1,
          "failureDetails": [
            {
              "actual": "",
              "error": {},
              "expected": "",
              "matcherName": "",
              "message": "TypeError: Cannot read property 'mode' of undefined",
              "passed": false,
              "stack": "TypeError: Cannot read property 'mode' of undefined\n    at optsLabel (/home/ede/dev/github/pie-framework/math-validation/src/__tests__/latex-equal.spec.ts:83:15)\n    at Suite.<anonymous> (/home/ede/dev/github/pie-framework/math-validation/src/__tests__/latex-equal.spec.ts:97:19)\n    at addSpecsToSuite (/home/ede/dev/github/pie-framework/math-validation/node_modules/jest-jasmine2/build/jasmine/Env.js:444:51)\n    at Env.describe (/home/ede/dev/github/pie-framework/math-validation/node_modules/jest-jasmine2/build/jasmine/Env.js:414:11)\n    at describe (/home/ede/dev/github/pie-framework/math-validation/node_modules/jest-jasmine2/build/jasmine/jasmineLight.js:88:18)\n    at /home/ede/dev/github/pie-framework/math-validation/src/__tests__/latex-equal.spec.ts:92:7\n    at Array.forEach (<anonymous>)\n    at Suite.<anonymous> (/home/ede/dev/github/pie-framework/math-validation/src/__tests__/latex-equal.spec.ts:73:18)\n    at addSpecsToSuite (/home/ede/dev/github/pie-framework/math-validation/node_modules/jest-jasmine2/build/jasmine/Env.js:444:51)\n    at Env.describe (/home/ede/dev/github/pie-framework/math-validation/node_modules/jest-jasmine2/build/jasmine/Env.js:414:11)"
            }
          ],
          "failureMessages": [
            "TypeError: Cannot read property 'mode' of undefined\n    at optsLabel (/home/ede/dev/github/pie-framework/math-validation/src/__tests__/latex-equal.spec.ts:83:15)\n    at Suite.<anonymous> (/home/ede/dev/github/pie-framework/math-validation/src/__tests__/latex-equal.spec.ts:97:19)\n    at addSpecsToSuite (/home/ede/dev/github/pie-framework/math-validation/node_modules/jest-jasmine2/build/jasmine/Env.js:444:51)\n    at Env.describe (/home/ede/dev/github/pie-framework/math-validation/node_modules/jest-jasmine2/build/jasmine/Env.js:414:11)\n    at describe (/home/ede/dev/github/pie-framework/math-validation/node_modules/jest-jasmine2/build/jasmine/jasmineLight.js:88:18)\n    at /home/ede/dev/github/pie-framework/math-validation/src/__tests__/latex-equal.spec.ts:92:7\n    at Array.forEach (<anonymous>)\n    at Suite.<anonymous> (/home/ede/dev/github/pie-framework/math-validation/src/__tests__/latex-equal.spec.ts:73:18)\n    at addSpecsToSuite (/home/ede/dev/github/pie-framework/math-validation/node_modules/jest-jasmine2/build/jasmine/Env.js:444:51)\n    at Env.describe (/home/ede/dev/github/pie-framework/math-validation/node_modules/jest-jasmine2/build/jasmine/Env.js:414:11)"
          ],
          "fullName": "src/fixtures/latex-equal/basic-symbolic.ts [symbolic] 72\\div12=6\\text{eggs} encountered a declaration exception",
          "location": null,
          "numPassingAsserts": 0,
          "status": "failed",
          "title": "encountered a declaration exception"
        },
        {
          "ancestorTitles": [
            "src/fixtures/latex-equal/basic-symbolic.ts",
            "[symbolic] \\left(x\\right)^{ \\frac{1}{\\left(y + 3\\right)}}"
          ],
          "duration": 0,
          "failureDetails": [
            {
              "actual": "",
              "error": {},
              "expected": "",
              "matcherName": "",
              "message": "TypeError: Cannot read property 'mode' of undefined",
              "passed": false,
              "stack": "TypeError: Cannot read property 'mode' of undefined\n    at optsLabel (/home/ede/dev/github/pie-framework/math-validation/src/__tests__/latex-equal.spec.ts:83:15)\n    at Suite.<anonymous> (/home/ede/dev/github/pie-framework/math-validation/src/__tests__/latex-equal.spec.ts:97:19)\n    at addSpecsToSuite (/home/ede/dev/github/pie-framework/math-validation/node_modules/jest-jasmine2/build/jasmine/Env.js:444:51)\n    at Env.describe (/home/ede/dev/github/pie-framework/math-validation/node_modules/jest-jasmine2/build/jasmine/Env.js:414:11)\n    at describe (/home/ede/dev/github/pie-framework/math-validation/node_modules/jest-jasmine2/build/jasmine/jasmineLight.js:88:18)\n    at /home/ede/dev/github/pie-framework/math-validation/src/__tests__/latex-equal.spec.ts:92:7\n    at Array.forEach (<anonymous>)\n    at Suite.<anonymous> (/home/ede/dev/github/pie-framework/math-validation/src/__tests__/latex-equal.spec.ts:73:18)\n    at addSpecsToSuite (/home/ede/dev/github/pie-framework/math-validation/node_modules/jest-jasmine2/build/jasmine/Env.js:444:51)\n    at Env.describe (/home/ede/dev/github/pie-framework/math-validation/node_modules/jest-jasmine2/build/jasmine/Env.js:414:11)"
            }
          ],
          "failureMessages": [
            "TypeError: Cannot read property 'mode' of undefined\n    at optsLabel (/home/ede/dev/github/pie-framework/math-validation/src/__tests__/latex-equal.spec.ts:83:15)\n    at Suite.<anonymous> (/home/ede/dev/github/pie-framework/math-validation/src/__tests__/latex-equal.spec.ts:97:19)\n    at addSpecsToSuite (/home/ede/dev/github/pie-framework/math-validation/node_modules/jest-jasmine2/build/jasmine/Env.js:444:51)\n    at Env.describe (/home/ede/dev/github/pie-framework/math-validation/node_modules/jest-jasmine2/build/jasmine/Env.js:414:11)\n    at describe (/home/ede/dev/github/pie-framework/math-validation/node_modules/jest-jasmine2/build/jasmine/jasmineLight.js:88:18)\n    at /home/ede/dev/github/pie-framework/math-validation/src/__tests__/latex-equal.spec.ts:92:7\n    at Array.forEach (<anonymous>)\n    at Suite.<anonymous> (/home/ede/dev/github/pie-framework/math-validation/src/__tests__/latex-equal.spec.ts:73:18)\n    at addSpecsToSuite (/home/ede/dev/github/pie-framework/math-validation/node_modules/jest-jasmine2/build/jasmine/Env.js:444:51)\n    at Env.describe (/home/ede/dev/github/pie-framework/math-validation/node_modules/jest-jasmine2/build/jasmine/Env.js:414:11)"
          ],
          "fullName": "src/fixtures/latex-equal/basic-symbolic.ts [symbolic] \\left(x\\right)^{ \\frac{1}{\\left(y + 3\\right)}} encountered a declaration exception",
          "location": null,
          "numPassingAsserts": 0,
          "status": "failed",
          "title": "encountered a declaration exception"
        },
        {
          "ancestorTitles": [
            "src/fixtures/latex-equal/basic-symbolic.ts",
            "[symbolic] \\left(x\\right)^{\\frac{1}{3}}"
          ],
          "duration": 0,
          "failureDetails": [
            {
              "actual": "",
              "error": {},
              "expected": "",
              "matcherName": "",
              "message": "TypeError: Cannot read property 'mode' of undefined",
              "passed": false,
              "stack": "TypeError: Cannot read property 'mode' of undefined\n    at optsLabel (/home/ede/dev/github/pie-framework/math-validation/src/__tests__/latex-equal.spec.ts:83:15)\n    at Suite.<anonymous> (/home/ede/dev/github/pie-framework/math-validation/src/__tests__/latex-equal.spec.ts:97:19)\n    at addSpecsToSuite (/home/ede/dev/github/pie-framework/math-validation/node_modules/jest-jasmine2/build/jasmine/Env.js:444:51)\n    at Env.describe (/home/ede/dev/github/pie-framework/math-validation/node_modules/jest-jasmine2/build/jasmine/Env.js:414:11)\n    at describe (/home/ede/dev/github/pie-framework/math-validation/node_modules/jest-jasmine2/build/jasmine/jasmineLight.js:88:18)\n    at /home/ede/dev/github/pie-framework/math-validation/src/__tests__/latex-equal.spec.ts:92:7\n    at Array.forEach (<anonymous>)\n    at Suite.<anonymous> (/home/ede/dev/github/pie-framework/math-validation/src/__tests__/latex-equal.spec.ts:73:18)\n    at addSpecsToSuite (/home/ede/dev/github/pie-framework/math-validation/node_modules/jest-jasmine2/build/jasmine/Env.js:444:51)\n    at Env.describe (/home/ede/dev/github/pie-framework/math-validation/node_modules/jest-jasmine2/build/jasmine/Env.js:414:11)"
            }
          ],
          "failureMessages": [
            "TypeError: Cannot read property 'mode' of undefined\n    at optsLabel (/home/ede/dev/github/pie-framework/math-validation/src/__tests__/latex-equal.spec.ts:83:15)\n    at Suite.<anonymous> (/home/ede/dev/github/pie-framework/math-validation/src/__tests__/latex-equal.spec.ts:97:19)\n    at addSpecsToSuite (/home/ede/dev/github/pie-framework/math-validation/node_modules/jest-jasmine2/build/jasmine/Env.js:444:51)\n    at Env.describe (/home/ede/dev/github/pie-framework/math-validation/node_modules/jest-jasmine2/build/jasmine/Env.js:414:11)\n    at describe (/home/ede/dev/github/pie-framework/math-validation/node_modules/jest-jasmine2/build/jasmine/jasmineLight.js:88:18)\n    at /home/ede/dev/github/pie-framework/math-validation/src/__tests__/latex-equal.spec.ts:92:7\n    at Array.forEach (<anonymous>)\n    at Suite.<anonymous> (/home/ede/dev/github/pie-framework/math-validation/src/__tests__/latex-equal.spec.ts:73:18)\n    at addSpecsToSuite (/home/ede/dev/github/pie-framework/math-validation/node_modules/jest-jasmine2/build/jasmine/Env.js:444:51)\n    at Env.describe (/home/ede/dev/github/pie-framework/math-validation/node_modules/jest-jasmine2/build/jasmine/Env.js:414:11)"
          ],
          "fullName": "src/fixtures/latex-equal/basic-symbolic.ts [symbolic] \\left(x\\right)^{\\frac{1}{3}} encountered a declaration exception",
          "location": null,
          "numPassingAsserts": 0,
          "status": "failed",
          "title": "encountered a declaration exception"
        },
        {
          "ancestorTitles": [
            "src/fixtures/latex-equal/basic-symbolic.ts",
            "[symbolic] \\left(x\\right)^{\\frac{1}{n}}"
          ],
          "duration": 1,
          "failureDetails": [
            {
              "actual": "",
              "error": {},
              "expected": "",
              "matcherName": "",
              "message": "TypeError: Cannot read property 'mode' of undefined",
              "passed": false,
              "stack": "TypeError: Cannot read property 'mode' of undefined\n    at optsLabel (/home/ede/dev/github/pie-framework/math-validation/src/__tests__/latex-equal.spec.ts:83:15)\n    at Suite.<anonymous> (/home/ede/dev/github/pie-framework/math-validation/src/__tests__/latex-equal.spec.ts:97:19)\n    at addSpecsToSuite (/home/ede/dev/github/pie-framework/math-validation/node_modules/jest-jasmine2/build/jasmine/Env.js:444:51)\n    at Env.describe (/home/ede/dev/github/pie-framework/math-validation/node_modules/jest-jasmine2/build/jasmine/Env.js:414:11)\n    at describe (/home/ede/dev/github/pie-framework/math-validation/node_modules/jest-jasmine2/build/jasmine/jasmineLight.js:88:18)\n    at /home/ede/dev/github/pie-framework/math-validation/src/__tests__/latex-equal.spec.ts:92:7\n    at Array.forEach (<anonymous>)\n    at Suite.<anonymous> (/home/ede/dev/github/pie-framework/math-validation/src/__tests__/latex-equal.spec.ts:73:18)\n    at addSpecsToSuite (/home/ede/dev/github/pie-framework/math-validation/node_modules/jest-jasmine2/build/jasmine/Env.js:444:51)\n    at Env.describe (/home/ede/dev/github/pie-framework/math-validation/node_modules/jest-jasmine2/build/jasmine/Env.js:414:11)"
            }
          ],
          "failureMessages": [
            "TypeError: Cannot read property 'mode' of undefined\n    at optsLabel (/home/ede/dev/github/pie-framework/math-validation/src/__tests__/latex-equal.spec.ts:83:15)\n    at Suite.<anonymous> (/home/ede/dev/github/pie-framework/math-validation/src/__tests__/latex-equal.spec.ts:97:19)\n    at addSpecsToSuite (/home/ede/dev/github/pie-framework/math-validation/node_modules/jest-jasmine2/build/jasmine/Env.js:444:51)\n    at Env.describe (/home/ede/dev/github/pie-framework/math-validation/node_modules/jest-jasmine2/build/jasmine/Env.js:414:11)\n    at describe (/home/ede/dev/github/pie-framework/math-validation/node_modules/jest-jasmine2/build/jasmine/jasmineLight.js:88:18)\n    at /home/ede/dev/github/pie-framework/math-validation/src/__tests__/latex-equal.spec.ts:92:7\n    at Array.forEach (<anonymous>)\n    at Suite.<anonymous> (/home/ede/dev/github/pie-framework/math-validation/src/__tests__/latex-equal.spec.ts:73:18)\n    at addSpecsToSuite (/home/ede/dev/github/pie-framework/math-validation/node_modules/jest-jasmine2/build/jasmine/Env.js:444:51)\n    at Env.describe (/home/ede/dev/github/pie-framework/math-validation/node_modules/jest-jasmine2/build/jasmine/Env.js:414:11)"
          ],
          "fullName": "src/fixtures/latex-equal/basic-symbolic.ts [symbolic] \\left(x\\right)^{\\frac{1}{n}} encountered a declaration exception",
          "location": null,
          "numPassingAsserts": 0,
          "status": "failed",
          "title": "encountered a declaration exception"
        },
        {
          "ancestorTitles": [
            "src/fixtures/latex-equal/basic-symbolic.ts",
            "[symbolic] \\left(x\\right)^{\\frac{1}{n}}"
          ],
          "duration": 0,
          "failureDetails": [
            {
              "actual": "",
              "error": {},
              "expected": "",
              "matcherName": "",
              "message": "TypeError: Cannot read property 'mode' of undefined",
              "passed": false,
              "stack": "TypeError: Cannot read property 'mode' of undefined\n    at optsLabel (/home/ede/dev/github/pie-framework/math-validation/src/__tests__/latex-equal.spec.ts:83:15)\n    at Suite.<anonymous> (/home/ede/dev/github/pie-framework/math-validation/src/__tests__/latex-equal.spec.ts:97:19)\n    at addSpecsToSuite (/home/ede/dev/github/pie-framework/math-validation/node_modules/jest-jasmine2/build/jasmine/Env.js:444:51)\n    at Env.describe (/home/ede/dev/github/pie-framework/math-validation/node_modules/jest-jasmine2/build/jasmine/Env.js:414:11)\n    at describe (/home/ede/dev/github/pie-framework/math-validation/node_modules/jest-jasmine2/build/jasmine/jasmineLight.js:88:18)\n    at /home/ede/dev/github/pie-framework/math-validation/src/__tests__/latex-equal.spec.ts:92:7\n    at Array.forEach (<anonymous>)\n    at Suite.<anonymous> (/home/ede/dev/github/pie-framework/math-validation/src/__tests__/latex-equal.spec.ts:73:18)\n    at addSpecsToSuite (/home/ede/dev/github/pie-framework/math-validation/node_modules/jest-jasmine2/build/jasmine/Env.js:444:51)\n    at Env.describe (/home/ede/dev/github/pie-framework/math-validation/node_modules/jest-jasmine2/build/jasmine/Env.js:414:11)"
            }
          ],
          "failureMessages": [
            "TypeError: Cannot read property 'mode' of undefined\n    at optsLabel (/home/ede/dev/github/pie-framework/math-validation/src/__tests__/latex-equal.spec.ts:83:15)\n    at Suite.<anonymous> (/home/ede/dev/github/pie-framework/math-validation/src/__tests__/latex-equal.spec.ts:97:19)\n    at addSpecsToSuite (/home/ede/dev/github/pie-framework/math-validation/node_modules/jest-jasmine2/build/jasmine/Env.js:444:51)\n    at Env.describe (/home/ede/dev/github/pie-framework/math-validation/node_modules/jest-jasmine2/build/jasmine/Env.js:414:11)\n    at describe (/home/ede/dev/github/pie-framework/math-validation/node_modules/jest-jasmine2/build/jasmine/jasmineLight.js:88:18)\n    at /home/ede/dev/github/pie-framework/math-validation/src/__tests__/latex-equal.spec.ts:92:7\n    at Array.forEach (<anonymous>)\n    at Suite.<anonymous> (/home/ede/dev/github/pie-framework/math-validation/src/__tests__/latex-equal.spec.ts:73:18)\n    at addSpecsToSuite (/home/ede/dev/github/pie-framework/math-validation/node_modules/jest-jasmine2/build/jasmine/Env.js:444:51)\n    at Env.describe (/home/ede/dev/github/pie-framework/math-validation/node_modules/jest-jasmine2/build/jasmine/Env.js:414:11)"
          ],
          "fullName": "src/fixtures/latex-equal/basic-symbolic.ts [symbolic] \\left(x\\right)^{\\frac{1}{n}} encountered a declaration exception",
          "location": null,
          "numPassingAsserts": 0,
          "status": "failed",
          "title": "encountered a declaration exception"
        },
        {
          "ancestorTitles": [
            "src/fixtures/latex-equal/basic-symbolic.ts",
            "[symbolic] \\left(x\\right)^{\\frac{1}{2}}"
          ],
          "duration": 0,
          "failureDetails": [
            {
              "actual": "",
              "error": {},
              "expected": "",
              "matcherName": "",
              "message": "TypeError: Cannot read property 'mode' of undefined",
              "passed": false,
              "stack": "TypeError: Cannot read property 'mode' of undefined\n    at optsLabel (/home/ede/dev/github/pie-framework/math-validation/src/__tests__/latex-equal.spec.ts:83:15)\n    at Suite.<anonymous> (/home/ede/dev/github/pie-framework/math-validation/src/__tests__/latex-equal.spec.ts:97:19)\n    at addSpecsToSuite (/home/ede/dev/github/pie-framework/math-validation/node_modules/jest-jasmine2/build/jasmine/Env.js:444:51)\n    at Env.describe (/home/ede/dev/github/pie-framework/math-validation/node_modules/jest-jasmine2/build/jasmine/Env.js:414:11)\n    at describe (/home/ede/dev/github/pie-framework/math-validation/node_modules/jest-jasmine2/build/jasmine/jasmineLight.js:88:18)\n    at /home/ede/dev/github/pie-framework/math-validation/src/__tests__/latex-equal.spec.ts:92:7\n    at Array.forEach (<anonymous>)\n    at Suite.<anonymous> (/home/ede/dev/github/pie-framework/math-validation/src/__tests__/latex-equal.spec.ts:73:18)\n    at addSpecsToSuite (/home/ede/dev/github/pie-framework/math-validation/node_modules/jest-jasmine2/build/jasmine/Env.js:444:51)\n    at Env.describe (/home/ede/dev/github/pie-framework/math-validation/node_modules/jest-jasmine2/build/jasmine/Env.js:414:11)"
            }
          ],
          "failureMessages": [
            "TypeError: Cannot read property 'mode' of undefined\n    at optsLabel (/home/ede/dev/github/pie-framework/math-validation/src/__tests__/latex-equal.spec.ts:83:15)\n    at Suite.<anonymous> (/home/ede/dev/github/pie-framework/math-validation/src/__tests__/latex-equal.spec.ts:97:19)\n    at addSpecsToSuite (/home/ede/dev/github/pie-framework/math-validation/node_modules/jest-jasmine2/build/jasmine/Env.js:444:51)\n    at Env.describe (/home/ede/dev/github/pie-framework/math-validation/node_modules/jest-jasmine2/build/jasmine/Env.js:414:11)\n    at describe (/home/ede/dev/github/pie-framework/math-validation/node_modules/jest-jasmine2/build/jasmine/jasmineLight.js:88:18)\n    at /home/ede/dev/github/pie-framework/math-validation/src/__tests__/latex-equal.spec.ts:92:7\n    at Array.forEach (<anonymous>)\n    at Suite.<anonymous> (/home/ede/dev/github/pie-framework/math-validation/src/__tests__/latex-equal.spec.ts:73:18)\n    at addSpecsToSuite (/home/ede/dev/github/pie-framework/math-validation/node_modules/jest-jasmine2/build/jasmine/Env.js:444:51)\n    at Env.describe (/home/ede/dev/github/pie-framework/math-validation/node_modules/jest-jasmine2/build/jasmine/Env.js:414:11)"
          ],
          "fullName": "src/fixtures/latex-equal/basic-symbolic.ts [symbolic] \\left(x\\right)^{\\frac{1}{2}} encountered a declaration exception",
          "location": null,
          "numPassingAsserts": 0,
          "status": "failed",
          "title": "encountered a declaration exception"
        },
        {
          "ancestorTitles": [
            "src/fixtures/latex-equal/basic-symbolic.ts",
            "[symbolic] \\left(x-1\\right)^{\\frac{1}{2}}+3"
          ],
          "duration": 1,
          "failureDetails": [
            {
              "actual": "",
              "error": {},
              "expected": "",
              "matcherName": "",
              "message": "TypeError: Cannot read property 'mode' of undefined",
              "passed": false,
              "stack": "TypeError: Cannot read property 'mode' of undefined\n    at optsLabel (/home/ede/dev/github/pie-framework/math-validation/src/__tests__/latex-equal.spec.ts:83:15)\n    at Suite.<anonymous> (/home/ede/dev/github/pie-framework/math-validation/src/__tests__/latex-equal.spec.ts:97:19)\n    at addSpecsToSuite (/home/ede/dev/github/pie-framework/math-validation/node_modules/jest-jasmine2/build/jasmine/Env.js:444:51)\n    at Env.describe (/home/ede/dev/github/pie-framework/math-validation/node_modules/jest-jasmine2/build/jasmine/Env.js:414:11)\n    at describe (/home/ede/dev/github/pie-framework/math-validation/node_modules/jest-jasmine2/build/jasmine/jasmineLight.js:88:18)\n    at /home/ede/dev/github/pie-framework/math-validation/src/__tests__/latex-equal.spec.ts:92:7\n    at Array.forEach (<anonymous>)\n    at Suite.<anonymous> (/home/ede/dev/github/pie-framework/math-validation/src/__tests__/latex-equal.spec.ts:73:18)\n    at addSpecsToSuite (/home/ede/dev/github/pie-framework/math-validation/node_modules/jest-jasmine2/build/jasmine/Env.js:444:51)\n    at Env.describe (/home/ede/dev/github/pie-framework/math-validation/node_modules/jest-jasmine2/build/jasmine/Env.js:414:11)"
            }
          ],
          "failureMessages": [
            "TypeError: Cannot read property 'mode' of undefined\n    at optsLabel (/home/ede/dev/github/pie-framework/math-validation/src/__tests__/latex-equal.spec.ts:83:15)\n    at Suite.<anonymous> (/home/ede/dev/github/pie-framework/math-validation/src/__tests__/latex-equal.spec.ts:97:19)\n    at addSpecsToSuite (/home/ede/dev/github/pie-framework/math-validation/node_modules/jest-jasmine2/build/jasmine/Env.js:444:51)\n    at Env.describe (/home/ede/dev/github/pie-framework/math-validation/node_modules/jest-jasmine2/build/jasmine/Env.js:414:11)\n    at describe (/home/ede/dev/github/pie-framework/math-validation/node_modules/jest-jasmine2/build/jasmine/jasmineLight.js:88:18)\n    at /home/ede/dev/github/pie-framework/math-validation/src/__tests__/latex-equal.spec.ts:92:7\n    at Array.forEach (<anonymous>)\n    at Suite.<anonymous> (/home/ede/dev/github/pie-framework/math-validation/src/__tests__/latex-equal.spec.ts:73:18)\n    at addSpecsToSuite (/home/ede/dev/github/pie-framework/math-validation/node_modules/jest-jasmine2/build/jasmine/Env.js:444:51)\n    at Env.describe (/home/ede/dev/github/pie-framework/math-validation/node_modules/jest-jasmine2/build/jasmine/Env.js:414:11)"
          ],
          "fullName": "src/fixtures/latex-equal/basic-symbolic.ts [symbolic] \\left(x-1\\right)^{\\frac{1}{2}}+3 encountered a declaration exception",
          "location": null,
          "numPassingAsserts": 0,
          "status": "failed",
          "title": "encountered a declaration exception"
        },
        {
          "ancestorTitles": [
            "src/fixtures/latex-equal/basic-symbolic.ts",
            "[symbolic] f^{-1}\\left(x\\right)=\\left(x-1\\right)^{\\frac{1}{2}}+3"
          ],
          "duration": 0,
          "failureDetails": [
            {
              "actual": "",
              "error": {},
              "expected": "",
              "matcherName": "",
              "message": "TypeError: Cannot read property 'mode' of undefined",
              "passed": false,
              "stack": "TypeError: Cannot read property 'mode' of undefined\n    at optsLabel (/home/ede/dev/github/pie-framework/math-validation/src/__tests__/latex-equal.spec.ts:83:15)\n    at Suite.<anonymous> (/home/ede/dev/github/pie-framework/math-validation/src/__tests__/latex-equal.spec.ts:97:19)\n    at addSpecsToSuite (/home/ede/dev/github/pie-framework/math-validation/node_modules/jest-jasmine2/build/jasmine/Env.js:444:51)\n    at Env.describe (/home/ede/dev/github/pie-framework/math-validation/node_modules/jest-jasmine2/build/jasmine/Env.js:414:11)\n    at describe (/home/ede/dev/github/pie-framework/math-validation/node_modules/jest-jasmine2/build/jasmine/jasmineLight.js:88:18)\n    at /home/ede/dev/github/pie-framework/math-validation/src/__tests__/latex-equal.spec.ts:92:7\n    at Array.forEach (<anonymous>)\n    at Suite.<anonymous> (/home/ede/dev/github/pie-framework/math-validation/src/__tests__/latex-equal.spec.ts:73:18)\n    at addSpecsToSuite (/home/ede/dev/github/pie-framework/math-validation/node_modules/jest-jasmine2/build/jasmine/Env.js:444:51)\n    at Env.describe (/home/ede/dev/github/pie-framework/math-validation/node_modules/jest-jasmine2/build/jasmine/Env.js:414:11)"
            }
          ],
          "failureMessages": [
            "TypeError: Cannot read property 'mode' of undefined\n    at optsLabel (/home/ede/dev/github/pie-framework/math-validation/src/__tests__/latex-equal.spec.ts:83:15)\n    at Suite.<anonymous> (/home/ede/dev/github/pie-framework/math-validation/src/__tests__/latex-equal.spec.ts:97:19)\n    at addSpecsToSuite (/home/ede/dev/github/pie-framework/math-validation/node_modules/jest-jasmine2/build/jasmine/Env.js:444:51)\n    at Env.describe (/home/ede/dev/github/pie-framework/math-validation/node_modules/jest-jasmine2/build/jasmine/Env.js:414:11)\n    at describe (/home/ede/dev/github/pie-framework/math-validation/node_modules/jest-jasmine2/build/jasmine/jasmineLight.js:88:18)\n    at /home/ede/dev/github/pie-framework/math-validation/src/__tests__/latex-equal.spec.ts:92:7\n    at Array.forEach (<anonymous>)\n    at Suite.<anonymous> (/home/ede/dev/github/pie-framework/math-validation/src/__tests__/latex-equal.spec.ts:73:18)\n    at addSpecsToSuite (/home/ede/dev/github/pie-framework/math-validation/node_modules/jest-jasmine2/build/jasmine/Env.js:444:51)\n    at Env.describe (/home/ede/dev/github/pie-framework/math-validation/node_modules/jest-jasmine2/build/jasmine/Env.js:414:11)"
          ],
          "fullName": "src/fixtures/latex-equal/basic-symbolic.ts [symbolic] f^{-1}\\left(x\\right)=\\left(x-1\\right)^{\\frac{1}{2}}+3 encountered a declaration exception",
          "location": null,
          "numPassingAsserts": 0,
          "status": "failed",
          "title": "encountered a declaration exception"
        },
        {
          "ancestorTitles": [
            "src/fixtures/latex-equal/fractions-symbolic.ts",
            "[symbolic] \\frac{x}{12}\\times7\\text{dollars}"
          ],
          "duration": 0,
          "failureDetails": [
            {
              "actual": "",
              "error": {},
              "expected": "",
              "matcherName": "",
              "message": "TypeError: Cannot read property 'mode' of undefined",
              "passed": false,
              "stack": "TypeError: Cannot read property 'mode' of undefined\n    at optsLabel (/home/ede/dev/github/pie-framework/math-validation/src/__tests__/latex-equal.spec.ts:83:15)\n    at Suite.<anonymous> (/home/ede/dev/github/pie-framework/math-validation/src/__tests__/latex-equal.spec.ts:97:19)\n    at addSpecsToSuite (/home/ede/dev/github/pie-framework/math-validation/node_modules/jest-jasmine2/build/jasmine/Env.js:444:51)\n    at Env.describe (/home/ede/dev/github/pie-framework/math-validation/node_modules/jest-jasmine2/build/jasmine/Env.js:414:11)\n    at describe (/home/ede/dev/github/pie-framework/math-validation/node_modules/jest-jasmine2/build/jasmine/jasmineLight.js:88:18)\n    at /home/ede/dev/github/pie-framework/math-validation/src/__tests__/latex-equal.spec.ts:92:7\n    at Array.forEach (<anonymous>)\n    at Suite.<anonymous> (/home/ede/dev/github/pie-framework/math-validation/src/__tests__/latex-equal.spec.ts:73:18)\n    at addSpecsToSuite (/home/ede/dev/github/pie-framework/math-validation/node_modules/jest-jasmine2/build/jasmine/Env.js:444:51)\n    at Env.describe (/home/ede/dev/github/pie-framework/math-validation/node_modules/jest-jasmine2/build/jasmine/Env.js:414:11)"
            }
          ],
          "failureMessages": [
            "TypeError: Cannot read property 'mode' of undefined\n    at optsLabel (/home/ede/dev/github/pie-framework/math-validation/src/__tests__/latex-equal.spec.ts:83:15)\n    at Suite.<anonymous> (/home/ede/dev/github/pie-framework/math-validation/src/__tests__/latex-equal.spec.ts:97:19)\n    at addSpecsToSuite (/home/ede/dev/github/pie-framework/math-validation/node_modules/jest-jasmine2/build/jasmine/Env.js:444:51)\n    at Env.describe (/home/ede/dev/github/pie-framework/math-validation/node_modules/jest-jasmine2/build/jasmine/Env.js:414:11)\n    at describe (/home/ede/dev/github/pie-framework/math-validation/node_modules/jest-jasmine2/build/jasmine/jasmineLight.js:88:18)\n    at /home/ede/dev/github/pie-framework/math-validation/src/__tests__/latex-equal.spec.ts:92:7\n    at Array.forEach (<anonymous>)\n    at Suite.<anonymous> (/home/ede/dev/github/pie-framework/math-validation/src/__tests__/latex-equal.spec.ts:73:18)\n    at addSpecsToSuite (/home/ede/dev/github/pie-framework/math-validation/node_modules/jest-jasmine2/build/jasmine/Env.js:444:51)\n    at Env.describe (/home/ede/dev/github/pie-framework/math-validation/node_modules/jest-jasmine2/build/jasmine/Env.js:414:11)"
          ],
          "fullName": "src/fixtures/latex-equal/fractions-symbolic.ts [symbolic] \\frac{x}{12}\\times7\\text{dollars} encountered a declaration exception",
          "location": null,
          "numPassingAsserts": 0,
          "status": "failed",
          "title": "encountered a declaration exception"
        },
        {
          "ancestorTitles": [
            "src/fixtures/latex-equal/fractions-symbolic.ts",
            "[symbolic] \\frac{n-5}{6}"
          ],
          "duration": 1,
          "failureDetails": [
            {
              "actual": "",
              "error": {},
              "expected": "",
              "matcherName": "",
              "message": "TypeError: Cannot read property 'mode' of undefined",
              "passed": false,
              "stack": "TypeError: Cannot read property 'mode' of undefined\n    at optsLabel (/home/ede/dev/github/pie-framework/math-validation/src/__tests__/latex-equal.spec.ts:83:15)\n    at Suite.<anonymous> (/home/ede/dev/github/pie-framework/math-validation/src/__tests__/latex-equal.spec.ts:97:19)\n    at addSpecsToSuite (/home/ede/dev/github/pie-framework/math-validation/node_modules/jest-jasmine2/build/jasmine/Env.js:444:51)\n    at Env.describe (/home/ede/dev/github/pie-framework/math-validation/node_modules/jest-jasmine2/build/jasmine/Env.js:414:11)\n    at describe (/home/ede/dev/github/pie-framework/math-validation/node_modules/jest-jasmine2/build/jasmine/jasmineLight.js:88:18)\n    at /home/ede/dev/github/pie-framework/math-validation/src/__tests__/latex-equal.spec.ts:92:7\n    at Array.forEach (<anonymous>)\n    at Suite.<anonymous> (/home/ede/dev/github/pie-framework/math-validation/src/__tests__/latex-equal.spec.ts:73:18)\n    at addSpecsToSuite (/home/ede/dev/github/pie-framework/math-validation/node_modules/jest-jasmine2/build/jasmine/Env.js:444:51)\n    at Env.describe (/home/ede/dev/github/pie-framework/math-validation/node_modules/jest-jasmine2/build/jasmine/Env.js:414:11)"
            }
          ],
          "failureMessages": [
            "TypeError: Cannot read property 'mode' of undefined\n    at optsLabel (/home/ede/dev/github/pie-framework/math-validation/src/__tests__/latex-equal.spec.ts:83:15)\n    at Suite.<anonymous> (/home/ede/dev/github/pie-framework/math-validation/src/__tests__/latex-equal.spec.ts:97:19)\n    at addSpecsToSuite (/home/ede/dev/github/pie-framework/math-validation/node_modules/jest-jasmine2/build/jasmine/Env.js:444:51)\n    at Env.describe (/home/ede/dev/github/pie-framework/math-validation/node_modules/jest-jasmine2/build/jasmine/Env.js:414:11)\n    at describe (/home/ede/dev/github/pie-framework/math-validation/node_modules/jest-jasmine2/build/jasmine/jasmineLight.js:88:18)\n    at /home/ede/dev/github/pie-framework/math-validation/src/__tests__/latex-equal.spec.ts:92:7\n    at Array.forEach (<anonymous>)\n    at Suite.<anonymous> (/home/ede/dev/github/pie-framework/math-validation/src/__tests__/latex-equal.spec.ts:73:18)\n    at addSpecsToSuite (/home/ede/dev/github/pie-framework/math-validation/node_modules/jest-jasmine2/build/jasmine/Env.js:444:51)\n    at Env.describe (/home/ede/dev/github/pie-framework/math-validation/node_modules/jest-jasmine2/build/jasmine/Env.js:414:11)"
          ],
          "fullName": "src/fixtures/latex-equal/fractions-symbolic.ts [symbolic] \\frac{n-5}{6} encountered a declaration exception",
          "location": null,
          "numPassingAsserts": 0,
          "status": "failed",
          "title": "encountered a declaration exception"
        },
        {
          "ancestorTitles": [
            "src/fixtures/latex-equal/fractions-symbolic.ts",
            "[symbolic] 6 \\frac{1}{2}"
          ],
          "duration": 0,
          "failureDetails": [
            {
              "actual": "",
              "error": {},
              "expected": "",
              "matcherName": "",
              "message": "TypeError: Cannot read property 'mode' of undefined",
              "passed": false,
              "stack": "TypeError: Cannot read property 'mode' of undefined\n    at optsLabel (/home/ede/dev/github/pie-framework/math-validation/src/__tests__/latex-equal.spec.ts:83:15)\n    at Suite.<anonymous> (/home/ede/dev/github/pie-framework/math-validation/src/__tests__/latex-equal.spec.ts:97:19)\n    at addSpecsToSuite (/home/ede/dev/github/pie-framework/math-validation/node_modules/jest-jasmine2/build/jasmine/Env.js:444:51)\n    at Env.describe (/home/ede/dev/github/pie-framework/math-validation/node_modules/jest-jasmine2/build/jasmine/Env.js:414:11)\n    at describe (/home/ede/dev/github/pie-framework/math-validation/node_modules/jest-jasmine2/build/jasmine/jasmineLight.js:88:18)\n    at /home/ede/dev/github/pie-framework/math-validation/src/__tests__/latex-equal.spec.ts:92:7\n    at Array.forEach (<anonymous>)\n    at Suite.<anonymous> (/home/ede/dev/github/pie-framework/math-validation/src/__tests__/latex-equal.spec.ts:73:18)\n    at addSpecsToSuite (/home/ede/dev/github/pie-framework/math-validation/node_modules/jest-jasmine2/build/jasmine/Env.js:444:51)\n    at Env.describe (/home/ede/dev/github/pie-framework/math-validation/node_modules/jest-jasmine2/build/jasmine/Env.js:414:11)"
            }
          ],
          "failureMessages": [
            "TypeError: Cannot read property 'mode' of undefined\n    at optsLabel (/home/ede/dev/github/pie-framework/math-validation/src/__tests__/latex-equal.spec.ts:83:15)\n    at Suite.<anonymous> (/home/ede/dev/github/pie-framework/math-validation/src/__tests__/latex-equal.spec.ts:97:19)\n    at addSpecsToSuite (/home/ede/dev/github/pie-framework/math-validation/node_modules/jest-jasmine2/build/jasmine/Env.js:444:51)\n    at Env.describe (/home/ede/dev/github/pie-framework/math-validation/node_modules/jest-jasmine2/build/jasmine/Env.js:414:11)\n    at describe (/home/ede/dev/github/pie-framework/math-validation/node_modules/jest-jasmine2/build/jasmine/jasmineLight.js:88:18)\n    at /home/ede/dev/github/pie-framework/math-validation/src/__tests__/latex-equal.spec.ts:92:7\n    at Array.forEach (<anonymous>)\n    at Suite.<anonymous> (/home/ede/dev/github/pie-framework/math-validation/src/__tests__/latex-equal.spec.ts:73:18)\n    at addSpecsToSuite (/home/ede/dev/github/pie-framework/math-validation/node_modules/jest-jasmine2/build/jasmine/Env.js:444:51)\n    at Env.describe (/home/ede/dev/github/pie-framework/math-validation/node_modules/jest-jasmine2/build/jasmine/Env.js:414:11)"
          ],
          "fullName": "src/fixtures/latex-equal/fractions-symbolic.ts [symbolic] 6 \\frac{1}{2} encountered a declaration exception",
          "location": null,
          "numPassingAsserts": 0,
          "status": "failed",
          "title": "encountered a declaration exception"
        },
        {
          "ancestorTitles": [
            "src/fixtures/latex-equal/fractions-symbolic.ts",
            "[symbolic] \\frac{6\\pi}{x}\\text{radians}\\ \\text{per}\\ \\text{second}"
          ],
          "duration": 0,
          "failureDetails": [
            {
              "actual": "",
              "error": {},
              "expected": "",
              "matcherName": "",
              "message": "TypeError: Cannot read property 'mode' of undefined",
              "passed": false,
              "stack": "TypeError: Cannot read property 'mode' of undefined\n    at optsLabel (/home/ede/dev/github/pie-framework/math-validation/src/__tests__/latex-equal.spec.ts:83:15)\n    at Suite.<anonymous> (/home/ede/dev/github/pie-framework/math-validation/src/__tests__/latex-equal.spec.ts:97:19)\n    at addSpecsToSuite (/home/ede/dev/github/pie-framework/math-validation/node_modules/jest-jasmine2/build/jasmine/Env.js:444:51)\n    at Env.describe (/home/ede/dev/github/pie-framework/math-validation/node_modules/jest-jasmine2/build/jasmine/Env.js:414:11)\n    at describe (/home/ede/dev/github/pie-framework/math-validation/node_modules/jest-jasmine2/build/jasmine/jasmineLight.js:88:18)\n    at /home/ede/dev/github/pie-framework/math-validation/src/__tests__/latex-equal.spec.ts:92:7\n    at Array.forEach (<anonymous>)\n    at Suite.<anonymous> (/home/ede/dev/github/pie-framework/math-validation/src/__tests__/latex-equal.spec.ts:73:18)\n    at addSpecsToSuite (/home/ede/dev/github/pie-framework/math-validation/node_modules/jest-jasmine2/build/jasmine/Env.js:444:51)\n    at Env.describe (/home/ede/dev/github/pie-framework/math-validation/node_modules/jest-jasmine2/build/jasmine/Env.js:414:11)"
            }
          ],
          "failureMessages": [
            "TypeError: Cannot read property 'mode' of undefined\n    at optsLabel (/home/ede/dev/github/pie-framework/math-validation/src/__tests__/latex-equal.spec.ts:83:15)\n    at Suite.<anonymous> (/home/ede/dev/github/pie-framework/math-validation/src/__tests__/latex-equal.spec.ts:97:19)\n    at addSpecsToSuite (/home/ede/dev/github/pie-framework/math-validation/node_modules/jest-jasmine2/build/jasmine/Env.js:444:51)\n    at Env.describe (/home/ede/dev/github/pie-framework/math-validation/node_modules/jest-jasmine2/build/jasmine/Env.js:414:11)\n    at describe (/home/ede/dev/github/pie-framework/math-validation/node_modules/jest-jasmine2/build/jasmine/jasmineLight.js:88:18)\n    at /home/ede/dev/github/pie-framework/math-validation/src/__tests__/latex-equal.spec.ts:92:7\n    at Array.forEach (<anonymous>)\n    at Suite.<anonymous> (/home/ede/dev/github/pie-framework/math-validation/src/__tests__/latex-equal.spec.ts:73:18)\n    at addSpecsToSuite (/home/ede/dev/github/pie-framework/math-validation/node_modules/jest-jasmine2/build/jasmine/Env.js:444:51)\n    at Env.describe (/home/ede/dev/github/pie-framework/math-validation/node_modules/jest-jasmine2/build/jasmine/Env.js:414:11)"
          ],
          "fullName": "src/fixtures/latex-equal/fractions-symbolic.ts [symbolic] \\frac{6\\pi}{x}\\text{radians}\\ \\text{per}\\ \\text{second} encountered a declaration exception",
          "location": null,
          "numPassingAsserts": 0,
          "status": "failed",
          "title": "encountered a declaration exception"
        },
        {
          "ancestorTitles": [
            "src/fixtures/latex-equal/fractions-symbolic.ts",
            "[symbolic] \\frac{6\\pi}{x}"
          ],
          "duration": 0,
          "failureDetails": [
            {
              "actual": "",
              "error": {},
              "expected": "",
              "matcherName": "",
              "message": "TypeError: Cannot read property 'mode' of undefined",
              "passed": false,
[...]
/to-be-fixed.ts › [symbolic] a_n=3a_{n-1} › encountered a declaration exception\u001b[39m\u001b[22m\n\n    TypeError: Cannot read property 'mode' of undefined\n\u001b[2m\u001b[22m\n\u001b[2m    \u001b[0m \u001b[90m 81 | \u001b[39m\u001b[0m\u001b[22m\n\u001b[2m    \u001b[0m \u001b[90m 82 | \u001b[39m      \u001b[36mconst\u001b[39m optsLabel \u001b[33m=\u001b[39m (o) \u001b[33m=>\u001b[39m {\u001b[0m\u001b[22m\n\u001b[2m    \u001b[0m\u001b[31m\u001b[1m>\u001b[22m\u001b[2m\u001b[39m\u001b[90m 83 | \u001b[39m        \u001b[36mif\u001b[39m (o\u001b[33m.\u001b[39mmode \u001b[33m===\u001b[39m \u001b[32m\"symbolic\"\u001b[39m) {\u001b[0m\u001b[22m\n\u001b[2m    \u001b[0m \u001b[90m    | \u001b[39m              \u001b[31m\u001b[1m^\u001b[22m\u001b[2m\u001b[39m\u001b[0m\u001b[22m\n\u001b[2m    \u001b[0m \u001b[90m 84 | \u001b[39m          \u001b[36mreturn\u001b[39m \u001b[32m\"\"\u001b[39m\u001b[33m;\u001b[39m\u001b[0m\u001b[22m\n\u001b[2m    \u001b[0m \u001b[90m 85 | \u001b[39m        }\u001b[0m\u001b[22m\n\u001b[2m    \u001b[0m \u001b[90m 86 | \u001b[39m        \u001b[36mreturn\u001b[39m \u001b[33mObject\u001b[39m\u001b[33m.\u001b[39mentries(o)\u001b[0m\u001b[22m\n\u001b[2m\u001b[22m\n\u001b[2m      \u001b[2mat optsLabel (\u001b[22m\u001b[2m\u001b[0m\u001b[36msrc/__tests__/latex-equal.spec.ts\u001b[39m\u001b[0m\u001b[2m:83:15)\u001b[22m\u001b[2m\u001b[22m\n\u001b[2m      \u001b[2mat Suite.<anonymous> (\u001b[22m\u001b[2m\u001b[0m\u001b[36msrc/__tests__/latex-equal.spec.ts\u001b[39m\u001b[0m\u001b[2m:97:19)\u001b[22m\u001b[2m\u001b[22m\n\u001b[2m      \u001b[2mat \u001b[22m\u001b[2m\u001b[0m\u001b[36msrc/__tests__/latex-equal.spec.ts\u001b[39m\u001b[0m\u001b[2m:92:7\u001b[22m\u001b[2m\u001b[22m\n\u001b[2m          at Array.forEach (<anonymous>)\u001b[22m\n\u001b[2m      \u001b[2mat Suite.<anonymous> (\u001b[22m\u001b[2m\u001b[0m\u001b[36msrc/__tests__/latex-equal.spec.ts\u001b[39m\u001b[0m\u001b[2m:73:18)\u001b[22m\u001b[2m\u001b[22m\n\n\u001b[1m\u001b[31m  \u001b[1m● \u001b[22m\u001b[1msrc/fixtures/latex-equal/to-be-fixed.ts › [symbolic] f\\left(y\\right)=26000\\left(0.83\\right)^y › encountered a declaration exception\u001b[39m\u001b[22m\n\n    TypeError: Cannot read property 'mode' of undefined\n\u001b[2m\u001b[22m\n\u001b[2m    \u001b[0m \u001b[90m 81 | \u001b[39m\u001b[0m\u001b[22m\n\u001b[2m    \u001b[0m \u001b[90m 82 | \u001b[39m      \u001b[36mconst\u001b[39m optsLabel \u001b[33m=\u001b[39m (o) \u001b[33m=>\u001b[39m {\u001b[0m\u001b[22m\n\u001b[2m    \u001b[0m\u001b[31m\u001b[1m>\u001b[22m\u001b[2m\u001b[39m\u001b[90m 83 | \u001b[39m        \u001b[36mif\u001b[39m (o\u001b[33m.\u001b[39mmode \u001b[33m===\u001b[39m \u001b[32m\"symbolic\"\u001b[39m) {\u001b[0m\u001b[22m\n\u001b[2m    \u001b[0m \u001b[90m    | \u001b[39m              \u001b[31m\u001b[1m^\u001b[22m\u001b[2m\u001b[39m\u001b[0m\u001b[22m\n\u001b[2m    \u001b[0m \u001b[90m 84 | \u001b[39m          \u001b[36mreturn\u001b[39m \u001b[32m\"\"\u001b[39m\u001b[33m;\u001b[39m\u001b[0m\u001b[22m\n\u001b[2m    \u001b[0m \u001b[90m 85 | \u001b[39m        }\u001b[0m\u001b[22m\n\u001b[2m    \u001b[0m \u001b[90m 86 | \u001b[39m        \u001b[36mreturn\u001b[39m \u001b[33mObject\u001b[39m\u001b[33m.\u001b[39mentries(o)\u001b[0m\u001b[22m\n\u001b[2m\u001b[22m\n\u001b[2m      \u001b[2mat optsLabel (\u001b[22m\u001b[2m\u001b[0m\u001b[36msrc/__tests__/latex-equal.spec.ts\u001b[39m\u001b[0m\u001b[2m:83:15)\u001b[22m\u001b[2m\u001b[22m\n\u001b[2m      \u001b[2mat Suite.<anonymous> (\u001b[22m\u001b[2m\u001b[0m\u001b[36msrc/__tests__/latex-equal.spec.ts\u001b[39m\u001b[0m\u001b[2m:97:19)\u001b[22m\u001b[2m\u001b[22m\n\u001b[2m      \u001b[2mat \u001b[22m\u001b[2m\u001b[0m\u001b[36msrc/__tests__/latex-equal.spec.ts\u001b[39m\u001b[0m\u001b[2m:92:7\u001b[22m\u001b[2m\u001b[22m\n\u001b[2m          at Array.forEach (<anonymous>)\u001b[22m\n\u001b[2m      \u001b[2mat Suite.<anonymous> (\u001b[22m\u001b[2m\u001b[0m\u001b[36msrc/__tests__/latex-equal.spec.ts\u001b[39m\u001b[0m\u001b[2m:73:18)\u001b[22m\u001b[2m\u001b[22m\n\n\u001b[1m\u001b[31m  \u001b[1m● \u001b[22m\u001b[1msrc/fixtures/latex-equal/to-be-fixed.ts › [symbolic] f^{-1}\\left(x\\right)=-\\frac{12}{x}+8 › encountered a declaration exception\u001b[39m\u001b[22m\n\n    TypeError: Cannot read property 'mode' of undefined\n\u001b[2m\u001b[22m\n\u001b[2m    \u001b[0m \u001b[90m 81 | \u001b[39m\u001b[0m\u001b[22m\n\u001b[2m    \u001b[0m \u001b[90m 82 | \u001b[39m      \u001b[36mconst\u001b[39m optsLabel \u001b[33m=\u001b[39m (o) \u001b[33m=>\u001b[39m {\u001b[0m\u001b[22m\n\u001b[2m    \u001b[0m\u001b[31m\u001b[1m>\u001b[22m\u001b[2m\u001b[39m\u001b[90m 83 | \u001b[39m        \u001b[36mif\u001b[39m (o\u001b[33m.\u001b[39mmode \u001b[33m===\u001b[39m \u001b[32m\"symbolic\"\u001b[39m) {\u001b[0m\u001b[22m\n\u001b[2m    \u001b[0m \u001b[90m    | \u001b[39m              \u001b[31m\u001b[1m^\u001b[22m\u001b[2m\u001b[39m\u001b[0m\u001b[22m\n\u001b[2m    \u001b[0m \u001b[90m 84 | \u001b[39m          \u001b[36mreturn\u001b[39m \u001b[32m\"\"\u001b[39m\u001b[33m;\u001b[39m\u001b[0m\u001b[22m\n\u001b[2m    \u001b[0m \u001b[90m 85 | \u001b[39m        }\u001b[0m\u001b[22m\n\u001b[2m    \u001b[0m \u001b[90m 86 | \u001b[39m        \u001b[36mreturn\u001b[39m \u001b[33mObject\u001b[39m\u001b[33m.\u001b[39mentries(o)\u001b[0m\u001b[22m\n\u001b[2m\u001b[22m\n\u001b[2m      \u001b[2mat optsLabel (\u001b[22m\u001b[2m\u001b[0m\u001b[36msrc/__tests__/latex-equal.spec.ts\u001b[39m\u001b[0m\u001b[2m:83:15)\u001b[22m\u001b[2m\u001b[22m\n\u001b[2m      \u001b[2mat Suite.<anonymous> (\u001b[22m\u001b[2m\u001b[0m\u001b[36msrc/__tests__/latex-equal.spec.ts\u001b[39m\u001b[0m\u001b[2m:97:19)\u001b[22m\u001b[2m\u001b[22m\n\u001b[2m      \u001b[2mat \u001b[22m\u001b[2m\u001b[0m\u001b[36msrc/__tests__/latex-equal.spec.ts\u001b[39m\u001b[0m\u001b[2m:92:7\u001b[22m\u001b[2m\u001b[22m\n\u001b[2m          at Array.forEach (<anonymous>)\u001b[22m\n\u001b[2m      \u001b[2mat Suite.<anonymous> (\u001b[22m\u001b[2m\u001b[0m\u001b[36msrc/__tests__/latex-equal.spec.ts\u001b[39m\u001b[0m\u001b[2m:73:18)\u001b[22m\u001b[2m\u001b[22m\n\n\u001b[1m\u001b[31m  \u001b[1m● \u001b[22m\u001b[1msrc/fixtures/latex-equal/to-be-fixed.ts › [symbolic] f\\left(x\\right)=1.1x+8 › encountered a declaration exception\u001b[39m\u001b[22m\n\n    TypeError: Cannot read property 'mode' of undefined\n\u001b[2m\u001b[22m\n\u001b[2m    \u001b[0m \u001b[90m 81 | \u001b[39m\u001b[0m\u001b[22m\n\u001b[2m    \u001b[0m \u001b[90m 82 | \u001b[39m      \u001b[36mconst\u001b[39m optsLabel \u001b[33m=\u001b[39m (o) \u001b[33m=>\u001b[39m {\u001b[0m\u001b[22m\n\u001b[2m    \u001b[0m\u001b[31m\u001b[1m>\u001b[22m\u001b[2m\u001b[39m\u001b[90m 83 | \u001b[39m        \u001b[36mif\u001b[39m (o\u001b[33m.\u001b[39mmode \u001b[33m===\u001b[39m \u001b[32m\"symbolic\"\u001b[39m) {\u001b[0m\u001b[22m\n\u001b[2m    \u001b[0m \u001b[90m    | \u001b[39m              \u001b[31m\u001b[1m^\u001b[22m\u001b[2m\u001b[39m\u001b[0m\u001b[22m\n\u001b[2m    \u001b[0m \u001b[90m 84 | \u001b[39m          \u001b[36mreturn\u001b[39m \u001b[32m\"\"\u001b[39m\u001b[33m;\u001b[39m\u001b[0m\u001b[22m\n\u001b[2m    \u001b[0m \u001b[90m 85 | \u001b[39m        }\u001b[0m\u001b[22m\n\u001b[2m    \u001b[0m \u001b[90m 86 | \u001b[39m        \u001b[36mreturn\u001b[39m \u001b[33mObject\u001b[39m\u001b[33m.\u001b[39mentries(o)\u001b[0m\u001b[22m\n\u001b[2m\u001b[22m\n\u001b[2m      \u001b[2mat optsLabel (\u001b[22m\u001b[2m\u001b[0m\u001b[36msrc/__tests__/latex-equal.spec.ts\u001b[39m\u001b[0m\u001b[2m:83:15)\u001b[22m\u001b[2m\u001b[22m\n\u001b[2m      \u001b[2mat Suite.<anonymous> (\u001b[22m\u001b[2m\u001b[0m\u001b[36msrc/__tests__/latex-equal.spec.ts\u001b[39m\u001b[0m\u001b[2m:97:19)\u001b[22m\u001b[2m\u001b[22m\n\u001b[2m      \u001b[2mat \u001b[22m\u001b[2m\u001b[0m\u001b[36msrc/__tests__/latex-equal.spec.ts\u001b[39m\u001b[0m\u001b[2m:92:7\u001b[22m\u001b[2m\u001b[22m\n\u001b[2m          at Array.forEach (<anonymous>)\u001b[22m\n\u001b[2m      \u001b[2mat Suite.<anonymous> (\u001b[22m\u001b[2m\u001b[0m\u001b[36msrc/__tests__/latex-equal.spec.ts\u001b[39m\u001b[0m\u001b[2m:73:18)\u001b[22m\u001b[2m\u001b[22m\n\n\u001b[1m\u001b[31m  \u001b[1m● \u001b[22m\u001b[1msrc/fixtures/latex-equal/to-be-fixed.ts › [symbolic] x=\\frac{20,000}{r^2}\\text{radians} › encountered a declaration exception\u001b[39m\u001b[22m\n\n    TypeError: Cannot read property 'mode' of undefined\n\u001b[2m\u001b[22m\n\u001b[2m    \u001b[0m \u001b[90m 81 | \u001b[39m\u001b[0m\u001b[22m\n\u001b[2m    \u001b[0m \u001b[90m 82 | \u001b[39m      \u001b[36mconst\u001b[39m optsLabel \u001b[33m=\u001b[39m (o) \u001b[33m=>\u001b[39m {\u001b[0m\u001b[22m\n\u001b[2m    \u001b[0m\u001b[31m\u001b[1m>\u001b[22m\u001b[2m\u001b[39m\u001b[90m 83 | \u001b[39m        \u001b[36mif\u001b[39m (o\u001b[33m.\u001b[39mmode \u001b[33m===\u001b[39m \u001b[32m\"symbolic\"\u001b[39m) {\u001b[0m\u001b[22m\n\u001b[2m    \u001b[0m \u001b[90m    | \u001b[39m              \u001b[31m\u001b[1m^\u001b[22m\u001b[2m\u001b[39m\u001b[0m\u001b[22m\n\u001b[2m    \u001b[0m \u001b[90m 84 | \u001b[39m          \u001b[36mreturn\u001b[39m \u001b[32m\"\"\u001b[39m\u001b[33m;\u001b[39m\u001b[0m\u001b[22m\n\u001b[2m    \u001b[0m \u001b[90m 85 | \u001b[39m        }\u001b[0m\u001b[22m\n\u001b[2m    \u001b[0m \u001b[90m 86 | \u001b[39m        \u001b[36mreturn\u001b[39m \u001b[33mObject\u001b[39m\u001b[33m.\u001b[39mentries(o)\u001b[0m\u001b[22m\n\u001b[2m\u001b[22m\n\u001b[2m      \u001b[2mat optsLabel (\u001b[22m\u001b[2m\u001b[0m\u001b[36msrc/__tests__/latex-equal.spec.ts\u001b[39m\u001b[0m\u001b[2m:83:15)\u001b[22m\u001b[2m\u001b[22m\n\u001b[2m      \u001b[2mat Suite.<anonymous> (\u001b[22m\u001b[2m\u001b[0m\u001b[36msrc/__tests__/latex-equal.spec.ts\u001b[39m\u001b[0m\u001b[2m:97:19)\u001b[22m\u001b[2m\u001b[22m\n\u001b[2m      \u001b[2mat \u001b[22m\u001b[2m\u001b[0m\u001b[36msrc/__tests__/latex-equal.spec.ts\u001b[39m\u001b[0m\u001b[2m:92:7\u001b[22m\u001b[2m\u001b[22m\n\u001b[2m          at Array.forEach (<anonymous>)\u001b[22m\n\u001b[2m      \u001b[2mat Suite.<anonymous> (\u001b[22m\u001b[2m\u001b[0m\u001b[36msrc/__tests__/latex-equal.spec.ts\u001b[39m\u001b[0m\u001b[2m:73:18)\u001b[22m\u001b[2m\u001b[22m\n\n\u001b[1m\u001b[31m  \u001b[1m● \u001b[22m\u001b[1msrc/fixtures/latex-equal/to-be-fixed.ts › [symbolic] \\text{height}\\ =\\ 120\\sin\\theta › encountered a declaration exception\u001b[39m\u001b[22m\n\n    TypeError: Cannot read property 'mode' of undefined\n\u001b[2m\u001b[22m\n\u001b[2m    \u001b[0m \u001b[90m 81 | \u001b[39m\u001b[0m\u001b[22m\n\u001b[2m    \u001b[0m \u001b[90m 82 | \u001b[39m      \u001b[36mconst\u001b[39m optsLabel \u001b[33m=\u001b[39m (o) \u001b[33m=>\u001b[39m {\u001b[0m\u001b[22m\n\u001b[2m    \u001b[0m\u001b[31m\u001b[1m>\u001b[22m\u001b[2m\u001b[39m\u001b[90m 83 | \u001b[39m        \u001b[36mif\u001b[39m (o\u001b[33m.\u001b[39mmode \u001b[33m===\u001b[39m \u001b[32m\"symbolic\"\u001b[39m) {\u001b[0m\u001b[22m\n\u001b[2m    \u001b[0m \u001b[90m    | \u001b[39m              \u001b[31m\u001b[1m^\u001b[22m\u001b[2m\u001b[39m\u001b[0m\u001b[22m\n\u001b[2m    \u001b[0m \u001b[90m 84 | \u001b[39m          \u001b[36mreturn\u001b[39m \u001b[32m\"\"\u001b[39m\u001b[33m;\u001b[39m\u001b[0m\u001b[22m\n\u001b[2m    \u001b[0m \u001b[90m 85 | \u001b[39m        }\u001b[0m\u001b[22m\n\u001b[2m    \u001b[0m \u001b[90m 86 | \u001b[39m        \u001b[36mreturn\u001b[39m \u001b[33mObject\u001b[39m\u001b[33m.\u001b[39mentries(o)\u001b[0m\u001b[22m\n\u001b[2m\u001b[22m\n\u001b[2m      \u001b[2mat optsLabel (\u001b[22m\u001b[2m\u001b[0m\u001b[36msrc/__tests__/latex-equal.spec.ts\u001b[39m\u001b[0m\u001b[2m:83:15)\u001b[22m\u001b[2m\u001b[22m\n\u001b[2m      \u001b[2mat Suite.<anonymous> (\u001b[22m\u001b[2m\u001b[0m\u001b[36msrc/__tests__/latex-equal.spec.ts\u001b[39m\u001b[0m\u001b[2m:97:19)\u001b[22m\u001b[2m\u001b[22m\n\u001b[2m      \u001b[2mat \u001b[22m\u001b[2m\u001b[0m\u001b[36msrc/__tests__/latex-equal.spec.ts\u001b[39m\u001b[0m\u001b[2m:92:7\u001b[22m\u001b[2m\u001b[22m\n\u001b[2m          at Array.forEach (<anonymous>)\u001b[22m\n\u001b[2m      \u001b[2mat Suite.<anonymous> (\u001b[22m\u001b[2m\u001b[0m\u001b[36msrc/__tests__/latex-equal.spec.ts\u001b[39m\u001b[0m\u001b[2m:73:18)\u001b[22m\u001b[2m\u001b[22m\n\n\u001b[1m\u001b[31m  \u001b[1m● \u001b[22m\u001b[1msrc/fixtures/latex-equal/to-be-fixed.ts › [symbolic] \\cos\\theta=-\\sqrt{1-y^2} › encountered a declaration exception\u001b[39m\u001b[22m\n\n    TypeError: Cannot read property 'mode' of undefined\n\u001b[2m\u001b[22m\n\u001b[2m    \u001b[0m \u001b[90m 81 | \u001b[39m\u001b[0m\u001b[22m\n\u001b[2m    \u001b[0m \u001b[90m 82 | \u001b[39m      \u001b[36mconst\u001b[39m optsLabel \u001b[33m=\u001b[39m (o) \u001b[33m=>\u001b[39m {\u001b[0m\u001b[22m\n\u001b[2m    \u001b[0m\u001b[31m\u001b[1m>\u001b[22m\u001b[2m\u001b[39m\u001b[90m 83 | \u001b[39m        \u001b[36mif\u001b[39m (o\u001b[33m.\u001b[39mmode \u001b[33m===\u001b[39m \u001b[32m\"symbolic\"\u001b[39m) {\u001b[0m\u001b[22m\n\u001b[2m    \u001b[0m \u001b[90m    | \u001b[39m              \u001b[31m\u001b[1m^\u001b[22m\u001b[2m\u001b[39m\u001b[0m\u001b[22m\n\u001b[2m    \u001b[0m \u001b[90m 84 | \u001b[39m          \u001b[36mreturn\u001b[39m \u001b[32m\"\"\u001b[39m\u001b[33m;\u001b[39m\u001b[0m\u001b[22m\n\u001b[2m    \u001b[0m \u001b[90m 85 | \u001b[39m        }\u001b[0m\u001b[22m\n\u001b[2m    \u001b[0m \u001b[90m 86 | \u001b[39m        \u001b[36mreturn\u001b[39m \u001b[33mObject\u001b[39m\u001b[33m.\u001b[39mentries(o)\u001b[0m\u001b[22m\n\u001b[2m\u001b[22m\n\u001b[2m      \u001b[2mat optsLabel (\u001b[22m\u001b[2m\u001b[0m\u001b[36msrc/__tests__/latex-equal.spec.ts\u001b[39m\u001b[0m\u001b[2m:83:15)\u001b[22m\u001b[2m\u001b[22m\n\u001b[2m      \u001b[2mat Suite.<anonymous> (\u001b[22m\u001b[2m\u001b[0m\u001b[36msrc/__tests__/latex-equal.spec.ts\u001b[39m\u001b[0m\u001b[2m:97:19)\u001b[22m\u001b[2m\u001b[22m\n\u001b[2m      \u001b[2mat \u001b[22m\u001b[2m\u001b[0m\u001b[36msrc/__tests__/latex-equal.spec.ts\u001b[39m\u001b[0m\u001b[2m:92:7\u001b[22m\u001b[2m\u001b[22m\n\u001b[2m          at Array.forEach (<anonymous>)\u001b[22m\n\u001b[2m      \u001b[2mat Suite.<anonymous> (\u001b[22m\u001b[2m\u001b[0m\u001b[36msrc/__tests__/latex-equal.spec.ts\u001b[39m\u001b[0m\u001b[2m:73:18)\u001b[22m\u001b[2m\u001b[22m\n\n\u001b[1m\u001b[31m  \u001b[1m● \u001b[22m\u001b[1msrc/fixtures/latex-equal/to-be-fixed.ts › [symbolic] 100 › encountered a declaration exception\u001b[39m\u001b[22m\n\n    TypeError: Cannot read property 'mode' of undefined\n\u001b[2m\u001b[22m\n\u001b[2m    \u001b[0m \u001b[90m 81 | \u001b[39m\u001b[0m\u001b[22m\n\u001b[2m    \u001b[0m \u001b[90m 82 | \u001b[39m      \u001b[36mconst\u001b[39m optsLabel \u001b[33m=\u001b[39m (o) \u001b[33m=>\u001b[39m {\u001b[0m\u001b[22m\n\u001b[2m    \u001b[0m\u001b[31m\u001b[1m>\u001b[22m\u001b[2m\u001b[39m\u001b[90m 83 | \u001b[39m        \u001b[36mif\u001b[39m (o\u001b[33m.\u001b[39mmode \u001b[33m===\u001b[39m \u001b[32m\"symbolic\"\u001b[39m) {\u001b[0m\u001b[22m\n\u001b[2m    \u001b[0m \u001b[90m    | \u001b[39m              \u001b[31m\u001b[1m^\u001b[22m\u001b[2m\u001b[39m\u001b[0m\u001b[22m\n\u001b[2m    \u001b[0m \u001b[90m 84 | \u001b[39m          \u001b[36mreturn\u001b[39m \u001b[32m\"\"\u001b[39m\u001b[33m;\u001b[39m\u001b[0m\u001b[22m\n\u001b[2m    \u001b[0m \u001b[90m 85 | \u001b[39m        }\u001b[0m\u001b[22m\n\u001b[2m    \u001b[0m \u001b[90m 86 | \u001b[39m        \u001b[36mreturn\u001b[39m \u001b[33mObject\u001b[39m\u001b[33m.\u001b[39mentries(o)\u001b[0m\u001b[22m\n\u001b[2m\u001b[22m\n\u001b[2m      \u001b[2mat optsLabel (\u001b[22m\u001b[2m\u001b[0m\u001b[36msrc/__tests__/latex-equal.spec.ts\u001b[39m\u001b[0m\u001b[2m:83:15)\u001b[22m\u001b[2m\u001b[22m\n\u001b[2m      \u001b[2mat Suite.<anonymous> (\u001b[22m\u001b[2m\u001b[0m\u001b[36msrc/__tests__/latex-equal.spec.ts\u001b[39m\u001b[0m\u001b[2m:97:19)\u001b[22m\u001b[2m\u001b[22m\n\u001b[2m      \u001b[2mat \u001b[22m\u001b[2m\u001b[0m\u001b[36msrc/__tests__/latex-equal.spec.ts\u001b[39m\u001b[0m\u001b[2m:92:7\u001b[22m\u001b[2m\u001b[22m\n\u001b[2m          at Array.forEach (<anonymous>)\u001b[22m\n\u001b[2m      \u001b[2mat Suite.<anonymous> (\u001b[22m\u001b[2m\u001b[0m\u001b[36msrc/__tests__/latex-equal.spec.ts\u001b[39m\u001b[0m\u001b[2m:73:18)\u001b[22m\u001b[2m\u001b[22m\n"
    },
    {
      "leaks": false,
      "numFailingTests": 0,
      "numPassingTests": 4,
      "numPendingTests": 0,
      "numTodoTests": 0,
      "openHandles": [],
      "perfStats": {
        "end": 1617179731089,
        "runtime": 487,
        "slow": false,
        "start": 1617179730602
      },
      "skipped": false,
      "snapshot": {
        "added": 0,
        "fileDeleted": false,
        "matched": 0,
        "unchecked": 0,
        "unmatched": 0,
        "updated": 0,
        "uncheckedKeys": []
      },
      "testFilePath": "/home/ede/dev/github/pie-framework/math-validation/src/__tests__/node-sort.spec.ts",
      "testResults": [
        {
          "ancestorTitles": [
            "'b + a' => 'a + b'"
          ],
          "duration": 21,
          "failureDetails": [],
          "failureMessages": [],
          "fullName": "'b + a' => 'a + b' sorts",
          "location": null,
          "numPassingAsserts": 0,
          "status": "passed",
          "title": "sorts"
        },
        {
          "ancestorTitles": [
            "'b + c + a' => 'a + b + c'"
          ],
          "duration": 12,
          "failureDetails": [],
          "failureMessages": [],
          "fullName": "'b + c + a' => 'a + b + c' sorts",
          "location": null,
          "numPassingAsserts": 0,
          "status": "passed",
          "title": "sorts"
        },
        {
          "ancestorTitles": [
            "'b + a + c' => 'a + b + c'"
          ],
          "duration": 12,
          "failureDetails": [],
          "failureMessages": [],
          "fullName": "'b + a + c' => 'a + b + c' sorts",
          "location": null,
          "numPassingAsserts": 0,
          "status": "passed",
          "title": "sorts"
        },
        {
          "ancestorTitles": [
            "'c + b + a' => 'a + b + c'"
          ],
          "duration": 12,
          "failureDetails": [],
          "failureMessages": [],
          "fullName": "'c + b + a' => 'a + b + c' sorts",
          "location": null,
          "numPassingAsserts": 0,
          "status": "passed",
          "title": "sorts"
        }
      ],
      "failureMessage": null
    },
    {
      "leaks": false,
      "numFailingTests": 0,
      "numPassingTests": 2,
      "numPendingTests": 0,
      "numTodoTests": 0,
      "openHandles": [],
      "perfStats": {
        "end": 1617179731231,
        "runtime": 115,
        "slow": false,
        "start": 1617179731116
      },
      "skipped": false,
      "snapshot": {
        "added": 0,
        "fileDeleted": false,
        "matched": 0,
        "unchecked": 0,
        "unmatched": 0,
        "updated": 0,
        "uncheckedKeys": []
      },
      "testFilePath": "/home/ede/dev/github/pie-framework/math-validation/src/conversion/__tests__/latex-to-ast.spec.ts",
      "testResults": [
        {
          "ancestorTitles": [
            "bugs in lta"
          ],
          "duration": 2,
          "failureDetails": [],
          "failureMessages": [],
          "fullName": "bugs in lta 1,000 => 1000",
          "location": null,
          "numPassingAsserts": 0,
          "status": "passed",
          "title": "1,000 => 1000"
        },
        {
          "ancestorTitles": [
            "bugs in lta"
          ],
          "duration": 0,
          "failureDetails": [],
          "failureMessages": [],
          "fullName": "bugs in lta 1,000,000 => 1000000",
          "location": null,
          "numPassingAsserts": 0,
          "status": "passed",
          "title": "1,000,000 => 1000000"
        }
      ],
      "failureMessage": null
    }
  ],
  "wasInterrupted": false
}