{
  "numFailedTestSuites": 1,
  "numFailedTests": 1,
  "numPassedTestSuites": 0,
  "numPassedTests": 3,
  "numPendingTestSuites": 2,
  "numPendingTests": 6,
  "numRuntimeErrorTestSuites": 0,
  "numTodoTests": 0,
  "numTotalTestSuites": 3,
  "numTotalTests": 10,
  "openHandles": [],
  "snapshot": {
    "added": 0,
    "didUpdate": false,
    "failure": false,
    "filesAdded": 0,
    "filesRemoved": 0,
    "filesRemovedList": [],
    "filesUnmatched": 0,
    "filesUpdated": 0,
    "matched": 0,
    "total": 0,
    "unchecked": 0,
    "uncheckedKeysByFile": [],
    "unmatched": 0,
    "updated": 0
  },
  "startTime": 1617115355654,
  "success": false,
  "testResults": [
    {
      "leaks": false,
      "numFailingTests": 1,
      "numPassingTests": 3,
      "numPendingTests": 0,
      "numTodoTests": 0,
      "openHandles": [],
      "perfStats": {
        "end": 1617115357783,
        "runtime": 2090,
        "slow": false,
        "start": 1617115355693
      },
      "skipped": false,
      "snapshot": {
        "added": 0,
        "fileDeleted": false,
        "matched": 0,
        "unchecked": 0,
        "unmatched": 0,
        "updated": 0,
        "uncheckedKeys": []
      },
      "testFilePath": "/home/ede/dev/github/pie-framework/math-validation/src/__tests__/latex-equal.spec.ts",
      "testResults": [
        {
          "ancestorTitles": [
            "src/fixtures/latex-equal/PD-304.ts",
            "[symbolic] 1 * 3 * x"
          ],
          "duration": 43,
          "failureDetails": [],
          "failureMessages": [],
          "fullName": "src/fixtures/latex-equal/PD-304.ts [symbolic] 1 * 3 * x == x * 1 * 3",
          "location": null,
          "numPassingAsserts": 0,
          "status": "passed",
          "title": "== x * 1 * 3"
        },
        {
          "ancestorTitles": [
            "src/fixtures/latex-equal/PD-304.ts",
            "[symbolic] 1 * 3 * x"
          ],
          "duration": 25,
          "failureDetails": [],
          "failureMessages": [],
          "fullName": "src/fixtures/latex-equal/PD-304.ts [symbolic] 1 * 3 * x == x * 3",
          "location": null,
          "numPassingAsserts": 0,
          "status": "passed",
          "title": "== x * 3"
        },
        {
          "ancestorTitles": [
            "src/fixtures/latex-equal/PD-304.ts",
            "[symbolic] 1 * 3 * x"
          ],
          "duration": 19,
          "failureDetails": [],
          "failureMessages": [],
          "fullName": "src/fixtures/latex-equal/PD-304.ts [symbolic] 1 * 3 * x == 3x",
          "location": null,
          "numPassingAsserts": 0,
          "status": "passed",
          "title": "== 3x"
        },
        {
          "ancestorTitles": [
            "src/fixtures/latex-equal/PD-304.ts",
            "[symbolic] 1 * 3 * x"
          ],
          "duration": 20,
          "failureDetails": [
            {
              "actual": "",
              "error": {
                "matcherResult": {
                  "actual": true,
                  "expected": false,
                  "name": "toEqual",
                  "pass": false
                }
              },
              "expected": "",
              "matcherName": "",
              "message": "Error: \u001b[2mexpect(\u001b[22m\u001b[31mreceived\u001b[39m\u001b[2m).\u001b[22mtoEqual\u001b[2m(\u001b[22m\u001b[32mexpected\u001b[39m\u001b[2m) // deep equality\u001b[22m\n\nExpected: \u001b[32mfalse\u001b[39m\nReceived: \u001b[31mtrue\u001b[39m",
              "passed": false,
              "stack": "Error: \u001b[2mexpect(\u001b[22m\u001b[31mreceived\u001b[39m\u001b[2m).\u001b[22mtoEqual\u001b[2m(\u001b[22m\u001b[32mexpected\u001b[39m\u001b[2m) // deep equality\u001b[22m\n\nExpected: \u001b[32mfalse\u001b[39m\nReceived: \u001b[31mtrue\u001b[39m\n    at Object.<anonymous> (/home/ede/dev/github/pie-framework/math-validation/src/__tests__/latex-equal.spec.ts:113:23)\n    at Object.asyncJestTest (/home/ede/dev/github/pie-framework/math-validation/node_modules/jest-jasmine2/build/jasmineAsyncInstall.js:106:37)\n    at /home/ede/dev/github/pie-framework/math-validation/node_modules/jest-jasmine2/build/queueRunner.js:45:12\n    at new Promise (<anonymous>)\n    at mapper (/home/ede/dev/github/pie-framework/math-validation/node_modules/jest-jasmine2/build/queueRunner.js:28:19)\n    at /home/ede/dev/github/pie-framework/math-validation/node_modules/jest-jasmine2/build/queueRunner.js:75:41"
            }
          ],
          "failureMessages": [
            "Error: \u001b[2mexpect(\u001b[22m\u001b[31mreceived\u001b[39m\u001b[2m).\u001b[22mtoEqual\u001b[2m(\u001b[22m\u001b[32mexpected\u001b[39m\u001b[2m) // deep equality\u001b[22m\n\nExpected: \u001b[32mfalse\u001b[39m\nReceived: \u001b[31mtrue\u001b[39m\n    at Object.<anonymous> (/home/ede/dev/github/pie-framework/math-validation/src/__tests__/latex-equal.spec.ts:113:23)\n    at Object.asyncJestTest (/home/ede/dev/github/pie-framework/math-validation/node_modules/jest-jasmine2/build/jasmineAsyncInstall.js:106:37)\n    at /home/ede/dev/github/pie-framework/math-validation/node_modules/jest-jasmine2/build/queueRunner.js:45:12\n    at new Promise (<anonymous>)\n    at mapper (/home/ede/dev/github/pie-framework/math-validation/node_modules/jest-jasmine2/build/queueRunner.js:28:19)\n    at /home/ede/dev/github/pie-framework/math-validation/node_modules/jest-jasmine2/build/queueRunner.js:75:41"
          ],
          "fullName": "src/fixtures/latex-equal/PD-304.ts [symbolic] 1 * 3 * x != 1 * x * 3",
          "location": null,
          "numPassingAsserts": 0,
          "status": "failed",
          "title": "!= 1 * x * 3"
        }
      ],
      "failureMessage": "\u001b[1m\u001b[31m  \u001b[1m● \u001b[22m\u001b[1msrc/fixtures/latex-equal/PD-304.ts › [symbolic] 1 * 3 * x › != 1 * x * 3\u001b[39m\u001b[22m\n\n    \u001b[2mexpect(\u001b[22m\u001b[31mreceived\u001b[39m\u001b[2m).\u001b[22mtoEqual\u001b[2m(\u001b[22m\u001b[32mexpected\u001b[39m\u001b[2m) // deep equality\u001b[22m\n\n    Expected: \u001b[32mfalse\u001b[39m\n    Received: \u001b[31mtrue\u001b[39m\n\u001b[2m\u001b[22m\n\u001b[2m    \u001b[0m \u001b[90m 111 | \u001b[39m          it(\u001b[32m`!= ${y}`\u001b[39m\u001b[33m,\u001b[39m () \u001b[33m=>\u001b[39m {\u001b[0m\u001b[22m\n\u001b[2m    \u001b[0m \u001b[90m 112 | \u001b[39m            \u001b[36mconst\u001b[39m l \u001b[33m=\u001b[39m latexEqual(t\u001b[33m.\u001b[39mtarget\u001b[33m,\u001b[39m y\u001b[33m,\u001b[39m { legacy\u001b[33m:\u001b[39m \u001b[36mfalse\u001b[39m\u001b[33m,\u001b[39m mode })\u001b[33m;\u001b[39m\u001b[0m\u001b[22m\n\u001b[2m    \u001b[0m\u001b[31m\u001b[1m>\u001b[22m\u001b[2m\u001b[39m\u001b[90m 113 | \u001b[39m            expect(l)\u001b[33m.\u001b[39mtoEqual(\u001b[36mfalse\u001b[39m)\u001b[33m;\u001b[39m\u001b[0m\u001b[22m\n\u001b[2m    \u001b[0m \u001b[90m     | \u001b[39m                      \u001b[31m\u001b[1m^\u001b[22m\u001b[2m\u001b[39m\u001b[0m\u001b[22m\n\u001b[2m    \u001b[0m \u001b[90m 114 | \u001b[39m          })\u001b[33m;\u001b[39m\u001b[0m\u001b[22m\n\u001b[2m    \u001b[0m \u001b[90m 115 | \u001b[39m        })\u001b[33m;\u001b[39m\u001b[0m\u001b[22m\n\u001b[2m    \u001b[0m \u001b[90m 116 | \u001b[39m      })\u001b[33m;\u001b[39m\u001b[0m\u001b[22m\n\u001b[2m\u001b[22m\n\u001b[2m      \u001b[2mat Object.<anonymous> (\u001b[22m\u001b[2m\u001b[0m\u001b[36msrc/__tests__/latex-equal.spec.ts\u001b[39m\u001b[0m\u001b[2m:113:23)\u001b[22m\u001b[2m\u001b[22m\n"
    },
    {
      "leaks": false,
      "numFailingTests": 0,
      "numPassingTests": 0,
      "numPendingTests": 4,
      "numTodoTests": 0,
      "openHandles": [],
      "perfStats": {
        "end": 1617115358139,
        "runtime": 338,
        "slow": false,
        "start": 1617115357801
      },
      "skipped": true,
      "snapshot": {
        "added": 0,
        "fileDeleted": false,
        "matched": 0,
        "unchecked": 0,
        "unmatched": 0,
        "updated": 0,
        "uncheckedKeys": []
      },
      "testFilePath": "/home/ede/dev/github/pie-framework/math-validation/src/__tests__/node-sort.spec.ts",
      "testResults": [
        {
          "ancestorTitles": [
            "'b + a' => 'a + b'"
          ],
          "duration": 0,
          "failureDetails": [],
          "failureMessages": [],
          "fullName": "'b + a' => 'a + b' sorts",
          "location": null,
          "numPassingAsserts": 0,
          "status": "pending",
          "title": "sorts"
        },
        {
          "ancestorTitles": [
            "'b + c + a' => 'a + b + c'"
          ],
          "duration": 1,
          "failureDetails": [],
          "failureMessages": [],
          "fullName": "'b + c + a' => 'a + b + c' sorts",
          "location": null,
          "numPassingAsserts": 0,
          "status": "pending",
          "title": "sorts"
        },
        {
          "ancestorTitles": [
            "'b + a + c' => 'a + b + c'"
          ],
          "duration": 0,
          "failureDetails": [],
          "failureMessages": [],
          "fullName": "'b + a + c' => 'a + b + c' sorts",
          "location": null,
          "numPassingAsserts": 0,
          "status": "pending",
          "title": "sorts"
        },
        {
          "ancestorTitles": [
            "'c + b + a' => 'a + b + c'"
          ],
          "duration": 0,
          "failureDetails": [],
          "failureMessages": [],
          "fullName": "'c + b + a' => 'a + b + c' sorts",
          "location": null,
          "numPassingAsserts": 0,
          "status": "pending",
          "title": "sorts"
        }
      ],
      "failureMessage": null
    },
    {
      "leaks": false,
      "numFailingTests": 0,
      "numPassingTests": 0,
      "numPendingTests": 2,
      "numTodoTests": 0,
      "openHandles": [],
      "perfStats": {
        "end": 1617115358230,
        "runtime": 79,
        "slow": false,
        "start": 1617115358151
      },
      "skipped": true,
      "snapshot": {
        "added": 0,
        "fileDeleted": false,
        "matched": 0,
        "unchecked": 0,
        "unmatched": 0,
        "updated": 0,
        "uncheckedKeys": []
      },
      "testFilePath": "/home/ede/dev/github/pie-framework/math-validation/src/conversion/__tests__/latex-to-ast.spec.ts",
      "testResults": [
        {
          "ancestorTitles": [
            "bugs in lta"
          ],
          "duration": 0,
          "failureDetails": [],
          "failureMessages": [],
          "fullName": "bugs in lta 1,000 => 1000",
          "location": null,
          "numPassingAsserts": 0,
          "status": "pending",
          "title": "1,000 => 1000"
        },
        {
          "ancestorTitles": [
            "bugs in lta"
          ],
          "duration": 0,
          "failureDetails": [],
          "failureMessages": [],
          "fullName": "bugs in lta 1,000,000 => 1000000",
          "location": null,
          "numPassingAsserts": 0,
          "status": "pending",
          "title": "1,000,000 => 1000000"
        }
      ],
      "failureMessage": null
    }
  ],
  "wasInterrupted": false
}