{
  "numFailedTestSuites": 1,
  "numFailedTests": 48,
  "numPassedTestSuites": 2,
  "numPassedTests": 180,
  "numPendingTestSuites": 0,
  "numPendingTests": 0,
  "numRuntimeErrorTestSuites": 0,
  "numTodoTests": 0,
  "numTotalTestSuites": 3,
  "numTotalTests": 228,
  "openHandles": [],
  "snapshot": {
    "added": 0,
    "didUpdate": false,
    "failure": false,
    "filesAdded": 0,
    "filesRemoved": 0,
    "filesRemovedList": [],
    "filesUnmatched": 0,
    "filesUpdated": 0,
    "matched": 0,
    "total": 0,
    "unchecked": 0,
    "uncheckedKeysByFile": [],
    "unmatched": 0,
    "updated": 0
  },
  "startTime": 1616668168086,
  "success": false,
  "testResults": [
    {
      "leaks": false,
      "numFailingTests": 48,
      "numPassingTests": 174,
      "numPendingTests": 0,
      "numTodoTests": 0,
      "openHandles": [],
      "perfStats": {
        "end": 1616668171638,
        "runtime": 3495,
        "slow": false,
        "start": 1616668168143
      },
      "skipped": false,
      "snapshot": {
        "added": 0,
        "fileDeleted": false,
        "matched": 0,
        "unchecked": 0,
        "unmatched": 0,
        "updated": 0,
        "uncheckedKeys": []
      },
      "testFilePath": "/home/ede/dev/github/pie-framework/math-validation/src/__tests__/latex-equal.spec.ts",
      "testResults": [
        {
          "ancestorTitles": [
            "src/fixtures/latex-equal/7119.ts",
            "4 \\frac{1}{2}"
          ],
          "duration": 23,
          "failureDetails": [],
          "failureMessages": [],
          "fullName": "src/fixtures/latex-equal/7119.ts 4 \\frac{1}{2} [S] == 4.5",
          "location": null,
          "numPassingAsserts": 0,
          "status": "passed",
          "title": "[S] == 4.5"
        },
        {
          "ancestorTitles": [
            "src/fixtures/latex-equal/7119.ts",
            "4 \\frac{1}{2}"
          ],
          "duration": 11,
          "failureDetails": [],
          "failureMessages": [],
          "fullName": "src/fixtures/latex-equal/7119.ts 4 \\frac{1}{2} [S] == 3.2 + 1.3",
          "location": null,
          "numPassingAsserts": 0,
          "status": "passed",
          "title": "[S] == 3.2 + 1.3"
        },
        {
          "ancestorTitles": [
            "src/fixtures/latex-equal/7119.ts",
            "4 \\frac{1}{2}"
          ],
          "duration": 13,
          "failureDetails": [],
          "failureMessages": [],
          "fullName": "src/fixtures/latex-equal/7119.ts 4 \\frac{1}{2} [S] == (4 - \\frac{4}{5}) + 1.3",
          "location": null,
          "numPassingAsserts": 0,
          "status": "passed",
          "title": "[S] == (4 - \\frac{4}{5}) + 1.3"
        },
        {
          "ancestorTitles": [
            "src/fixtures/latex-equal/7119.ts",
            "4 \\frac{1}{2}"
          ],
          "duration": 13,
          "failureDetails": [],
          "failureMessages": [],
          "fullName": "src/fixtures/latex-equal/7119.ts 4 \\frac{1}{2} [S] == \\frac{9}{2}",
          "location": null,
          "numPassingAsserts": 0,
          "status": "passed",
          "title": "[S] == \\frac{9}{2}"
        },
        {
          "ancestorTitles": [
            "src/fixtures/latex-equal/7119.ts",
            "4 \\frac{1}{2}"
          ],
          "duration": 0,
          "failureDetails": [],
          "failureMessages": [],
          "fullName": "src/fixtures/latex-equal/7119.ts 4 \\frac{1}{2} [S] == 4 \\frac{1}{2}",
          "location": null,
          "numPassingAsserts": 0,
          "status": "passed",
          "title": "[S] == 4 \\frac{1}{2}"
        },
        {
          "ancestorTitles": [
            "src/fixtures/latex-equal/7119.ts",
            "4 \\frac{1}{2}"
          ],
          "duration": 21,
          "failureDetails": [],
          "failureMessages": [],
          "fullName": "src/fixtures/latex-equal/7119.ts 4 \\frac{1}{2} [S] == \\frac{10}{2} - 0.5",
          "location": null,
          "numPassingAsserts": 0,
          "status": "passed",
          "title": "[S] == \\frac{10}{2} - 0.5"
        },
        {
          "ancestorTitles": [
            "src/fixtures/latex-equal/7119.ts",
            "4 \\frac{1}{2}"
          ],
          "duration": 20,
          "failureDetails": [],
          "failureMessages": [],
          "fullName": "src/fixtures/latex-equal/7119.ts 4 \\frac{1}{2} [S] != 4.55",
          "location": null,
          "numPassingAsserts": 0,
          "status": "passed",
          "title": "[S] != 4.55"
        },
        {
          "ancestorTitles": [
            "src/fixtures/latex-equal/basic-symbolic.ts",
            "100"
          ],
          "duration": 0,
          "failureDetails": [],
          "failureMessages": [],
          "fullName": "src/fixtures/latex-equal/basic-symbolic.ts 100 [S] == 100",
          "location": null,
          "numPassingAsserts": 0,
          "status": "passed",
          "title": "[S] == 100"
        },
        {
          "ancestorTitles": [
            "src/fixtures/latex-equal/basic-symbolic.ts",
            "100"
          ],
          "duration": 10,
          "failureDetails": [],
          "failureMessages": [],
          "fullName": "src/fixtures/latex-equal/basic-symbolic.ts 100 [S] == 50 + 50",
          "location": null,
          "numPassingAsserts": 0,
          "status": "passed",
          "title": "[S] == 50 + 50"
        },
        {
          "ancestorTitles": [
            "src/fixtures/latex-equal/basic-symbolic.ts",
            "100"
          ],
          "duration": 9,
          "failureDetails": [],
          "failureMessages": [],
          "fullName": "src/fixtures/latex-equal/basic-symbolic.ts 100 [S] == 25 * 4",
          "location": null,
          "numPassingAsserts": 0,
          "status": "passed",
          "title": "[S] == 25 * 4"
        },
        {
          "ancestorTitles": [
            "src/fixtures/latex-equal/basic-symbolic.ts",
            "100"
          ],
          "duration": 5,
          "failureDetails": [],
          "failureMessages": [],
          "fullName": "src/fixtures/latex-equal/basic-symbolic.ts 100 [S] == 200 / 2",
          "location": null,
          "numPassingAsserts": 0,
          "status": "passed",
          "title": "[S] == 200 / 2"
        },
        {
          "ancestorTitles": [
            "src/fixtures/latex-equal/basic-symbolic.ts",
            "100"
          ],
          "duration": 7,
          "failureDetails": [],
          "failureMessages": [],
          "fullName": "src/fixtures/latex-equal/basic-symbolic.ts 100 [S] == 20 * 5",
          "location": null,
          "numPassingAsserts": 0,
          "status": "passed",
          "title": "[S] == 20 * 5"
        },
        {
          "ancestorTitles": [
            "src/fixtures/latex-equal/basic-symbolic.ts",
            "100"
          ],
          "duration": 7,
          "failureDetails": [],
          "failureMessages": [],
          "fullName": "src/fixtures/latex-equal/basic-symbolic.ts 100 [S] == 2.5 * 40",
          "location": null,
          "numPassingAsserts": 0,
          "status": "passed",
          "title": "[S] == 2.5 * 40"
        },
        {
          "ancestorTitles": [
            "src/fixtures/latex-equal/basic-symbolic.ts",
            "100"
          ],
          "duration": 5,
          "failureDetails": [],
          "failureMessages": [],
          "fullName": "src/fixtures/latex-equal/basic-symbolic.ts 100 [S] == 10 * 10",
          "location": null,
          "numPassingAsserts": 0,
          "status": "passed",
          "title": "[S] == 10 * 10"
        },
        {
          "ancestorTitles": [
            "src/fixtures/latex-equal/basic-symbolic.ts",
            "100"
          ],
          "duration": 6,
          "failureDetails": [],
          "failureMessages": [],
          "fullName": "src/fixtures/latex-equal/basic-symbolic.ts 100 [S] == 100/2 + 50",
          "location": null,
          "numPassingAsserts": 0,
          "status": "passed",
          "title": "[S] == 100/2 + 50"
        },
        {
          "ancestorTitles": [
            "src/fixtures/latex-equal/basic-symbolic.ts",
            "100"
          ],
          "duration": 7,
          "failureDetails": [],
          "failureMessages": [],
          "fullName": "src/fixtures/latex-equal/basic-symbolic.ts 100 [S] != 44 + 57",
          "location": null,
          "numPassingAsserts": 0,
          "status": "passed",
          "title": "[S] != 44 + 57"
        },
        {
          "ancestorTitles": [
            "src/fixtures/latex-equal/basic-symbolic.ts",
            "100"
          ],
          "duration": 16,
          "failureDetails": [],
          "failureMessages": [],
          "fullName": "src/fixtures/latex-equal/basic-symbolic.ts 100 [S] != 100 - 0.001",
          "location": null,
          "numPassingAsserts": 0,
          "status": "passed",
          "title": "[S] != 100 - 0.001"
        },
        {
          "ancestorTitles": [
            "src/fixtures/latex-equal/basic-symbolic.ts",
            "x"
          ],
          "duration": 0,
          "failureDetails": [],
          "failureMessages": [],
          "fullName": "src/fixtures/latex-equal/basic-symbolic.ts x [S] == x",
          "location": null,
          "numPassingAsserts": 0,
          "status": "passed",
          "title": "[S] == x"
        },
        {
          "ancestorTitles": [
            "src/fixtures/latex-equal/basic-symbolic.ts",
            "x"
          ],
          "duration": 13,
          "failureDetails": [],
          "failureMessages": [],
          "fullName": "src/fixtures/latex-equal/basic-symbolic.ts x [S] == x+0",
          "location": null,
          "numPassingAsserts": 0,
          "status": "passed",
          "title": "[S] == x+0"
        },
        {
          "ancestorTitles": [
            "src/fixtures/latex-equal/basic-symbolic.ts",
            "x"
          ],
          "duration": 11,
          "failureDetails": [],
          "failureMessages": [],
          "fullName": "src/fixtures/latex-equal/basic-symbolic.ts x [S] == (x-2)+2",
          "location": null,
          "numPassingAsserts": 0,
          "status": "passed",
          "title": "[S] == (x-2)+2"
        },
        {
          "ancestorTitles": [
            "src/fixtures/latex-equal/basic-symbolic.ts",
            "x"
          ],
          "duration": 16,
          "failureDetails": [],
          "failureMessages": [],
          "fullName": "src/fixtures/latex-equal/basic-symbolic.ts x [S] == ((x^2 + x) / x) - 1",
          "location": null,
          "numPassingAsserts": 0,
          "status": "passed",
          "title": "[S] == ((x^2 + x) / x) - 1"
        },
        {
          "ancestorTitles": [
            "src/fixtures/latex-equal/basic-symbolic.ts",
            "x"
          ],
          "duration": 15,
          "failureDetails": [],
          "failureMessages": [],
          "fullName": "src/fixtures/latex-equal/basic-symbolic.ts x [S] == 2x/2",
          "location": null,
          "numPassingAsserts": 0,
          "status": "passed",
          "title": "[S] == 2x/2"
        },
        {
          "ancestorTitles": [
            "src/fixtures/latex-equal/basic-symbolic.ts",
            "x"
          ],
          "duration": 21,
          "failureDetails": [],
          "failureMessages": [],
          "fullName": "src/fixtures/latex-equal/basic-symbolic.ts x [S] == ((x^2 + x) / x) - 1",
          "location": null,
          "numPassingAsserts": 0,
          "status": "passed",
          "title": "[S] == ((x^2 + x) / x) - 1"
        },
        {
          "ancestorTitles": [
            "src/fixtures/latex-equal/basic-symbolic.ts",
            "x"
          ],
          "duration": 12,
          "failureDetails": [],
          "failureMessages": [],
          "fullName": "src/fixtures/latex-equal/basic-symbolic.ts x [S] != y",
          "location": null,
          "numPassingAsserts": 0,
          "status": "passed",
          "title": "[S] != y"
        },
        {
          "ancestorTitles": [
            "src/fixtures/latex-equal/basic-symbolic.ts",
            "x"
          ],
          "duration": 13,
          "failureDetails": [],
          "failureMessages": [],
          "fullName": "src/fixtures/latex-equal/basic-symbolic.ts x [S] != x + 1",
          "location": null,
          "numPassingAsserts": 0,
          "status": "passed",
          "title": "[S] != x + 1"
        },
        {
          "ancestorTitles": [
            "src/fixtures/latex-equal/basic-symbolic.ts",
            "(x + 2)^2"
          ],
          "duration": 23,
          "failureDetails": [],
          "failureMessages": [],
          "fullName": "src/fixtures/latex-equal/basic-symbolic.ts (x + 2)^2 [S] == x^2 + 4x + 4",
          "location": null,
          "numPassingAsserts": 0,
          "status": "passed",
          "title": "[S] == x^2 + 4x + 4"
        },
        {
          "ancestorTitles": [
            "src/fixtures/latex-equal/basic-symbolic.ts",
            "(x + 2)^2"
          ],
          "duration": 25,
          "failureDetails": [],
          "failureMessages": [],
          "fullName": "src/fixtures/latex-equal/basic-symbolic.ts (x + 2)^2 [S] == x^2 + 4(x+1)",
          "location": null,
          "numPassingAsserts": 0,
          "status": "passed",
          "title": "[S] == x^2 + 4(x+1)"
        },
        {
          "ancestorTitles": [
            "src/fixtures/latex-equal/basic-symbolic.ts",
            "(x + 2)^2"
          ],
          "duration": 24,
          "failureDetails": [],
          "failureMessages": [],
          "fullName": "src/fixtures/latex-equal/basic-symbolic.ts (x + 2)^2 [S] == x^2 + 8 ((x+1) / 2)",
          "location": null,
          "numPassingAsserts": 0,
          "status": "passed",
          "title": "[S] == x^2 + 8 ((x+1) / 2)"
        },
        {
          "ancestorTitles": [
            "src/fixtures/latex-equal/basic-symbolic.ts",
            "(x + 2)^2"
          ],
          "duration": 25,
          "failureDetails": [],
          "failureMessages": [],
          "fullName": "src/fixtures/latex-equal/basic-symbolic.ts (x + 2)^2 [S] == (2 + x)^2",
          "location": null,
          "numPassingAsserts": 0,
          "status": "passed",
          "title": "[S] == (2 + x)^2"
        },
        {
          "ancestorTitles": [
            "src/fixtures/latex-equal/basic-symbolic.ts",
            "(x + 2)^2"
          ],
          "duration": 20,
          "failureDetails": [],
          "failureMessages": [],
          "fullName": "src/fixtures/latex-equal/basic-symbolic.ts (x + 2)^2 [S] == x^2 + 4x + 4",
          "location": null,
          "numPassingAsserts": 0,
          "status": "passed",
          "title": "[S] == x^2 + 4x + 4"
        },
        {
          "ancestorTitles": [
            "src/fixtures/latex-equal/basic-symbolic.ts",
            "(x + 2)^2"
          ],
          "duration": 21,
          "failureDetails": [],
          "failureMessages": [],
          "fullName": "src/fixtures/latex-equal/basic-symbolic.ts (x + 2)^2 [S] == x^2 + 4(x+1)",
          "location": null,
          "numPassingAsserts": 0,
          "status": "passed",
          "title": "[S] == x^2 + 4(x+1)"
        },
        {
          "ancestorTitles": [
            "src/fixtures/latex-equal/basic-symbolic.ts",
            "(x + 2)^2"
          ],
          "duration": 24,
          "failureDetails": [],
          "failureMessages": [],
          "fullName": "src/fixtures/latex-equal/basic-symbolic.ts (x + 2)^2 [S] == x^2 + 8 ((x+1) / 2)",
          "location": null,
          "numPassingAsserts": 0,
          "status": "passed",
          "title": "[S] == x^2 + 8 ((x+1) / 2)"
        },
        {
          "ancestorTitles": [
            "src/fixtures/latex-equal/basic-symbolic.ts",
            "(x + 2)^2"
          ],
          "duration": 20,
          "failureDetails": [],
          "failureMessages": [],
          "fullName": "src/fixtures/latex-equal/basic-symbolic.ts (x + 2)^2 [S] != x^2 + 4(x+2)",
          "location": null,
          "numPassingAsserts": 0,
          "status": "passed",
          "title": "[S] != x^2 + 4(x+2)"
        },
        {
          "ancestorTitles": [
            "src/fixtures/latex-equal/basic-symbolic.ts",
            "breaks - not sure why > (x + 2)^2"
          ],
          "duration": 20,
          "failureDetails": [
            {
              "actual": "",
              "error": {
                "matcherResult": {
                  "actual": true,
                  "expected": false,
                  "name": "toEqual",
                  "pass": false
                }
              },
              "expected": "",
              "matcherName": "",
              "message": "Error: \u001b[2mexpect(\u001b[22m\u001b[31mreceived\u001b[39m\u001b[2m).\u001b[22mtoEqual\u001b[2m(\u001b[22m\u001b[32mexpected\u001b[39m\u001b[2m) // deep equality\u001b[22m\n\nExpected: \u001b[32mfalse\u001b[39m\nReceived: \u001b[31mtrue\u001b[39m",
              "passed": false,
              "stack": "Error: \u001b[2mexpect(\u001b[22m\u001b[31mreceived\u001b[39m\u001b[2m).\u001b[22mtoEqual\u001b[2m(\u001b[22m\u001b[32mexpected\u001b[39m\u001b[2m) // deep equality\u001b[22m\n\nExpected: \u001b[32mfalse\u001b[39m\nReceived: \u001b[31mtrue\u001b[39m\n    at Object.<anonymous> (/home/ede/dev/github/pie-framework/math-validation/src/__tests__/latex-equal.spec.ts:110:23)\n    at Object.asyncJestTest (/home/ede/dev/github/pie-framework/math-validation/node_modules/jest-jasmine2/build/jasmineAsyncInstall.js:106:37)\n    at /home/ede/dev/github/pie-framework/math-validation/node_modules/jest-jasmine2/build/queueRunner.js:45:12\n    at new Promise (<anonymous>)\n    at mapper (/home/ede/dev/github/pie-framework/math-validation/node_modules/jest-jasmine2/build/queueRunner.js:28:19)\n    at /home/ede/dev/github/pie-framework/math-validation/node_modules/jest-jasmine2/build/queueRunner.js:75:41"
            }
          ],
          "failureMessages": [
            "Error: \u001b[2mexpect(\u001b[22m\u001b[31mreceived\u001b[39m\u001b[2m).\u001b[22mtoEqual\u001b[2m(\u001b[22m\u001b[32mexpected\u001b[39m\u001b[2m) // deep equality\u001b[22m\n\nExpected: \u001b[32mfalse\u001b[39m\nReceived: \u001b[31mtrue\u001b[39m\n    at Object.<anonymous> (/home/ede/dev/github/pie-framework/math-validation/src/__tests__/latex-equal.spec.ts:110:23)\n    at Object.asyncJestTest (/home/ede/dev/github/pie-framework/math-validation/node_modules/jest-jasmine2/build/jasmineAsyncInstall.js:106:37)\n    at /home/ede/dev/github/pie-framework/math-validation/node_modules/jest-jasmine2/build/queueRunner.js:45:12\n    at new Promise (<anonymous>)\n    at mapper (/home/ede/dev/github/pie-framework/math-validation/node_modules/jest-jasmine2/build/queueRunner.js:28:19)\n    at /home/ede/dev/github/pie-framework/math-validation/node_modules/jest-jasmine2/build/queueRunner.js:75:41"
          ],
          "fullName": "src/fixtures/latex-equal/basic-symbolic.ts breaks - not sure why > (x + 2)^2 [S] != x^3 + 4x + 4",
          "location": null,
          "numPassingAsserts": 0,
          "status": "failed",
          "title": "[S] != x^3 + 4x + 4"
        },
        {
          "ancestorTitles": [
            "src/fixtures/latex-equal/basic-symbolic.ts",
            "y^(2 x)"
          ],
          "duration": 5,
          "failureDetails": [
            {
              "actual": "",
              "error": {
                "matcherResult": {
                  "actual": false,
                  "expected": true,
                  "name": "toEqual",
                  "pass": false
                }
              },
              "expected": "",
              "matcherName": "",
              "message": "Error: \u001b[2mexpect(\u001b[22m\u001b[31mreceived\u001b[39m\u001b[2m).\u001b[22mtoEqual\u001b[2m(\u001b[22m\u001b[32mexpected\u001b[39m\u001b[2m) // deep equality\u001b[22m\n\nExpected: \u001b[32mtrue\u001b[39m\nReceived: \u001b[31mfalse\u001b[39m",
              "passed": false,
              "stack": "Error: \u001b[2mexpect(\u001b[22m\u001b[31mreceived\u001b[39m\u001b[2m).\u001b[22mtoEqual\u001b[2m(\u001b[22m\u001b[32mexpected\u001b[39m\u001b[2m) // deep equality\u001b[22m\n\nExpected: \u001b[32mtrue\u001b[39m\nReceived: \u001b[31mfalse\u001b[39m\n    at Object.<anonymous> (/home/ede/dev/github/pie-framework/math-validation/src/__tests__/latex-equal.spec.ts:95:23)\n    at Object.asyncJestTest (/home/ede/dev/github/pie-framework/math-validation/node_modules/jest-jasmine2/build/jasmineAsyncInstall.js:106:37)\n    at /home/ede/dev/github/pie-framework/math-validation/node_modules/jest-jasmine2/build/queueRunner.js:45:12\n    at new Promise (<anonymous>)\n    at mapper (/home/ede/dev/github/pie-framework/math-validation/node_modules/jest-jasmine2/build/queueRunner.js:28:19)\n    at /home/ede/dev/github/pie-framework/math-validation/node_modules/jest-jasmine2/build/queueRunner.js:75:41"
            }
          ],
          "failureMessages": [
            "Error: \u001b[2mexpect(\u001b[22m\u001b[31mreceived\u001b[39m\u001b[2m).\u001b[22mtoEqual\u001b[2m(\u001b[22m\u001b[32mexpected\u001b[39m\u001b[2m) // deep equality\u001b[22m\n\nExpected: \u001b[32mtrue\u001b[39m\nReceived: \u001b[31mfalse\u001b[39m\n    at Object.<anonymous> (/home/ede/dev/github/pie-framework/math-validation/src/__tests__/latex-equal.spec.ts:95:23)\n    at Object.asyncJestTest (/home/ede/dev/github/pie-framework/math-validation/node_modules/jest-jasmine2/build/jasmineAsyncInstall.js:106:37)\n    at /home/ede/dev/github/pie-framework/math-validation/node_modules/jest-jasmine2/build/queueRunner.js:45:12\n    at new Promise (<anonymous>)\n    at mapper (/home/ede/dev/github/pie-framework/math-validation/node_modules/jest-jasmine2/build/queueRunner.js:28:19)\n    at /home/ede/dev/github/pie-framework/math-validation/node_modules/jest-jasmine2/build/queueRunner.js:75:41"
          ],
          "fullName": "src/fixtures/latex-equal/basic-symbolic.ts y^(2 x) [S] == y^(x+x)",
          "location": null,
          "numPassingAsserts": 0,
          "status": "failed",
          "title": "[S] == y^(x+x)"
        },
        {
          "ancestorTitles": [
            "src/fixtures/latex-equal/basic-symbolic.ts",
            "\\sqrt{4x}"
          ],
          "duration": 16,
          "failureDetails": [
            {
              "actual": "",
              "error": {},
              "expected": "",
              "matcherName": "",
              "message": "TypeError: (intermediate value)(intermediate value)(intermediate value) is not a function",
              "passed": false,
              "stack": "TypeError: (intermediate value)(intermediate value)(intermediate value) is not a function\n    at evalFunctionNode (/home/ede/dev/github/pie-framework/math-validation/node_modules/mathjs/lib/cjs/expression/node/FunctionNode.js:121:87)\n    at Object.evaluate (/home/ede/dev/github/pie-framework/math-validation/node_modules/mathjs/lib/cjs/expression/node/Node.js:65:14)\n    at Parser.evaluate (/home/ede/dev/github/pie-framework/math-validation/node_modules/mathjs/lib/cjs/expression/Parser.js:90:34)\n    at Object.evaluate (/home/ede/dev/github/pie-framework/math-validation/src/symbolic/index.ts:169:24)\n    at Object.isMathEqual (/home/ede/dev/github/pie-framework/math-validation/src/symbolic/index.ts:51:10)\n    at Object.latexEqual (/home/ede/dev/github/pie-framework/math-validation/src/latex-equal.ts:52:12)\n    at Object.latexEqual (/home/ede/dev/github/pie-framework/math-validation/src/index.ts:25:12)\n    at Object.<anonymous> (/home/ede/dev/github/pie-framework/math-validation/src/__tests__/latex-equal.spec.ts:93:23)\n    at Object.asyncJestTest (/home/ede/dev/github/pie-framework/math-validation/node_modules/jest-jasmine2/build/jasmineAsyncInstall.js:106:37)\n    at /home/ede/dev/github/pie-framework/math-validation/node_modules/jest-jasmine2/build/queueRunner.js:45:12"
            }
          ],
          "failureMessages": [
            "TypeError: (intermediate value)(intermediate value)(intermediate value) is not a function\n    at evalFunctionNode (/home/ede/dev/github/pie-framework/math-validation/node_modules/mathjs/lib/cjs/expression/node/FunctionNode.js:121:87)\n    at Object.evaluate (/home/ede/dev/github/pie-framework/math-validation/node_modules/mathjs/lib/cjs/expression/node/Node.js:65:14)\n    at Parser.evaluate (/home/ede/dev/github/pie-framework/math-validation/node_modules/mathjs/lib/cjs/expression/Parser.js:90:34)\n    at Object.evaluate (/home/ede/dev/github/pie-framework/math-validation/src/symbolic/index.ts:169:24)\n    at Object.isMathEqual (/home/ede/dev/github/pie-framework/math-validation/src/symbolic/index.ts:51:10)\n    at Object.latexEqual (/home/ede/dev/github/pie-framework/math-validation/src/latex-equal.ts:52:12)\n    at Object.latexEqual (/home/ede/dev/github/pie-framework/math-validation/src/index.ts:25:12)\n    at Object.<anonymous> (/home/ede/dev/github/pie-framework/math-validation/src/__tests__/latex-equal.spec.ts:93:23)\n    at Object.asyncJestTest (/home/ede/dev/github/pie-framework/math-validation/node_modules/jest-jasmine2/build/jasmineAsyncInstall.js:106:37)\n    at /home/ede/dev/github/pie-framework/math-validation/node_modules/jest-jasmine2/build/queueRunner.js:45:12"
          ],
          "fullName": "src/fixtures/latex-equal/basic-symbolic.ts \\sqrt{4x} [S] == \\sqrt{3x + 1x}",
          "location": null,
          "numPassingAsserts": 0,
          "status": "failed",
          "title": "[S] == \\sqrt{3x + 1x}"
        },
        {
          "ancestorTitles": [
            "src/fixtures/latex-equal/basic-symbolic.ts",
            "1000"
          ],
          "duration": 5,
          "failureDetails": [],
          "failureMessages": [],
          "fullName": "src/fixtures/latex-equal/basic-symbolic.ts 1000 [S] == 1,000",
          "location": null,
          "numPassingAsserts": 0,
          "status": "passed",
          "title": "[S] == 1,000"
        },
        {
          "ancestorTitles": [
            "src/fixtures/latex-equal/basic-symbolic.ts",
            "1000"
          ],
          "duration": 3,
          "failureDetails": [],
          "failureMessages": [],
          "fullName": "src/fixtures/latex-equal/basic-symbolic.ts 1000 [S] == 1,000.00",
          "location": null,
          "numPassingAsserts": 0,
          "status": "passed",
          "title": "[S] == 1,000.00"
        },
        {
          "ancestorTitles": [
            "src/fixtures/latex-equal/basic-symbolic.ts",
            "1,500,000"
          ],
          "duration": 3,
          "failureDetails": [],
          "failureMessages": [],
          "fullName": "src/fixtures/latex-equal/basic-symbolic.ts 1,500,000 [S] == 1500000",
          "location": null,
          "numPassingAsserts": 0,
          "status": "passed",
          "title": "[S] == 1500000"
        },
        {
          "ancestorTitles": [
            "src/fixtures/latex-equal/basic-symbolic.ts",
            "sin(x)"
          ],
          "duration": 0,
          "failureDetails": [],
          "failureMessages": [],
          "fullName": "src/fixtures/latex-equal/basic-symbolic.ts sin(x) [S] == sin(x)",
          "location": null,
          "numPassingAsserts": 0,
          "status": "passed",
          "title": "[S] == sin(x)"
        },
        {
          "ancestorTitles": [
            "src/fixtures/latex-equal/basic-symbolic.ts",
            "tan(x)"
          ],
          "duration": 0,
          "failureDetails": [],
          "failureMessages": [],
          "fullName": "src/fixtures/latex-equal/basic-symbolic.ts tan(x) [S] == tan(x)",
          "location": null,
          "numPassingAsserts": 0,
          "status": "passed",
          "title": "[S] == tan(x)"
        },
        {
          "ancestorTitles": [
            "src/fixtures/latex-equal/basic-symbolic.ts",
            "f^{-1}\\left(x\\right)=\\sqrt{x-1}+3"
          ],
          "duration": 8,
          "failureDetails": [
            {
              "actual": "",
              "error": {},
              "expected": "",
              "matcherName": "",
              "message": "Error: Non string functions not implemented for conversion to mathjs",
              "passed": false,
              "stack": "Error: Non string functions not implemented for conversion to mathjs\n    at AstToMathJs.convert (/home/ede/dev/github/pie-framework/math-validation/src/conversion/ast-to-mathjs.ts:107:15)\n    at AstToMathJs.<anonymous> (/home/ede/dev/github/pie-framework/math-validation/src/conversion/ast-to-mathjs.ts:184:23)\n    at Array.map (<anonymous>)\n    at AstToMathJs.convert (/home/ede/dev/github/pie-framework/math-validation/src/conversion/ast-to-mathjs.ts:182:32)\n    at toMathNode (/home/ede/dev/github/pie-framework/math-validation/src/latex-equal.ts:27:14)\n    at Object.latexEqual (/home/ede/dev/github/pie-framework/math-validation/src/latex-equal.ts:47:15)\n    at Object.latexEqual (/home/ede/dev/github/pie-framework/math-validation/src/index.ts:25:12)\n    at Object.<anonymous> (/home/ede/dev/github/pie-framework/math-validation/src/__tests__/latex-equal.spec.ts:93:23)\n    at Object.asyncJestTest (/home/ede/dev/github/pie-framework/math-validation/node_modules/jest-jasmine2/build/jasmineAsyncInstall.js:106:37)\n    at /home/ede/dev/github/pie-framework/math-validation/node_modules/jest-jasmine2/build/queueRunner.js:45:12"
            }
          ],
          "failureMessages": [
            "Error: Non string functions not implemented for conversion to mathjs\n    at AstToMathJs.convert (/home/ede/dev/github/pie-framework/math-validation/src/conversion/ast-to-mathjs.ts:107:15)\n    at AstToMathJs.<anonymous> (/home/ede/dev/github/pie-framework/math-validation/src/conversion/ast-to-mathjs.ts:184:23)\n    at Array.map (<anonymous>)\n    at AstToMathJs.convert (/home/ede/dev/github/pie-framework/math-validation/src/conversion/ast-to-mathjs.ts:182:32)\n    at toMathNode (/home/ede/dev/github/pie-framework/math-validation/src/latex-equal.ts:27:14)\n    at Object.latexEqual (/home/ede/dev/github/pie-framework/math-validation/src/latex-equal.ts:47:15)\n    at Object.latexEqual (/home/ede/dev/github/pie-framework/math-validation/src/index.ts:25:12)\n    at Object.<anonymous> (/home/ede/dev/github/pie-framework/math-validation/src/__tests__/latex-equal.spec.ts:93:23)\n    at Object.asyncJestTest (/home/ede/dev/github/pie-framework/math-validation/node_modules/jest-jasmine2/build/jasmineAsyncInstall.js:106:37)\n    at /home/ede/dev/github/pie-framework/math-validation/node_modules/jest-jasmine2/build/queueRunner.js:45:12"
          ],
          "fullName": "src/fixtures/latex-equal/basic-symbolic.ts f^{-1}\\left(x\\right)=\\sqrt{x-1}+3 [S] == f^{-1}\\left(x\\right)=\\sqrt{x-1}+4-1",
          "location": null,
          "numPassingAsserts": 0,
          "status": "failed",
          "title": "[S] == f^{-1}\\left(x\\right)=\\sqrt{x-1}+4-1"
        },
        {
          "ancestorTitles": [
            "src/fixtures/latex-equal/basic-symbolic.ts",
            "72\\div12=6\\text{eggs}"
          ],
          "duration": 6,
          "failureDetails": [],
          "failureMessages": [],
          "fullName": "src/fixtures/latex-equal/basic-symbolic.ts 72\\div12=6\\text{eggs} [S] == 72\\div12=(3+3)\\text{eggs}",
          "location": null,
          "numPassingAsserts": 0,
          "status": "passed",
          "title": "[S] == 72\\div12=(3+3)\\text{eggs}"
        },
        {
          "ancestorTitles": [
            "src/fixtures/latex-equal/basic-symbolic.ts",
            "\\left(x\\right)^{ \\frac{1}{\\left(y + 3\\right)}}"
          ],
          "duration": 10,
          "failureDetails": [],
          "failureMessages": [],
          "fullName": "src/fixtures/latex-equal/basic-symbolic.ts \\left(x\\right)^{ \\frac{1}{\\left(y + 3\\right)}} [S] == \\sqrt[\\left(y + 3\\right)]{x}",
          "location": null,
          "numPassingAsserts": 0,
          "status": "passed",
          "title": "[S] == \\sqrt[\\left(y + 3\\right)]{x}"
        },
        {
          "ancestorTitles": [
            "src/fixtures/latex-equal/basic-symbolic.ts",
            "\\left(x\\right)^{\\frac{1}{3}}"
          ],
          "duration": 8,
          "failureDetails": [],
          "failureMessages": [],
          "fullName": "src/fixtures/latex-equal/basic-symbolic.ts \\left(x\\right)^{\\frac{1}{3}} [S] == \\sqrt[3]{x}",
          "location": null,
          "numPassingAsserts": 0,
          "status": "passed",
          "title": "[S] == \\sqrt[3]{x}"
        },
        {
          "ancestorTitles": [
            "src/fixtures/latex-equal/basic-symbolic.ts",
            "\\left(x\\right)^{\\frac{1}{n}}"
          ],
          "duration": 7,
          "failureDetails": [],
          "failureMessages": [],
          "fullName": "src/fixtures/latex-equal/basic-symbolic.ts \\left(x\\right)^{\\frac{1}{n}} [S] == \\sqrt[n]{x}",
          "location": null,
          "numPassingAsserts": 0,
          "status": "passed",
          "title": "[S] == \\sqrt[n]{x}"
        },
        {
          "ancestorTitles": [
            "src/fixtures/latex-equal/basic-symbolic.ts",
            "\\left(x\\right)^{\\frac{1}{n}}"
          ],
          "duration": 5,
          "failureDetails": [],
          "failureMessages": [],
          "fullName": "src/fixtures/latex-equal/basic-symbolic.ts \\left(x\\right)^{\\frac{1}{n}} [S] == \\sqrt[n]{x}",
          "location": null,
          "numPassingAsserts": 0,
          "status": "passed",
          "title": "[S] == \\sqrt[n]{x}"
        },
        {
          "ancestorTitles": [
            "src/fixtures/latex-equal/basic-symbolic.ts",
            "\\left(x\\right)^{\\frac{1}{2}}"
          ],
          "duration": 6,
          "failureDetails": [],
          "failureMessages": [],
          "fullName": "src/fixtures/latex-equal/basic-symbolic.ts \\left(x\\right)^{\\frac{1}{2}} [S] == \\sqrt{x}",
          "location": null,
          "numPassingAsserts": 0,
          "status": "passed",
          "title": "[S] == \\sqrt{x}"
        },
        {
          "ancestorTitles": [
            "src/fixtures/latex-equal/basic-symbolic.ts",
            "\\left(x-1\\right)^{\\frac{1}{2}}+3"
          ],
          "duration": 10,
          "failureDetails": [],
          "failureMessages": [],
          "fullName": "src/fixtures/latex-equal/basic-symbolic.ts \\left(x-1\\right)^{\\frac{1}{2}}+3 [S] == \\sqrt{x-1}+3",
          "location": null,
          "numPassingAsserts": 0,
          "status": "passed",
          "title": "[S] == \\sqrt{x-1}+3"
        },
        {
          "ancestorTitles": [
            "src/fixtures/latex-equal/basic-symbolic.ts",
            "f^{-1}\\left(x\\right)=\\left(x-1\\right)^{\\frac{1}{2}}+3"
          ],
          "duration": 1,
          "failureDetails": [
            {
              "actual": "",
              "error": {},
              "expected": "",
              "matcherName": "",
              "message": "Error: Non string functions not implemented for conversion to mathjs",
              "passed": false,
              "stack": "Error: Non string functions not implemented for conversion to mathjs\n    at AstToMathJs.convert (/home/ede/dev/github/pie-framework/math-validation/src/conversion/ast-to-mathjs.ts:107:15)\n    at AstToMathJs.<anonymous> (/home/ede/dev/github/pie-framework/math-validation/src/conversion/ast-to-mathjs.ts:184:23)\n    at Array.map (<anonymous>)\n    at AstToMathJs.convert (/home/ede/dev/github/pie-framework/math-validation/src/conversion/ast-to-mathjs.ts:182:32)\n    at toMathNode (/home/ede/dev/github/pie-framework/math-validation/src/latex-equal.ts:27:14)\n    at Object.latexEqual (/home/ede/dev/github/pie-framework/math-validation/src/latex-equal.ts:47:15)\n    at Object.latexEqual (/home/ede/dev/github/pie-framework/math-validation/src/index.ts:25:12)\n    at Object.<anonymous> (/home/ede/dev/github/pie-framework/math-validation/src/__tests__/latex-equal.spec.ts:93:23)\n    at Object.asyncJestTest (/home/ede/dev/github/pie-framework/math-validation/node_modules/jest-jasmine2/build/jasmineAsyncInstall.js:106:37)\n    at /home/ede/dev/github/pie-framework/math-validation/node_modules/jest-jasmine2/build/queueRunner.js:45:12"
            }
          ],
          "failureMessages": [
            "Error: Non string functions not implemented for conversion to mathjs\n    at AstToMathJs.convert (/home/ede/dev/github/pie-framework/math-validation/src/conversion/ast-to-mathjs.ts:107:15)\n    at AstToMathJs.<anonymous> (/home/ede/dev/github/pie-framework/math-validation/src/conversion/ast-to-mathjs.ts:184:23)\n    at Array.map (<anonymous>)\n    at AstToMathJs.convert (/home/ede/dev/github/pie-framework/math-validation/src/conversion/ast-to-mathjs.ts:182:32)\n    at toMathNode (/home/ede/dev/github/pie-framework/math-validation/src/latex-equal.ts:27:14)\n    at Object.latexEqual (/home/ede/dev/github/pie-framework/math-validation/src/latex-equal.ts:47:15)\n    at Object.latexEqual (/home/ede/dev/github/pie-framework/math-validation/src/index.ts:25:12)\n    at Object.<anonymous> (/home/ede/dev/github/pie-framework/math-validation/src/__tests__/latex-equal.spec.ts:93:23)\n    at Object.asyncJestTest (/home/ede/dev/github/pie-framework/math-validation/node_modules/jest-jasmine2/build/jasmineAsyncInstall.js:106:37)\n    at /home/ede/dev/github/pie-framework/math-validation/node_modules/jest-jasmine2/build/queueRunner.js:45:12"
          ],
          "fullName": "src/fixtures/latex-equal/basic-symbolic.ts f^{-1}\\left(x\\right)=\\left(x-1\\right)^{\\frac{1}{2}}+3 [S] == f^{-1}\\left(x\\right)=\\sqrt{x-1}+3",
          "location": null,
          "numPassingAsserts": 0,
          "status": "failed",
          "title": "[S] == f^{-1}\\left(x\\right)=\\sqrt{x-1}+3"
        },
        {
          "ancestorTitles": [
            "src/fixtures/latex-equal/fractions-symbolic.ts",
            "\\frac{x}{12}\\times7\\text{dollars}"
          ],
          "duration": 15,
          "failureDetails": [],
          "failureMessages": [],
          "fullName": "src/fixtures/latex-equal/fractions-symbolic.ts \\frac{x}{12}\\times7\\text{dollars} [S] == \\frac{7x}{12}\\ \\text{dollars}",
          "location": null,
          "numPassingAsserts": 0,
          "status": "passed",
          "title": "[S] == \\frac{7x}{12}\\ \\text{dollars}"
        },
        {
          "ancestorTitles": [
            "src/fixtures/latex-equal/fractions-symbolic.ts",
            "\\frac{x}{12}\\times7\\text{dollars}"
          ],
          "duration": 14,
          "failureDetails": [],
          "failureMessages": [],
          "fullName": "src/fixtures/latex-equal/fractions-symbolic.ts \\frac{x}{12}\\times7\\text{dollars} [S] == x\\times \\frac{1}{12}\\times 7\\ \\text{dollars}",
          "location": null,
          "numPassingAsserts": 0,
          "status": "passed",
          "title": "[S] == x\\times \\frac{1}{12}\\times 7\\ \\text{dollars}"
        },
        {
          "ancestorTitles": [
            "src/fixtures/latex-equal/fractions-symbolic.ts",
            "\\frac{x}{12}\\times7\\text{dollars}"
          ],
          "duration": 13,
          "failureDetails": [],
          "failureMessages": [],
          "fullName": "src/fixtures/latex-equal/fractions-symbolic.ts \\frac{x}{12}\\times7\\text{dollars} [S] == x\\times 7\\times \\frac{1}{12}\\ \\text{dollars}",
          "location": null,
          "numPassingAsserts": 0,
          "status": "passed",
          "title": "[S] == x\\times 7\\times \\frac{1}{12}\\ \\text{dollars}"
        },
        {
          "ancestorTitles": [
            "src/fixtures/latex-equal/fractions-symbolic.ts",
            "\\frac{x}{12}\\times7\\text{dollars}"
          ],
          "duration": 14,
          "failureDetails": [],
          "failureMessages": [],
          "fullName": "src/fixtures/latex-equal/fractions-symbolic.ts \\frac{x}{12}\\times7\\text{dollars} [S] == \\frac{1}{12}\\times x\\times 7\\ \\text{dollars}",
          "location": null,
          "numPassingAsserts": 0,
          "status": "passed",
          "title": "[S] == \\frac{1}{12}\\times x\\times 7\\ \\text{dollars}"
        },
        {
          "ancestorTitles": [
            "src/fixtures/latex-equal/fractions-symbolic.ts",
            "\\frac{x}{12}\\times7\\text{dollars}"
          ],
          "duration": 13,
          "failureDetails": [],
          "failureMessages": [],
          "fullName": "src/fixtures/latex-equal/fractions-symbolic.ts \\frac{x}{12}\\times7\\text{dollars} [S] == \\frac{7}{12}\\times x\\ \\text{dollars}",
          "location": null,
          "numPassingAsserts": 0,
          "status": "passed",
          "title": "[S] == \\frac{7}{12}\\times x\\ \\text{dollars}"
        },
        {
          "ancestorTitles": [
            "src/fixtures/latex-equal/fractions-symbolic.ts",
            "\\frac{x}{12}\\times7\\text{dollars}"
          ],
          "duration": 13,
          "failureDetails": [],
          "failureMessages": [],
          "fullName": "src/fixtures/latex-equal/fractions-symbolic.ts \\frac{x}{12}\\times7\\text{dollars} [S] == \\frac{1}{12}x\\times 7\\ \\text{dollars}",
          "location": null,
          "numPassingAsserts": 0,
          "status": "passed",
          "title": "[S] == \\frac{1}{12}x\\times 7\\ \\text{dollars}"
        },
        {
          "ancestorTitles": [
            "src/fixtures/latex-equal/fractions-symbolic.ts",
            "\\frac{x}{12}\\times7\\text{dollars}"
          ],
          "duration": 13,
          "failureDetails": [],
          "failureMessages": [],
          "fullName": "src/fixtures/latex-equal/fractions-symbolic.ts \\frac{x}{12}\\times7\\text{dollars} [S] == \\frac{1}{12}\\left(7x\\right)\\ \\text{dollars}",
          "location": null,
          "numPassingAsserts": 0,
          "status": "passed",
          "title": "[S] == \\frac{1}{12}\\left(7x\\right)\\ \\text{dollars}"
        },
        {
          "ancestorTitles": [
            "src/fixtures/latex-equal/fractions-symbolic.ts",
            "\\frac{x}{12}\\times7\\text{dollars}"
          ],
          "duration": 14,
          "failureDetails": [],
          "failureMessages": [],
          "fullName": "src/fixtures/latex-equal/fractions-symbolic.ts \\frac{x}{12}\\times7\\text{dollars} [S] == \\frac{1}{12}\\left(x\\times 7\\right)\\ \\text{dollars}",
          "location": null,
          "numPassingAsserts": 0,
          "status": "passed",
          "title": "[S] == \\frac{1}{12}\\left(x\\times 7\\right)\\ \\text{dollars}"
        },
        {
          "ancestorTitles": [
            "src/fixtures/latex-equal/fractions-symbolic.ts",
            "\\frac{n-5}{6}"
          ],
          "duration": 14,
          "failureDetails": [],
          "failureMessages": [],
          "fullName": "src/fixtures/latex-equal/fractions-symbolic.ts \\frac{n-5}{6} [S] == \\frac{-5+n}{6}",
          "location": null,
          "numPassingAsserts": 0,
          "status": "passed",
          "title": "[S] == \\frac{-5+n}{6}"
        },
        {
          "ancestorTitles": [
            "src/fixtures/latex-equal/fractions-symbolic.ts",
            "\\frac{n-5}{6}"
          ],
          "duration": 16,
          "failureDetails": [],
          "failureMessages": [],
          "fullName": "src/fixtures/latex-equal/fractions-symbolic.ts \\frac{n-5}{6} [S] == \\frac{n}{6}-\\frac{5}{6}",
          "location": null,
          "numPassingAsserts": 0,
          "status": "passed",
          "title": "[S] == \\frac{n}{6}-\\frac{5}{6}"
        },
        {
          "ancestorTitles": [
            "src/fixtures/latex-equal/fractions-symbolic.ts",
            "\\frac{n-5}{6}"
          ],
          "duration": 18,
          "failureDetails": [],
          "failureMessages": [],
          "fullName": "src/fixtures/latex-equal/fractions-symbolic.ts \\frac{n-5}{6} [S] == -\\frac{5}{6}+\\frac{n}{6}",
          "location": null,
          "numPassingAsserts": 0,
          "status": "passed",
          "title": "[S] == -\\frac{5}{6}+\\frac{n}{6}"
        },
        {
          "ancestorTitles": [
            "src/fixtures/latex-equal/fractions-symbolic.ts",
            "\\frac{n-5}{6}"
          ],
          "duration": 53,
          "failureDetails": [],
          "failureMessages": [],
          "fullName": "src/fixtures/latex-equal/fractions-symbolic.ts \\frac{n-5}{6} [S] == \\frac{1}{6}\\left(n-5\\right)",
          "location": null,
          "numPassingAsserts": 0,
          "status": "passed",
          "title": "[S] == \\frac{1}{6}\\left(n-5\\right)"
        },
        {
          "ancestorTitles": [
            "src/fixtures/latex-equal/fractions-symbolic.ts",
            "\\frac{n-5}{6}"
          ],
          "duration": 47,
          "failureDetails": [],
          "failureMessages": [],
          "fullName": "src/fixtures/latex-equal/fractions-symbolic.ts \\frac{n-5}{6} [S] == \\frac{1}{6}\\left(-5+n\\right)",
          "location": null,
          "numPassingAsserts": 0,
          "status": "passed",
          "title": "[S] == \\frac{1}{6}\\left(-5+n\\right)"
        },
        {
          "ancestorTitles": [
            "src/fixtures/latex-equal/fractions-symbolic.ts",
            "6 \\frac{1}{2}"
          ],
          "duration": 4,
          "failureDetails": [],
          "failureMessages": [],
          "fullName": "src/fixtures/latex-equal/fractions-symbolic.ts 6 \\frac{1}{2} [S] == 6 + \\frac{1}{2}",
          "location": null,
          "numPassingAsserts": 0,
          "status": "passed",
          "title": "[S] == 6 + \\frac{1}{2}"
        },
        {
          "ancestorTitles": [
            "src/fixtures/latex-equal/fractions-symbolic.ts",
            "6 \\frac{1}{2}"
          ],
          "duration": 5,
          "failureDetails": [],
          "failureMessages": [],
          "fullName": "src/fixtures/latex-equal/fractions-symbolic.ts 6 \\frac{1}{2} [S] != 6 * \\frac{1}{2}",
          "location": null,
          "numPassingAsserts": 0,
          "status": "passed",
          "title": "[S] != 6 * \\frac{1}{2}"
        },
        {
          "ancestorTitles": [
            "src/fixtures/latex-equal/fractions-symbolic.ts",
            "\\frac{6\\pi}{x}\\text{radians}\\ \\text{per}\\ \\text{second}"
          ],
          "duration": 13,
          "failureDetails": [],
          "failureMessages": [],
          "fullName": "src/fixtures/latex-equal/fractions-symbolic.ts \\frac{6\\pi}{x}\\text{radians}\\ \\text{per}\\ \\text{second} [S] == \\frac{1}{x}\\left(6\\pi \\right)\\ \\text{radians}\\ \\text{per}\\ \\text{second}",
          "location": null,
          "numPassingAsserts": 0,
          "status": "passed",
          "title": "[S] == \\frac{1}{x}\\left(6\\pi \\right)\\ \\text{radians}\\ \\text{per}\\ \\text{second}"
        },
        {
          "ancestorTitles": [
            "src/fixtures/latex-equal/fractions-symbolic.ts",
            "\\frac{6\\pi}{x}\\text{radians}\\ \\text{per}\\ \\text{second}"
          ],
          "duration": 13,
          "failureDetails": [],
          "failureMessages": [],
          "fullName": "src/fixtures/latex-equal/fractions-symbolic.ts \\frac{6\\pi}{x}\\text{radians}\\ \\text{per}\\ \\text{second} [S] == \\frac{6}{x}\\pi \\ \\text{radians}\\ \\text{per}\\ \\text{second}",
          "location": null,
          "numPassingAsserts": 0,
          "status": "passed",
          "title": "[S] == \\frac{6}{x}\\pi \\ \\text{radians}\\ \\text{per}\\ \\text{second}"
        },
        {
          "ancestorTitles": [
            "src/fixtures/latex-equal/fractions-symbolic.ts",
            "\\frac{6\\pi}{x}\\text{radians}\\ \\text{per}\\ \\text{second}"
          ],
          "duration": 14,
          "failureDetails": [],
          "failureMessages": [],
          "fullName": "src/fixtures/latex-equal/fractions-symbolic.ts \\frac{6\\pi}{x}\\text{radians}\\ \\text{per}\\ \\text{second} [S] == 6\\pi \\left(\\frac{1}{x}\\right)\\ \\text{radians}\\ \\text{per}\\ \\text{second}",
          "location": null,
          "numPassingAsserts": 0,
          "status": "passed",
          "title": "[S] == 6\\pi \\left(\\frac{1}{x}\\right)\\ \\text{radians}\\ \\text{per}\\ \\text{second}"
        },
        {
          "ancestorTitles": [
            "src/fixtures/latex-equal/fractions-symbolic.ts",
            "\\frac{6\\pi}{x}"
          ],
          "duration": 13,
          "failureDetails": [],
          "failureMessages": [],
          "fullName": "src/fixtures/latex-equal/fractions-symbolic.ts \\frac{6\\pi}{x} [S] == \\frac{1}{x}\\left(6\\pi \\right)",
          "location": null,
          "numPassingAsserts": 0,
          "status": "passed",
          "title": "[S] == \\frac{1}{x}\\left(6\\pi \\right)"
        },
        {
          "ancestorTitles": [
            "src/fixtures/latex-equal/fractions-symbolic.ts",
            "\\frac{6\\pi}{x}"
          ],
          "duration": 12,
          "failureDetails": [],
          "failureMessages": [],
          "fullName": "src/fixtures/latex-equal/fractions-symbolic.ts \\frac{6\\pi}{x} [S] == \\frac{6}{x}\\pi",
          "location": null,
          "numPassingAsserts": 0,
          "status": "passed",
          "title": "[S] == \\frac{6}{x}\\pi"
        },
        {
          "ancestorTitles": [
            "src/fixtures/latex-equal/fractions-symbolic.ts",
            "\\frac{6\\pi}{x}"
          ],
          "duration": 12,
          "failureDetails": [],
          "failureMessages": [],
          "fullName": "src/fixtures/latex-equal/fractions-symbolic.ts \\frac{6\\pi}{x} [S] == 6 * \\frac{\\pi }{x}",
          "location": null,
          "numPassingAsserts": 0,
          "status": "passed",
          "title": "[S] == 6 * \\frac{\\pi }{x}"
        },
        {
          "ancestorTitles": [
            "src/fixtures/latex-equal/fractions-symbolic.ts",
            "\\frac{6\\pi}{x}"
          ],
          "duration": 13,
          "failureDetails": [],
          "failureMessages": [],
          "fullName": "src/fixtures/latex-equal/fractions-symbolic.ts \\frac{6\\pi}{x} [S] == \\left(6\\right) \\frac{\\pi }{x}",
          "location": null,
          "numPassingAsserts": 0,
          "status": "passed",
          "title": "[S] == \\left(6\\right) \\frac{\\pi }{x}"
        },
        {
          "ancestorTitles": [
            "src/fixtures/latex-equal/fractions-symbolic.ts",
            "\\frac{6\\pi}{x}"
          ],
          "duration": 13,
          "failureDetails": [],
          "failureMessages": [],
          "fullName": "src/fixtures/latex-equal/fractions-symbolic.ts \\frac{6\\pi}{x} [S] == 6\\pi \\left(\\frac{1}{x}\\right)\\ \\text{radians}\\ \\text{per}\\ \\text{second}",
          "location": null,
          "numPassingAsserts": 0,
          "status": "passed",
          "title": "[S] == 6\\pi \\left(\\frac{1}{x}\\right)\\ \\text{radians}\\ \\text{per}\\ \\text{second}"
        },
        {
          "ancestorTitles": [
            "src/fixtures/latex-equal/fractions-symbolic.ts",
            "\\frac{d}{240}+4\\ \\text{years}"
          ],
          "duration": 15,
          "failureDetails": [],
          "failureMessages": [],
          "fullName": "src/fixtures/latex-equal/fractions-symbolic.ts \\frac{d}{240}+4\\ \\text{years} [S] == 4+\\frac{d}{240}\\ \\text{years}",
          "location": null,
          "numPassingAsserts": 0,
          "status": "passed",
          "title": "[S] == 4+\\frac{d}{240}\\ \\text{years}"
        },
        {
          "ancestorTitles": [
            "src/fixtures/latex-equal/fractions-symbolic.ts",
            "\\frac{d}{240}+4\\ \\text{years}"
          ],
          "duration": 16,
          "failureDetails": [],
          "failureMessages": [],
          "fullName": "src/fixtures/latex-equal/fractions-symbolic.ts \\frac{d}{240}+4\\ \\text{years} [S] == 4+\\frac{1}{240}d\\ \\text{years}",
          "location": null,
          "numPassingAsserts": 0,
          "status": "passed",
          "title": "[S] == 4+\\frac{1}{240}d\\ \\text{years}"
        },
        {
          "ancestorTitles": [
            "src/fixtures/latex-equal/fractions-symbolic.ts",
            "\\frac{d}{240}+4\\ \\text{years}"
          ],
          "duration": 14,
          "failureDetails": [],
          "failureMessages": [],
          "fullName": "src/fixtures/latex-equal/fractions-symbolic.ts \\frac{d}{240}+4\\ \\text{years} [S] == 4+d\\left(\\frac{1}{240}\\right)\\ \\text{years}",
          "location": null,
          "numPassingAsserts": 0,
          "status": "passed",
          "title": "[S] == 4+d\\left(\\frac{1}{240}\\right)\\ \\text{years}"
        },
        {
          "ancestorTitles": [
            "src/fixtures/latex-equal/fractions-symbolic.ts",
            "\\frac{d}{240}+4\\ \\text{years}"
          ],
          "duration": 13,
          "failureDetails": [],
          "failureMessages": [],
          "fullName": "src/fixtures/latex-equal/fractions-symbolic.ts \\frac{d}{240}+4\\ \\text{years} [S] == d\\left(\\frac{1}{240}\\right)+4\\ \\text{years}",
          "location": null,
          "numPassingAsserts": 0,
          "status": "passed",
          "title": "[S] == d\\left(\\frac{1}{240}\\right)+4\\ \\text{years}"
        },
        {
          "ancestorTitles": [
            "src/fixtures/latex-equal/fractions-symbolic.ts",
            "\\frac{d}{240}+4\\ \\text{years}"
          ],
          "duration": 14,
          "failureDetails": [],
          "failureMessages": [],
          "fullName": "src/fixtures/latex-equal/fractions-symbolic.ts \\frac{d}{240}+4\\ \\text{years} [S] == \\frac{1}{240}d+4\\ \\text{years}",
          "location": null,
          "numPassingAsserts": 0,
          "status": "passed",
          "title": "[S] == \\frac{1}{240}d+4\\ \\text{years}"
        },
        {
          "ancestorTitles": [
            "src/fixtures/latex-equal/fractions-symbolic.ts",
            "\\frac{d}{240}+4\\ \\text{years}"
          ],
          "duration": 16,
          "failureDetails": [],
          "failureMessages": [],
          "fullName": "src/fixtures/latex-equal/fractions-symbolic.ts \\frac{d}{240}+4\\ \\text{years} [S] == 4+\\frac{d}{240}\\ \\text{years}",
          "location": null,
          "numPassingAsserts": 0,
          "status": "passed",
          "title": "[S] == 4+\\frac{d}{240}\\ \\text{years}"
        },
        {
          "ancestorTitles": [
            "src/fixtures/latex-equal/fractions-symbolic.ts",
            "\\frac{d}{240}+4\\ \\text{years}"
          ],
          "duration": 13,
          "failureDetails": [],
          "failureMessages": [],
          "fullName": "src/fixtures/latex-equal/fractions-symbolic.ts \\frac{d}{240}+4\\ \\text{years} [S] == 4+\\frac{1}{240}d\\ \\text{years}",
          "location": null,
          "numPassingAsserts": 0,
          "status": "passed",
          "title": "[S] == 4+\\frac{1}{240}d\\ \\text{years}"
        },
        {
          "ancestorTitles": [
            "src/fixtures/latex-equal/fractions-symbolic.ts",
            "\\frac{d}{240}+4\\ \\text{years}"
          ],
          "duration": 15,
          "failureDetails": [],
          "failureMessages": [],
          "fullName": "src/fixtures/latex-equal/fractions-symbolic.ts \\frac{d}{240}+4\\ \\text{years} [S] == 4+d\\left(\\frac{1}{240}\\right)\\ \\text{years}",
          "location": null,
          "numPassingAsserts": 0,
          "status": "passed",
          "title": "[S] == 4+d\\left(\\frac{1}{240}\\right)\\ \\text{years}"
        },
        {
          "ancestorTitles": [
            "src/fixtures/latex-equal/fractions-symbolic.ts",
            "\\frac{d}{240}+4\\ \\text{years}"
          ],
          "duration": 15,
          "failureDetails": [],
          "failureMessages": [],
          "fullName": "src/fixtures/latex-equal/fractions-symbolic.ts \\frac{d}{240}+4\\ \\text{years} [S] == d\\left(\\frac{1}{240}\\right)+4\\ \\text{years}",
          "location": null,
          "numPassingAsserts": 0,
          "status": "passed",
          "title": "[S] == d\\left(\\frac{1}{240}\\right)+4\\ \\text{years}"
        },
        {
          "ancestorTitles": [
            "src/fixtures/latex-equal/fractions-symbolic.ts",
            "\\frac{d}{240}+4\\ \\text{years}"
          ],
          "duration": 14,
          "failureDetails": [],
          "failureMessages": [],
          "fullName": "src/fixtures/latex-equal/fractions-symbolic.ts \\frac{d}{240}+4\\ \\text{years} [S] == \\frac{1}{240}d+4\\ \\text{years}",
          "location": null,
          "numPassingAsserts": 0,
          "status": "passed",
          "title": "[S] == \\frac{1}{240}d+4\\ \\text{years}"
        },
        {
          "ancestorTitles": [
            "src/fixtures/latex-equal/fractions-symbolic.ts",
            "0.65x"
          ],
          "duration": 11,
          "failureDetails": [],
          "failureMessages": [],
          "fullName": "src/fixtures/latex-equal/fractions-symbolic.ts 0.65x [S] == \\frac{65}{100}x",
          "location": null,
          "numPassingAsserts": 0,
          "status": "passed",
          "title": "[S] == \\frac{65}{100}x"
        },
        {
          "ancestorTitles": [
            "src/fixtures/latex-equal/fractions-symbolic.ts",
            "0.65x"
          ],
          "duration": 12,
          "failureDetails": [],
          "failureMessages": [],
          "fullName": "src/fixtures/latex-equal/fractions-symbolic.ts 0.65x [S] == \\frac{13}{20}x",
          "location": null,
          "numPassingAsserts": 0,
          "status": "passed",
          "title": "[S] == \\frac{13}{20}x"
        },
        {
          "ancestorTitles": [
            "src/fixtures/latex-equal/fractions-symbolic.ts",
            "0.65x"
          ],
          "duration": 12,
          "failureDetails": [],
          "failureMessages": [],
          "fullName": "src/fixtures/latex-equal/fractions-symbolic.ts 0.65x [S] == \\frac{65x}{100}",
          "location": null,
          "numPassingAsserts": 0,
          "status": "passed",
          "title": "[S] == \\frac{65x}{100}"
        },
        {
          "ancestorTitles": [
            "src/fixtures/latex-equal/fractions-symbolic.ts",
            "0.65x"
          ],
          "duration": 12,
          "failureDetails": [],
          "failureMessages": [],
          "fullName": "src/fixtures/latex-equal/fractions-symbolic.ts 0.65x [S] == \\frac{13x}{20}",
          "location": null,
          "numPassingAsserts": 0,
          "status": "passed",
          "title": "[S] == \\frac{13x}{20}"
        },
        {
          "ancestorTitles": [
            "src/fixtures/latex-equal/fractions-symbolic.ts",
            "\\frac{a+c}{2}+\\frac{b+d}{2}i"
          ],
          "duration": 25,
          "failureDetails": [],
          "failureMessages": [],
          "fullName": "src/fixtures/latex-equal/fractions-symbolic.ts \\frac{a+c}{2}+\\frac{b+d}{2}i [S] == \\frac{c+a}{2}+\\frac{b+d}{2}i",
          "location": null,
          "numPassingAsserts": 0,
          "status": "passed",
          "title": "[S] == \\frac{c+a}{2}+\\frac{b+d}{2}i"
        },
        {
          "ancestorTitles": [
            "src/fixtures/latex-equal/fractions-symbolic.ts",
            "\\frac{a+c}{2}+\\frac{b+d}{2}i"
          ],
          "duration": 26,
          "failureDetails": [],
          "failureMessages": [],
          "fullName": "src/fixtures/latex-equal/fractions-symbolic.ts \\frac{a+c}{2}+\\frac{b+d}{2}i [S] == \\frac{c+a}{2}+\\frac{d+b}{2}i",
          "location": null,
          "numPassingAsserts": 0,
          "status": "passed",
          "title": "[S] == \\frac{c+a}{2}+\\frac{d+b}{2}i"
        },
        {
          "ancestorTitles": [
            "src/fixtures/latex-equal/fractions-symbolic.ts",
            "\\frac{a+c}{2}+\\frac{b+d}{2}i"
          ],
          "duration": 24,
          "failureDetails": [],
          "failureMessages": [],
          "fullName": "src/fixtures/latex-equal/fractions-symbolic.ts \\frac{a+c}{2}+\\frac{b+d}{2}i [S] == \\frac{a+c}{2}+\\frac{d+b}{2}i",
          "location": null,
          "numPassingAsserts": 0,
          "status": "passed",
          "title": "[S] == \\frac{a+c}{2}+\\frac{d+b}{2}i"
        },
        {
          "ancestorTitles": [
            "src/fixtures/latex-equal/fractions-symbolic.ts",
            "\\frac{10}{12}\\pi\\ \\text{radians}"
          ],
          "duration": 11,
          "failureDetails": [],
          "failureMessages": [],
          "fullName": "src/fixtures/latex-equal/fractions-symbolic.ts \\frac{10}{12}\\pi\\ \\text{radians} [S] == \\frac{5}{6}\\pi \\ \\text{radians}",
          "location": null,
          "numPassingAsserts": 0,
          "status": "passed",
          "title": "[S] == \\frac{5}{6}\\pi \\ \\text{radians}"
        },
        {
          "ancestorTitles": [
            "src/fixtures/latex-equal/fractions-symbolic.ts",
            "\\frac{10}{12}\\pi\\ \\text{radians}"
          ],
          "duration": 12,
          "failureDetails": [],
          "failureMessages": [],
          "fullName": "src/fixtures/latex-equal/fractions-symbolic.ts \\frac{10}{12}\\pi\\ \\text{radians} [S] == \\frac{10\\pi }{12}\\ \\text{radians}",
          "location": null,
          "numPassingAsserts": 0,
          "status": "passed",
          "title": "[S] == \\frac{10\\pi }{12}\\ \\text{radians}"
        },
        {
          "ancestorTitles": [
            "src/fixtures/latex-equal/fractions-symbolic.ts",
            "\\frac{10}{12}\\pi\\ \\text{radians}"
          ],
          "duration": 13,
          "failureDetails": [],
          "failureMessages": [],
          "fullName": "src/fixtures/latex-equal/fractions-symbolic.ts \\frac{10}{12}\\pi\\ \\text{radians} [S] == \\frac{5\\pi }{6}\\ \\text{radians}",
          "location": null,
          "numPassingAsserts": 0,
          "status": "passed",
          "title": "[S] == \\frac{5\\pi }{6}\\ \\text{radians}"
        },
        {
          "ancestorTitles": [
            "src/fixtures/latex-equal/fractions-symbolic.ts",
            "\\frac{10}{12}\\pi\\ \\text{radians}"
          ],
          "duration": 12,
          "failureDetails": [],
          "failureMessages": [],
          "fullName": "src/fixtures/latex-equal/fractions-symbolic.ts \\frac{10}{12}\\pi\\ \\text{radians} [S] == \\frac{50\\pi }{60}\\ \\text{radians}",
          "location": null,
          "numPassingAsserts": 0,
          "status": "passed",
          "title": "[S] == \\frac{50\\pi }{60}\\ \\text{radians}"
        },
        {
          "ancestorTitles": [
            "src/fixtures/latex-equal/fractions-symbolic.ts",
            "\\frac{10}{12}\\pi\\ \\text{radians}"
          ],
          "duration": 12,
          "failureDetails": [],
          "failureMessages": [],
          "fullName": "src/fixtures/latex-equal/fractions-symbolic.ts \\frac{10}{12}\\pi\\ \\text{radians} [S] == \\frac{50}{60}\\pi \\ \\text{radians}",
          "location": null,
          "numPassingAsserts": 0,
          "status": "passed",
          "title": "[S] == \\frac{50}{60}\\pi \\ \\text{radians}"
        },
        {
          "ancestorTitles": [
            "src/fixtures/latex-equal/fractions-symbolic.ts",
            "h=\\frac{3V}{B}"
          ],
          "duration": 7,
          "failureDetails": [],
          "failureMessages": [],
          "fullName": "src/fixtures/latex-equal/fractions-symbolic.ts h=\\frac{3V}{B} [S] == h=3\\frac{V}{B}",
          "location": null,
          "numPassingAsserts": 0,
          "status": "passed",
          "title": "[S] == h=3\\frac{V}{B}"
        },
        {
          "ancestorTitles": [
            "src/fixtures/latex-equal/fractions-symbolic.ts",
            "h=\\frac{3V}{B}"
          ],
          "duration": 9,
          "failureDetails": [],
          "failureMessages": [],
          "fullName": "src/fixtures/latex-equal/fractions-symbolic.ts h=\\frac{3V}{B} [S] == h=\\frac{\\left(3\\times V\\right)}{B}",
          "location": null,
          "numPassingAsserts": 0,
          "status": "passed",
          "title": "[S] == h=\\frac{\\left(3\\times V\\right)}{B}"
        },
        {
          "ancestorTitles": [
            "src/fixtures/latex-equal/fractions-symbolic.ts",
            "h=\\frac{3V}{B}"
          ],
          "duration": 8,
          "failureDetails": [],
          "failureMessages": [],
          "fullName": "src/fixtures/latex-equal/fractions-symbolic.ts h=\\frac{3V}{B} [S] == h=\\left(3V\\right)\\div B",
          "location": null,
          "numPassingAsserts": 0,
          "status": "passed",
          "title": "[S] == h=\\left(3V\\right)\\div B"
        },
        {
          "ancestorTitles": [
            "src/fixtures/latex-equal/fractions-symbolic.ts",
            "h=\\frac{3V}{B}"
          ],
          "duration": 9,
          "failureDetails": [],
          "failureMessages": [],
          "fullName": "src/fixtures/latex-equal/fractions-symbolic.ts h=\\frac{3V}{B} [S] == h=\\left(3\\times V\\right)\\div B",
          "location": null,
          "numPassingAsserts": 0,
          "status": "passed",
          "title": "[S] == h=\\left(3\\times V\\right)\\div B"
        },
        {
          "ancestorTitles": [
            "src/fixtures/latex-equal/fractions-symbolic.ts",
            "r=\\sqrt{\\frac{V}{\\pi h}}"
          ],
          "duration": 8,
          "failureDetails": [],
          "failureMessages": [],
          "fullName": "src/fixtures/latex-equal/fractions-symbolic.ts r=\\sqrt{\\frac{V}{\\pi h}} [S] == r=\\left(\\frac{V}{\\pi h}\\right)^{\\frac{1}{2}}",
          "location": null,
          "numPassingAsserts": 0,
          "status": "passed",
          "title": "[S] == r=\\left(\\frac{V}{\\pi h}\\right)^{\\frac{1}{2}}"
        },
        {
          "ancestorTitles": [
            "src/fixtures/latex-equal/fractions-symbolic.ts",
            "r=\\sqrt{\\frac{V}{\\pi h}}"
          ],
          "duration": 10,
          "failureDetails": [],
          "failureMessages": [],
          "fullName": "src/fixtures/latex-equal/fractions-symbolic.ts r=\\sqrt{\\frac{V}{\\pi h}} [S] == r=\\left(\\frac{V}{\\pi \\times h}\\right)^{\\frac{1}{2}}",
          "location": null,
          "numPassingAsserts": 0,
          "status": "passed",
          "title": "[S] == r=\\left(\\frac{V}{\\pi \\times h}\\right)^{\\frac{1}{2}}"
        },
        {
          "ancestorTitles": [
            "src/fixtures/latex-equal/fractions-symbolic.ts",
            "r=\\sqrt{\\frac{V}{\\pi h}}"
          ],
          "duration": 8,
          "failureDetails": [],
          "failureMessages": [],
          "fullName": "src/fixtures/latex-equal/fractions-symbolic.ts r=\\sqrt{\\frac{V}{\\pi h}} [S] == r=\\sqrt{\\frac{V}{\\pi \\times h}}",
          "location": null,
          "numPassingAsserts": 0,
          "status": "passed",
          "title": "[S] == r=\\sqrt{\\frac{V}{\\pi \\times h}}"
        },
        {
          "ancestorTitles": [
            "src/fixtures/latex-equal/fractions-symbolic.ts",
            "c=-\\frac{b}{m}"
          ],
          "duration": 6,
          "failureDetails": [],
          "failureMessages": [],
          "fullName": "src/fixtures/latex-equal/fractions-symbolic.ts c=-\\frac{b}{m} [S] == c=-b\\div m",
          "location": null,
          "numPassingAsserts": 0,
          "status": "passed",
          "title": "[S] == c=-b\\div m"
        },
        {
          "ancestorTitles": [
            "src/fixtures/latex-equal/fractions-symbolic.ts",
            "c=-\\frac{b}{m}"
          ],
          "duration": 7,
          "failureDetails": [],
          "failureMessages": [],
          "fullName": "src/fixtures/latex-equal/fractions-symbolic.ts c=-\\frac{b}{m} [S] == c=-b\\times \\frac{1}{m}",
          "location": null,
          "numPassingAsserts": 0,
          "status": "passed",
          "title": "[S] == c=-b\\times \\frac{1}{m}"
        },
        {
          "ancestorTitles": [
            "src/fixtures/latex-equal/fractions-symbolic.ts",
            "c=-\\frac{b}{m}"
          ],
          "duration": 6,
          "failureDetails": [],
          "failureMessages": [],
          "fullName": "src/fixtures/latex-equal/fractions-symbolic.ts c=-\\frac{b}{m} [S] == c=\\left(-b\\right)\\left(\\frac{1}{m}\\right)",
          "location": null,
          "numPassingAsserts": 0,
          "status": "passed",
          "title": "[S] == c=\\left(-b\\right)\\left(\\frac{1}{m}\\right)"
        },
        {
          "ancestorTitles": [
            "src/fixtures/latex-equal/fractions-symbolic.ts",
            "c=-\\frac{b}{m}"
          ],
          "duration": 7,
          "failureDetails": [],
          "failureMessages": [],
          "fullName": "src/fixtures/latex-equal/fractions-symbolic.ts c=-\\frac{b}{m} [S] == c=\\frac{-b}{m}",
          "location": null,
          "numPassingAsserts": 0,
          "status": "passed",
          "title": "[S] == c=\\frac{-b}{m}"
        },
        {
          "ancestorTitles": [
            "src/fixtures/latex-equal/fractions-symbolic.ts",
            "c=-\\frac{b}{m}"
          ],
          "duration": 5,
          "failureDetails": [],
          "failureMessages": [],
          "fullName": "src/fixtures/latex-equal/fractions-symbolic.ts c=-\\frac{b}{m} [S] == c=\\frac{b}{-m}",
          "location": null,
          "numPassingAsserts": 0,
          "status": "passed",
          "title": "[S] == c=\\frac{b}{-m}"
        },
        {
          "ancestorTitles": [
            "src/fixtures/latex-equal/fractions-symbolic.ts",
            "c=\\frac{\\pi}{b}"
          ],
          "duration": 6,
          "failureDetails": [],
          "failureMessages": [],
          "fullName": "src/fixtures/latex-equal/fractions-symbolic.ts c=\\frac{\\pi}{b} [S] == c=\\pi \\div b",
          "location": null,
          "numPassingAsserts": 0,
          "status": "passed",
          "title": "[S] == c=\\pi \\div b"
        },
        {
          "ancestorTitles": [
            "src/fixtures/latex-equal/fractions-symbolic.ts",
            "c=\\frac{\\pi}{b}"
          ],
          "duration": 5,
          "failureDetails": [],
          "failureMessages": [],
          "fullName": "src/fixtures/latex-equal/fractions-symbolic.ts c=\\frac{\\pi}{b} [S] == c=\\pi \\times \\frac{1}{b}",
          "location": null,
          "numPassingAsserts": 0,
          "status": "passed",
          "title": "[S] == c=\\pi \\times \\frac{1}{b}"
        },
        {
          "ancestorTitles": [
            "src/fixtures/latex-equal/fractions-symbolic.ts",
            "c=\\frac{\\pi}{b}"
          ],
          "duration": 6,
          "failureDetails": [],
          "failureMessages": [],
          "fullName": "src/fixtures/latex-equal/fractions-symbolic.ts c=\\frac{\\pi}{b} [S] == c=\\pi \\left(\\frac{1}{b}\\right)",
          "location": null,
          "numPassingAsserts": 0,
          "status": "passed",
          "title": "[S] == c=\\pi \\left(\\frac{1}{b}\\right)"
        },
        {
          "ancestorTitles": [
            "src/fixtures/latex-equal/fractions-symbolic.ts",
            "c=\\frac{\\pi}{b}"
          ],
          "duration": 5,
          "failureDetails": [],
          "failureMessages": [],
          "fullName": "src/fixtures/latex-equal/fractions-symbolic.ts c=\\frac{\\pi}{b} [S] == c=\\left(\\frac{1}{b}\\right)\\pi ",
          "location": null,
          "numPassingAsserts": 0,
          "status": "passed",
          "title": "[S] == c=\\left(\\frac{1}{b}\\right)\\pi "
        },
        {
          "ancestorTitles": [
            "src/fixtures/latex-equal/fractions-symbolic.ts",
            "V\\left(t\\right)=750\\left(1.5\\right)^t"
          ],
          "duration": 9,
          "failureDetails": [],
          "failureMessages": [],
          "fullName": "src/fixtures/latex-equal/fractions-symbolic.ts V\\left(t\\right)=750\\left(1.5\\right)^t [S] == V(t)\\ =\\ 750\\left(\\frac{3}{2}\\right)^t",
          "location": null,
          "numPassingAsserts": 0,
          "status": "passed",
          "title": "[S] == V(t)\\ =\\ 750\\left(\\frac{3}{2}\\right)^t"
        },
        {
          "ancestorTitles": [
            "src/fixtures/latex-equal/fractions-symbolic.ts",
            "V\\left(t\\right)=750\\left(1.5\\right)^t"
          ],
          "duration": 9,
          "failureDetails": [],
          "failureMessages": [],
          "fullName": "src/fixtures/latex-equal/fractions-symbolic.ts V\\left(t\\right)=750\\left(1.5\\right)^t [S] == V(t)\\ =\\ 750\\left(1+0.5\\right)^t",
          "location": null,
          "numPassingAsserts": 0,
          "status": "passed",
          "title": "[S] == V(t)\\ =\\ 750\\left(1+0.5\\right)^t"
        },
        {
          "ancestorTitles": [
            "src/fixtures/latex-equal/fractions-symbolic.ts",
            "V\\left(t\\right)=750\\left(1.5\\right)^t"
          ],
          "duration": 9,
          "failureDetails": [],
          "failureMessages": [],
          "fullName": "src/fixtures/latex-equal/fractions-symbolic.ts V\\left(t\\right)=750\\left(1.5\\right)^t [S] == V(t)\\ =\\ 750\\left(1+\\frac{1}{2}\\right)^t",
          "location": null,
          "numPassingAsserts": 0,
          "status": "passed",
          "title": "[S] == V(t)\\ =\\ 750\\left(1+\\frac{1}{2}\\right)^t"
        },
        {
          "ancestorTitles": [
            "src/fixtures/latex-equal/fractions-symbolic.ts",
            "g\\left(x\\right)=\\sqrt[3]{x-2}"
          ],
          "duration": 10,
          "failureDetails": [],
          "failureMessages": [],
          "fullName": "src/fixtures/latex-equal/fractions-symbolic.ts g\\left(x\\right)=\\sqrt[3]{x-2} [S] == g\\left(x\\right)\\ =\\ \\sqrt[3]{-2+x}",
          "location": null,
          "numPassingAsserts": 0,
          "status": "passed",
          "title": "[S] == g\\left(x\\right)\\ =\\ \\sqrt[3]{-2+x}"
        },
        {
          "ancestorTitles": [
            "src/fixtures/latex-equal/fractions-symbolic.ts",
            "g\\left(x\\right)=\\sqrt[3]{x-2}"
          ],
          "duration": 7,
          "failureDetails": [],
          "failureMessages": [],
          "fullName": "src/fixtures/latex-equal/fractions-symbolic.ts g\\left(x\\right)=\\sqrt[3]{x-2} [S] == g\\left(x\\right)\\ =\\ \\left(x-2\\right)^{\\frac{1}{3}}",
          "location": null,
          "numPassingAsserts": 0,
          "status": "passed",
          "title": "[S] == g\\left(x\\right)\\ =\\ \\left(x-2\\right)^{\\frac{1}{3}}"
        },
        {
          "ancestorTitles": [
            "src/fixtures/latex-equal/fractions-symbolic.ts",
            "g\\left(x\\right)=\\sqrt[3]{x-2}"
          ],
          "duration": 8,
          "failureDetails": [],
          "failureMessages": [],
          "fullName": "src/fixtures/latex-equal/fractions-symbolic.ts g\\left(x\\right)=\\sqrt[3]{x-2} [S] == g\\left(x\\right)\\ =\\ \\left(-2+x\\right)^{\\frac{1}{3}}",
          "location": null,
          "numPassingAsserts": 0,
          "status": "passed",
          "title": "[S] == g\\left(x\\right)\\ =\\ \\left(-2+x\\right)^{\\frac{1}{3}}"
        },
        {
          "ancestorTitles": [
            "src/fixtures/latex-equal/fractions-symbolic.ts",
            "g\\left(x\\right)=\\sqrt[3]{x-2}"
          ],
          "duration": 8,
          "failureDetails": [],
          "failureMessages": [],
          "fullName": "src/fixtures/latex-equal/fractions-symbolic.ts g\\left(x\\right)=\\sqrt[3]{x-2} [S] == g\\left(x\\right)\\ =\\ \\sqrt[3]{-2+x}",
          "location": null,
          "numPassingAsserts": 0,
          "status": "passed",
          "title": "[S] == g\\left(x\\right)\\ =\\ \\sqrt[3]{-2+x}"
        },
        {
          "ancestorTitles": [
            "src/fixtures/latex-equal/fractions-symbolic.ts",
            "g\\left(x\\right)=\\sqrt[3]{x-2}"
          ],
          "duration": 7,
          "failureDetails": [],
          "failureMessages": [],
          "fullName": "src/fixtures/latex-equal/fractions-symbolic.ts g\\left(x\\right)=\\sqrt[3]{x-2} [S] == g\\left(x\\right)\\ =\\ \\left(x-2\\right)^{\\frac{1}{3}}",
          "location": null,
          "numPassingAsserts": 0,
          "status": "passed",
          "title": "[S] == g\\left(x\\right)\\ =\\ \\left(x-2\\right)^{\\frac{1}{3}}"
        },
        {
          "ancestorTitles": [
            "src/fixtures/latex-equal/fractions-symbolic.ts",
            "g\\left(x\\right)=\\sqrt[3]{x-2}"
          ],
          "duration": 9,
          "failureDetails": [],
          "failureMessages": [],
          "fullName": "src/fixtures/latex-equal/fractions-symbolic.ts g\\left(x\\right)=\\sqrt[3]{x-2} [S] == g\\left(x\\right)\\ =\\ \\left(-2+x\\right)^{\\frac{1}{3}}",
          "location": null,
          "numPassingAsserts": 0,
          "status": "passed",
          "title": "[S] == g\\left(x\\right)\\ =\\ \\left(-2+x\\right)^{\\frac{1}{3}}"
        },
        {
          "ancestorTitles": [
            "src/fixtures/latex-equal/fractions-symbolic.ts",
            "h=\\frac{da}{c}"
          ],
          "duration": 7,
          "failureDetails": [],
          "failureMessages": [],
          "fullName": "src/fixtures/latex-equal/fractions-symbolic.ts h=\\frac{da}{c} [S] == h=\\frac{ad}{c}",
          "location": null,
          "numPassingAsserts": 0,
          "status": "passed",
          "title": "[S] == h=\\frac{ad}{c}"
        },
        {
          "ancestorTitles": [
            "src/fixtures/latex-equal/fractions-symbolic.ts",
            "h=\\frac{da}{c}"
          ],
          "duration": 8,
          "failureDetails": [],
          "failureMessages": [],
          "fullName": "src/fixtures/latex-equal/fractions-symbolic.ts h=\\frac{da}{c} [S] == h=\\frac{a\\times d}{c}",
          "location": null,
          "numPassingAsserts": 0,
          "status": "passed",
          "title": "[S] == h=\\frac{a\\times d}{c}"
        },
        {
          "ancestorTitles": [
            "src/fixtures/latex-equal/fractions-symbolic.ts",
            "h=\\frac{da}{c}"
          ],
          "duration": 7,
          "failureDetails": [],
          "failureMessages": [],
          "fullName": "src/fixtures/latex-equal/fractions-symbolic.ts h=\\frac{da}{c} [S] == h=\\frac{d\\times a}{c}",
          "location": null,
          "numPassingAsserts": 0,
          "status": "passed",
          "title": "[S] == h=\\frac{d\\times a}{c}"
        },
        {
          "ancestorTitles": [
            "src/fixtures/latex-equal/fractions-symbolic.ts",
            "h=\\frac{da}{c}"
          ],
          "duration": 8,
          "failureDetails": [],
          "failureMessages": [],
          "fullName": "src/fixtures/latex-equal/fractions-symbolic.ts h=\\frac{da}{c} [S] == h=\\left(d\\times a\\right)\\div c",
          "location": null,
          "numPassingAsserts": 0,
          "status": "passed",
          "title": "[S] == h=\\left(d\\times a\\right)\\div c"
        },
        {
          "ancestorTitles": [
            "src/fixtures/latex-equal/fractions-symbolic.ts",
            "h=\\frac{da}{c}"
          ],
          "duration": 6,
          "failureDetails": [],
          "failureMessages": [],
          "fullName": "src/fixtures/latex-equal/fractions-symbolic.ts h=\\frac{da}{c} [S] == h=\\left(a\\times d\\right)\\div c",
          "location": null,
          "numPassingAsserts": 0,
          "status": "passed",
          "title": "[S] == h=\\left(a\\times d\\right)\\div c"
        },
        {
          "ancestorTitles": [
            "src/fixtures/latex-equal/fractions-symbolic.ts",
            "h=\\frac{da}{c}"
[...]
    \u001b[31m\u001b[1m^\u001b[22m\u001b[2m\u001b[39m\u001b[0m\u001b[22m\n\u001b[2m    \u001b[0m \u001b[90m 5 | \u001b[39m  \u001b[36mthis\u001b[39m\u001b[33m.\u001b[39mlocation \u001b[33m=\u001b[39m location\u001b[33m;\u001b[39m\u001b[0m\u001b[22m\n\u001b[2m    \u001b[0m \u001b[90m 6 | \u001b[39m}\u001b[0m\u001b[22m\n\u001b[2m    \u001b[0m \u001b[90m 7 | \u001b[39m\u001b[33mParseError\u001b[39m\u001b[33m.\u001b[39mprototype \u001b[33m=\u001b[39m \u001b[33mObject\u001b[39m\u001b[33m.\u001b[39mcreate(\u001b[33mError\u001b[39m\u001b[33m.\u001b[39mprototype)\u001b[33m;\u001b[39m\u001b[0m\u001b[22m\n\u001b[2m\u001b[22m\n\u001b[2m      \u001b[2mat new ParseError (\u001b[22m\u001b[2msrc/conversion/error.ts\u001b[2m:4:16)\u001b[22m\u001b[2m\u001b[22m\n\u001b[2m      \u001b[2mat LatexToAst.factor (\u001b[22m\u001b[2msrc/conversion/latex-to-ast.ts\u001b[2m:807:15)\u001b[22m\u001b[2m\u001b[22m\n\u001b[2m      \u001b[2mat LatexToAst.term (\u001b[22m\u001b[2msrc/conversion/latex-to-ast.ts\u001b[2m:754:18)\u001b[22m\u001b[2m\u001b[22m\n\u001b[2m      \u001b[2mat LatexToAst.expression (\u001b[22m\u001b[2msrc/conversion/latex-to-ast.ts\u001b[2m:712:20)\u001b[22m\u001b[2m\u001b[22m\n\u001b[2m      \u001b[2mat LatexToAst.relation (\u001b[22m\u001b[2msrc/conversion/latex-to-ast.ts\u001b[2m:609:20)\u001b[22m\u001b[2m\u001b[22m\n\u001b[2m      \u001b[2mat LatexToAst.statement_b (\u001b[22m\u001b[2msrc/conversion/latex-to-ast.ts\u001b[2m:588:20)\u001b[22m\u001b[2m\u001b[22m\n\u001b[2m      \u001b[2mat LatexToAst.statement_a (\u001b[22m\u001b[2msrc/conversion/latex-to-ast.ts\u001b[2m:562:20)\u001b[22m\u001b[2m\u001b[22m\n\u001b[2m      \u001b[2mat LatexToAst.statement (\u001b[22m\u001b[2msrc/conversion/latex-to-ast.ts\u001b[2m:511:22)\u001b[22m\u001b[2m\u001b[22m\n\u001b[2m      \u001b[2mat LatexToAst.statement_list (\u001b[22m\u001b[2msrc/conversion/latex-to-ast.ts\u001b[2m:479:22)\u001b[22m\u001b[2m\u001b[22m\n\u001b[2m      \u001b[2mat LatexToAst.convert (\u001b[22m\u001b[2msrc/conversion/latex-to-ast.ts\u001b[2m:467:23)\u001b[22m\u001b[2m\u001b[22m\n\n\u001b[1m\u001b[31m  \u001b[1m● \u001b[22m\u001b[1msrc/fixtures/latex-equal/to-be-fixed.ts › \\text{height}\\ =\\ 120\\sin\\theta › [S] == \\text{height}\\ =\\ \\left(\\sin \\theta \\right)\\left(120\\right)\u001b[39m\u001b[22m\n\n    ParseError: Invalid location of '='\n\u001b[2m\u001b[22m\n\u001b[2m    \u001b[0m \u001b[90m 2 | \u001b[39m  \u001b[36mthis\u001b[39m\u001b[33m.\u001b[39mname \u001b[33m=\u001b[39m \u001b[32m\"ParseError\"\u001b[39m\u001b[33m;\u001b[39m\u001b[0m\u001b[22m\n\u001b[2m    \u001b[0m \u001b[90m 3 | \u001b[39m  \u001b[36mthis\u001b[39m\u001b[33m.\u001b[39mmessage \u001b[33m=\u001b[39m message \u001b[33m||\u001b[39m \u001b[32m\"Error parsing input\"\u001b[39m\u001b[33m;\u001b[39m\u001b[0m\u001b[22m\n\u001b[2m    \u001b[0m\u001b[31m\u001b[1m>\u001b[22m\u001b[2m\u001b[39m\u001b[90m 4 | \u001b[39m  \u001b[36mthis\u001b[39m\u001b[33m.\u001b[39mstack \u001b[33m=\u001b[39m \u001b[36mnew\u001b[39m \u001b[33mError\u001b[39m()\u001b[33m.\u001b[39mstack\u001b[33m;\u001b[39m\u001b[0m\u001b[22m\n\u001b[2m    \u001b[0m \u001b[90m   | \u001b[39m               \u001b[31m\u001b[1m^\u001b[22m\u001b[2m\u001b[39m\u001b[0m\u001b[22m\n\u001b[2m    \u001b[0m \u001b[90m 5 | \u001b[39m  \u001b[36mthis\u001b[39m\u001b[33m.\u001b[39mlocation \u001b[33m=\u001b[39m location\u001b[33m;\u001b[39m\u001b[0m\u001b[22m\n\u001b[2m    \u001b[0m \u001b[90m 6 | \u001b[39m}\u001b[0m\u001b[22m\n\u001b[2m    \u001b[0m \u001b[90m 7 | \u001b[39m\u001b[33mParseError\u001b[39m\u001b[33m.\u001b[39mprototype \u001b[33m=\u001b[39m \u001b[33mObject\u001b[39m\u001b[33m.\u001b[39mcreate(\u001b[33mError\u001b[39m\u001b[33m.\u001b[39mprototype)\u001b[33m;\u001b[39m\u001b[0m\u001b[22m\n\u001b[2m\u001b[22m\n\u001b[2m      \u001b[2mat new ParseError (\u001b[22m\u001b[2msrc/conversion/error.ts\u001b[2m:4:16)\u001b[22m\u001b[2m\u001b[22m\n\u001b[2m      \u001b[2mat LatexToAst.factor (\u001b[22m\u001b[2msrc/conversion/latex-to-ast.ts\u001b[2m:807:15)\u001b[22m\u001b[2m\u001b[22m\n\u001b[2m      \u001b[2mat LatexToAst.term (\u001b[22m\u001b[2msrc/conversion/latex-to-ast.ts\u001b[2m:754:18)\u001b[22m\u001b[2m\u001b[22m\n\u001b[2m      \u001b[2mat LatexToAst.expression (\u001b[22m\u001b[2msrc/conversion/latex-to-ast.ts\u001b[2m:712:20)\u001b[22m\u001b[2m\u001b[22m\n\u001b[2m      \u001b[2mat LatexToAst.relation (\u001b[22m\u001b[2msrc/conversion/latex-to-ast.ts\u001b[2m:609:20)\u001b[22m\u001b[2m\u001b[22m\n\u001b[2m      \u001b[2mat LatexToAst.statement_b (\u001b[22m\u001b[2msrc/conversion/latex-to-ast.ts\u001b[2m:588:20)\u001b[22m\u001b[2m\u001b[22m\n\u001b[2m      \u001b[2mat LatexToAst.statement_a (\u001b[22m\u001b[2msrc/conversion/latex-to-ast.ts\u001b[2m:562:20)\u001b[22m\u001b[2m\u001b[22m\n\u001b[2m      \u001b[2mat LatexToAst.statement (\u001b[22m\u001b[2msrc/conversion/latex-to-ast.ts\u001b[2m:511:22)\u001b[22m\u001b[2m\u001b[22m\n\u001b[2m      \u001b[2mat LatexToAst.statement_list (\u001b[22m\u001b[2msrc/conversion/latex-to-ast.ts\u001b[2m:479:22)\u001b[22m\u001b[2m\u001b[22m\n\u001b[2m      \u001b[2mat LatexToAst.convert (\u001b[22m\u001b[2msrc/conversion/latex-to-ast.ts\u001b[2m:467:23)\u001b[22m\u001b[2m\u001b[22m\n\n\u001b[1m\u001b[31m  \u001b[1m● \u001b[22m\u001b[1msrc/fixtures/latex-equal/to-be-fixed.ts › \\text{height}\\ =\\ 120\\sin\\theta › [S] == \\text{height}\\ =\\ \\left(\\sin \\theta \\right)\\times 120\u001b[39m\u001b[22m\n\n    ParseError: Invalid location of '='\n\u001b[2m\u001b[22m\n\u001b[2m    \u001b[0m \u001b[90m 2 | \u001b[39m  \u001b[36mthis\u001b[39m\u001b[33m.\u001b[39mname \u001b[33m=\u001b[39m \u001b[32m\"ParseError\"\u001b[39m\u001b[33m;\u001b[39m\u001b[0m\u001b[22m\n\u001b[2m    \u001b[0m \u001b[90m 3 | \u001b[39m  \u001b[36mthis\u001b[39m\u001b[33m.\u001b[39mmessage \u001b[33m=\u001b[39m message \u001b[33m||\u001b[39m \u001b[32m\"Error parsing input\"\u001b[39m\u001b[33m;\u001b[39m\u001b[0m\u001b[22m\n\u001b[2m    \u001b[0m\u001b[31m\u001b[1m>\u001b[22m\u001b[2m\u001b[39m\u001b[90m 4 | \u001b[39m  \u001b[36mthis\u001b[39m\u001b[33m.\u001b[39mstack \u001b[33m=\u001b[39m \u001b[36mnew\u001b[39m \u001b[33mError\u001b[39m()\u001b[33m.\u001b[39mstack\u001b[33m;\u001b[39m\u001b[0m\u001b[22m\n\u001b[2m    \u001b[0m \u001b[90m   | \u001b[39m               \u001b[31m\u001b[1m^\u001b[22m\u001b[2m\u001b[39m\u001b[0m\u001b[22m\n\u001b[2m    \u001b[0m \u001b[90m 5 | \u001b[39m  \u001b[36mthis\u001b[39m\u001b[33m.\u001b[39mlocation \u001b[33m=\u001b[39m location\u001b[33m;\u001b[39m\u001b[0m\u001b[22m\n\u001b[2m    \u001b[0m \u001b[90m 6 | \u001b[39m}\u001b[0m\u001b[22m\n\u001b[2m    \u001b[0m \u001b[90m 7 | \u001b[39m\u001b[33mParseError\u001b[39m\u001b[33m.\u001b[39mprototype \u001b[33m=\u001b[39m \u001b[33mObject\u001b[39m\u001b[33m.\u001b[39mcreate(\u001b[33mError\u001b[39m\u001b[33m.\u001b[39mprototype)\u001b[33m;\u001b[39m\u001b[0m\u001b[22m\n\u001b[2m\u001b[22m\n\u001b[2m      \u001b[2mat new ParseError (\u001b[22m\u001b[2msrc/conversion/error.ts\u001b[2m:4:16)\u001b[22m\u001b[2m\u001b[22m\n\u001b[2m      \u001b[2mat LatexToAst.factor (\u001b[22m\u001b[2msrc/conversion/latex-to-ast.ts\u001b[2m:807:15)\u001b[22m\u001b[2m\u001b[22m\n\u001b[2m      \u001b[2mat LatexToAst.term (\u001b[22m\u001b[2msrc/conversion/latex-to-ast.ts\u001b[2m:754:18)\u001b[22m\u001b[2m\u001b[22m\n\u001b[2m      \u001b[2mat LatexToAst.expression (\u001b[22m\u001b[2msrc/conversion/latex-to-ast.ts\u001b[2m:712:20)\u001b[22m\u001b[2m\u001b[22m\n\u001b[2m      \u001b[2mat LatexToAst.relation (\u001b[22m\u001b[2msrc/conversion/latex-to-ast.ts\u001b[2m:609:20)\u001b[22m\u001b[2m\u001b[22m\n\u001b[2m      \u001b[2mat LatexToAst.statement_b (\u001b[22m\u001b[2msrc/conversion/latex-to-ast.ts\u001b[2m:588:20)\u001b[22m\u001b[2m\u001b[22m\n\u001b[2m      \u001b[2mat LatexToAst.statement_a (\u001b[22m\u001b[2msrc/conversion/latex-to-ast.ts\u001b[2m:562:20)\u001b[22m\u001b[2m\u001b[22m\n\u001b[2m      \u001b[2mat LatexToAst.statement (\u001b[22m\u001b[2msrc/conversion/latex-to-ast.ts\u001b[2m:511:22)\u001b[22m\u001b[2m\u001b[22m\n\u001b[2m      \u001b[2mat LatexToAst.statement_list (\u001b[22m\u001b[2msrc/conversion/latex-to-ast.ts\u001b[2m:479:22)\u001b[22m\u001b[2m\u001b[22m\n\u001b[2m      \u001b[2mat LatexToAst.convert (\u001b[22m\u001b[2msrc/conversion/latex-to-ast.ts\u001b[2m:467:23)\u001b[22m\u001b[2m\u001b[22m\n\n\u001b[1m\u001b[31m  \u001b[1m● \u001b[22m\u001b[1msrc/fixtures/latex-equal/to-be-fixed.ts › \\text{height}\\ =\\ 120\\sin\\theta › [S] == \\text{height}\\ =\\ \\sin \\theta \\times 120\u001b[39m\u001b[22m\n\n    ParseError: Invalid location of '='\n\u001b[2m\u001b[22m\n\u001b[2m    \u001b[0m \u001b[90m 2 | \u001b[39m  \u001b[36mthis\u001b[39m\u001b[33m.\u001b[39mname \u001b[33m=\u001b[39m \u001b[32m\"ParseError\"\u001b[39m\u001b[33m;\u001b[39m\u001b[0m\u001b[22m\n\u001b[2m    \u001b[0m \u001b[90m 3 | \u001b[39m  \u001b[36mthis\u001b[39m\u001b[33m.\u001b[39mmessage \u001b[33m=\u001b[39m message \u001b[33m||\u001b[39m \u001b[32m\"Error parsing input\"\u001b[39m\u001b[33m;\u001b[39m\u001b[0m\u001b[22m\n\u001b[2m    \u001b[0m\u001b[31m\u001b[1m>\u001b[22m\u001b[2m\u001b[39m\u001b[90m 4 | \u001b[39m  \u001b[36mthis\u001b[39m\u001b[33m.\u001b[39mstack \u001b[33m=\u001b[39m \u001b[36mnew\u001b[39m \u001b[33mError\u001b[39m()\u001b[33m.\u001b[39mstack\u001b[33m;\u001b[39m\u001b[0m\u001b[22m\n\u001b[2m    \u001b[0m \u001b[90m   | \u001b[39m               \u001b[31m\u001b[1m^\u001b[22m\u001b[2m\u001b[39m\u001b[0m\u001b[22m\n\u001b[2m    \u001b[0m \u001b[90m 5 | \u001b[39m  \u001b[36mthis\u001b[39m\u001b[33m.\u001b[39mlocation \u001b[33m=\u001b[39m location\u001b[33m;\u001b[39m\u001b[0m\u001b[22m\n\u001b[2m    \u001b[0m \u001b[90m 6 | \u001b[39m}\u001b[0m\u001b[22m\n\u001b[2m    \u001b[0m \u001b[90m 7 | \u001b[39m\u001b[33mParseError\u001b[39m\u001b[33m.\u001b[39mprototype \u001b[33m=\u001b[39m \u001b[33mObject\u001b[39m\u001b[33m.\u001b[39mcreate(\u001b[33mError\u001b[39m\u001b[33m.\u001b[39mprototype)\u001b[33m;\u001b[39m\u001b[0m\u001b[22m\n\u001b[2m\u001b[22m\n\u001b[2m      \u001b[2mat new ParseError (\u001b[22m\u001b[2msrc/conversion/error.ts\u001b[2m:4:16)\u001b[22m\u001b[2m\u001b[22m\n\u001b[2m      \u001b[2mat LatexToAst.factor (\u001b[22m\u001b[2msrc/conversion/latex-to-ast.ts\u001b[2m:807:15)\u001b[22m\u001b[2m\u001b[22m\n\u001b[2m      \u001b[2mat LatexToAst.term (\u001b[22m\u001b[2msrc/conversion/latex-to-ast.ts\u001b[2m:754:18)\u001b[22m\u001b[2m\u001b[22m\n\u001b[2m      \u001b[2mat LatexToAst.expression (\u001b[22m\u001b[2msrc/conversion/latex-to-ast.ts\u001b[2m:712:20)\u001b[22m\u001b[2m\u001b[22m\n\u001b[2m      \u001b[2mat LatexToAst.relation (\u001b[22m\u001b[2msrc/conversion/latex-to-ast.ts\u001b[2m:609:20)\u001b[22m\u001b[2m\u001b[22m\n\u001b[2m      \u001b[2mat LatexToAst.statement_b (\u001b[22m\u001b[2msrc/conversion/latex-to-ast.ts\u001b[2m:588:20)\u001b[22m\u001b[2m\u001b[22m\n\u001b[2m      \u001b[2mat LatexToAst.statement_a (\u001b[22m\u001b[2msrc/conversion/latex-to-ast.ts\u001b[2m:562:20)\u001b[22m\u001b[2m\u001b[22m\n\u001b[2m      \u001b[2mat LatexToAst.statement (\u001b[22m\u001b[2msrc/conversion/latex-to-ast.ts\u001b[2m:511:22)\u001b[22m\u001b[2m\u001b[22m\n\u001b[2m      \u001b[2mat LatexToAst.statement_list (\u001b[22m\u001b[2msrc/conversion/latex-to-ast.ts\u001b[2m:479:22)\u001b[22m\u001b[2m\u001b[22m\n\u001b[2m      \u001b[2mat LatexToAst.convert (\u001b[22m\u001b[2msrc/conversion/latex-to-ast.ts\u001b[2m:467:23)\u001b[22m\u001b[2m\u001b[22m\n\n\u001b[1m\u001b[31m  \u001b[1m● \u001b[22m\u001b[1msrc/fixtures/latex-equal/to-be-fixed.ts › \\cos\\theta=-\\sqrt{1-y^2} › [S] == cos\\ \\theta\\ \\ =\\ -\\sqrt{-y^2+1}\u001b[39m\u001b[22m\n\n    ParseError: Expecting ( after function\n\u001b[2m\u001b[22m\n\u001b[2m    \u001b[0m \u001b[90m 2 | \u001b[39m  \u001b[36mthis\u001b[39m\u001b[33m.\u001b[39mname \u001b[33m=\u001b[39m \u001b[32m\"ParseError\"\u001b[39m\u001b[33m;\u001b[39m\u001b[0m\u001b[22m\n\u001b[2m    \u001b[0m \u001b[90m 3 | \u001b[39m  \u001b[36mthis\u001b[39m\u001b[33m.\u001b[39mmessage \u001b[33m=\u001b[39m message \u001b[33m||\u001b[39m \u001b[32m\"Error parsing input\"\u001b[39m\u001b[33m;\u001b[39m\u001b[0m\u001b[22m\n\u001b[2m    \u001b[0m\u001b[31m\u001b[1m>\u001b[22m\u001b[2m\u001b[39m\u001b[90m 4 | \u001b[39m  \u001b[36mthis\u001b[39m\u001b[33m.\u001b[39mstack \u001b[33m=\u001b[39m \u001b[36mnew\u001b[39m \u001b[33mError\u001b[39m()\u001b[33m.\u001b[39mstack\u001b[33m;\u001b[39m\u001b[0m\u001b[22m\n\u001b[2m    \u001b[0m \u001b[90m   | \u001b[39m               \u001b[31m\u001b[1m^\u001b[22m\u001b[2m\u001b[39m\u001b[0m\u001b[22m\n\u001b[2m    \u001b[0m \u001b[90m 5 | \u001b[39m  \u001b[36mthis\u001b[39m\u001b[33m.\u001b[39mlocation \u001b[33m=\u001b[39m location\u001b[33m;\u001b[39m\u001b[0m\u001b[22m\n\u001b[2m    \u001b[0m \u001b[90m 6 | \u001b[39m}\u001b[0m\u001b[22m\n\u001b[2m    \u001b[0m \u001b[90m 7 | \u001b[39m\u001b[33mParseError\u001b[39m\u001b[33m.\u001b[39mprototype \u001b[33m=\u001b[39m \u001b[33mObject\u001b[39m\u001b[33m.\u001b[39mcreate(\u001b[33mError\u001b[39m\u001b[33m.\u001b[39mprototype)\u001b[33m;\u001b[39m\u001b[0m\u001b[22m\n\u001b[2m\u001b[22m\n\u001b[2m      \u001b[2mat new ParseError (\u001b[22m\u001b[2msrc/conversion/error.ts\u001b[2m:4:16)\u001b[22m\u001b[2m\u001b[22m\n\u001b[2m      \u001b[2mat LatexToAst.baseFactor (\u001b[22m\u001b[2msrc/conversion/latex-to-ast.ts\u001b[2m:1212:21)\u001b[22m\u001b[2m\u001b[22m\n\u001b[2m      \u001b[2mat LatexToAst.nonMinusFactor (\u001b[22m\u001b[2msrc/conversion/latex-to-ast.ts\u001b[2m:818:23)\u001b[22m\u001b[2m\u001b[22m\n\u001b[2m      \u001b[2mat LatexToAst.factor (\u001b[22m\u001b[2msrc/conversion/latex-to-ast.ts\u001b[2m:800:23)\u001b[22m\u001b[2m\u001b[22m\n\u001b[2m      \u001b[2mat LatexToAst.term (\u001b[22m\u001b[2msrc/conversion/latex-to-ast.ts\u001b[2m:754:18)\u001b[22m\u001b[2m\u001b[22m\n\u001b[2m      \u001b[2mat LatexToAst.expression (\u001b[22m\u001b[2msrc/conversion/latex-to-ast.ts\u001b[2m:712:20)\u001b[22m\u001b[2m\u001b[22m\n\u001b[2m      \u001b[2mat LatexToAst.relation (\u001b[22m\u001b[2msrc/conversion/latex-to-ast.ts\u001b[2m:609:20)\u001b[22m\u001b[2m\u001b[22m\n\u001b[2m      \u001b[2mat LatexToAst.statement_b (\u001b[22m\u001b[2msrc/conversion/latex-to-ast.ts\u001b[2m:588:20)\u001b[22m\u001b[2m\u001b[22m\n\u001b[2m      \u001b[2mat LatexToAst.statement_a (\u001b[22m\u001b[2msrc/conversion/latex-to-ast.ts\u001b[2m:562:20)\u001b[22m\u001b[2m\u001b[22m\n\u001b[2m      \u001b[2mat LatexToAst.statement (\u001b[22m\u001b[2msrc/conversion/latex-to-ast.ts\u001b[2m:511:22)\u001b[22m\u001b[2m\u001b[22m\n\n\u001b[1m\u001b[31m  \u001b[1m● \u001b[22m\u001b[1msrc/fixtures/latex-equal/to-be-fixed.ts › 100 › [S] != 100 - 0.0001\u001b[39m\u001b[22m\n\n    InvalidParameter:\n\u001b[2m\u001b[22m\n\u001b[2m      \u001b[2mat new errorConstructor (\u001b[22m\u001b[2mnode_modules/fraction.js/fraction.js\u001b[2m:59:24)\u001b[22m\u001b[2m\u001b[22m\n\u001b[2m      \u001b[2mat throwInvalidParam (\u001b[22m\u001b[2mnode_modules/fraction.js/fraction.js\u001b[2m:89:11)\u001b[22m\u001b[2m\u001b[22m\n\u001b[2m      \u001b[2mat parse (\u001b[22m\u001b[2mnode_modules/fraction.js/fraction.js\u001b[2m:247:11)\u001b[22m\u001b[2m\u001b[22m\n\u001b[2m      \u001b[2mat new Fraction (\u001b[22m\u001b[2mnode_modules/fraction.js/fraction.js\u001b[2m:350:5)\u001b[22m\u001b[2m\u001b[22m\n\u001b[2m      \u001b[2mat Function.string (\u001b[22m\u001b[2mnode_modules/mathjs/lib/cjs/type/fraction/function/fraction.js\u001b[2m:52:14)\u001b[22m\u001b[2m\u001b[22m\n\u001b[2m      \u001b[2mat fraction (\u001b[22m\u001b[2mnode_modules/typed-function/typed-function.js\u001b[2m:1089:85)\u001b[22m\u001b[2m\u001b[22m\n\u001b[2m      \u001b[2mat Object.validOutputTypes.Fraction (\u001b[22m\u001b[2mnode_modules/mathjs/lib/cjs/function/utils/numeric.js\u001b[2m:35:14)\u001b[22m\u001b[2m\u001b[22m\n\u001b[2m      \u001b[2mat numeric (\u001b[22m\u001b[2mnode_modules/mathjs/lib/cjs/function/utils/numeric.js\u001b[2m:81:42)\u001b[22m\u001b[2m\u001b[22m\n\u001b[2m      \u001b[2mat parseNumber (\u001b[22m\u001b[2mnode_modules/mathjs/lib/cjs/expression/parse.js\u001b[2m:1670:31)\u001b[22m\u001b[2m\u001b[22m\n\u001b[2m      \u001b[2mat parseObject (\u001b[22m\u001b[2mnode_modules/mathjs/lib/cjs/expression/parse.js\u001b[2m:1654:12)\u001b[22m\u001b[2m\u001b[22m\n"
    },
    {
      "leaks": false,
      "numFailingTests": 0,
      "numPassingTests": 4,
      "numPendingTests": 0,
      "numTodoTests": 0,
      "openHandles": [],
      "perfStats": {
        "end": 1616668172134,
        "runtime": 465,
        "slow": false,
        "start": 1616668171669
      },
      "skipped": false,
      "snapshot": {
        "added": 0,
        "fileDeleted": false,
        "matched": 0,
        "unchecked": 0,
        "unmatched": 0,
        "updated": 0,
        "uncheckedKeys": []
      },
      "testFilePath": "/home/ede/dev/github/pie-framework/math-validation/src/__tests__/node-sort.spec.ts",
      "testResults": [
        {
          "ancestorTitles": [
            "'b + a' => 'a + b'"
          ],
          "duration": 15,
          "failureDetails": [],
          "failureMessages": [],
          "fullName": "'b + a' => 'a + b' sorts",
          "location": null,
          "numPassingAsserts": 0,
          "status": "passed",
          "title": "sorts"
        },
        {
          "ancestorTitles": [
            "'b + c + a' => 'a + b + c'"
          ],
          "duration": 15,
          "failureDetails": [],
          "failureMessages": [],
          "fullName": "'b + c + a' => 'a + b + c' sorts",
          "location": null,
          "numPassingAsserts": 0,
          "status": "passed",
          "title": "sorts"
        },
        {
          "ancestorTitles": [
            "'b + a + c' => 'a + b + c'"
          ],
          "duration": 11,
          "failureDetails": [],
          "failureMessages": [],
          "fullName": "'b + a + c' => 'a + b + c' sorts",
          "location": null,
          "numPassingAsserts": 0,
          "status": "passed",
          "title": "sorts"
        },
        {
          "ancestorTitles": [
            "'c + b + a' => 'a + b + c'"
          ],
          "duration": 12,
          "failureDetails": [],
          "failureMessages": [],
          "fullName": "'c + b + a' => 'a + b + c' sorts",
          "location": null,
          "numPassingAsserts": 0,
          "status": "passed",
          "title": "sorts"
        }
      ],
      "failureMessage": null
    },
    {
      "leaks": false,
      "numFailingTests": 0,
      "numPassingTests": 2,
      "numPendingTests": 0,
      "numTodoTests": 0,
      "openHandles": [],
      "perfStats": {
        "end": 1616668172256,
        "runtime": 95,
        "slow": false,
        "start": 1616668172161
      },
      "skipped": false,
      "snapshot": {
        "added": 0,
        "fileDeleted": false,
        "matched": 0,
        "unchecked": 0,
        "unmatched": 0,
        "updated": 0,
        "uncheckedKeys": []
      },
      "testFilePath": "/home/ede/dev/github/pie-framework/math-validation/src/conversion/__tests__/latex-to-ast.spec.ts",
      "testResults": [
        {
          "ancestorTitles": [
            "bugs in lta"
          ],
          "duration": 3,
          "failureDetails": [],
          "failureMessages": [],
          "fullName": "bugs in lta 1,000 => 1000",
          "location": null,
          "numPassingAsserts": 0,
          "status": "passed",
          "title": "1,000 => 1000"
        },
        {
          "ancestorTitles": [
            "bugs in lta"
          ],
          "duration": 0,
          "failureDetails": [],
          "failureMessages": [],
          "fullName": "bugs in lta 1,000,000 => 1000000",
          "location": null,
          "numPassingAsserts": 0,
          "status": "passed",
          "title": "1,000,000 => 1000000"
        }
      ],
      "failureMessage": null
    }
  ],
  "wasInterrupted": false
}