{
  "numFailedTestSuites": 1,
  "numFailedTests": 5,
  "numPassedTestSuites": 0,
  "numPassedTests": 7,
  "numPendingTestSuites": 2,
  "numPendingTests": 6,
  "numRuntimeErrorTestSuites": 0,
  "numTodoTests": 0,
  "numTotalTestSuites": 3,
  "numTotalTests": 18,
  "openHandles": [],
  "snapshot": {
    "added": 0,
    "didUpdate": false,
    "failure": false,
    "filesAdded": 0,
    "filesRemoved": 0,
    "filesRemovedList": [],
    "filesUnmatched": 0,
    "filesUpdated": 0,
    "matched": 0,
    "total": 0,
    "unchecked": 0,
    "uncheckedKeysByFile": [],
    "unmatched": 0,
    "updated": 0
  },
  "startTime": 1617179674266,
  "success": false,
  "testResults": [
    {
      "leaks": false,
      "numFailingTests": 5,
      "numPassingTests": 7,
      "numPendingTests": 0,
      "numTodoTests": 0,
      "openHandles": [],
      "perfStats": {
        "end": 1617179675649,
        "runtime": 1326,
        "slow": false,
        "start": 1617179674323
      },
      "skipped": false,
      "snapshot": {
        "added": 0,
        "fileDeleted": false,
        "matched": 0,
        "unchecked": 0,
        "unmatched": 0,
        "updated": 0,
        "uncheckedKeys": []
      },
      "testFilePath": "/home/ede/dev/github/pie-framework/math-validation/src/__tests__/latex-equal.spec.ts",
      "testResults": [
        {
          "ancestorTitles": [
            "src/fixtures/latex-equal/literal.ts",
            "[literal] 12 + 3 * x"
          ],
          "duration": 8,
          "failureDetails": [],
          "failureMessages": [],
          "fullName": "src/fixtures/latex-equal/literal.ts [literal] 12 + 3 * x == 12    +     3   \\times x   ()",
          "location": null,
          "numPassingAsserts": 0,
          "status": "passed",
          "title": "== 12    +     3   \\times x   ()"
        },
        {
          "ancestorTitles": [
            "src/fixtures/latex-equal/literal.ts",
            "[literal] 12 + 3 * x"
          ],
          "duration": 2,
          "failureDetails": [
            {
              "actual": "",
              "error": {
                "matcherResult": {
                  "actual": true,
                  "expected": false,
                  "name": "toEqual",
                  "pass": false
                }
              },
              "expected": "",
              "matcherName": "",
              "message": "Error: \u001b[2mexpect(\u001b[22m\u001b[31mreceived\u001b[39m\u001b[2m).\u001b[22mtoEqual\u001b[2m(\u001b[22m\u001b[32mexpected\u001b[39m\u001b[2m) // deep equality\u001b[22m\n\nExpected: \u001b[32mfalse\u001b[39m\nReceived: \u001b[31mtrue\u001b[39m",
              "passed": false,
              "stack": "Error: \u001b[2mexpect(\u001b[22m\u001b[31mreceived\u001b[39m\u001b[2m).\u001b[22mtoEqual\u001b[2m(\u001b[22m\u001b[32mexpected\u001b[39m\u001b[2m) // deep equality\u001b[22m\n\nExpected: \u001b[32mfalse\u001b[39m\nReceived: \u001b[31mtrue\u001b[39m\n    at Object.<anonymous> (/home/ede/dev/github/pie-framework/math-validation/src/__tests__/latex-equal.spec.ts:135:23)\n    at Object.asyncJestTest (/home/ede/dev/github/pie-framework/math-validation/node_modules/jest-jasmine2/build/jasmineAsyncInstall.js:106:37)\n    at /home/ede/dev/github/pie-framework/math-validation/node_modules/jest-jasmine2/build/queueRunner.js:45:12\n    at new Promise (<anonymous>)\n    at mapper (/home/ede/dev/github/pie-framework/math-validation/node_modules/jest-jasmine2/build/queueRunner.js:28:19)\n    at /home/ede/dev/github/pie-framework/math-validation/node_modules/jest-jasmine2/build/queueRunner.js:75:41"
            }
          ],
          "failureMessages": [
            "Error: \u001b[2mexpect(\u001b[22m\u001b[31mreceived\u001b[39m\u001b[2m).\u001b[22mtoEqual\u001b[2m(\u001b[22m\u001b[32mexpected\u001b[39m\u001b[2m) // deep equality\u001b[22m\n\nExpected: \u001b[32mfalse\u001b[39m\nReceived: \u001b[31mtrue\u001b[39m\n    at Object.<anonymous> (/home/ede/dev/github/pie-framework/math-validation/src/__tests__/latex-equal.spec.ts:135:23)\n    at Object.asyncJestTest (/home/ede/dev/github/pie-framework/math-validation/node_modules/jest-jasmine2/build/jasmineAsyncInstall.js:106:37)\n    at /home/ede/dev/github/pie-framework/math-validation/node_modules/jest-jasmine2/build/queueRunner.js:45:12\n    at new Promise (<anonymous>)\n    at mapper (/home/ede/dev/github/pie-framework/math-validation/node_modules/jest-jasmine2/build/queueRunner.js:28:19)\n    at /home/ede/dev/github/pie-framework/math-validation/node_modules/jest-jasmine2/build/queueRunner.js:75:41"
          ],
          "fullName": "src/fixtures/latex-equal/literal.ts [literal] 12 + 3 * x != 12.0 + 3 * x ()",
          "location": null,
          "numPassingAsserts": 0,
          "status": "failed",
          "title": "!= 12.0 + 3 * x ()"
        },
        {
          "ancestorTitles": [
            "src/fixtures/latex-equal/literal.ts",
            "[literal] 12 + 3 * x"
          ],
          "duration": 1,
          "failureDetails": [],
          "failureMessages": [],
          "fullName": "src/fixtures/latex-equal/literal.ts [literal] 12 + 3 * x != 3 * x + 12 ()",
          "location": null,
          "numPassingAsserts": 0,
          "status": "passed",
          "title": "!= 3 * x + 12 ()"
        },
        {
          "ancestorTitles": [
            "src/fixtures/latex-equal/literal.ts",
            "[literal] 12.00"
          ],
          "duration": 1,
          "failureDetails": [],
          "failureMessages": [],
          "fullName": "src/fixtures/latex-equal/literal.ts [literal] 12.00 == 12.000000 (allowTrailingZeros)",
          "location": null,
          "numPassingAsserts": 0,
          "status": "passed",
          "title": "== 12.000000 (allowTrailingZeros)"
        },
        {
          "ancestorTitles": [
            "src/fixtures/latex-equal/literal.ts",
            "[literal] 12.00"
          ],
          "duration": 1,
          "failureDetails": [],
          "failureMessages": [],
          "fullName": "src/fixtures/latex-equal/literal.ts [literal] 12.00 != 12.001 (allowTrailingZeros)",
          "location": null,
          "numPassingAsserts": 0,
          "status": "passed",
          "title": "!= 12.001 (allowTrailingZeros)"
        },
        {
          "ancestorTitles": [
            "src/fixtures/latex-equal/literal.ts",
            "[literal] 12.00"
          ],
          "duration": 0,
          "failureDetails": [],
          "failureMessages": [],
          "fullName": "src/fixtures/latex-equal/literal.ts [literal] 12.00 == 12.00 ()",
          "location": null,
          "numPassingAsserts": 0,
          "status": "passed",
          "title": "== 12.00 ()"
        },
        {
          "ancestorTitles": [
            "src/fixtures/latex-equal/literal.ts",
            "[literal] 12.00"
          ],
          "duration": 1,
          "failureDetails": [
            {
              "actual": "",
              "error": {
                "matcherResult": {
                  "actual": true,
                  "expected": false,
                  "name": "toEqual",
                  "pass": false
                }
              },
              "expected": "",
              "matcherName": "",
              "message": "Error: \u001b[2mexpect(\u001b[22m\u001b[31mreceived\u001b[39m\u001b[2m).\u001b[22mtoEqual\u001b[2m(\u001b[22m\u001b[32mexpected\u001b[39m\u001b[2m) // deep equality\u001b[22m\n\nExpected: \u001b[32mfalse\u001b[39m\nReceived: \u001b[31mtrue\u001b[39m",
              "passed": false,
              "stack": "Error: \u001b[2mexpect(\u001b[22m\u001b[31mreceived\u001b[39m\u001b[2m).\u001b[22mtoEqual\u001b[2m(\u001b[22m\u001b[32mexpected\u001b[39m\u001b[2m) // deep equality\u001b[22m\n\nExpected: \u001b[32mfalse\u001b[39m\nReceived: \u001b[31mtrue\u001b[39m\n    at Object.<anonymous> (/home/ede/dev/github/pie-framework/math-validation/src/__tests__/latex-equal.spec.ts:135:23)\n    at Object.asyncJestTest (/home/ede/dev/github/pie-framework/math-validation/node_modules/jest-jasmine2/build/jasmineAsyncInstall.js:106:37)\n    at /home/ede/dev/github/pie-framework/math-validation/node_modules/jest-jasmine2/build/queueRunner.js:45:12\n    at new Promise (<anonymous>)\n    at mapper (/home/ede/dev/github/pie-framework/math-validation/node_modules/jest-jasmine2/build/queueRunner.js:28:19)\n    at /home/ede/dev/github/pie-framework/math-validation/node_modules/jest-jasmine2/build/queueRunner.js:75:41"
            }
          ],
          "failureMessages": [
            "Error: \u001b[2mexpect(\u001b[22m\u001b[31mreceived\u001b[39m\u001b[2m).\u001b[22mtoEqual\u001b[2m(\u001b[22m\u001b[32mexpected\u001b[39m\u001b[2m) // deep equality\u001b[22m\n\nExpected: \u001b[32mfalse\u001b[39m\nReceived: \u001b[31mtrue\u001b[39m\n    at Object.<anonymous> (/home/ede/dev/github/pie-framework/math-validation/src/__tests__/latex-equal.spec.ts:135:23)\n    at Object.asyncJestTest (/home/ede/dev/github/pie-framework/math-validation/node_modules/jest-jasmine2/build/jasmineAsyncInstall.js:106:37)\n    at /home/ede/dev/github/pie-framework/math-validation/node_modules/jest-jasmine2/build/queueRunner.js:45:12\n    at new Promise (<anonymous>)\n    at mapper (/home/ede/dev/github/pie-framework/math-validation/node_modules/jest-jasmine2/build/queueRunner.js:28:19)\n    at /home/ede/dev/github/pie-framework/math-validation/node_modules/jest-jasmine2/build/queueRunner.js:75:41"
          ],
          "fullName": "src/fixtures/latex-equal/literal.ts [literal] 12.00 != 12.000000 ()",
          "location": null,
          "numPassingAsserts": 0,
          "status": "failed",
          "title": "!= 12.000000 ()"
        },
        {
          "ancestorTitles": [
            "src/fixtures/latex-equal/literal.ts",
            "[literal] 2 + 3"
          ],
          "duration": 1,
          "failureDetails": [
            {
              "actual": "",
              "error": {
                "matcherResult": {
                  "actual": false,
                  "expected": true,
                  "name": "toEqual",
                  "pass": false
                }
              },
              "expected": "",
              "matcherName": "",
              "message": "Error: \u001b[2mexpect(\u001b[22m\u001b[31mreceived\u001b[39m\u001b[2m).\u001b[22mtoEqual\u001b[2m(\u001b[22m\u001b[32mexpected\u001b[39m\u001b[2m) // deep equality\u001b[22m\n\nExpected: \u001b[32mtrue\u001b[39m\nReceived: \u001b[31mfalse\u001b[39m",
              "passed": false,
              "stack": "Error: \u001b[2mexpect(\u001b[22m\u001b[31mreceived\u001b[39m\u001b[2m).\u001b[22mtoEqual\u001b[2m(\u001b[22m\u001b[32mexpected\u001b[39m\u001b[2m) // deep equality\u001b[22m\n\nExpected: \u001b[32mtrue\u001b[39m\nReceived: \u001b[31mfalse\u001b[39m\n    at Object.<anonymous> (/home/ede/dev/github/pie-framework/math-validation/src/__tests__/latex-equal.spec.ts:116:23)\n    at Object.asyncJestTest (/home/ede/dev/github/pie-framework/math-validation/node_modules/jest-jasmine2/build/jasmineAsyncInstall.js:106:37)\n    at /home/ede/dev/github/pie-framework/math-validation/node_modules/jest-jasmine2/build/queueRunner.js:45:12\n    at new Promise (<anonymous>)\n    at mapper (/home/ede/dev/github/pie-framework/math-validation/node_modules/jest-jasmine2/build/queueRunner.js:28:19)\n    at /home/ede/dev/github/pie-framework/math-validation/node_modules/jest-jasmine2/build/queueRunner.js:75:41"
            }
          ],
          "failureMessages": [
            "Error: \u001b[2mexpect(\u001b[22m\u001b[31mreceived\u001b[39m\u001b[2m).\u001b[22mtoEqual\u001b[2m(\u001b[22m\u001b[32mexpected\u001b[39m\u001b[2m) // deep equality\u001b[22m\n\nExpected: \u001b[32mtrue\u001b[39m\nReceived: \u001b[31mfalse\u001b[39m\n    at Object.<anonymous> (/home/ede/dev/github/pie-framework/math-validation/src/__tests__/latex-equal.spec.ts:116:23)\n    at Object.asyncJestTest (/home/ede/dev/github/pie-framework/math-validation/node_modules/jest-jasmine2/build/jasmineAsyncInstall.js:106:37)\n    at /home/ede/dev/github/pie-framework/math-validation/node_modules/jest-jasmine2/build/queueRunner.js:45:12\n    at new Promise (<anonymous>)\n    at mapper (/home/ede/dev/github/pie-framework/math-validation/node_modules/jest-jasmine2/build/queueRunner.js:28:19)\n    at /home/ede/dev/github/pie-framework/math-validation/node_modules/jest-jasmine2/build/queueRunner.js:75:41"
          ],
          "fullName": "src/fixtures/latex-equal/literal.ts [literal] 2 + 3 == 3 + 2 (ignoreOrder)",
          "location": null,
          "numPassingAsserts": 0,
          "status": "failed",
          "title": "== 3 + 2 (ignoreOrder)"
        },
        {
          "ancestorTitles": [
            "src/fixtures/latex-equal/literal.ts",
            "[literal] 2 + 3"
          ],
          "duration": 0,
          "failureDetails": [],
          "failureMessages": [],
          "fullName": "src/fixtures/latex-equal/literal.ts [literal] 2 + 3 != 3 + 2 ()",
          "location": null,
          "numPassingAsserts": 0,
          "status": "passed",
          "title": "!= 3 + 2 ()"
        },
        {
          "ancestorTitles": [
            "src/fixtures/latex-equal/literal.ts",
            "[literal] a+b+c"
          ],
          "duration": 5,
          "failureDetails": [
            {
              "actual": "",
              "error": {
                "matcherResult": {
                  "actual": false,
                  "expected": true,
                  "name": "toEqual",
                  "pass": false
                }
              },
              "expected": "",
              "matcherName": "",
              "message": "Error: \u001b[2mexpect(\u001b[22m\u001b[31mreceived\u001b[39m\u001b[2m).\u001b[22mtoEqual\u001b[2m(\u001b[22m\u001b[32mexpected\u001b[39m\u001b[2m) // deep equality\u001b[22m\n\nExpected: \u001b[32mtrue\u001b[39m\nReceived: \u001b[31mfalse\u001b[39m",
              "passed": false,
              "stack": "Error: \u001b[2mexpect(\u001b[22m\u001b[31mreceived\u001b[39m\u001b[2m).\u001b[22mtoEqual\u001b[2m(\u001b[22m\u001b[32mexpected\u001b[39m\u001b[2m) // deep equality\u001b[22m\n\nExpected: \u001b[32mtrue\u001b[39m\nReceived: \u001b[31mfalse\u001b[39m\n    at Object.<anonymous> (/home/ede/dev/github/pie-framework/math-validation/src/__tests__/latex-equal.spec.ts:116:23)\n    at Object.asyncJestTest (/home/ede/dev/github/pie-framework/math-validation/node_modules/jest-jasmine2/build/jasmineAsyncInstall.js:106:37)\n    at /home/ede/dev/github/pie-framework/math-validation/node_modules/jest-jasmine2/build/queueRunner.js:45:12\n    at new Promise (<anonymous>)\n    at mapper (/home/ede/dev/github/pie-framework/math-validation/node_modules/jest-jasmine2/build/queueRunner.js:28:19)\n    at /home/ede/dev/github/pie-framework/math-validation/node_modules/jest-jasmine2/build/queueRunner.js:75:41"
            }
          ],
          "failureMessages": [
            "Error: \u001b[2mexpect(\u001b[22m\u001b[31mreceived\u001b[39m\u001b[2m).\u001b[22mtoEqual\u001b[2m(\u001b[22m\u001b[32mexpected\u001b[39m\u001b[2m) // deep equality\u001b[22m\n\nExpected: \u001b[32mtrue\u001b[39m\nReceived: \u001b[31mfalse\u001b[39m\n    at Object.<anonymous> (/home/ede/dev/github/pie-framework/math-validation/src/__tests__/latex-equal.spec.ts:116:23)\n    at Object.asyncJestTest (/home/ede/dev/github/pie-framework/math-validation/node_modules/jest-jasmine2/build/jasmineAsyncInstall.js:106:37)\n    at /home/ede/dev/github/pie-framework/math-validation/node_modules/jest-jasmine2/build/queueRunner.js:45:12\n    at new Promise (<anonymous>)\n    at mapper (/home/ede/dev/github/pie-framework/math-validation/node_modules/jest-jasmine2/build/queueRunner.js:28:19)\n    at /home/ede/dev/github/pie-framework/math-validation/node_modules/jest-jasmine2/build/queueRunner.js:75:41"
          ],
          "fullName": "src/fixtures/latex-equal/literal.ts [literal] a+b+c == c+a+b (ignoreOrder)",
          "location": null,
          "numPassingAsserts": 0,
          "status": "failed",
          "title": "== c+a+b (ignoreOrder)"
        },
        {
          "ancestorTitles": [
            "src/fixtures/latex-equal/literal.ts",
            "[literal] a+b+c"
          ],
          "duration": 1,
          "failureDetails": [],
          "failureMessages": [],
          "fullName": "src/fixtures/latex-equal/literal.ts [literal] a+b+c != c+a+b ()",
          "location": null,
          "numPassingAsserts": 0,
          "status": "passed",
          "title": "!= c+a+b ()"
        },
        {
          "ancestorTitles": [
            "src/fixtures/latex-equal/literal.ts",
            "[literal] 12.00+3"
          ],
          "duration": 0,
          "failureDetails": [
            {
              "actual": "",
              "error": {
                "matcherResult": {
                  "actual": false,
                  "expected": true,
                  "name": "toEqual",
                  "pass": false
                }
              },
              "expected": "",
              "matcherName": "",
              "message": "Error: \u001b[2mexpect(\u001b[22m\u001b[31mreceived\u001b[39m\u001b[2m).\u001b[22mtoEqual\u001b[2m(\u001b[22m\u001b[32mexpected\u001b[39m\u001b[2m) // deep equality\u001b[22m\n\nExpected: \u001b[32mtrue\u001b[39m\nReceived: \u001b[31mfalse\u001b[39m",
              "passed": false,
              "stack": "Error: \u001b[2mexpect(\u001b[22m\u001b[31mreceived\u001b[39m\u001b[2m).\u001b[22mtoEqual\u001b[2m(\u001b[22m\u001b[32mexpected\u001b[39m\u001b[2m) // deep equality\u001b[22m\n\nExpected: \u001b[32mtrue\u001b[39m\nReceived: \u001b[31mfalse\u001b[39m\n    at Object.<anonymous> (/home/ede/dev/github/pie-framework/math-validation/src/__tests__/latex-equal.spec.ts:116:23)\n    at Object.asyncJestTest (/home/ede/dev/github/pie-framework/math-validation/node_modules/jest-jasmine2/build/jasmineAsyncInstall.js:106:37)\n    at /home/ede/dev/github/pie-framework/math-validation/node_modules/jest-jasmine2/build/queueRunner.js:45:12\n    at new Promise (<anonymous>)\n    at mapper (/home/ede/dev/github/pie-framework/math-validation/node_modules/jest-jasmine2/build/queueRunner.js:28:19)\n    at /home/ede/dev/github/pie-framework/math-validation/node_modules/jest-jasmine2/build/queueRunner.js:75:41"
            }
          ],
          "failureMessages": [
            "Error: \u001b[2mexpect(\u001b[22m\u001b[31mreceived\u001b[39m\u001b[2m).\u001b[22mtoEqual\u001b[2m(\u001b[22m\u001b[32mexpected\u001b[39m\u001b[2m) // deep equality\u001b[22m\n\nExpected: \u001b[32mtrue\u001b[39m\nReceived: \u001b[31mfalse\u001b[39m\n    at Object.<anonymous> (/home/ede/dev/github/pie-framework/math-validation/src/__tests__/latex-equal.spec.ts:116:23)\n    at Object.asyncJestTest (/home/ede/dev/github/pie-framework/math-validation/node_modules/jest-jasmine2/build/jasmineAsyncInstall.js:106:37)\n    at /home/ede/dev/github/pie-framework/math-validation/node_modules/jest-jasmine2/build/queueRunner.js:45:12\n    at new Promise (<anonymous>)\n    at mapper (/home/ede/dev/github/pie-framework/math-validation/node_modules/jest-jasmine2/build/queueRunner.js:28:19)\n    at /home/ede/dev/github/pie-framework/math-validation/node_modules/jest-jasmine2/build/queueRunner.js:75:41"
          ],
          "fullName": "src/fixtures/latex-equal/literal.ts [literal] 12.00+3 == 3+12.00 (allowTrailingZeros,ignoreOrder)",
          "location": null,
          "numPassingAsserts": 0,
          "status": "failed",
          "title": "== 3+12.00 (allowTrailingZeros,ignoreOrder)"
        }
      ],
      "failureMessage": "\u001b[1m\u001b[31m  \u001b[1m● \u001b[22m\u001b[1msrc/fixtures/latex-equal/literal.ts › [literal] 12 + 3 * x › != 12.0 + 3 * x ()\u001b[39m\u001b[22m\n\n    \u001b[2mexpect(\u001b[22m\u001b[31mreceived\u001b[39m\u001b[2m).\u001b[22mtoEqual\u001b[2m(\u001b[22m\u001b[32mexpected\u001b[39m\u001b[2m) // deep equality\u001b[22m\n\n    Expected: \u001b[32mfalse\u001b[39m\n    Received: \u001b[31mtrue\u001b[39m\n\u001b[2m\u001b[22m\n\u001b[2m    \u001b[0m \u001b[90m 133 | \u001b[39m              \u001b[33m...\u001b[39mt\u001b[33m.\u001b[39mopts\u001b[33m,\u001b[39m\u001b[0m\u001b[22m\n\u001b[2m    \u001b[0m \u001b[90m 134 | \u001b[39m            })\u001b[33m;\u001b[39m\u001b[0m\u001b[22m\n\u001b[2m    \u001b[0m\u001b[31m\u001b[1m>\u001b[22m\u001b[2m\u001b[39m\u001b[90m 135 | \u001b[39m            expect(l)\u001b[33m.\u001b[39mtoEqual(\u001b[36mfalse\u001b[39m)\u001b[33m;\u001b[39m\u001b[0m\u001b[22m\n\u001b[2m    \u001b[0m \u001b[90m     | \u001b[39m                      \u001b[31m\u001b[1m^\u001b[22m\u001b[2m\u001b[39m\u001b[0m\u001b[22m\n\u001b[2m    \u001b[0m \u001b[90m 136 | \u001b[39m          })\u001b[33m;\u001b[39m\u001b[0m\u001b[22m\n\u001b[2m    \u001b[0m \u001b[90m 137 | \u001b[39m        })\u001b[33m;\u001b[39m\u001b[0m\u001b[22m\n\u001b[2m    \u001b[0m \u001b[90m 138 | \u001b[39m      })\u001b[33m;\u001b[39m\u001b[0m\u001b[22m\n\u001b[2m\u001b[22m\n\u001b[2m      \u001b[2mat Object.<anonymous> (\u001b[22m\u001b[2m\u001b[0m\u001b[36msrc/__tests__/latex-equal.spec.ts\u001b[39m\u001b[0m\u001b[2m:135:23)\u001b[22m\u001b[2m\u001b[22m\n\n\u001b[1m\u001b[31m  \u001b[1m● \u001b[22m\u001b[1msrc/fixtures/latex-equal/literal.ts › [literal] 12.00 › != 12.000000 ()\u001b[39m\u001b[22m\n\n    \u001b[2mexpect(\u001b[22m\u001b[31mreceived\u001b[39m\u001b[2m).\u001b[22mtoEqual\u001b[2m(\u001b[22m\u001b[32mexpected\u001b[39m\u001b[2m) // deep equality\u001b[22m\n\n    Expected: \u001b[32mfalse\u001b[39m\n    Received: \u001b[31mtrue\u001b[39m\n\u001b[2m\u001b[22m\n\u001b[2m    \u001b[0m \u001b[90m 133 | \u001b[39m              \u001b[33m...\u001b[39mt\u001b[33m.\u001b[39mopts\u001b[33m,\u001b[39m\u001b[0m\u001b[22m\n\u001b[2m    \u001b[0m \u001b[90m 134 | \u001b[39m            })\u001b[33m;\u001b[39m\u001b[0m\u001b[22m\n\u001b[2m    \u001b[0m\u001b[31m\u001b[1m>\u001b[22m\u001b[2m\u001b[39m\u001b[90m 135 | \u001b[39m            expect(l)\u001b[33m.\u001b[39mtoEqual(\u001b[36mfalse\u001b[39m)\u001b[33m;\u001b[39m\u001b[0m\u001b[22m\n\u001b[2m    \u001b[0m \u001b[90m     | \u001b[39m                      \u001b[31m\u001b[1m^\u001b[22m\u001b[2m\u001b[39m\u001b[0m\u001b[22m\n\u001b[2m    \u001b[0m \u001b[90m 136 | \u001b[39m          })\u001b[33m;\u001b[39m\u001b[0m\u001b[22m\n\u001b[2m    \u001b[0m \u001b[90m 137 | \u001b[39m        })\u001b[33m;\u001b[39m\u001b[0m\u001b[22m\n\u001b[2m    \u001b[0m \u001b[90m 138 | \u001b[39m      })\u001b[33m;\u001b[39m\u001b[0m\u001b[22m\n\u001b[2m\u001b[22m\n\u001b[2m      \u001b[2mat Object.<anonymous> (\u001b[22m\u001b[2m\u001b[0m\u001b[36msrc/__tests__/latex-equal.spec.ts\u001b[39m\u001b[0m\u001b[2m:135:23)\u001b[22m\u001b[2m\u001b[22m\n\n\u001b[1m\u001b[31m  \u001b[1m● \u001b[22m\u001b[1msrc/fixtures/latex-equal/literal.ts › [literal] 2 + 3 › == 3 + 2 (ignoreOrder)\u001b[39m\u001b[22m\n\n    \u001b[2mexpect(\u001b[22m\u001b[31mreceived\u001b[39m\u001b[2m).\u001b[22mtoEqual\u001b[2m(\u001b[22m\u001b[32mexpected\u001b[39m\u001b[2m) // deep equality\u001b[22m\n\n    Expected: \u001b[32mtrue\u001b[39m\n    Received: \u001b[31mfalse\u001b[39m\n\u001b[2m\u001b[22m\n\u001b[2m    \u001b[0m \u001b[90m 114 | \u001b[39m            })\u001b[33m;\u001b[39m\u001b[0m\u001b[22m\n\u001b[2m    \u001b[0m \u001b[90m 115 | \u001b[39m            \u001b[90m// console.log(l);\u001b[39m\u001b[0m\u001b[22m\n\u001b[2m    \u001b[0m\u001b[31m\u001b[1m>\u001b[22m\u001b[2m\u001b[39m\u001b[90m 116 | \u001b[39m            expect(l)\u001b[33m.\u001b[39mtoEqual(\u001b[36mtrue\u001b[39m)\u001b[33m;\u001b[39m\u001b[0m\u001b[22m\n\u001b[2m    \u001b[0m \u001b[90m     | \u001b[39m                      \u001b[31m\u001b[1m^\u001b[22m\u001b[2m\u001b[39m\u001b[0m\u001b[22m\n\u001b[2m    \u001b[0m \u001b[90m 117 | \u001b[39m          })\u001b[33m;\u001b[39m\u001b[0m\u001b[22m\n\u001b[2m    \u001b[0m \u001b[90m 118 | \u001b[39m        })\u001b[33m;\u001b[39m\u001b[0m\u001b[22m\n\u001b[2m    \u001b[0m \u001b[90m 119 | \u001b[39m\u001b[0m\u001b[22m\n\u001b[2m\u001b[22m\n\u001b[2m      \u001b[2mat Object.<anonymous> (\u001b[22m\u001b[2m\u001b[0m\u001b[36msrc/__tests__/latex-equal.spec.ts\u001b[39m\u001b[0m\u001b[2m:116:23)\u001b[22m\u001b[2m\u001b[22m\n\n\u001b[1m\u001b[31m  \u001b[1m● \u001b[22m\u001b[1msrc/fixtures/latex-equal/literal.ts › [literal] a+b+c › == c+a+b (ignoreOrder)\u001b[39m\u001b[22m\n\n    \u001b[2mexpect(\u001b[22m\u001b[31mreceived\u001b[39m\u001b[2m).\u001b[22mtoEqual\u001b[2m(\u001b[22m\u001b[32mexpected\u001b[39m\u001b[2m) // deep equality\u001b[22m\n\n    Expected: \u001b[32mtrue\u001b[39m\n    Received: \u001b[31mfalse\u001b[39m\n\u001b[2m\u001b[22m\n\u001b[2m    \u001b[0m \u001b[90m 114 | \u001b[39m            })\u001b[33m;\u001b[39m\u001b[0m\u001b[22m\n\u001b[2m    \u001b[0m \u001b[90m 115 | \u001b[39m            \u001b[90m// console.log(l);\u001b[39m\u001b[0m\u001b[22m\n\u001b[2m    \u001b[0m\u001b[31m\u001b[1m>\u001b[22m\u001b[2m\u001b[39m\u001b[90m 116 | \u001b[39m            expect(l)\u001b[33m.\u001b[39mtoEqual(\u001b[36mtrue\u001b[39m)\u001b[33m;\u001b[39m\u001b[0m\u001b[22m\n\u001b[2m    \u001b[0m \u001b[90m     | \u001b[39m                      \u001b[31m\u001b[1m^\u001b[22m\u001b[2m\u001b[39m\u001b[0m\u001b[22m\n\u001b[2m    \u001b[0m \u001b[90m 117 | \u001b[39m          })\u001b[33m;\u001b[39m\u001b[0m\u001b[22m\n\u001b[2m    \u001b[0m \u001b[90m 118 | \u001b[39m        })\u001b[33m;\u001b[39m\u001b[0m\u001b[22m\n\u001b[2m    \u001b[0m \u001b[90m 119 | \u001b[39m\u001b[0m\u001b[22m\n\u001b[2m\u001b[22m\n\u001b[2m      \u001b[2mat Object.<anonymous> (\u001b[22m\u001b[2m\u001b[0m\u001b[36msrc/__tests__/latex-equal.spec.ts\u001b[39m\u001b[0m\u001b[2m:116:23)\u001b[22m\u001b[2m\u001b[22m\n\n\u001b[1m\u001b[31m  \u001b[1m● \u001b[22m\u001b[1msrc/fixtures/latex-equal/literal.ts › [literal] 12.00+3 › == 3+12.00 (allowTrailingZeros,ignoreOrder)\u001b[39m\u001b[22m\n\n    \u001b[2mexpect(\u001b[22m\u001b[31mreceived\u001b[39m\u001b[2m).\u001b[22mtoEqual\u001b[2m(\u001b[22m\u001b[32mexpected\u001b[39m\u001b[2m) // deep equality\u001b[22m\n\n    Expected: \u001b[32mtrue\u001b[39m\n    Received: \u001b[31mfalse\u001b[39m\n\u001b[2m\u001b[22m\n\u001b[2m    \u001b[0m \u001b[90m 114 | \u001b[39m            })\u001b[33m;\u001b[39m\u001b[0m\u001b[22m\n\u001b[2m    \u001b[0m \u001b[90m 115 | \u001b[39m            \u001b[90m// console.log(l);\u001b[39m\u001b[0m\u001b[22m\n\u001b[2m    \u001b[0m\u001b[31m\u001b[1m>\u001b[22m\u001b[2m\u001b[39m\u001b[90m 116 | \u001b[39m            expect(l)\u001b[33m.\u001b[39mtoEqual(\u001b[36mtrue\u001b[39m)\u001b[33m;\u001b[39m\u001b[0m\u001b[22m\n\u001b[2m    \u001b[0m \u001b[90m     | \u001b[39m                      \u001b[31m\u001b[1m^\u001b[22m\u001b[2m\u001b[39m\u001b[0m\u001b[22m\n\u001b[2m    \u001b[0m \u001b[90m 117 | \u001b[39m          })\u001b[33m;\u001b[39m\u001b[0m\u001b[22m\n\u001b[2m    \u001b[0m \u001b[90m 118 | \u001b[39m        })\u001b[33m;\u001b[39m\u001b[0m\u001b[22m\n\u001b[2m    \u001b[0m \u001b[90m 119 | \u001b[39m\u001b[0m\u001b[22m\n\u001b[2m\u001b[22m\n\u001b[2m      \u001b[2mat Object.<anonymous> (\u001b[22m\u001b[2m\u001b[0m\u001b[36msrc/__tests__/latex-equal.spec.ts\u001b[39m\u001b[0m\u001b[2m:116:23)\u001b[22m\u001b[2m\u001b[22m\n"
    },
    {
      "leaks": false,
      "numFailingTests": 0,
      "numPassingTests": 0,
      "numPendingTests": 4,
      "numTodoTests": 0,
      "openHandles": [],
      "perfStats": {
        "end": 1617179676098,
        "runtime": 428,
        "slow": false,
        "start": 1617179675670
      },
      "skipped": true,
      "snapshot": {
        "added": 0,
        "fileDeleted": false,
        "matched": 0,
        "unchecked": 0,
        "unmatched": 0,
        "updated": 0,
        "uncheckedKeys": []
      },
      "testFilePath": "/home/ede/dev/github/pie-framework/math-validation/src/__tests__/node-sort.spec.ts",
      "testResults": [
        {
          "ancestorTitles": [
            "'b + a' => 'a + b'"
          ],
          "duration": 1,
          "failureDetails": [],
          "failureMessages": [],
          "fullName": "'b + a' => 'a + b' sorts",
          "location": null,
          "numPassingAsserts": 0,
          "status": "pending",
          "title": "sorts"
        },
        {
          "ancestorTitles": [
            "'b + c + a' => 'a + b + c'"
          ],
          "duration": 0,
          "failureDetails": [],
          "failureMessages": [],
          "fullName": "'b + c + a' => 'a + b + c' sorts",
          "location": null,
          "numPassingAsserts": 0,
          "status": "pending",
          "title": "sorts"
        },
        {
          "ancestorTitles": [
            "'b + a + c' => 'a + b + c'"
          ],
          "duration": 0,
          "failureDetails": [],
          "failureMessages": [],
          "fullName": "'b + a + c' => 'a + b + c' sorts",
          "location": null,
          "numPassingAsserts": 0,
          "status": "pending",
          "title": "sorts"
        },
        {
          "ancestorTitles": [
            "'c + b + a' => 'a + b + c'"
          ],
          "duration": 0,
          "failureDetails": [],
          "failureMessages": [],
          "fullName": "'c + b + a' => 'a + b + c' sorts",
          "location": null,
          "numPassingAsserts": 0,
          "status": "pending",
          "title": "sorts"
        }
      ],
      "failureMessage": null
    },
    {
      "leaks": false,
      "numFailingTests": 0,
      "numPassingTests": 0,
      "numPendingTests": 2,
      "numTodoTests": 0,
      "openHandles": [],
      "perfStats": {
        "end": 1617179676212,
        "runtime": 98,
        "slow": false,
        "start": 1617179676114
      },
      "skipped": true,
      "snapshot": {
        "added": 0,
        "fileDeleted": false,
        "matched": 0,
        "unchecked": 0,
        "unmatched": 0,
        "updated": 0,
        "uncheckedKeys": []
      },
      "testFilePath": "/home/ede/dev/github/pie-framework/math-validation/src/conversion/__tests__/latex-to-ast.spec.ts",
      "testResults": [
        {
          "ancestorTitles": [
            "bugs in lta"
          ],
          "duration": 0,
          "failureDetails": [],
          "failureMessages": [],
          "fullName": "bugs in lta 1,000 => 1000",
          "location": null,
          "numPassingAsserts": 0,
          "status": "pending",
          "title": "1,000 => 1000"
        },
        {
          "ancestorTitles": [
            "bugs in lta"
          ],
          "duration": 0,
          "failureDetails": [],
          "failureMessages": [],
          "fullName": "bugs in lta 1,000,000 => 1000000",
          "location": null,
          "numPassingAsserts": 0,
          "status": "pending",
          "title": "1,000,000 => 1000000"
        }
      ],
      "failureMessage": null
    }
  ],
  "wasInterrupted": false
}