{
  "numFailedTestSuites": 1,
  "numFailedTests": 0,
  "numPassedTestSuites": 2,
  "numPassedTests": 102,
  "numPendingTestSuites": 0,
  "numPendingTests": 0,
  "numRuntimeErrorTestSuites": 1,
  "numTodoTests": 0,
  "numTotalTestSuites": 3,
  "numTotalTests": 102,
  "openHandles": [],
  "snapshot": {
    "added": 0,
    "didUpdate": false,
    "failure": false,
    "filesAdded": 0,
    "filesRemoved": 0,
    "filesRemovedList": [],
    "filesUnmatched": 0,
    "filesUpdated": 0,
    "matched": 0,
    "total": 0,
    "unchecked": 0,
    "uncheckedKeysByFile": [],
    "unmatched": 0,
    "updated": 0
  },
  "startTime": 1621500503730,
  "success": false,
  "testResults": [
    {
      "leaks": false,
      "numFailingTests": 0,
      "numPassingTests": 20,
      "numPendingTests": 0,
      "numTodoTests": 0,
      "openHandles": [],
      "perfStats": {
        "end": 1621500504857,
        "runtime": 744,
        "slow": false,
        "start": 1621500504113
      },
      "skipped": false,
      "snapshot": {
        "added": 0,
        "fileDeleted": false,
        "matched": 0,
        "unchecked": 0,
        "unmatched": 0,
        "updated": 0,
        "uncheckedKeys": []
      },
      "testFilePath": "/Users/carla/Documents/Work/pie-framework/math-validation/src/conversion/__tests__/latex-to-ast.spec.ts",
      "testResults": [
        {
          "ancestorTitles": [
            "bugs in lta"
          ],
          "duration": 6,
          "failureDetails": [],
          "failureMessages": [],
          "fullName": "bugs in lta (1 + (1 + 1)) => [ '+', 1, 1, 1 ]",
          "location": null,
          "numPassingAsserts": 0,
          "status": "passed",
          "title": "(1 + (1 + 1)) => [ '+', 1, 1, 1 ]"
        },
        {
          "ancestorTitles": [
            "bugs in lta"
          ],
          "duration": 3,
          "failureDetails": [],
          "failureMessages": [],
          "fullName": "bugs in lta \\frac{1}{2} => [ '/', 1, 2 ]",
          "location": null,
          "numPassingAsserts": 0,
          "status": "passed",
          "title": "\\frac{1}{2} => [ '/', 1, 2 ]"
        },
        {
          "ancestorTitles": [
            "bugs in lta"
          ],
          "duration": 0,
          "failureDetails": [],
          "failureMessages": [],
          "fullName": "bugs in lta 15% => [ '%', 15 ]",
          "location": null,
          "numPassingAsserts": 0,
          "status": "passed",
          "title": "15% => [ '%', 15 ]"
        },
        {
          "ancestorTitles": [
            "bugs in lta"
          ],
          "duration": 1,
          "failureDetails": [],
          "failureMessages": [],
          "fullName": "bugs in lta (4 + 1) / (3 + 2 - 1) => [ '/', [Array], [Array] ]",
          "location": null,
          "numPassingAsserts": 0,
          "status": "passed",
          "title": "(4 + 1) / (3 + 2 - 1) => [ '/', [Array], [Array] ]"
        },
        {
          "ancestorTitles": [
            "bugs in lta"
          ],
          "duration": 0,
          "failureDetails": [],
          "failureMessages": [],
          "fullName": "bugs in lta 1000 => 1000",
          "location": null,
          "numPassingAsserts": 0,
          "status": "passed",
          "title": "1000 => 1000"
        },
        {
          "ancestorTitles": [
            "bugs in lta"
          ],
          "duration": 0,
          "failureDetails": [],
          "failureMessages": [],
          "fullName": "bugs in lta 1,000 => 1000",
          "location": null,
          "numPassingAsserts": 0,
          "status": "passed",
          "title": "1,000 => 1000"
        },
        {
          "ancestorTitles": [
            "bugs in lta"
          ],
          "duration": 1,
          "failureDetails": [],
          "failureMessages": [],
          "fullName": "bugs in lta 1,000,000 => 1000000",
          "location": null,
          "numPassingAsserts": 0,
          "status": "passed",
          "title": "1,000,000 => 1000000"
        },
        {
          "ancestorTitles": [
            "bugs in lta"
          ],
          "duration": 0,
          "failureDetails": [],
          "failureMessages": [],
          "fullName": "bugs in lta 1,000,000.000 => [ 'tzn', 1000000, 3 ]",
          "location": null,
          "numPassingAsserts": 0,
          "status": "passed",
          "title": "1,000,000.000 => [ 'tzn', 1000000, 3 ]"
        },
        {
          "ancestorTitles": [
            "bugs in lta"
          ],
          "duration": 0,
          "failureDetails": [],
          "failureMessages": [],
          "fullName": "bugs in lta 1,000,000.001 => 1000000.001",
          "location": null,
          "numPassingAsserts": 0,
          "status": "passed",
          "title": "1,000,000.001 => 1000000.001"
        },
        {
          "ancestorTitles": [
            "bugs in lta"
          ],
          "duration": 0,
          "failureDetails": [],
          "failureMessages": [],
          "fullName": "bugs in lta 1,000,000.00000000000000000 => [ 'tzn', 1000000, 17 ]",
          "location": null,
          "numPassingAsserts": 0,
          "status": "passed",
          "title": "1,000,000.00000000000000000 => [ 'tzn', 1000000, 17 ]"
        },
        {
          "ancestorTitles": [
            "bugs in lta"
          ],
          "duration": 0,
          "failureDetails": [],
          "failureMessages": [],
          "fullName": "bugs in lta 1.00 => [ 'tzn', 1, 2 ]",
          "location": null,
          "numPassingAsserts": 0,
          "status": "passed",
          "title": "1.00 => [ 'tzn', 1, 2 ]"
        },
        {
          "ancestorTitles": [
            "bugs in lta"
          ],
          "duration": 0,
          "failureDetails": [],
          "failureMessages": [],
          "fullName": "bugs in lta 1.10 => [ 'tzn', 1.1, 1 ]",
          "location": null,
          "numPassingAsserts": 0,
          "status": "passed",
          "title": "1.10 => [ 'tzn', 1.1, 1 ]"
        },
        {
          "ancestorTitles": [
            "bugs in lta"
          ],
          "duration": 1,
          "failureDetails": [],
          "failureMessages": [],
          "fullName": "bugs in lta 1,001.10 => [ 'tzn', 1001.1, 1 ]",
          "location": null,
          "numPassingAsserts": 0,
          "status": "passed",
          "title": "1,001.10 => [ 'tzn', 1001.1, 1 ]"
        },
        {
          "ancestorTitles": [
            "bugs in lta"
          ],
          "duration": 0,
          "failureDetails": [],
          "failureMessages": [],
          "fullName": "bugs in lta 1.11000 => [ 'tzn', 1.11, 3 ]",
          "location": null,
          "numPassingAsserts": 0,
          "status": "passed",
          "title": "1.11000 => [ 'tzn', 1.11, 3 ]"
        },
        {
          "ancestorTitles": [
            "bugs in lta"
          ],
          "duration": 3,
          "failureDetails": [],
          "failureMessages": [],
          "fullName": "bugs in lta a×b => [ '*', 'a', 'b' ]",
          "location": null,
          "numPassingAsserts": 0,
          "status": "passed",
          "title": "a×b => [ '*', 'a', 'b' ]"
        },
        {
          "ancestorTitles": [
            "bugs in lta"
          ],
          "duration": 5,
          "failureDetails": [],
          "failureMessages": [],
          "fullName": "bugs in lta a•b => [ '*', 'a', 'b' ]",
          "location": null,
          "numPassingAsserts": 0,
          "status": "passed",
          "title": "a•b => [ '*', 'a', 'b' ]"
        },
        {
          "ancestorTitles": [
            "bugs in lta"
          ],
          "duration": 0,
          "failureDetails": [],
          "failureMessages": [],
          "fullName": "bugs in lta a·b => [ '*', 'a', 'b' ]",
          "location": null,
          "numPassingAsserts": 0,
          "status": "passed",
          "title": "a·b => [ '*', 'a', 'b' ]"
        },
        {
          "ancestorTitles": [
            "bugs in lta"
          ],
          "duration": 0,
          "failureDetails": [],
          "failureMessages": [],
          "fullName": "bugs in lta a÷b => [ '/', 'a', 'b' ]",
          "location": null,
          "numPassingAsserts": 0,
          "status": "passed",
          "title": "a÷b => [ '/', 'a', 'b' ]"
        },
        {
          "ancestorTitles": [
            "bugs in lta"
          ],
          "duration": 1,
          "failureDetails": [],
          "failureMessages": [],
          "fullName": "bugs in lta a≤b => [ 'le', 'a', 'b' ]",
          "location": null,
          "numPassingAsserts": 0,
          "status": "passed",
          "title": "a≤b => [ 'le', 'a', 'b' ]"
        },
        {
          "ancestorTitles": [
            "bugs in lta"
          ],
          "duration": 0,
          "failureDetails": [],
          "failureMessages": [],
          "fullName": "bugs in lta a≥b => [ 'ge', 'a', 'b' ]",
          "location": null,
          "numPassingAsserts": 0,
          "status": "passed",
          "title": "a≥b => [ 'ge', 'a', 'b' ]"
        }
      ],
      "failureMessage": null
    },
    {
      "failureMessage": "  \u001b[1m● \u001b[22mTest suite failed to run\n\n    \u001b[1m\u001b[31mThe error below may be caused by using the wrong test environment, see \u001b[2m\u001b[4mhttps://jestjs.io/docs/en/configuration#testenvironment-string\u001b[24m\u001b[22m\u001b[1m.\u001b[39m\u001b[22m\n    \u001b[1m\u001b[31mConsider using the \"jsdom\" test environment.\u001b[39m\u001b[22m\n    \u001b[1m\u001b[31m\u001b[39m\u001b[22m\n    \u001b[1m\u001b[31m\u001b[39m\u001b[22mReferenceError: document is not defined\n\n    \u001b[0m \u001b[90m 10 | \u001b[39mlet form\u001b[33m:\u001b[39m \u001b[33mHTMLFormElement\u001b[39m\u001b[33m;\u001b[39m\u001b[0m\n    \u001b[0m \u001b[90m 11 | \u001b[39m\u001b[36mif\u001b[39m (\u001b[36mtypeof\u001b[39m document \u001b[33m!==\u001b[39m undefined) {\u001b[0m\n    \u001b[0m\u001b[31m\u001b[1m>\u001b[22m\u001b[39m\u001b[90m 12 | \u001b[39m  form \u001b[33m=\u001b[39m \u001b[33m<\u001b[39m\u001b[33mHTMLFormElement\u001b[39m\u001b[33m>\u001b[39mdocument\u001b[33m.\u001b[39mgetElementById(\u001b[32m\"#equalityForm\"\u001b[39m)\u001b[33m;\u001b[39m\u001b[0m\n    \u001b[0m \u001b[90m    | \u001b[39m  \u001b[31m\u001b[1m^\u001b[22m\u001b[39m\u001b[0m\n    \u001b[0m \u001b[90m 13 | \u001b[39m}\u001b[0m\n    \u001b[0m \u001b[90m 14 | \u001b[39m\u001b[0m\n    \u001b[0m \u001b[90m 15 | \u001b[39m\u001b[90m// @ts-ignore\u001b[39m\u001b[0m\n\n      \u001b[2mat Object.<anonymous> (\u001b[22msrc/index.ts\u001b[2m:12:3)\u001b[22m\n      \u001b[2mat Object.<anonymous> (\u001b[22m\u001b[0m\u001b[36msrc/__tests__/latex-equal.spec.ts\u001b[39m\u001b[0m\u001b[2m:3:1)\u001b[22m\n",
      "leaks": false,
      "numFailingTests": 0,
      "numPassingTests": 0,
      "numPendingTests": 0,
      "numTodoTests": 0,
      "openHandles": [],
      "perfStats": {
        "end": 0,
        "runtime": 0,
        "slow": false,
        "start": 0
      },
      "skipped": false,
      "snapshot": {
        "added": 0,
        "fileDeleted": false,
        "matched": 0,
        "unchecked": 0,
        "uncheckedKeys": [],
        "unmatched": 0,
        "updated": 0
      },
      "testExecError": "document is not defined",
      "testFilePath": "/Users/carla/Documents/Work/pie-framework/math-validation/src/__tests__/latex-equal.spec.ts",
      "testResults": []
    },
    {
      "leaks": false,
      "numFailingTests": 0,
      "numPassingTests": 82,
      "numPendingTests": 0,
      "numTodoTests": 0,
      "openHandles": [],
      "perfStats": {
        "end": 1621500506652,
        "runtime": 2541,
        "slow": false,
        "start": 1621500504111
      },
      "skipped": false,
      "snapshot": {
        "added": 0,
        "fileDeleted": false,
        "matched": 0,
        "unchecked": 0,
        "unmatched": 0,
        "updated": 0,
        "uncheckedKeys": []
      },
      "testFilePath": "/Users/carla/Documents/Work/pie-framework/math-validation/src/__tests__/node-sort.spec.ts",
      "testResults": [
        {
          "ancestorTitles": [],
          "duration": 4,
          "failureDetails": [],
          "failureMessages": [],
          "fullName": "",
          "location": null,
          "numPassingAsserts": 0,
          "status": "passed",
          "title": ""
        },
        {
          "ancestorTitles": [],
          "duration": 1,
          "failureDetails": [],
          "failureMessages": [],
          "fullName": "",
          "location": null,
          "numPassingAsserts": 0,
          "status": "passed",
          "title": ""
        },
        {
          "ancestorTitles": [],
          "duration": 1,
          "failureDetails": [],
          "failureMessages": [],
          "fullName": "",
          "location": null,
          "numPassingAsserts": 0,
          "status": "passed",
          "title": ""
        },
        {
          "ancestorTitles": [],
          "duration": 0,
          "failureDetails": [],
          "failureMessages": [],
          "fullName": "",
          "location": null,
          "numPassingAsserts": 0,
          "status": "passed",
          "title": ""
        },
        {
          "ancestorTitles": [],
          "duration": 1,
          "failureDetails": [],
          "failureMessages": [],
          "fullName": "",
          "location": null,
          "numPassingAsserts": 0,
          "status": "passed",
          "title": ""
        },
        {
          "ancestorTitles": [],
          "duration": 1,
          "failureDetails": [],
          "failureMessages": [],
          "fullName": "",
          "location": null,
          "numPassingAsserts": 0,
          "status": "passed",
          "title": ""
        },
        {
          "ancestorTitles": [
            "[ 'y*(3)', '(y)*3', '(y)*(3)', '(3)*(y)' ] => 3*y"
          ],
          "duration": 4,
          "failureDetails": [],
          "failureMessages": [],
          "fullName": "[ 'y*(3)', '(y)*3', '(y)*(3)', '(3)*(y)' ] => 3*y y*(3)",
          "location": null,
          "numPassingAsserts": 0,
          "status": "passed",
          "title": "y*(3)"
        },
        {
          "ancestorTitles": [
            "[ 'y*(3)', '(y)*3', '(y)*(3)', '(3)*(y)' ] => 3*y"
          ],
          "duration": 1,
          "failureDetails": [],
          "failureMessages": [],
          "fullName": "[ 'y*(3)', '(y)*3', '(y)*(3)', '(3)*(y)' ] => 3*y (y)*3",
          "location": null,
          "numPassingAsserts": 0,
          "status": "passed",
          "title": "(y)*3"
        },
        {
          "ancestorTitles": [
            "[ 'y*(3)', '(y)*3', '(y)*(3)', '(3)*(y)' ] => 3*y"
          ],
          "duration": 1,
          "failureDetails": [],
          "failureMessages": [],
          "fullName": "[ 'y*(3)', '(y)*3', '(y)*(3)', '(3)*(y)' ] => 3*y (y)*(3)",
          "location": null,
          "numPassingAsserts": 0,
          "status": "passed",
          "title": "(y)*(3)"
        },
        {
          "ancestorTitles": [
            "[ 'y*(3)', '(y)*3', '(y)*(3)', '(3)*(y)' ] => 3*y"
          ],
          "duration": 1,
          "failureDetails": [],
          "failureMessages": [],
          "fullName": "[ 'y*(3)', '(y)*3', '(y)*(3)', '(3)*(y)' ] => 3*y (3)*(y)",
          "location": null,
          "numPassingAsserts": 0,
          "status": "passed",
          "title": "(3)*(y)"
        },
        {
          "ancestorTitles": [
            "[ '3(y)', '(3)(y)', '(y)(3)', '((((y))))(3)' ] => 3y"
          ],
          "duration": 1,
          "failureDetails": [],
          "failureMessages": [],
          "fullName": "[ '3(y)', '(3)(y)', '(y)(3)', '((((y))))(3)' ] => 3y 3(y)",
          "location": null,
          "numPassingAsserts": 0,
          "status": "passed",
          "title": "3(y)"
        },
        {
          "ancestorTitles": [
            "[ '3(y)', '(3)(y)', '(y)(3)', '((((y))))(3)' ] => 3y"
          ],
          "duration": 1,
          "failureDetails": [],
          "failureMessages": [],
          "fullName": "[ '3(y)', '(3)(y)', '(y)(3)', '((((y))))(3)' ] => 3y (3)(y)",
          "location": null,
          "numPassingAsserts": 0,
          "status": "passed",
          "title": "(3)(y)"
        },
        {
          "ancestorTitles": [
            "[ '3(y)', '(3)(y)', '(y)(3)', '((((y))))(3)' ] => 3y"
          ],
          "duration": 1,
          "failureDetails": [],
          "failureMessages": [],
          "fullName": "[ '3(y)', '(3)(y)', '(y)(3)', '((((y))))(3)' ] => 3y (y)(3)",
          "location": null,
          "numPassingAsserts": 0,
          "status": "passed",
          "title": "(y)(3)"
        },
        {
          "ancestorTitles": [
            "[ '3(y)', '(3)(y)', '(y)(3)', '((((y))))(3)' ] => 3y"
          ],
          "duration": 1,
          "failureDetails": [],
          "failureMessages": [],
          "fullName": "[ '3(y)', '(3)(y)', '(y)(3)', '((((y))))(3)' ] => 3y ((((y))))(3)",
          "location": null,
          "numPassingAsserts": 0,
          "status": "passed",
          "title": "((((y))))(3)"
        },
        {
          "ancestorTitles": [
            "3y => 3y"
          ],
          "duration": 0,
          "failureDetails": [],
          "failureMessages": [],
          "fullName": "3y => 3y 3y",
          "location": null,
          "numPassingAsserts": 0,
          "status": "passed",
          "title": "3y"
        },
        {
          "ancestorTitles": [
            "(y+x)*(3) => 3*(x+y)"
          ],
          "duration": 15,
          "failureDetails": [],
          "failureMessages": [],
          "fullName": "(y+x)*(3) => 3*(x+y) (y+x)*(3)",
          "location": null,
          "numPassingAsserts": 0,
          "status": "passed",
          "title": "(y+x)*(3)"
        },
        {
          "ancestorTitles": [
            "1 + 1 => 1 + 1"
          ],
          "duration": 2,
          "failureDetails": [],
          "failureMessages": [],
          "fullName": "1 + 1 => 1 + 1 1 + 1",
          "location": null,
          "numPassingAsserts": 0,
          "status": "passed",
          "title": "1 + 1"
        },
        {
          "ancestorTitles": [
            "1 + 1 => [ '+', 1, 1 ]"
          ],
          "duration": 2,
          "failureDetails": [],
          "failureMessages": [],
          "fullName": "1 + 1 => [ '+', 1, 1 ] 1 + 1",
          "location": null,
          "numPassingAsserts": 0,
          "status": "passed",
          "title": "1 + 1"
        },
        {
          "ancestorTitles": [
            "[ '2+1', '1+2' ] => 1+2"
          ],
          "duration": 1,
          "failureDetails": [],
          "failureMessages": [],
          "fullName": "[ '2+1', '1+2' ] => 1+2 2+1",
          "location": null,
          "numPassingAsserts": 0,
          "status": "passed",
          "title": "2+1"
        },
        {
          "ancestorTitles": [
            "[ '2+1', '1+2' ] => 1+2"
          ],
          "duration": 1,
          "failureDetails": [],
          "failureMessages": [],
          "fullName": "[ '2+1', '1+2' ] => 1+2 1+2",
          "location": null,
          "numPassingAsserts": 0,
          "status": "passed",
          "title": "1+2"
        },
        {
          "ancestorTitles": [
            "[ '2 + 1 * 3', '2 + 3 * 1' ] => 2 + 1 * 3"
          ],
          "duration": 2,
          "failureDetails": [],
          "failureMessages": [],
          "fullName": "[ '2 + 1 * 3', '2 + 3 * 1' ] => 2 + 1 * 3 2 + 1 * 3",
          "location": null,
          "numPassingAsserts": 0,
          "status": "passed",
          "title": "2 + 1 * 3"
        },
        {
          "ancestorTitles": [
            "[ '2 + 1 * 3', '2 + 3 * 1' ] => 2 + 1 * 3"
          ],
          "duration": 1,
          "failureDetails": [],
          "failureMessages": [],
          "fullName": "[ '2 + 1 * 3', '2 + 3 * 1' ] => 2 + 1 * 3 2 + 3 * 1",
          "location": null,
          "numPassingAsserts": 0,
          "status": "passed",
          "title": "2 + 3 * 1"
        },
        {
          "ancestorTitles": [
            "(3 * 2) + 1 => 1 + 2 * 3"
          ],
          "duration": 1,
          "failureDetails": [],
          "failureMessages": [],
          "fullName": "(3 * 2) + 1 => 1 + 2 * 3 (3 * 2) + 1",
          "location": null,
          "numPassingAsserts": 0,
          "status": "passed",
          "title": "(3 * 2) + 1"
        },
        {
          "ancestorTitles": [
            "[ '(4*((8+7)*6+5)+3)*2+1', '1 + 2 *(3 + 4*((8+7)*6+5))' ] => 1 + 2 * (3 + 4 * (5 + 6 * (7+8)))"
          ],
          "duration": 311,
          "failureDetails": [],
          "failureMessages": [],
          "fullName": "[ '(4*((8+7)*6+5)+3)*2+1', '1 + 2 *(3 + 4*((8+7)*6+5))' ] => 1 + 2 * (3 + 4 * (5 + 6 * (7+8))) (4*((8+7)*6+5)+3)*2+1",
          "location": null,
          "numPassingAsserts": 0,
          "status": "passed",
          "title": "(4*((8+7)*6+5)+3)*2+1"
        },
        {
          "ancestorTitles": [
            "[ '(4*((8+7)*6+5)+3)*2+1', '1 + 2 *(3 + 4*((8+7)*6+5))' ] => 1 + 2 * (3 + 4 * (5 + 6 * (7+8)))"
          ],
          "duration": 222,
          "failureDetails": [],
          "failureMessages": [],
          "fullName": "[ '(4*((8+7)*6+5)+3)*2+1', '1 + 2 *(3 + 4*((8+7)*6+5))' ] => 1 + 2 * (3 + 4 * (5 + 6 * (7+8))) 1 + 2 *(3 + 4*((8+7)*6+5))",
          "location": null,
          "numPassingAsserts": 0,
          "status": "passed",
          "title": "1 + 2 *(3 + 4*((8+7)*6+5))"
        },
        {
          "ancestorTitles": [
            "2 + 3 * 1 => 2 + 1 * 3"
          ],
          "duration": 1,
          "failureDetails": [],
          "failureMessages": [],
          "fullName": "2 + 3 * 1 => 2 + 1 * 3 2 + 3 * 1",
          "location": null,
          "numPassingAsserts": 0,
          "status": "passed",
          "title": "2 + 3 * 1"
        },
        {
          "ancestorTitles": [
            "3 * 1 + 2 => 2 + 1 * 3"
          ],
          "duration": 1,
          "failureDetails": [],
          "failureMessages": [],
          "fullName": "3 * 1 + 2 => 2 + 1 * 3 3 * 1 + 2",
          "location": null,
          "numPassingAsserts": 0,
          "status": "passed",
          "title": "3 * 1 + 2"
        },
        {
          "ancestorTitles": [
            "(1 * 3) + 2 => 2 + 1 * 3"
          ],
          "duration": 2,
          "failureDetails": [],
          "failureMessages": [],
          "fullName": "(1 * 3) + 2 => 2 + 1 * 3 (1 * 3) + 2",
          "location": null,
          "numPassingAsserts": 0,
          "status": "passed",
          "title": "(1 * 3) + 2"
        },
        {
          "ancestorTitles": [
            "[ '(3 + 2) * 1', '(2 + 3) * 1', '1 * (3 + 2) ' ] => 1 * (2 + 3)"
          ],
          "duration": 2,
          "failureDetails": [],
          "failureMessages": [],
          "fullName": "[ '(3 + 2) * 1', '(2 + 3) * 1', '1 * (3 + 2) ' ] => 1 * (2 + 3) (3 + 2) * 1",
          "location": null,
          "numPassingAsserts": 0,
          "status": "passed",
          "title": "(3 + 2) * 1"
        },
        {
          "ancestorTitles": [
            "[ '(3 + 2) * 1', '(2 + 3) * 1', '1 * (3 + 2) ' ] => 1 * (2 + 3)"
          ],
          "duration": 2,
          "failureDetails": [],
          "failureMessages": [],
          "fullName": "[ '(3 + 2) * 1', '(2 + 3) * 1', '1 * (3 + 2) ' ] => 1 * (2 + 3) (2 + 3) * 1",
          "location": null,
          "numPassingAsserts": 0,
          "status": "passed",
          "title": "(2 + 3) * 1"
        },
        {
          "ancestorTitles": [
            "[ '(3 + 2) * 1', '(2 + 3) * 1', '1 * (3 + 2) ' ] => 1 * (2 + 3)"
          ],
          "duration": 2,
          "failureDetails": [],
          "failureMessages": [],
          "fullName": "[ '(3 + 2) * 1', '(2 + 3) * 1', '1 * (3 + 2) ' ] => 1 * (2 + 3) 1 * (3 + 2) ",
          "location": null,
          "numPassingAsserts": 0,
          "status": "passed",
          "title": "1 * (3 + 2) "
        },
        {
          "ancestorTitles": [
            "a + b => a + b"
          ],
          "duration": 1,
          "failureDetails": [],
          "failureMessages": [],
          "fullName": "a + b => a + b a + b",
          "location": null,
          "numPassingAsserts": 0,
          "status": "passed",
          "title": "a + b"
        },
        {
          "ancestorTitles": [
            "b + a => a + b"
          ],
          "duration": 1,
          "failureDetails": [],
          "failureMessages": [],
          "fullName": "b + a => a + b b + a",
          "location": null,
          "numPassingAsserts": 0,
          "status": "passed",
          "title": "b + a"
        },
        {
          "ancestorTitles": [
            "a * b => a * b"
          ],
          "duration": 0,
          "failureDetails": [],
          "failureMessages": [],
          "fullName": "a * b => a * b a * b",
          "location": null,
          "numPassingAsserts": 0,
          "status": "passed",
          "title": "a * b"
        },
        {
          "ancestorTitles": [
            "b * a => a * b"
          ],
          "duration": 0,
          "failureDetails": [],
          "failureMessages": [],
          "fullName": "b * a => a * b b * a",
          "location": null,
          "numPassingAsserts": 0,
          "status": "passed",
          "title": "b * a"
        },
        {
          "ancestorTitles": [
            "b * a + 2 => 2 + a * b"
          ],
          "duration": 1,
          "failureDetails": [],
          "failureMessages": [],
          "fullName": "b * a + 2 => 2 + a * b b * a + 2",
          "location": null,
          "numPassingAsserts": 0,
          "status": "passed",
          "title": "b * a + 2"
        },
        {
          "ancestorTitles": [
            "[ 'a + (c + b)', '(b + c)+ a' ] => [ '+', 'a', 'b', 'c' ]"
          ],
          "duration": 1,
          "failureDetails": [],
          "failureMessages": [],
          "fullName": "[ 'a + (c + b)', '(b + c)+ a' ] => [ '+', 'a', 'b', 'c' ] a + (c + b)",
          "location": null,
          "numPassingAsserts": 0,
          "status": "passed",
          "title": "a + (c + b)"
        },
        {
          "ancestorTitles": [
            "[ 'a + (c + b)', '(b + c)+ a' ] => [ '+', 'a', 'b', 'c' ]"
          ],
          "duration": 0,
          "failureDetails": [],
          "failureMessages": [],
          "fullName": "[ 'a + (c + b)', '(b + c)+ a' ] => [ '+', 'a', 'b', 'c' ] (b + c)+ a",
          "location": null,
          "numPassingAsserts": 0,
          "status": "passed",
          "title": "(b + c)+ a"
        },
        {
          "ancestorTitles": [
            "a * (c + b) => a * (b +c)"
          ],
          "duration": 1,
          "failureDetails": [],
          "failureMessages": [],
          "fullName": "a * (c + b) => a * (b +c) a * (c + b)",
          "location": null,
          "numPassingAsserts": 0,
          "status": "passed",
          "title": "a * (c + b)"
        },
        {
          "ancestorTitles": [
            "a + (c + b) => [ '+', 'a', 'b', 'c' ]"
          ],
          "duration": 1,
          "failureDetails": [],
          "failureMessages": [],
          "fullName": "a + (c + b) => [ '+', 'a', 'b', 'c' ] a + (c + b)",
          "location": null,
          "numPassingAsserts": 0,
          "status": "passed",
          "title": "a + (c + b)"
        },
        {
          "ancestorTitles": [
            "[ '(e + a) + (c + b)', '(c + b) + (e + a)' ] => [ '+', 'a', 'b', 'c', 'e' ]"
          ],
          "duration": 0,
          "failureDetails": [],
          "failureMessages": [],
          "fullName": "[ '(e + a) + (c + b)', '(c + b) + (e + a)' ] => [ '+', 'a', 'b', 'c', 'e' ] (e + a) + (c + b)",
          "location": null,
          "numPassingAsserts": 0,
          "status": "passed",
          "title": "(e + a) + (c + b)"
        },
        {
          "ancestorTitles": [
            "[ '(e + a) + (c + b)', '(c + b) + (e + a)' ] => [ '+', 'a', 'b', 'c', 'e' ]"
          ],
          "duration": 1,
          "failureDetails": [],
          "failureMessages": [],
          "fullName": "[ '(e + a) + (c + b)', '(c + b) + (e + a)' ] => [ '+', 'a', 'b', 'c', 'e' ] (c + b) + (e + a)",
          "location": null,
          "numPassingAsserts": 0,
          "status": "passed",
          "title": "(c + b) + (e + a)"
        },
        {
          "ancestorTitles": [
            "[ 'a + b + c', 'b+c+a' ] => [ '+', 'a', 'b', 'c' ]"
          ],
          "duration": 1,
          "failureDetails": [],
          "failureMessages": [],
          "fullName": "[ 'a + b + c', 'b+c+a' ] => [ '+', 'a', 'b', 'c' ] a + b + c",
          "location": null,
          "numPassingAsserts": 0,
          "status": "passed",
          "title": "a + b + c"
        },
        {
          "ancestorTitles": [
            "[ 'a + b + c', 'b+c+a' ] => [ '+', 'a', 'b', 'c' ]"
          ],
          "duration": 0,
          "failureDetails": [],
          "failureMessages": [],
          "fullName": "[ 'a + b + c', 'b+c+a' ] => [ '+', 'a', 'b', 'c' ] b+c+a",
          "location": null,
          "numPassingAsserts": 0,
          "status": "passed",
          "title": "b+c+a"
        },
        {
          "ancestorTitles": [
            "a + e + b + c + f + g + d => [\n  '+', 'a', 'b',\n  'c', 'd', 'e',\n  'f', 'g'\n]"
          ],
          "duration": 1,
          "failureDetails": [],
          "failureMessages": [],
          "fullName": "a + e + b + c + f + g + d => [\n  '+', 'a', 'b',\n  'c', 'd', 'e',\n  'f', 'g'\n] a + e + b + c + f + g + d",
          "location": null,
          "numPassingAsserts": 0,
          "status": "passed",
          "title": "a + e + b + c + f + g + d"
        },
        {
          "ancestorTitles": [
            "b * a * c => [ '*', 'a', 'b', 'c' ]"
          ],
          "duration": 0,
          "failureDetails": [],
          "failureMessages": [],
          "fullName": "b * a * c => [ '*', 'a', 'b', 'c' ] b * a * c",
          "location": null,
          "numPassingAsserts": 0,
          "status": "passed",
          "title": "b * a * c"
        },
        {
          "ancestorTitles": [
            "C + A + F < H + D + B => [ '>', [Array], [Array] ]"
          ],
          "duration": 1,
          "failureDetails": [],
          "failureMessages": [],
          "fullName": "C + A + F < H + D + B => [ '>', [Array], [Array] ] C + A + F < H + D + B",
          "location": null,
          "numPassingAsserts": 0,
          "status": "passed",
          "title": "C + A + F < H + D + B"
        },
        {
          "ancestorTitles": [
            "C + A + F <= H + D + B => [ 'ge', [Array], [Array] ]"
          ],
          "duration": 2,
          "failureDetails": [],
          "failureMessages": [],
          "fullName": "C + A + F <= H + D + B => [ 'ge', [Array], [Array] ] C + A + F <= H + D + B",
          "location": null,
          "numPassingAsserts": 0,
          "status": "passed",
          "title": "C + A + F <= H + D + B"
        },
        {
          "ancestorTitles": [
            "[ '(4 + 1) + (3 + 2)', '(3 + 2) + (4 + 1)' ] => [ '+', 1, 2, 3, 4 ]"
          ],
          "duration": 1,
          "failureDetails": [],
          "failureMessages": [],
          "fullName": "[ '(4 + 1) + (3 + 2)', '(3 + 2) + (4 + 1)' ] => [ '+', 1, 2, 3, 4 ] (4 + 1) + (3 + 2)",
          "location": null,
          "numPassingAsserts": 0,
          "status": "passed",
          "title": "(4 + 1) + (3 + 2)"
        },
        {
          "ancestorTitles": [
            "[ '(4 + 1) + (3 + 2)', '(3 + 2) + (4 + 1)' ] => [ '+', 1, 2, 3, 4 ]"
          ],
          "duration": 1,
          "failureDetails": [],
          "failureMessages": [],
          "fullName": "[ '(4 + 1) + (3 + 2)', '(3 + 2) + (4 + 1)' ] => [ '+', 1, 2, 3, 4 ] (3 + 2) + (4 + 1)",
          "location": null,
          "numPassingAsserts": 0,
          "status": "passed",
          "title": "(3 + 2) + (4 + 1)"
        },
        {
          "ancestorTitles": [
            "(4 + 1) + (3 * 2) => [ '+', 1, 4, [Array] ]"
          ],
          "duration": 2,
          "failureDetails": [],
          "failureMessages": [],
          "fullName": "(4 + 1) + (3 * 2) => [ '+', 1, 4, [Array] ] (4 + 1) + (3 * 2)",
          "location": null,
          "numPassingAsserts": 0,
          "status": "passed",
          "title": "(4 + 1) + (3 * 2)"
        },
        {
          "ancestorTitles": [
            "(3 + 2) + (4 * 1) => [ '+', 2, 3, [Array] ]"
          ],
          "duration": 1,
          "failureDetails": [],
          "failureMessages": [],
          "fullName": "(3 + 2) + (4 * 1) => [ '+', 2, 3, [Array] ] (3 + 2) + (4 * 1)",
          "location": null,
          "numPassingAsserts": 0,
          "status": "passed",
          "title": "(3 + 2) + (4 * 1)"
        },
        {
          "ancestorTitles": [
            "A < B => B > A"
          ],
          "duration": 1,
          "failureDetails": [],
          "failureMessages": [],
          "fullName": "A < B => B > A A < B",
          "location": null,
          "numPassingAsserts": 0,
          "status": "passed",
          "title": "A < B"
        },
        {
          "ancestorTitles": [
            "C + A < D + B => B +D > A + C"
          ],
          "duration": 1,
          "failureDetails": [],
          "failureMessages": [],
          "fullName": "C + A < D + B => B +D > A + C C + A < D + B",
          "location": null,
          "numPassingAsserts": 0,
          "status": "passed",
          "title": "C + A < D + B"
        },
        {
          "ancestorTitles": [
            "[ 'A > B', 'B < A' ] => A > B"
          ],
          "duration": 0,
          "failureDetails": [],
          "failureMessages": [],
          "fullName": "[ 'A > B', 'B < A' ] => A > B A > B",
          "location": null,
          "numPassingAsserts": 0,
          "status": "passed",
          "title": "A > B"
        },
        {
          "ancestorTitles": [
            "[ 'A > B', 'B < A' ] => A > B"
          ],
          "duration": 1,
          "failureDetails": [],
          "failureMessages": [],
          "fullName": "[ 'A > B', 'B < A' ] => A > B B < A",
          "location": null,
          "numPassingAsserts": 0,
          "status": "passed",
          "title": "B < A"
        },
        {
          "ancestorTitles": [
            "[ 'A > B + 2', 'B + 2 < A ' ] => A > 2 + B"
          ],
          "duration": 1,
          "failureDetails": [],
          "failureMessages": [],
          "fullName": "[ 'A > B + 2', 'B + 2 < A ' ] => A > 2 + B A > B + 2",
          "location": null,
          "numPassingAsserts": 0,
          "status": "passed",
          "title": "A > B + 2"
        },
        {
          "ancestorTitles": [
            "[ 'A > B + 2', 'B + 2 < A ' ] => A > 2 + B"
          ],
          "duration": 1,
          "failureDetails": [],
          "failureMessages": [],
          "fullName": "[ 'A > B + 2', 'B + 2 < A ' ] => A > 2 + B B + 2 < A ",
          "location": null,
          "numPassingAsserts": 0,
          "status": "passed",
          "title": "B + 2 < A "
        },
        {
          "ancestorTitles": [
            "[ 'A < B > C', 'C < B > A' ] => A < B > C"
          ],
          "duration": 1,
          "failureDetails": [],
          "failureMessages": [],
          "fullName": "[ 'A < B > C', 'C < B > A' ] => A < B > C A < B > C",
          "location": null,
          "numPassingAsserts": 0,
          "status": "passed",
          "title": "A < B > C"
        },
        {
          "ancestorTitles": [
            "[ 'A < B > C', 'C < B > A' ] => A < B > C"
          ],
          "duration": 0,
          "failureDetails": [],
          "failureMessages": [],
          "fullName": "[ 'A < B > C', 'C < B > A' ] => A < B > C C < B > A",
          "location": null,
          "numPassingAsserts": 0,
          "status": "passed",
          "title": "C < B > A"
        },
        {
          "ancestorTitles": [
            "[ 'C == B == A', 'A == B == C', 'B == C == A', 'B == A == C' ] => A == B == C"
          ],
          "duration": 1,
          "failureDetails": [],
          "failureMessages": [],
          "fullName": "[ 'C == B == A', 'A == B == C', 'B == C == A', 'B == A == C' ] => A == B == C C == B == A",
          "location": null,
          "numPassingAsserts": 0,
          "status": "passed",
          "title": "C == B == A"
        },
        {
          "ancestorTitles": [
            "[ 'C == B == A', 'A == B == C', 'B == C == A', 'B == A == C' ] => A == B == C"
          ],
          "duration": 0,
          "failureDetails": [],
          "failureMessages": [],
          "fullName": "[ 'C == B == A', 'A == B == C', 'B == C == A', 'B == A == C' ] => A == B == C A == B == C",
          "location": null,
          "numPassingAsserts": 0,
          "status": "passed",
          "title": "A == B == C"
        },
        {
          "ancestorTitles": [
            "[ 'C == B == A', 'A == B == C', 'B == C == A', 'B == A == C' ] => A == B == C"
          ],
          "duration": 1,
          "failureDetails": [],
          "failureMessages": [],
          "fullName": "[ 'C == B == A', 'A == B == C', 'B == C == A', 'B == A == C' ] => A == B == C B == C == A",
          "location": null,
          "numPassingAsserts": 0,
          "status": "passed",
          "title": "B == C == A"
        },
        {
          "ancestorTitles": [
            "[ 'C == B == A', 'A == B == C', 'B == C == A', 'B == A == C' ] => A == B == C"
          ],
          "duration": 0,
          "failureDetails": [],
          "failureMessages": [],
          "fullName": "[ 'C == B == A', 'A == B == C', 'B == C == A', 'B == A == C' ] => A == B == C B == A == C",
          "location": null,
          "numPassingAsserts": 0,
          "status": "passed",
          "title": "B == A == C"
        },
        {
          "ancestorTitles": [
            "C + B + A == B + A + C => [ '=', [Array], [Array] ]"
          ],
          "duration": 1,
          "failureDetails": [],
          "failureMessages": [],
          "fullName": "C + B + A == B + A + C => [ '=', [Array], [Array] ] C + B + A == B + A + C",
          "location": null,
          "numPassingAsserts": 0,
          "status": "passed",
          "title": "C + B + A == B + A + C"
        },
        {
          "ancestorTitles": [
            "C + B + A == B + A + C == A + C +B => [ '=', [Array], [Array], [Array] ]"
          ],
          "duration": 1,
          "failureDetails": [],
          "failureMessages": [],
          "fullName": "C + B + A == B + A + C == A + C +B => [ '=', [Array], [Array], [Array] ] C + B + A == B + A + C == A + C +B",
          "location": null,
          "numPassingAsserts": 0,
          "status": "passed",
          "title": "C + B + A == B + A + C == A + C +B"
        },
        {
          "ancestorTitles": [
            "[ 'g + b < a < d ', 'd > a > g + b' ] => d > a > b + g"
          ],
          "duration": 1,
          "failureDetails": [],
          "failureMessages": [],
          "fullName": "[ 'g + b < a < d ', 'd > a > g + b' ] => d > a > b + g g + b < a < d ",
          "location": null,
          "numPassingAsserts": 0,
          "status": "passed",
          "title": "g + b < a < d "
        },
        {
          "ancestorTitles": [
            "[ 'g + b < a < d ', 'd > a > g + b' ] => d > a > b + g"
          ],
          "duration": 1,
          "failureDetails": [],
          "failureMessages": [],
          "fullName": "[ 'g + b < a < d ', 'd > a > g + b' ] => d > a > b + g d > a > g + b",
          "location": null,
          "numPassingAsserts": 0,
          "status": "passed",
          "title": "d > a > g + b"
        },
        {
          "ancestorTitles": [
            "[ 'b <= a', 'a >= b' ] => a >= b"
          ],
          "duration": 0,
          "failureDetails": [],
          "failureMessages": [],
          "fullName": "[ 'b <= a', 'a >= b' ] => a >= b b <= a",
          "location": null,
          "numPassingAsserts": 0,
          "status": "passed",
          "title": "b <= a"
        },
        {
          "ancestorTitles": [
            "[ 'b <= a', 'a >= b' ] => a >= b"
          ],
          "duration": 1,
          "failureDetails": [],
          "failureMessages": [],
          "fullName": "[ 'b <= a', 'a >= b' ] => a >= b a >= b",
          "location": null,
          "numPassingAsserts": 0,
          "status": "passed",
          "title": "a >= b"
        },
        {
          "ancestorTitles": [
            "[ 'b < a <= d', 'd >= a > b' ] => d >= a > b"
          ],
          "duration": 0,
          "failureDetails": [],
          "failureMessages": [],
          "fullName": "[ 'b < a <= d', 'd >= a > b' ] => d >= a > b b < a <= d",
          "location": null,
          "numPassingAsserts": 0,
          "status": "passed",
          "title": "b < a <= d"
        },
        {
          "ancestorTitles": [
            "[ 'b < a <= d', 'd >= a > b' ] => d >= a > b"
          ],
          "duration": 1,
          "failureDetails": [],
          "failureMessages": [],
          "fullName": "[ 'b < a <= d', 'd >= a > b' ] => d >= a > b d >= a > b",
          "location": null,
          "numPassingAsserts": 0,
          "status": "passed",
          "title": "d >= a > b"
        },
        {
          "ancestorTitles": [
            "[ 'b < a < d', 'd > a > b' ] => d > a > b"
          ],
          "duration": 0,
          "failureDetails": [],
          "failureMessages": [],
          "fullName": "[ 'b < a < d', 'd > a > b' ] => d > a > b b < a < d",
          "location": null,
          "numPassingAsserts": 0,
          "status": "passed",
          "title": "b < a < d"
        },
        {
          "ancestorTitles": [
            "[ 'b < a < d', 'd > a > b' ] => d > a > b"
          ],
          "duration": 1,
          "failureDetails": [],
          "failureMessages": [],
          "fullName": "[ 'b < a < d', 'd > a > b' ] => d > a > b d > a > b",
          "location": null,
          "numPassingAsserts": 0,
          "status": "passed",
          "title": "d > a > b"
        },
        {
          "ancestorTitles": [
            "[ 'x == y', 'y == x' ] => x ==y"
          ],
          "duration": 0,
          "failureDetails": [],
          "failureMessages": [],
          "fullName": "[ 'x == y', 'y == x' ] => x ==y x == y",
          "location": null,
          "numPassingAsserts": 0,
          "status": "passed",
          "title": "x == y"
        },
        {
          "ancestorTitles": [
            "[ 'x == y', 'y == x' ] => x ==y"
          ],
          "duration": 2,
          "failureDetails": [],
          "failureMessages": [],
          "fullName": "[ 'x == y', 'y == x' ] => x ==y y == x",
          "location": null,
          "numPassingAsserts": 0,
          "status": "passed",
          "title": "y == x"
        },
        {
          "ancestorTitles": [
            "[ '7+x == y', 'y == 7 + x' ] =>  y == 7 + x"
          ],
          "duration": 1,
          "failureDetails": [],
          "failureMessages": [],
          "fullName": "[ '7+x == y', 'y == 7 + x' ] =>  y == 7 + x 7+x == y",
          "location": null,
          "numPassingAsserts": 0,
          "status": "passed",
          "title": "7+x == y"
        },
        {
          "ancestorTitles": [
            "[ '7+x == y', 'y == 7 + x' ] =>  y == 7 + x"
          ],
          "duration": 1,
          "failureDetails": [],
          "failureMessages": [],
          "fullName": "[ '7+x == y', 'y == 7 + x' ] =>  y == 7 + x y == 7 + x",
          "location": null,
          "numPassingAsserts": 0,
          "status": "passed",
          "title": "y == 7 + x"
        },
        {
          "ancestorTitles": [
            "(3 + 2) + 1 => [ '+', 1, 2, 3 ]"
          ],
          "duration": 1,
          "failureDetails": [],
          "failureMessages": [],
          "fullName": "(3 + 2) + 1 => [ '+', 1, 2, 3 ] (3 + 2) + 1",
          "location": null,
          "numPassingAsserts": 0,
          "status": "passed",
          "title": "(3 + 2) + 1"
        },
        {
          "ancestorTitles": [
            "(y*x)(3) => [ '*', 3, 'x', 'y' ]"
          ],
          "duration": 1,
          "failureDetails": [],
          "failureMessages": [],
          "fullName": "(y*x)(3) => [ '*', 3, 'x', 'y' ] (y*x)(3)",
          "location": null,
          "numPassingAsserts": 0,
          "status": "passed",
          "title": "(y*x)(3)"
        },
        {
          "ancestorTitles": [
            "[ '(4 + 1 + z) + (3 + 2 * x)', '(2 * x + 3) + (z + 4 + 1)' ] => [ '+', 1, 3, 4, 'z', [Array] ]"
          ],
          "duration": 2,
          "failureDetails": [],
          "failureMessages": [],
          "fullName": "[ '(4 + 1 + z) + (3 + 2 * x)', '(2 * x + 3) + (z + 4 + 1)' ] => [ '+', 1, 3, 4, 'z', [Array] ] (4 + 1 + z) + (3 + 2 * x)",
          "location": null,
          "numPassingAsserts": 0,
          "status": "passed",
          "title": "(4 + 1 + z) + (3 + 2 * x)"
        },
        {
          "ancestorTitles": [
            "[ '(4 + 1 + z) + (3 + 2 * x)', '(2 * x + 3) + (z + 4 + 1)' ] => [ '+', 1, 3, 4, 'z', [Array] ]"
          ],
          "duration": 2,
          "failureDetails": [],
          "failureMessages": [],
          "fullName": "[ '(4 + 1 + z) + (3 + 2 * x)', '(2 * x + 3) + (z + 4 + 1)' ] => [ '+', 1, 3, 4, 'z', [Array] ] (2 * x + 3) + (z + 4 + 1)",
          "location": null,
          "numPassingAsserts": 0,
          "status": "passed",
          "title": "(2 * x + 3) + (z + 4 + 1)"
        }
      ],
      "failureMessage": null
    }
  ],
  "wasInterrupted": false
}